TN:
SF:api-router.js
FN:32,(anonymous_0)
FN:53,(anonymous_1)
FN:79,(anonymous_2)
FN:89,(anonymous_3)
FN:103,(anonymous_4)
FN:118,(anonymous_5)
FN:235,(anonymous_6)
FN:236,(anonymous_7)
FN:239,(anonymous_8)
FN:243,(anonymous_9)
FN:256,(anonymous_10)
FN:268,(anonymous_11)
FN:278,(anonymous_12)
FN:284,(anonymous_13)
FN:310,(anonymous_14)
FN:323,(anonymous_15)
FN:358,(anonymous_16)
FN:364,(anonymous_17)
FN:368,(anonymous_18)
FN:396,(anonymous_19)
FN:401,(anonymous_20)
FN:420,(anonymous_21)
FN:433,(anonymous_22)
FN:439,(anonymous_23)
FN:470,(anonymous_24)
FN:476,(anonymous_25)
FN:499,(anonymous_26)
FN:525,(anonymous_27)
FN:553,(anonymous_28)
FNF:29
FNH:0
FNDA:0,(anonymous_0)
FNDA:0,(anonymous_1)
FNDA:0,(anonymous_2)
FNDA:0,(anonymous_3)
FNDA:0,(anonymous_4)
FNDA:0,(anonymous_5)
FNDA:0,(anonymous_6)
FNDA:0,(anonymous_7)
FNDA:0,(anonymous_8)
FNDA:0,(anonymous_9)
FNDA:0,(anonymous_10)
FNDA:0,(anonymous_11)
FNDA:0,(anonymous_12)
FNDA:0,(anonymous_13)
FNDA:0,(anonymous_14)
FNDA:0,(anonymous_15)
FNDA:0,(anonymous_16)
FNDA:0,(anonymous_17)
FNDA:0,(anonymous_18)
FNDA:0,(anonymous_19)
FNDA:0,(anonymous_20)
FNDA:0,(anonymous_21)
FNDA:0,(anonymous_22)
FNDA:0,(anonymous_23)
FNDA:0,(anonymous_24)
FNDA:0,(anonymous_25)
FNDA:0,(anonymous_26)
FNDA:0,(anonymous_27)
FNDA:0,(anonymous_28)
DA:15,0
DA:16,0
DA:17,0
DA:18,0
DA:33,0
DA:34,0
DA:36,0
DA:37,0
DA:40,0
DA:55,0
DA:56,0
DA:57,0
DA:60,0
DA:61,0
DA:62,0
DA:65,0
DA:66,0
DA:69,0
DA:70,0
DA:80,0
DA:81,0
DA:90,0
DA:91,0
DA:94,0
DA:95,0
DA:104,0
DA:105,0
DA:108,0
DA:109,0
DA:119,0
DA:122,0
DA:123,0
DA:127,0
DA:128,0
DA:129,0
DA:132,0
DA:133,0
DA:137,0
DA:138,0
DA:141,0
DA:142,0
DA:145,0
DA:146,0
DA:147,0
DA:150,0
DA:151,0
DA:155,0
DA:156,0
DA:160,0
DA:161,0
DA:164,0
DA:165,0
DA:169,0
DA:170,0
DA:172,0
DA:173,0
DA:174,0
DA:176,0
DA:178,0
DA:179,0
DA:180,0
DA:182,0
DA:183,0
DA:187,0
DA:188,0
DA:189,0
DA:190,0
DA:196,0
DA:197,0
DA:199,0
DA:200,0
DA:201,0
DA:205,0
DA:214,0
DA:215,0
DA:217,0
DA:218,0
DA:222,0
DA:227,0
DA:236,0
DA:237,0
DA:239,0
DA:240,0
DA:243,0
DA:244,0
DA:246,0
DA:247,0
DA:249,0
DA:252,0
DA:256,0
DA:257,0
DA:269,0
DA:270,0
DA:271,0
DA:279,0
DA:280,0
DA:283,0
DA:284,0
DA:287,0
DA:289,0
DA:290,0
DA:292,0
DA:299,0
DA:311,0
DA:313,0
DA:324,0
DA:325,0
DA:327,0
DA:329,0
DA:332,0
DA:334,0
DA:335,0
DA:344,0
DA:348,0
DA:359,0
DA:360,0
DA:363,0
DA:364,0
DA:367,0
DA:368,0
DA:372,0
DA:373,0
DA:376,0
DA:377,0
DA:379,0
DA:380,0
DA:381,0
DA:383,0
DA:397,0
DA:398,0
DA:400,0
DA:401,0
DA:403,0
DA:404,0
DA:409,0
DA:421,0
DA:423,0
DA:434,0
DA:435,0
DA:438,0
DA:439,0
DA:441,0
DA:442,0
DA:446,0
DA:450,0
DA:452,0
DA:471,0
DA:472,0
DA:475,0
DA:476,0
DA:478,0
DA:479,0
DA:483,0
DA:487,0
DA:500,0
DA:501,0
DA:503,0
DA:504,0
DA:508,0
DA:512,0
DA:513,0
DA:515,0
DA:526,0
DA:527,0
DA:529,0
DA:530,0
DA:534,0
DA:538,0
DA:539,0
DA:541,0
DA:550,0
DA:553,0
DA:554,0
DA:556,0
DA:557,0
DA:558,0
DA:559,0
DA:560,0
DA:563,0
DA:564,0
DA:565,0
DA:566,0
DA:570,0
DA:574,0
LF:184
LH:0
BRDA:41,0,0,0
BRDA:41,0,1,0
BRDA:42,1,0,0
BRDA:42,1,1,0
BRDA:90,2,0,0
BRDA:90,2,1,0
BRDA:104,3,0,0
BRDA:104,3,1,0
BRDA:122,4,0,0
BRDA:122,4,1,0
BRDA:145,5,0,0
BRDA:145,5,1,0
BRDA:150,6,0,0
BRDA:150,6,1,0
BRDA:155,7,0,0
BRDA:155,7,1,0
BRDA:164,8,0,0
BRDA:164,8,1,0
BRDA:176,9,0,0
BRDA:176,9,1,0
BRDA:180,10,0,0
BRDA:180,10,1,0
BRDA:187,11,0,0
BRDA:187,11,1,0
BRDA:196,12,0,0
BRDA:196,12,1,0
BRDA:200,13,0,0
BRDA:200,13,1,0
BRDA:200,14,0,0
BRDA:200,14,1,0
BRDA:246,15,0,0
BRDA:246,15,1,0
BRDA:246,16,0,0
BRDA:246,16,1,0
BRDA:284,17,0,0
BRDA:284,17,1,0
BRDA:287,18,0,0
BRDA:287,18,1,0
BRDA:327,19,0,0
BRDA:327,19,1,0
BRDA:327,20,0,0
BRDA:327,20,1,0
BRDA:334,21,0,0
BRDA:334,21,1,0
BRDA:363,22,0,0
BRDA:363,22,1,0
BRDA:367,23,0,0
BRDA:367,23,1,0
BRDA:372,24,0,0
BRDA:372,24,1,0
BRDA:373,25,0,0
BRDA:373,25,1,0
BRDA:403,26,0,0
BRDA:403,26,1,0
BRDA:441,27,0,0
BRDA:441,27,1,0
BRDA:478,28,0,0
BRDA:478,28,1,0
BRDA:503,29,0,0
BRDA:503,29,1,0
BRDA:503,30,0,0
BRDA:503,30,1,0
BRDA:529,31,0,0
BRDA:529,31,1,0
BRDA:529,32,0,0
BRDA:529,32,1,0
BRDA:556,33,0,0
BRDA:556,33,1,0
BRDA:563,34,0,0
BRDA:563,34,1,0
BRF:70
BRH:0
end_of_record
TN:
SF:api-test.js
FN:12,parseRequestBody
FN:13,(anonymous_1)
FN:16,(anonymous_2)
FN:20,(anonymous_3)
FN:38,sendJSONResponse
FN:46,(anonymous_5)
FN:63,(anonymous_6)
FN:104,(anonymous_7)
FN:130,(anonymous_8)
FN:149,(anonymous_9)
FN:192,(anonymous_10)
FN:217,(anonymous_11)
FN:226,(anonymous_12)
FN:278,(anonymous_13)
FN:299,(anonymous_14)
FNF:15
FNH:0
FNDA:0,parseRequestBody
FNDA:0,(anonymous_1)
FNDA:0,(anonymous_2)
FNDA:0,(anonymous_3)
FNDA:0,sendJSONResponse
FNDA:0,(anonymous_5)
FNDA:0,(anonymous_6)
FNDA:0,(anonymous_7)
FNDA:0,(anonymous_8)
FNDA:0,(anonymous_9)
FNDA:0,(anonymous_10)
FNDA:0,(anonymous_11)
FNDA:0,(anonymous_12)
FNDA:0,(anonymous_13)
FNDA:0,(anonymous_14)
DA:7,0
DA:8,0
DA:9,0
DA:13,0
DA:14,0
DA:16,0
DA:17,0
DA:20,0
DA:21,0
DA:23,0
DA:24,0
DA:26,0
DA:29,0
DA:33,0
DA:39,0
DA:40,0
DA:44,0
DA:47,0
DA:56,0
DA:64,0
DA:65,0
DA:68,0
DA:69,0
DA:70,0
DA:71,0
DA:72,0
DA:75,0
DA:82,0
DA:85,0
DA:86,0
DA:87,0
DA:88,0
DA:89,0
DA:91,0
DA:105,0
DA:107,0
DA:108,0
DA:114,0
DA:116,0
DA:117,0
DA:123,0
DA:131,0
DA:133,0
DA:134,0
DA:140,0
DA:142,0
DA:150,0
DA:151,0
DA:152,0
DA:154,0
DA:155,0
DA:161,0
DA:163,0
DA:164,0
DA:171,0
DA:173,0
DA:184,0
DA:193,0
DA:195,0
DA:196,0
DA:204,0
DA:218,0
DA:226,0
DA:228,0
DA:229,0
DA:230,0
DA:233,0
DA:234,0
DA:235,0
DA:236,0
DA:239,0
DA:240,0
DA:243,0
DA:244,0
DA:245,0
DA:248,0
DA:249,0
DA:250,0
DA:253,0
DA:254,0
DA:258,0
DA:259,0
DA:263,0
DA:264,0
DA:265,0
DA:266,0
DA:267,0
DA:268,0
DA:274,0
DA:275,0
DA:277,0
DA:278,0
DA:281,0
DA:283,0
DA:284,0
DA:290,0
DA:298,0
DA:299,0
DA:300,0
DA:301,0
DA:302,0
DA:303,0
DA:304,0
DA:305,0
DA:306,0
DA:307,0
DA:308,0
LF:107
LH:0
BRDA:23,0,0,0
BRDA:23,0,1,0
BRDA:23,1,0,0
BRDA:23,1,1,0
BRDA:68,2,0,0
BRDA:68,2,1,0
BRDA:69,3,0,0
BRDA:69,3,1,0
BRDA:70,4,0,0
BRDA:70,4,1,0
BRDA:71,5,0,0
BRDA:71,5,1,0
BRDA:72,6,0,0
BRDA:72,6,1,0
BRDA:107,7,0,0
BRDA:107,7,1,0
BRDA:116,8,0,0
BRDA:116,8,1,0
BRDA:133,9,0,0
BRDA:133,9,1,0
BRDA:154,10,0,0
BRDA:154,10,1,0
BRDA:154,11,0,0
BRDA:154,11,1,0
BRDA:163,12,0,0
BRDA:163,12,1,0
BRDA:195,13,0,0
BRDA:195,13,1,0
BRDA:195,14,0,0
BRDA:195,14,1,0
BRDA:233,15,0,0
BRDA:233,15,1,0
BRDA:248,16,0,0
BRDA:248,16,1,0
BRDA:253,17,0,0
BRDA:253,17,1,0
BRDA:258,18,0,0
BRDA:258,18,1,0
BRDA:263,19,0,0
BRDA:263,19,1,0
BRDA:265,20,0,0
BRDA:265,20,1,0
BRDA:274,21,0,0
BRDA:274,21,1,0
BRDA:298,22,0,0
BRDA:298,22,1,0
BRF:46
BRH:0
end_of_record
TN:
SF:local-server.js
FN:72,(anonymous_0)
FN:123,(anonymous_1)
FN:150,(anonymous_2)
FN:171,(anonymous_3)
FN:196,(anonymous_4)
FN:197,(anonymous_5)
FN:207,(anonymous_6)
FN:233,(anonymous_7)
FN:241,(anonymous_8)
FN:243,(anonymous_9)
FN:249,(anonymous_10)
FN:255,(anonymous_11)
FN:264,(anonymous_12)
FN:276,(anonymous_13)
FN:289,(anonymous_14)
FN:308,(anonymous_15)
FN:326,(anonymous_16)
FN:373,(anonymous_17)
FN:489,(anonymous_18)
FN:490,(anonymous_19)
FN:513,(anonymous_20)
FN:519,(anonymous_21)
FN:609,(anonymous_22)
FNF:23
FNH:0
FNDA:0,(anonymous_0)
FNDA:0,(anonymous_1)
FNDA:0,(anonymous_2)
FNDA:0,(anonymous_3)
FNDA:0,(anonymous_4)
FNDA:0,(anonymous_5)
FNDA:0,(anonymous_6)
FNDA:0,(anonymous_7)
FNDA:0,(anonymous_8)
FNDA:0,(anonymous_9)
FNDA:0,(anonymous_10)
FNDA:0,(anonymous_11)
FNDA:0,(anonymous_12)
FNDA:0,(anonymous_13)
FNDA:0,(anonymous_14)
FNDA:0,(anonymous_15)
FNDA:0,(anonymous_16)
FNDA:0,(anonymous_17)
FNDA:0,(anonymous_18)
FNDA:0,(anonymous_19)
FNDA:0,(anonymous_20)
FNDA:0,(anonymous_21)
FNDA:0,(anonymous_22)
DA:11,0
DA:12,0
DA:13,0
DA:14,0
DA:15,0
DA:19,0
DA:21,0
DA:23,0
DA:24,0
DA:27,0
DA:29,0
DA:30,0
DA:32,0
DA:33,0
DA:37,0
DA:60,0
DA:74,0
DA:88,0
DA:91,0
DA:92,0
DA:93,0
DA:94,0
DA:96,0
DA:101,0
DA:102,0
DA:103,0
DA:105,0
DA:110,0
DA:111,0
DA:112,0
DA:114,0
DA:116,0
DA:125,0
DA:126,0
DA:128,0
DA:130,0
DA:133,0
DA:136,0
DA:139,0
DA:140,0
DA:141,0
DA:142,0
DA:144,0
DA:150,0
DA:151,0
DA:152,0
DA:154,0
DA:155,0
DA:156,0
DA:157,0
DA:160,0
DA:161,0
DA:165,0
DA:166,0
DA:171,0
DA:172,0
DA:173,0
DA:175,0
DA:176,0
DA:178,0
DA:180,0
DA:183,0
DA:187,0
DA:188,0
DA:197,0
DA:198,0
DA:199,0
DA:203,0
DA:206,0
DA:207,0
DA:208,0
DA:209,0
DA:210,0
DA:211,0
DA:214,0
DA:215,0
DA:217,0
DA:218,0
DA:224,0
DA:225,0
DA:234,0
DA:236,0
DA:238,0
DA:241,0
DA:242,0
DA:244,0
DA:245,0
DA:247,0
DA:248,0
DA:249,0
DA:250,0
DA:256,0
DA:265,0
DA:266,0
DA:267,0
DA:268,0
DA:277,0
DA:279,0
DA:281,0
DA:282,0
DA:283,0
DA:286,0
DA:289,0
DA:292,0
DA:294,0
DA:299,0
DA:300,0
DA:309,0
DA:311,0
DA:328,0
DA:331,0
DA:334,0
DA:335,0
DA:336,0
DA:339,0
DA:340,0
DA:341,0
DA:342,0
DA:345,0
DA:347,0
DA:348,0
DA:349,0
DA:351,0
DA:356,0
DA:358,0
DA:359,0
DA:362,0
DA:363,0
DA:375,0
DA:376,0
DA:379,0
DA:382,0
DA:383,0
DA:384,0
DA:388,0
DA:391,0
DA:392,0
DA:394,0
DA:396,0
DA:397,0
DA:399,0
DA:400,0
DA:401,0
DA:402,0
DA:403,0
DA:407,0
DA:412,0
DA:414,0
DA:415,0
DA:416,0
DA:417,0
DA:419,0
DA:420,0
DA:424,0
DA:425,0
DA:431,0
DA:432,0
DA:433,0
DA:434,0
DA:435,0
DA:437,0
DA:438,0
DA:441,0
DA:442,0
DA:447,0
DA:448,0
DA:450,0
DA:452,0
DA:455,0
DA:458,0
DA:459,0
DA:460,0
DA:463,0
DA:465,0
DA:466,0
DA:467,0
DA:470,0
DA:471,0
DA:472,0
DA:473,0
DA:478,0
DA:479,0
DA:480,0
DA:484,0
DA:486,0
DA:488,0
DA:489,0
DA:490,0
DA:491,0
DA:492,0
DA:498,0
DA:499,0
DA:502,0
DA:503,0
DA:514,0
DA:517,0
DA:519,0
DA:520,0
DA:522,0
DA:523,0
DA:526,0
DA:527,0
DA:591,0
DA:605,0
DA:608,0
DA:609,0
DA:610,0
DA:611,0
DA:616,0
LF:209
LH:0
BRDA:72,0,0,0
BRDA:88,1,0,0
BRDA:88,1,1,0
BRDA:91,2,0,0
BRDA:91,2,1,0
BRDA:91,3,0,0
BRDA:91,3,1,0
BRDA:101,4,0,0
BRDA:101,4,1,0
BRDA:101,5,0,0
BRDA:101,5,1,0
BRDA:123,6,0,0
BRDA:139,7,0,0
BRDA:139,7,1,0
BRDA:160,8,0,0
BRDA:160,8,1,0
BRDA:165,9,0,0
BRDA:165,9,1,0
BRDA:172,10,0,0
BRDA:172,10,1,0
BRDA:175,11,0,0
BRDA:175,11,1,0
BRDA:198,12,0,0
BRDA:198,12,1,0
BRDA:198,13,0,0
BRDA:198,13,1,0
BRDA:208,14,0,0
BRDA:208,14,1,0
BRDA:234,15,0,0
BRDA:234,15,1,0
BRDA:244,16,0,0
BRDA:244,16,1,0
BRDA:247,17,0,0
BRDA:247,17,1,0
BRDA:247,18,0,0
BRDA:247,18,1,0
BRDA:265,19,0,0
BRDA:265,19,1,0
BRDA:282,20,0,0
BRDA:282,20,1,0
BRDA:283,21,0,0
BRDA:283,21,1,0
BRDA:309,22,0,0
BRDA:309,22,1,0
BRDA:316,23,0,0
BRDA:316,23,1,0
BRDA:339,24,0,0
BRDA:339,24,1,0
BRDA:347,25,0,0
BRDA:347,25,1,0
BRDA:349,26,0,0
BRDA:349,26,1,0
BRDA:362,27,0,0
BRDA:362,27,1,0
BRDA:382,28,0,0
BRDA:382,28,1,0
BRDA:394,29,0,0
BRDA:394,29,1,0
BRDA:401,30,0,0
BRDA:401,30,1,0
BRDA:412,31,0,0
BRDA:412,31,1,0
BRDA:414,32,0,0
BRDA:414,32,1,0
BRDA:431,33,0,0
BRDA:431,33,1,0
BRDA:448,34,0,0
BRDA:448,34,1,0
BRDA:458,35,0,0
BRDA:458,35,1,0
BRDA:459,36,0,0
BRDA:459,36,1,0
BRDA:463,37,0,0
BRDA:463,37,1,0
BRDA:470,38,0,0
BRDA:470,38,1,0
BRDA:484,39,0,0
BRDA:484,39,1,0
BRDA:486,40,0,0
BRDA:486,40,1,0
BRDA:486,41,0,0
BRDA:486,41,1,0
BRDA:486,41,2,0
BRDA:491,42,0,0
BRDA:491,42,1,0
BRDA:520,43,0,0
BRDA:520,43,1,0
BRDA:608,44,0,0
BRDA:608,44,1,0
BRF:89
BRH:0
end_of_record
TN:
SF:server-config.js
FN:155,getPortFromEnv
FN:172,deepMerge
FN:178,(anonymous_2)
FN:199,isObject
FN:209,createServerConfig
FN:233,getServerUrl
FN:244,getApiUrl
FN:257,getStaticUrl
FN:268,validateConfig
FNF:9
FNH:0
FNDA:0,getPortFromEnv
FNDA:0,deepMerge
FNDA:0,(anonymous_2)
FNDA:0,isObject
FNDA:0,createServerConfig
FNDA:0,getServerUrl
FNDA:0,getApiUrl
FNDA:0,getStaticUrl
FNDA:0,validateConfig
DA:11,0
DA:128,0
DA:156,0
DA:157,0
DA:158,0
DA:159,0
DA:160,0
DA:163,0
DA:173,0
DA:175,0
DA:177,0
DA:178,0
DA:179,0
DA:180,0
DA:181,0
DA:183,0
DA:186,0
DA:191,0
DA:200,0
DA:211,0
DA:214,0
DA:217,0
DA:220,0
DA:223,0
DA:225,0
DA:234,0
DA:235,0
DA:245,0
DA:246,0
DA:247,0
DA:248,0
DA:258,0
DA:259,0
DA:260,0
DA:270,0
DA:271,0
DA:275,0
DA:276,0
DA:280,0
DA:281,0
DA:284,0
DA:287,0
LF:42
LH:0
BRDA:157,0,0,0
BRDA:157,0,1,0
BRDA:159,1,0,0
BRDA:159,1,1,0
BRDA:159,2,0,0
BRDA:159,2,1,0
BRDA:173,3,0,0
BRDA:173,3,1,0
BRDA:177,4,0,0
BRDA:177,4,1,0
BRDA:177,5,0,0
BRDA:177,5,1,0
BRDA:179,6,0,0
BRDA:179,6,1,0
BRDA:180,7,0,0
BRDA:180,7,1,0
BRDA:200,8,0,0
BRDA:200,8,1,0
BRDA:200,8,2,0
BRDA:209,9,0,0
BRDA:209,10,0,0
BRDA:211,11,0,0
BRDA:211,11,1,0
BRDA:214,12,0,0
BRDA:214,12,1,0
BRDA:246,13,0,0
BRDA:246,13,1,0
BRDA:247,14,0,0
BRDA:247,14,1,0
BRDA:259,15,0,0
BRDA:259,15,1,0
BRDA:270,16,0,0
BRDA:270,16,1,0
BRDA:270,17,0,0
BRDA:270,17,1,0
BRDA:275,18,0,0
BRDA:275,18,1,0
BRDA:275,19,0,0
BRDA:275,19,1,0
BRDA:275,19,2,0
BRDA:280,20,0,0
BRDA:280,20,1,0
BRDA:280,21,0,0
BRDA:280,21,1,0
BRF:44
BRH:0
end_of_record
TN:
SF:test-data.js
FN:54,(anonymous_0)
FN:129,(anonymous_1)
FN:167,getProductData
FN:179,getProducts
FN:195,(anonymous_4)
FN:199,(anonymous_5)
FN:204,(anonymous_6)
FN:235,getProductById
FN:237,(anonymous_8)
FN:244,getProductCategories
FN:254,getProductOrigins
FN:264,generateToken
FN:275,authenticateUser
FN:277,(anonymous_13)
FN:314,validateToken
FN:335,invalidateToken
FNF:16
FNH:0
FNDA:0,(anonymous_0)
FNDA:0,(anonymous_1)
FNDA:0,getProductData
FNDA:0,getProducts
FNDA:0,(anonymous_4)
FNDA:0,(anonymous_5)
FNDA:0,(anonymous_6)
FNDA:0,getProductById
FNDA:0,(anonymous_8)
FNDA:0,getProductCategories
FNDA:0,getProductOrigins
FNDA:0,generateToken
FNDA:0,authenticateUser
FNDA:0,(anonymous_13)
FNDA:0,validateToken
FNDA:0,invalidateToken
DA:9,0
DA:29,0
DA:32,0
DA:43,0
DA:54,0
DA:55,0
DA:56,0
DA:57,0
DA:59,0
DA:60,0
DA:61,0
DA:62,0
DA:63,0
DA:66,0
DA:67,0
DA:69,0
DA:70,0
DA:71,0
DA:72,0
DA:73,0
DA:74,0
DA:75,0
DA:76,0
DA:77,0
DA:78,0
DA:79,0
DA:80,0
DA:81,0
DA:82,0
DA:83,0
DA:84,0
DA:85,0
DA:86,0
DA:87,0
DA:88,0
DA:89,0
DA:90,0
DA:92,0
DA:95,0
DA:98,0
DA:99,0
DA:102,0
DA:103,0
DA:104,0
DA:107,0
DA:110,0
DA:129,0
DA:138,0
DA:157,0
DA:161,0
DA:168,0
DA:169,0
DA:171,0
DA:186,0
DA:189,0
DA:192,0
DA:194,0
DA:195,0
DA:198,0
DA:199,0
DA:202,0
DA:203,0
DA:204,0
DA:205,0
DA:211,0
DA:212,0
DA:213,0
DA:214,0
DA:215,0
DA:217,0
DA:236,0
DA:237,0
DA:245,0
DA:255,0
DA:265,0
DA:277,0
DA:279,0
DA:280,0
DA:284,0
DA:285,0
DA:288,0
DA:296,0
DA:301,0
DA:315,0
DA:316,0
DA:319,0
DA:322,0
DA:323,0
DA:324,0
DA:327,0
DA:336,0
DA:337,0
DA:340,0
DA:341,0
DA:345,0
LF:95
LH:0
BRDA:54,0,0,0
BRDA:70,1,0,0
BRDA:70,1,1,0
BRDA:73,2,0,0
BRDA:73,2,1,0
BRDA:76,3,0,0
BRDA:76,3,1,0
BRDA:79,4,0,0
BRDA:79,4,1,0
BRDA:82,5,0,0
BRDA:82,5,1,0
BRDA:85,6,0,0
BRDA:85,6,1,0
BRDA:88,7,0,0
BRDA:88,7,1,0
BRDA:123,8,0,0
BRDA:123,8,1,0
BRDA:132,9,0,0
BRDA:132,9,1,0
BRDA:133,10,0,0
BRDA:133,10,1,0
BRDA:168,11,0,0
BRDA:168,11,1,0
BRDA:179,12,0,0
BRDA:181,13,0,0
BRDA:182,14,0,0
BRDA:183,15,0,0
BRDA:184,16,0,0
BRDA:185,17,0,0
BRDA:194,18,0,0
BRDA:194,18,1,0
BRDA:198,19,0,0
BRDA:198,19,1,0
BRDA:202,20,0,0
BRDA:202,20,1,0
BRDA:205,21,0,0
BRDA:205,21,1,0
BRDA:237,22,0,0
BRDA:237,22,1,0
BRDA:277,23,0,0
BRDA:277,23,1,0
BRDA:279,24,0,0
BRDA:279,24,1,0
BRDA:315,25,0,0
BRDA:315,25,1,0
BRDA:322,26,0,0
BRDA:322,26,1,0
BRDA:336,27,0,0
BRDA:336,27,1,0
BRF:49
BRH:0
end_of_record
TN:
SF:components\modules\index.js
FNF:0
FNH:0
DA:8,0
DA:9,0
DA:10,0
DA:11,0
DA:12,0
DA:15,0
DA:24,0
LF:7
LH:0
BRF:0
BRH:0
end_of_record
TN:
SF:components\modules\trace-common.js
FN:15,(anonymous_0)
FN:29,(anonymous_1)
FN:32,(anonymous_2)
FN:47,(anonymous_3)
FN:49,(anonymous_4)
FN:61,(anonymous_5)
FN:66,(anonymous_6)
FN:68,(anonymous_7)
FN:72,(anonymous_8)
FN:84,(anonymous_9)
FN:120,(anonymous_10)
FN:148,(anonymous_11)
FN:168,(anonymous_12)
FN:181,(anonymous_13)
FN:225,(anonymous_14)
FN:239,(anonymous_15)
FN:248,(anonymous_16)
FN:279,(anonymous_17)
FN:290,(anonymous_18)
FNF:19
FNH:0
FNDA:0,(anonymous_0)
FNDA:0,(anonymous_1)
FNDA:0,(anonymous_2)
FNDA:0,(anonymous_3)
FNDA:0,(anonymous_4)
FNDA:0,(anonymous_5)
FNDA:0,(anonymous_6)
FNDA:0,(anonymous_7)
FNDA:0,(anonymous_8)
FNDA:0,(anonymous_9)
FNDA:0,(anonymous_10)
FNDA:0,(anonymous_11)
FNDA:0,(anonymous_12)
FNDA:0,(anonymous_13)
FNDA:0,(anonymous_14)
FNDA:0,(anonymous_15)
FNDA:0,(anonymous_16)
FNDA:0,(anonymous_17)
FNDA:0,(anonymous_18)
DA:8,0
DA:17,0
DA:20,0
DA:22,0
DA:30,0
DA:32,0
DA:34,0
DA:37,0
DA:38,0
DA:41,0
DA:42,0
DA:44,0
DA:47,0
DA:49,0
DA:50,0
DA:51,0
DA:62,0
DA:63,0
DA:66,0
DA:67,0
DA:68,0
DA:69,0
DA:70,0
DA:72,0
DA:73,0
DA:74,0
DA:76,0
DA:85,0
DA:86,0
DA:89,0
DA:90,0
DA:92,0
DA:94,0
DA:95,0
DA:96,0
DA:99,0
DA:106,0
DA:122,0
DA:150,0
DA:169,0
DA:175,0
DA:182,0
DA:191,0
DA:194,0
DA:196,0
DA:199,0
DA:201,0
DA:202,0
DA:204,0
DA:207,0
DA:208,0
DA:211,0
DA:213,0
DA:215,0
DA:226,0
DA:227,0
DA:231,0
DA:232,0
DA:233,0
DA:236,0
DA:237,0
DA:239,0
DA:240,0
DA:243,0
DA:248,0
DA:249,0
DA:250,0
DA:252,0
DA:255,0
DA:256,0
DA:259,0
DA:261,0
DA:263,0
DA:266,0
DA:267,0
DA:269,0
DA:270,0
DA:273,0
DA:277,0
DA:279,0
DA:280,0
DA:282,0
DA:285,0
DA:290,0
DA:292,0
DA:296,0
LF:86
LH:0
BRDA:30,0,0,0
BRDA:30,0,1,0
BRDA:30,1,0,0
BRDA:30,1,1,0
BRDA:62,2,0,0
BRDA:62,2,1,0
BRDA:85,3,0,0
BRDA:85,3,1,0
BRDA:85,4,0,0
BRDA:85,4,1,0
BRDA:85,4,2,0
BRDA:85,4,3,0
BRDA:86,5,0,0
BRDA:86,5,1,0
BRDA:89,6,0,0
BRDA:89,6,1,0
BRDA:89,7,0,0
BRDA:89,7,1,0
BRDA:199,8,0,0
BRDA:199,8,1,0
BRDA:199,9,0,0
BRDA:199,9,1,0
BRDA:202,10,0,0
BRDA:202,10,1,0
BRDA:202,11,0,0
BRDA:202,11,1,0
BRDA:225,12,0,0
BRDA:226,13,0,0
BRDA:226,13,1,0
BRDA:231,14,0,0
BRDA:231,14,1,0
BRDA:232,15,0,0
BRDA:232,15,1,0
BRDA:233,16,0,0
BRDA:233,16,1,0
BRDA:236,17,0,0
BRDA:236,17,1,0
BRDA:236,18,0,0
BRDA:236,18,1,0
BRDA:249,19,0,0
BRDA:249,19,1,0
BRDA:256,20,0,0
BRDA:256,20,1,0
BRDA:261,21,0,0
BRDA:261,21,1,0
BRDA:267,22,0,0
BRDA:267,22,1,0
BRF:47
BRH:0
end_of_record
TN:
SF:components\modules\auth\auth.js
FN:18,(anonymous_0)
FN:40,(anonymous_1)
FN:55,(anonymous_2)
FN:69,(anonymous_3)
FN:79,(anonymous_4)
FN:90,(anonymous_5)
FN:112,(anonymous_6)
FN:121,(anonymous_7)
FNF:8
FNH:0
FNDA:0,(anonymous_0)
FNDA:0,(anonymous_1)
FNDA:0,(anonymous_2)
FNDA:0,(anonymous_3)
FNDA:0,(anonymous_4)
FNDA:0,(anonymous_5)
FNDA:0,(anonymous_6)
FNDA:0,(anonymous_7)
DA:7,0
DA:20,0
DA:21,0
DA:22,0
DA:23,0
DA:24,0
DA:25,0
DA:27,0
DA:28,0
DA:32,0
DA:33,0
DA:42,0
DA:57,0
DA:58,0
DA:62,0
DA:65,0
DA:68,0
DA:69,0
DA:72,0
DA:80,0
DA:81,0
DA:84,0
DA:91,0
DA:92,0
DA:95,0
DA:113,0
DA:122,0
DA:124,0
DA:125,0
DA:128,0
DA:129,0
DA:130,0
DA:131,0
DA:134,0
DA:142,0
DA:143,0
DA:146,0
LF:37
LH:0
BRDA:21,0,0,0
BRDA:21,0,1,0
BRDA:57,1,0,0
BRDA:57,1,1,0
BRDA:62,2,0,0
BRDA:62,2,1,0
BRDA:62,3,0,0
BRDA:62,3,1,0
BRDA:65,4,0,0
BRDA:65,4,1,0
BRDA:65,5,0,0
BRDA:65,5,1,0
BRDA:68,6,0,0
BRDA:68,6,1,0
BRDA:69,7,0,0
BRDA:69,7,1,0
BRDA:72,8,0,0
BRDA:72,8,1,0
BRDA:113,9,0,0
BRDA:113,9,1,0
BRDA:124,10,0,0
BRDA:124,10,1,0
BRDA:124,11,0,0
BRDA:124,11,1,0
BRDA:128,12,0,0
BRDA:128,12,1,0
BRDA:128,13,0,0
BRDA:128,13,1,0
BRDA:130,14,0,0
BRDA:130,14,1,0
BRDA:142,15,0,0
BRDA:142,15,1,0
BRF:32
BRH:0
end_of_record
TN:
SF:components\modules\auth\index.js
FNF:0
FNH:0
DA:11,0
DA:12,0
DA:15,0
DA:21,0
DA:24,0
DA:25,0
LF:6
LH:0
BRF:0
BRH:0
end_of_record
TN:
SF:components\modules\auth\loader.js
FN:32,(anonymous_0)
FN:61,(anonymous_1)
FN:78,(anonymous_2)
FN:85,(anonymous_3)
FN:93,(anonymous_4)
FN:105,(anonymous_5)
FN:107,(anonymous_6)
FN:123,(anonymous_7)
FN:129,(anonymous_8)
FN:146,(anonymous_9)
FN:164,(anonymous_10)
FN:184,(anonymous_11)
FN:200,(anonymous_12)
FN:206,(anonymous_13)
FN:214,(anonymous_14)
FN:220,(anonymous_15)
FN:223,(anonymous_16)
FN:241,(anonymous_17)
FN:244,(anonymous_18)
FN:274,(anonymous_19)
FN:296,(anonymous_20)
FN:303,(anonymous_21)
FN:317,(anonymous_22)
FN:338,(anonymous_23)
FN:363,(anonymous_24)
FN:385,(anonymous_25)
FN:386,(anonymous_26)
FN:391,(anonymous_27)
FN:391,(anonymous_28)
FN:396,(anonymous_29)
FN:406,(anonymous_30)
FN:419,(anonymous_31)
FN:420,(anonymous_32)
FN:424,(anonymous_33)
FN:428,(anonymous_34)
FN:435,(anonymous_35)
FN:457,(anonymous_36)
FN:458,(anonymous_37)
FN:466,(anonymous_38)
FN:470,(anonymous_39)
FN:485,(anonymous_40)
FN:486,(anonymous_41)
FN:493,(anonymous_42)
FN:497,(anonymous_43)
FN:511,(anonymous_44)
FN:521,(anonymous_45)
FN:534,(anonymous_46)
FN:542,(anonymous_47)
FNF:48
FNH:0
FNDA:0,(anonymous_0)
FNDA:0,(anonymous_1)
FNDA:0,(anonymous_2)
FNDA:0,(anonymous_3)
FNDA:0,(anonymous_4)
FNDA:0,(anonymous_5)
FNDA:0,(anonymous_6)
FNDA:0,(anonymous_7)
FNDA:0,(anonymous_8)
FNDA:0,(anonymous_9)
FNDA:0,(anonymous_10)
FNDA:0,(anonymous_11)
FNDA:0,(anonymous_12)
FNDA:0,(anonymous_13)
FNDA:0,(anonymous_14)
FNDA:0,(anonymous_15)
FNDA:0,(anonymous_16)
FNDA:0,(anonymous_17)
FNDA:0,(anonymous_18)
FNDA:0,(anonymous_19)
FNDA:0,(anonymous_20)
FNDA:0,(anonymous_21)
FNDA:0,(anonymous_22)
FNDA:0,(anonymous_23)
FNDA:0,(anonymous_24)
FNDA:0,(anonymous_25)
FNDA:0,(anonymous_26)
FNDA:0,(anonymous_27)
FNDA:0,(anonymous_28)
FNDA:0,(anonymous_29)
FNDA:0,(anonymous_30)
FNDA:0,(anonymous_31)
FNDA:0,(anonymous_32)
FNDA:0,(anonymous_33)
FNDA:0,(anonymous_34)
FNDA:0,(anonymous_35)
FNDA:0,(anonymous_36)
FNDA:0,(anonymous_37)
FNDA:0,(anonymous_38)
FNDA:0,(anonymous_39)
FNDA:0,(anonymous_40)
FNDA:0,(anonymous_41)
FNDA:0,(anonymous_42)
FNDA:0,(anonymous_43)
FNDA:0,(anonymous_44)
FNDA:0,(anonymous_45)
FNDA:0,(anonymous_46)
FNDA:0,(anonymous_47)
DA:9,0
DA:34,0
DA:37,0
DA:38,0
DA:39,0
DA:40,0
DA:41,0
DA:42,0
DA:44,0
DA:45,0
DA:46,0
DA:52,0
DA:54,0
DA:63,0
DA:79,0
DA:80,0
DA:82,0
DA:85,0
DA:94,0
DA:95,0
DA:106,0
DA:107,0
DA:108,0
DA:109,0
DA:111,0
DA:124,0
DA:125,0
DA:129,0
DA:136,0
DA:147,0
DA:165,0
DA:167,0
DA:185,0
DA:187,0
DA:201,0
DA:202,0
DA:206,0
DA:207,0
DA:211,0
DA:214,0
DA:215,0
DA:216,0
DA:217,0
DA:220,0
DA:221,0
DA:223,0
DA:224,0
DA:228,0
DA:229,0
DA:230,0
DA:233,0
DA:234,0
DA:235,0
DA:236,0
DA:241,0
DA:242,0
DA:244,0
DA:245,0
DA:249,0
DA:251,0
DA:252,0
DA:255,0
DA:256,0
DA:257,0
DA:258,0
DA:264,0
DA:265,0
DA:276,0
DA:284,0
DA:286,0
DA:291,0
DA:295,0
DA:296,0
DA:304,0
DA:306,0
DA:311,0
DA:312,0
DA:313,0
DA:316,0
DA:318,0
DA:319,0
DA:322,0
DA:329,0
DA:332,0
DA:333,0
DA:339,0
DA:340,0
DA:343,0
DA:344,0
DA:345,0
DA:348,0
DA:352,0
DA:365,0
DA:366,0
DA:370,0
DA:372,0
DA:373,0
DA:375,0
DA:376,0
DA:378,0
DA:379,0
DA:381,0
DA:385,0
DA:386,0
DA:387,0
DA:391,0
DA:395,0
DA:398,0
DA:399,0
DA:400,0
DA:402,0
DA:404,0
DA:407,0
DA:408,0
DA:409,0
DA:420,0
DA:421,0
DA:422,0
DA:424,0
DA:425,0
DA:426,0
DA:428,0
DA:429,0
DA:430,0
DA:434,0
DA:435,0
DA:436,0
DA:437,0
DA:447,0
DA:458,0
DA:459,0
DA:460,0
DA:461,0
DA:462,0
DA:463,0
DA:464,0
DA:466,0
DA:467,0
DA:468,0
DA:470,0
DA:471,0
DA:472,0
DA:475,0
DA:486,0
DA:487,0
DA:488,0
DA:489,0
DA:490,0
DA:491,0
DA:493,0
DA:494,0
DA:495,0
DA:497,0
DA:498,0
DA:499,0
DA:502,0
DA:512,0
DA:514,0
DA:522,0
DA:523,0
DA:525,0
DA:535,0
DA:543,0
DA:552,0
DA:553,0
DA:558,0
LF:166
LH:0
BRDA:32,0,0,0
BRDA:37,1,0,0
BRDA:37,1,1,0
BRDA:41,2,0,0
BRDA:41,2,1,0
BRDA:41,3,0,0
BRDA:41,3,1,0
BRDA:41,3,2,0
BRDA:79,4,0,0
BRDA:79,4,1,0
BRDA:94,5,0,0
BRDA:94,5,1,0
BRDA:106,6,0,0
BRDA:106,6,1,0
BRDA:123,7,0,0
BRDA:124,8,0,0
BRDA:124,8,1,0
BRDA:146,9,0,0
BRDA:150,10,0,0
BRDA:150,10,1,0
BRDA:164,11,0,0
BRDA:165,12,0,0
BRDA:165,13,0,0
BRDA:165,14,0,0
BRDA:170,15,0,0
BRDA:170,15,1,0
BRDA:184,16,0,0
BRDA:185,17,0,0
BRDA:190,18,0,0
BRDA:190,18,1,0
BRDA:201,19,0,0
BRDA:201,19,1,0
BRDA:201,20,0,0
BRDA:201,20,1,0
BRDA:224,21,0,0
BRDA:224,21,1,0
BRDA:224,21,2,0
BRDA:224,21,3,0
BRDA:224,21,4,0
BRDA:228,22,0,0
BRDA:228,22,1,0
BRDA:233,23,0,0
BRDA:233,23,1,0
BRDA:245,24,0,0
BRDA:245,24,1,0
BRDA:245,24,2,0
BRDA:245,24,3,0
BRDA:245,24,4,0
BRDA:249,25,0,0
BRDA:249,25,1,0
BRDA:255,26,0,0
BRDA:255,26,1,0
BRDA:280,27,0,0
BRDA:280,27,1,0
BRDA:284,28,0,0
BRDA:284,28,1,0
BRDA:284,29,0,0
BRDA:284,29,1,0
BRDA:307,30,0,0
BRDA:307,30,1,0
BRDA:313,31,0,0
BRDA:313,31,1,0
BRDA:319,32,0,0
BRDA:319,32,1,0
BRDA:332,33,0,0
BRDA:332,33,1,0
BRDA:332,34,0,0
BRDA:332,34,1,0
BRDA:340,35,0,0
BRDA:340,35,1,0
BRDA:343,36,0,0
BRDA:343,36,1,0
BRDA:366,37,0,0
BRDA:366,37,1,0
BRDA:370,38,0,0
BRDA:370,38,1,0
BRDA:370,38,2,0
BRDA:370,38,3,0
BRDA:398,39,0,0
BRDA:398,39,1,0
BRDA:399,40,0,0
BRDA:399,40,1,0
BRDA:402,41,0,0
BRDA:402,41,1,0
BRDA:407,42,0,0
BRDA:407,42,1,0
BRDA:434,43,0,0
BRDA:434,43,1,0
BRDA:436,44,0,0
BRDA:436,44,1,0
BRDA:522,45,0,0
BRDA:522,45,1,0
BRDA:535,46,0,0
BRDA:535,46,1,0
BRDA:552,47,0,0
BRDA:552,47,1,0
BRF:96
BRH:0
end_of_record
TN:
SF:components\modules\data\data.js
FN:14,(anonymous_0)
FN:26,init
FN:45,getTraceRecords
FN:64,(anonymous_3)
FN:82,getTraceRecordById
FN:109,createTraceRecord
FN:149,updateTraceRecord
FN:192,deleteTraceRecord
FNF:8
FNH:0
FNDA:0,(anonymous_0)
FNDA:0,init
FNDA:0,getTraceRecords
FNDA:0,(anonymous_3)
FNDA:0,getTraceRecordById
FNDA:0,createTraceRecord
FNDA:0,updateTraceRecord
FNDA:0,deleteTraceRecord
DA:14,0
DA:16,0
DA:27,0
DA:28,0
DA:31,0
DA:46,0
DA:49,0
DA:50,0
DA:53,0
DA:55,0
DA:57,0
DA:58,0
DA:61,0
DA:64,0
DA:67,0
DA:68,0
DA:70,0
DA:72,0
DA:73,0
DA:83,0
DA:84,0
DA:87,0
DA:88,0
DA:90,0
DA:91,0
DA:94,0
DA:97,0
DA:99,0
DA:100,0
DA:110,0
DA:111,0
DA:114,0
DA:116,0
DA:118,0
DA:126,0
DA:127,0
DA:130,0
DA:133,0
DA:136,0
DA:138,0
DA:139,0
DA:150,0
DA:151,0
DA:154,0
DA:155,0
DA:158,0
DA:160,0
DA:162,0
DA:170,0
DA:171,0
DA:174,0
DA:177,0
DA:180,0
DA:182,0
DA:183,0
DA:193,0
DA:194,0
DA:197,0
DA:198,0
DA:202,0
DA:203,0
DA:207,0
DA:209,0
DA:211,0
DA:212,0
DA:217,0
LF:66
LH:0
BRDA:26,0,0,0
BRDA:27,1,0,0
BRDA:27,1,1,0
BRDA:45,2,0,0
BRDA:49,3,0,0
BRDA:49,3,1,0
BRDA:49,4,0,0
BRDA:49,4,1,0
BRDA:57,5,0,0
BRDA:57,5,1,0
BRDA:83,6,0,0
BRDA:83,6,1,0
BRDA:90,7,0,0
BRDA:90,7,1,0
BRDA:110,8,0,0
BRDA:110,8,1,0
BRDA:126,9,0,0
BRDA:126,9,1,0
BRDA:150,10,0,0
BRDA:150,10,1,0
BRDA:154,11,0,0
BRDA:154,11,1,0
BRDA:170,12,0,0
BRDA:170,12,1,0
BRDA:193,13,0,0
BRDA:193,13,1,0
BRDA:202,14,0,0
BRDA:202,14,1,0
BRF:28
BRH:0
end_of_record
TN:
SF:components\modules\data\index.js
FNF:0
FNH:0
DA:15,0
DA:18,0
DA:27,0
LF:3
LH:0
BRF:0
BRH:0
end_of_record
TN:
SF:components\modules\data\mappers.js
FN:17,(anonymous_0)
FN:50,(anonymous_1)
FN:75,(anonymous_2)
FN:94,(anonymous_3)
FN:118,(anonymous_4)
FN:139,(anonymous_5)
FN:158,(anonymous_6)
FN:177,(anonymous_7)
FN:202,(anonymous_8)
FN:228,(anonymous_9)
FN:248,(anonymous_10)
FN:274,(anonymous_11)
FN:302,mapToDTO
FN:308,(anonymous_13)
FN:320,mapToEntity
FN:326,(anonymous_15)
FNF:16
FNH:0
FNDA:0,(anonymous_0)
FNDA:0,(anonymous_1)
FNDA:0,(anonymous_2)
FNDA:0,(anonymous_3)
FNDA:0,(anonymous_4)
FNDA:0,(anonymous_5)
FNDA:0,(anonymous_6)
FNDA:0,(anonymous_7)
FNDA:0,(anonymous_8)
FNDA:0,(anonymous_9)
FNDA:0,(anonymous_10)
FNDA:0,(anonymous_11)
FNDA:0,mapToDTO
FNDA:0,(anonymous_13)
FNDA:0,mapToEntity
FNDA:0,(anonymous_15)
DA:11,0
DA:18,0
DA:20,0
DA:51,0
DA:53,0
DA:76,0
DA:78,0
DA:95,0
DA:97,0
DA:112,0
DA:119,0
DA:121,0
DA:140,0
DA:142,0
DA:159,0
DA:161,0
DA:178,0
DA:180,0
DA:196,0
DA:203,0
DA:205,0
DA:229,0
DA:231,0
DA:249,0
DA:251,0
DA:275,0
DA:277,0
DA:303,0
DA:304,0
DA:307,0
DA:308,0
DA:311,0
DA:321,0
DA:322,0
DA:325,0
DA:326,0
DA:329,0
DA:333,0
LF:38
LH:0
BRDA:18,0,0,0
BRDA:18,0,1,0
BRDA:21,1,0,0
BRDA:21,1,1,0
BRDA:22,2,0,0
BRDA:22,2,1,0
BRDA:23,3,0,0
BRDA:23,3,1,0
BRDA:25,4,0,0
BRDA:25,4,1,0
BRDA:26,5,0,0
BRDA:26,5,1,0
BRDA:28,6,0,0
BRDA:28,6,1,0
BRDA:29,7,0,0
BRDA:29,7,1,0
BRDA:30,8,0,0
BRDA:30,8,1,0
BRDA:31,9,0,0
BRDA:31,9,1,0
BRDA:32,10,0,0
BRDA:32,10,1,0
BRDA:35,11,0,0
BRDA:35,11,1,0
BRDA:36,12,0,0
BRDA:36,12,1,0
BRDA:37,13,0,0
BRDA:37,13,1,0
BRDA:39,14,0,0
BRDA:39,14,1,0
BRDA:40,15,0,0
BRDA:40,15,1,0
BRDA:41,16,0,0
BRDA:41,16,1,0
BRDA:51,17,0,0
BRDA:51,17,1,0
BRDA:57,18,0,0
BRDA:57,18,1,0
BRDA:62,19,0,0
BRDA:62,19,1,0
BRDA:76,20,0,0
BRDA:76,20,1,0
BRDA:81,21,0,0
BRDA:81,21,1,0
BRDA:95,22,0,0
BRDA:95,22,1,0
BRDA:119,23,0,0
BRDA:119,23,1,0
BRDA:122,24,0,0
BRDA:122,24,1,0
BRDA:123,25,0,0
BRDA:123,25,1,0
BRDA:124,26,0,0
BRDA:124,26,1,0
BRDA:125,27,0,0
BRDA:125,27,1,0
BRDA:126,28,0,0
BRDA:126,28,1,0
BRDA:127,29,0,0
BRDA:127,29,1,0
BRDA:128,30,0,0
BRDA:128,30,1,0
BRDA:129,31,0,0
BRDA:129,31,1,0
BRDA:130,32,0,0
BRDA:130,32,1,0
BRDA:140,33,0,0
BRDA:140,33,1,0
BRDA:159,34,0,0
BRDA:159,34,1,0
BRDA:166,35,0,0
BRDA:166,35,1,0
BRDA:178,36,0,0
BRDA:178,36,1,0
BRDA:203,37,0,0
BRDA:203,37,1,0
BRDA:206,38,0,0
BRDA:206,38,1,0
BRDA:207,39,0,0
BRDA:207,39,1,0
BRDA:208,40,0,0
BRDA:208,40,1,0
BRDA:209,41,0,0
BRDA:209,41,1,0
BRDA:210,42,0,0
BRDA:210,42,1,0
BRDA:212,43,0,0
BRDA:212,43,1,0
BRDA:213,44,0,0
BRDA:213,44,1,0
BRDA:214,45,0,0
BRDA:214,45,1,0
BRDA:216,46,0,0
BRDA:216,46,1,0
BRDA:217,47,0,0
BRDA:217,47,1,0
BRDA:219,48,0,0
BRDA:219,48,1,0
BRDA:229,49,0,0
BRDA:229,49,1,0
BRDA:236,50,0,0
BRDA:236,50,1,0
BRDA:249,51,0,0
BRDA:249,51,1,0
BRDA:255,52,0,0
BRDA:255,52,1,0
BRDA:256,53,0,0
BRDA:256,53,1,0
BRDA:257,54,0,0
BRDA:257,54,1,0
BRDA:263,55,0,0
BRDA:263,55,1,0
BRDA:275,56,0,0
BRDA:275,56,1,0
BRDA:281,57,0,0
BRDA:281,57,1,0
BRDA:289,58,0,0
BRDA:289,58,1,0
BRDA:303,59,0,0
BRDA:303,59,1,0
BRDA:303,60,0,0
BRDA:303,60,1,0
BRDA:303,60,2,0
BRDA:307,61,0,0
BRDA:307,61,1,0
BRDA:321,62,0,0
BRDA:321,62,1,0
BRDA:321,63,0,0
BRDA:321,63,1,0
BRDA:321,63,2,0
BRDA:325,64,0,0
BRDA:325,64,1,0
BRF:132
BRH:0
end_of_record
TN:
SF:components\modules\store\events.js
FN:12,(anonymous_0)
FN:24,(anonymous_1)
FN:48,(anonymous_2)
FN:49,(anonymous_3)
FN:63,(anonymous_4)
FN:88,(anonymous_5)
FN:98,(anonymous_6)
FN:117,(anonymous_7)
FN:119,(anonymous_8)
FN:126,(anonymous_9)
FNF:10
FNH:0
FNDA:0,(anonymous_0)
FNDA:0,(anonymous_1)
FNDA:0,(anonymous_2)
FNDA:0,(anonymous_3)
FNDA:0,(anonymous_4)
FNDA:0,(anonymous_5)
FNDA:0,(anonymous_6)
FNDA:0,(anonymous_7)
FNDA:0,(anonymous_8)
FNDA:0,(anonymous_9)
DA:14,0
DA:25,0
DA:26,0
DA:30,0
DA:33,0
DA:38,0
DA:49,0
DA:50,0
DA:51,0
DA:54,0
DA:64,0
DA:66,0
DA:68,0
DA:70,0
DA:71,0
DA:72,0
DA:74,0
DA:79,0
DA:89,0
DA:91,0
DA:93,0
DA:95,0
DA:98,0
DA:99,0
DA:100,0
DA:104,0
DA:105,0
DA:109,0
DA:118,0
DA:119,0
DA:127,0
DA:128,0
DA:134,0
LF:33
LH:0
BRDA:25,0,0,0
BRDA:25,0,1,0
BRDA:30,1,0,0
BRDA:30,1,1,0
BRDA:35,2,0,0
BRDA:35,2,1,0
BRDA:51,3,0,0
BRDA:51,3,1,0
BRDA:66,4,0,0
BRDA:66,4,1,0
BRDA:66,5,0,0
BRDA:66,5,1,0
BRDA:91,6,0,0
BRDA:91,6,1,0
BRDA:93,7,0,0
BRDA:93,7,1,0
BRDA:99,8,0,0
BRDA:99,8,1,0
BRDA:104,9,0,0
BRDA:104,9,1,0
BRDA:119,10,0,0
BRDA:119,10,1,0
BRF:22
BRH:0
end_of_record
TN:
SF:components\modules\store\index.js
FNF:0
FNH:0
DA:10,0
DA:11,0
DA:14,0
DA:15,0
LF:4
LH:0
BRF:0
BRH:0
end_of_record
TN:
SF:components\modules\store\store.js
FN:33,(anonymous_0)
FN:60,(anonymous_1)
FN:68,(anonymous_2)
FN:87,(anonymous_3)
FN:94,(anonymous_4)
FN:114,(anonymous_5)
FN:119,(anonymous_6)
FN:130,(anonymous_7)
FN:158,(anonymous_8)
FN:173,(anonymous_9)
FN:224,(anonymous_10)
FN:247,(anonymous_11)
FN:321,(anonymous_12)
FN:327,(anonymous_13)
FN:360,(anonymous_14)
FN:376,(anonymous_15)
FN:399,(anonymous_16)
FN:420,(anonymous_17)
FN:422,(anonymous_18)
FN:437,(anonymous_19)
FN:458,(anonymous_20)
FN:475,(anonymous_21)
FN:497,(anonymous_22)
FN:519,(anonymous_23)
FN:526,(anonymous_24)
FN:534,(anonymous_25)
FN:544,(anonymous_26)
FN:581,(anonymous_27)
FN:595,(anonymous_28)
FN:638,(anonymous_29)
FN:641,(anonymous_30)
FNF:31
FNH:0
FNDA:0,(anonymous_0)
FNDA:0,(anonymous_1)
FNDA:0,(anonymous_2)
FNDA:0,(anonymous_3)
FNDA:0,(anonymous_4)
FNDA:0,(anonymous_5)
FNDA:0,(anonymous_6)
FNDA:0,(anonymous_7)
FNDA:0,(anonymous_8)
FNDA:0,(anonymous_9)
FNDA:0,(anonymous_10)
FNDA:0,(anonymous_11)
FNDA:0,(anonymous_12)
FNDA:0,(anonymous_13)
FNDA:0,(anonymous_14)
FNDA:0,(anonymous_15)
FNDA:0,(anonymous_16)
FNDA:0,(anonymous_17)
FNDA:0,(anonymous_18)
FNDA:0,(anonymous_19)
FNDA:0,(anonymous_20)
FNDA:0,(anonymous_21)
FNDA:0,(anonymous_22)
FNDA:0,(anonymous_23)
FNDA:0,(anonymous_24)
FNDA:0,(anonymous_25)
FNDA:0,(anonymous_26)
FNDA:0,(anonymous_27)
FNDA:0,(anonymous_28)
FNDA:0,(anonymous_29)
FNDA:0,(anonymous_30)
DA:9,0
DA:34,0
DA:35,0
DA:39,0
DA:42,0
DA:45,0
DA:46,0
DA:50,0
DA:52,0
DA:53,0
DA:61,0
DA:62,0
DA:63,0
DA:64,0
DA:67,0
DA:68,0
DA:69,0
DA:70,0
DA:75,0
DA:79,0
DA:88,0
DA:92,0
DA:93,0
DA:94,0
DA:95,0
DA:96,0
DA:101,0
DA:104,0
DA:106,0
DA:115,0
DA:116,0
DA:119,0
DA:120,0
DA:131,0
DA:134,0
DA:135,0
DA:136,0
DA:138,0
DA:139,0
DA:140,0
DA:142,0
DA:145,0
DA:149,0
DA:160,0
DA:161,0
DA:162,0
DA:165,0
DA:166,0
DA:169,0
DA:170,0
DA:173,0
DA:175,0
DA:176,0
DA:178,0
DA:181,0
DA:183,0
DA:184,0
DA:187,0
DA:188,0
DA:190,0
DA:193,0
DA:194,0
DA:198,0
DA:199,0
DA:208,0
DA:211,0
DA:212,0
DA:215,0
DA:225,0
DA:226,0
DA:228,0
DA:231,0
DA:232,0
DA:233,0
DA:235,0
DA:239,0
DA:248,0
DA:249,0
DA:250,0
DA:253,0
DA:256,0
DA:257,0
DA:258,0
DA:260,0
DA:263,0
DA:264,0
DA:265,0
DA:267,0
DA:271,0
DA:272,0
DA:275,0
DA:276,0
DA:285,0
DA:287,0
DA:290,0
DA:294,0
DA:295,0
DA:298,0
DA:299,0
DA:308,0
DA:310,0
DA:313,0
DA:322,0
DA:324,0
DA:326,0
DA:327,0
DA:328,0
DA:329,0
DA:334,0
DA:337,0
DA:341,0
DA:342,0
DA:351,0
DA:353,0
DA:361,0
DA:362,0
DA:363,0
DA:365,0
DA:366,0
DA:377,0
DA:378,0
DA:379,0
DA:382,0
DA:384,0
DA:385,0
DA:388,0
DA:390,0
DA:400,0
DA:401,0
DA:404,0
DA:405,0
DA:408,0
DA:411,0
DA:422,0
DA:424,0
DA:426,0
DA:429,0
DA:436,0
DA:437,0
DA:438,0
DA:439,0
DA:441,0
DA:447,0
DA:448,0
DA:449,0
DA:451,0
DA:452,0
DA:454,0
DA:455,0
DA:456,0
DA:458,0
DA:459,0
DA:460,0
DA:466,0
DA:474,0
DA:475,0
DA:476,0
DA:477,0
DA:483,0
DA:498,0
DA:499,0
DA:502,0
DA:503,0
DA:505,0
DA:506,0
DA:507,0
DA:509,0
DA:512,0
DA:520,0
DA:527,0
DA:535,0
DA:545,0
DA:546,0
DA:547,0
DA:550,0
DA:552,0
DA:554,0
DA:560,0
DA:564,0
DA:565,0
DA:574,0
DA:576,0
DA:581,0
DA:583,0
DA:597,0
DA:600,0
DA:601,0
DA:605,0
DA:606,0
DA:609,0
DA:610,0
DA:613,0
DA:614,0
DA:617,0
DA:618,0
DA:622,0
DA:625,0
DA:626,0
DA:630,0
DA:632,0
DA:637,0
DA:638,0
DA:641,0
DA:642,0
DA:645,0
DA:649,0
DA:650,0
DA:651,0
DA:657,0
DA:670,0
DA:671,0
DA:672,0
DA:673,0
LF:213
LH:0
BRDA:33,0,0,0
BRDA:34,1,0,0
BRDA:34,1,1,0
BRDA:45,2,0,0
BRDA:45,2,1,0
BRDA:63,3,0,0
BRDA:63,3,1,0
BRDA:67,4,0,0
BRDA:67,4,1,0
BRDA:69,5,0,0
BRDA:69,5,1,0
BRDA:92,6,0,0
BRDA:92,6,1,0
BRDA:95,7,0,0
BRDA:95,7,1,0
BRDA:115,8,0,0
BRDA:115,8,1,0
BRDA:121,9,0,0
BRDA:121,9,1,0
BRDA:130,10,0,0
BRDA:131,11,0,0
BRDA:131,11,1,0
BRDA:134,12,0,0
BRDA:134,12,1,0
BRDA:139,13,0,0
BRDA:139,13,1,0
BRDA:139,14,0,0
BRDA:139,14,1,0
BRDA:145,15,0,0
BRDA:145,15,1,0
BRDA:149,16,0,0
BRDA:149,16,1,0
BRDA:160,17,0,0
BRDA:160,17,1,0
BRDA:169,18,0,0
BRDA:169,18,1,0
BRDA:169,19,0,0
BRDA:169,19,1,0
BRDA:175,20,0,0
BRDA:175,20,1,0
BRDA:181,21,0,0
BRDA:181,21,1,0
BRDA:187,22,0,0
BRDA:187,22,1,0
BRDA:198,23,0,0
BRDA:198,23,1,0
BRDA:211,24,0,0
BRDA:211,24,1,0
BRDA:211,25,0,0
BRDA:211,25,1,0
BRDA:232,26,0,0
BRDA:232,26,1,0
BRDA:232,27,0,0
BRDA:232,27,1,0
BRDA:248,28,0,0
BRDA:248,28,1,0
BRDA:248,29,0,0
BRDA:248,29,1,0
BRDA:256,30,0,0
BRDA:256,30,1,0
BRDA:264,31,0,0
BRDA:264,31,1,0
BRDA:264,32,0,0
BRDA:264,32,1,0
BRDA:271,33,0,0
BRDA:271,33,1,0
BRDA:275,34,0,0
BRDA:275,34,1,0
BRDA:294,35,0,0
BRDA:294,35,1,0
BRDA:298,36,0,0
BRDA:298,36,1,0
BRDA:321,37,0,0
BRDA:324,38,0,0
BRDA:324,38,1,0
BRDA:328,39,0,0
BRDA:328,39,1,0
BRDA:341,40,0,0
BRDA:341,40,1,0
BRDA:377,41,0,0
BRDA:377,41,1,0
BRDA:384,42,0,0
BRDA:384,42,1,0
BRDA:400,43,0,0
BRDA:400,43,1,0
BRDA:400,44,0,0
BRDA:400,44,1,0
BRDA:404,45,0,0
BRDA:404,45,1,0
BRDA:432,46,0,0
BRDA:432,46,1,0
BRDA:436,47,0,0
BRDA:436,47,1,0
BRDA:447,48,0,0
BRDA:447,48,1,0
BRDA:452,49,0,0
BRDA:452,49,1,0
BRDA:454,50,0,0
BRDA:454,50,1,0
BRDA:474,51,0,0
BRDA:474,51,1,0
BRDA:498,52,0,0
BRDA:498,52,1,0
BRDA:506,53,0,0
BRDA:506,53,1,0
BRDA:506,54,0,0
BRDA:506,54,1,0
BRDA:544,55,0,0
BRDA:545,56,0,0
BRDA:545,56,1,0
BRDA:545,57,0,0
BRDA:545,57,1,0
BRDA:552,58,0,0
BRDA:552,58,1,0
BRDA:564,59,0,0
BRDA:564,59,1,0
BRDA:581,60,0,0
BRDA:595,61,0,0
BRDA:600,62,0,0
BRDA:600,62,1,0
BRDA:605,63,0,0
BRDA:605,63,1,0
BRDA:609,64,0,0
BRDA:609,64,1,0
BRDA:613,65,0,0
BRDA:613,65,1,0
BRDA:617,66,0,0
BRDA:617,66,1,0
BRDA:625,67,0,0
BRDA:625,67,1,0
BRDA:638,68,0,0
BRDA:638,68,1,0
BRDA:649,69,0,0
BRDA:649,69,1,0
BRF:134
BRH:0
end_of_record
TN:
SF:components\modules\store\utils.js
FN:13,parseKey
FN:28,getNestedValue
FN:52,setNestedValue
FN:84,removeNestedValue
FN:122,deepMerge
FN:128,(anonymous_5)
FN:156,deepClone
FN:165,(anonymous_7)
FN:185,isEqual
FN:204,(anonymous_9)
FN:216,(anonymous_10)
FNF:11
FNH:0
FNDA:0,parseKey
FNDA:0,getNestedValue
FNDA:0,setNestedValue
FNDA:0,removeNestedValue
FNDA:0,deepMerge
FNDA:0,(anonymous_5)
FNDA:0,deepClone
FNDA:0,(anonymous_7)
FNDA:0,isEqual
FNDA:0,(anonymous_9)
FNDA:0,(anonymous_10)
DA:14,0
DA:18,0
DA:19,0
DA:30,0
DA:32,0
DA:34,0
DA:36,0
DA:37,0
DA:39,0
DA:42,0
DA:54,0
DA:56,0
DA:57,0
DA:60,0
DA:61,0
DA:64,0
DA:66,0
DA:67,0
DA:70,0
DA:74,0
DA:75,0
DA:86,0
DA:88,0
DA:89,0
DA:92,0
DA:93,0
DA:96,0
DA:97,0
DA:100,0
DA:104,0
DA:105,0
DA:106,0
DA:107,0
DA:110,0
DA:113,0
DA:123,0
DA:124,0
DA:126,0
DA:128,0
DA:129,0
DA:130,0
DA:133,0
DA:138,0
DA:142,0
DA:148,0
DA:158,0
DA:161,0
DA:164,0
DA:165,0
DA:169,0
DA:170,0
DA:171,0
DA:172,0
DA:176,0
DA:187,0
DA:188,0
DA:191,0
DA:194,0
DA:195,0
DA:199,0
DA:202,0
DA:203,0
DA:204,0
DA:208,0
DA:211,0
DA:212,0
DA:214,0
DA:216,0
LF:68
LH:0
BRDA:14,0,0,0
BRDA:14,0,1,0
BRDA:30,1,0,0
BRDA:30,1,1,0
BRDA:30,2,0,0
BRDA:30,2,1,0
BRDA:30,2,2,0
BRDA:36,3,0,0
BRDA:36,3,1,0
BRDA:36,4,0,0
BRDA:36,4,1,0
BRDA:54,5,0,0
BRDA:54,5,1,0
BRDA:54,6,0,0
BRDA:54,6,1,0
BRDA:54,6,2,0
BRDA:64,7,0,0
BRDA:64,7,1,0
BRDA:67,8,0,0
BRDA:67,8,1,0
BRDA:86,9,0,0
BRDA:86,9,1,0
BRDA:86,10,0,0
BRDA:86,10,1,0
BRDA:86,10,2,0
BRDA:96,11,0,0
BRDA:96,11,1,0
BRDA:105,12,0,0
BRDA:105,12,1,0
BRDA:106,13,0,0
BRDA:106,13,1,0
BRDA:123,14,0,0
BRDA:123,14,1,0
BRDA:124,15,0,0
BRDA:124,15,1,0
BRDA:133,16,0,0
BRDA:133,16,1,0
BRDA:134,17,0,0
BRDA:134,17,1,0
BRDA:134,17,2,0
BRDA:134,17,3,0
BRDA:134,17,4,0
BRDA:134,17,5,0
BRDA:142,18,0,0
BRDA:142,18,1,0
BRDA:158,19,0,0
BRDA:158,19,1,0
BRDA:158,20,0,0
BRDA:158,20,1,0
BRDA:161,21,0,0
BRDA:161,21,1,0
BRDA:164,22,0,0
BRDA:164,22,1,0
BRDA:171,23,0,0
BRDA:171,23,1,0
BRDA:187,24,0,0
BRDA:187,24,1,0
BRDA:188,25,0,0
BRDA:188,25,1,0
BRDA:188,26,0,0
BRDA:188,26,1,0
BRDA:191,27,0,0
BRDA:191,27,1,0
BRDA:191,28,0,0
BRDA:191,28,1,0
BRDA:194,29,0,0
BRDA:194,29,1,0
BRDA:194,30,0,0
BRDA:194,30,1,0
BRDA:199,31,0,0
BRDA:199,31,1,0
BRDA:202,32,0,0
BRDA:202,32,1,0
BRDA:202,33,0,0
BRDA:202,33,1,0
BRDA:203,34,0,0
BRDA:203,34,1,0
BRDA:208,35,0,0
BRDA:208,35,1,0
BRDA:208,36,0,0
BRDA:208,36,1,0
BRDA:208,36,2,0
BRDA:208,36,3,0
BRDA:214,37,0,0
BRDA:214,37,1,0
BRDA:216,38,0,0
BRDA:216,38,1,0
BRF:87
BRH:0
end_of_record
TN:
SF:components\modules\trace\TraceRecordDetails.js
FN:16,(anonymous_0)
FN:50,init
FN:86,load
FN:102,(anonymous_3)
FN:112,(anonymous_4)
FN:122,(anonymous_5)
FN:138,refresh
FN:150,getRecord
FN:160,renderTo
FN:197,(anonymous_9)
FN:204,(anonymous_10)
FN:211,(anonymous_11)
FN:217,(anonymous_12)
FN:223,(anonymous_13)
FN:256,(anonymous_14)
FN:262,(anonymous_15)
FN:264,(anonymous_16)
FN:283,verify
FN:293,(anonymous_18)
FN:302,(anonymous_19)
FN:318,exportRecord
FN:324,(anonymous_21)
FN:331,(anonymous_22)
FN:347,shareRecord
FN:353,(anonymous_24)
FN:360,(anonymous_25)
FN:376,generateQRCode
FN:389,(anonymous_27)
FN:393,(anonymous_28)
FN:408,getRelatedRecords
FN:418,loadRelatedRecords
FN:442,(anonymous_31)
FN:446,(anonymous_32)
FN:459,renderLoading
FN:474,renderError
FN:490,(anonymous_35)
FN:493,(anonymous_36)
FN:504,renderEmpty
FN:523,createActionButton
FN:535,getConfig
FN:544,setConfig
FNF:41
FNH:0
FNDA:0,(anonymous_0)
FNDA:0,init
FNDA:0,load
FNDA:0,(anonymous_3)
FNDA:0,(anonymous_4)
FNDA:0,(anonymous_5)
FNDA:0,refresh
FNDA:0,getRecord
FNDA:0,renderTo
FNDA:0,(anonymous_9)
FNDA:0,(anonymous_10)
FNDA:0,(anonymous_11)
FNDA:0,(anonymous_12)
FNDA:0,(anonymous_13)
FNDA:0,(anonymous_14)
FNDA:0,(anonymous_15)
FNDA:0,(anonymous_16)
FNDA:0,verify
FNDA:0,(anonymous_18)
FNDA:0,(anonymous_19)
FNDA:0,exportRecord
FNDA:0,(anonymous_21)
FNDA:0,(anonymous_22)
FNDA:0,shareRecord
FNDA:0,(anonymous_24)
FNDA:0,(anonymous_25)
FNDA:0,generateQRCode
FNDA:0,(anonymous_27)
FNDA:0,(anonymous_28)
FNDA:0,getRelatedRecords
FNDA:0,loadRelatedRecords
FNDA:0,(anonymous_31)
FNDA:0,(anonymous_32)
FNDA:0,renderLoading
FNDA:0,renderError
FNDA:0,(anonymous_35)
FNDA:0,(anonymous_36)
FNDA:0,renderEmpty
FNDA:0,createActionButton
FNDA:0,getConfig
FNDA:0,setConfig
DA:16,0
DA:18,0
DA:38,0
DA:39,0
DA:40,0
DA:41,0
DA:42,0
DA:43,0
DA:52,0
DA:59,0
DA:65,0
DA:87,0
DA:88,0
DA:89,0
DA:90,0
DA:92,0
DA:95,0
DA:96,0
DA:99,0
DA:101,0
DA:103,0
DA:106,0
DA:107,0
DA:110,0
DA:113,0
DA:116,0
DA:117,0
DA:120,0
DA:123,0
DA:124,0
DA:126,0
DA:127,0
DA:130,0
DA:139,0
DA:140,0
DA:143,0
DA:151,0
DA:161,0
DA:162,0
DA:166,0
DA:169,0
DA:170,0
DA:171,0
DA:175,0
DA:176,0
DA:177,0
DA:181,0
DA:182,0
DA:183,0
DA:187,0
DA:188,0
DA:191,0
DA:192,0
DA:193,0
DA:196,0
DA:197,0
DA:198,0
DA:200,0
DA:203,0
DA:204,0
DA:205,0
DA:207,0
DA:210,0
DA:211,0
DA:212,0
DA:214,0
DA:217,0
DA:218,0
DA:220,0
DA:222,0
DA:223,0
DA:224,0
DA:225,0
DA:228,0
DA:231,0
DA:235,0
DA:236,0
DA:240,0
DA:243,0
DA:245,0
DA:246,0
DA:249,0
DA:250,0
DA:251,0
DA:252,0
DA:255,0
DA:256,0
DA:260,0
DA:261,0
DA:264,0
DA:266,0
DA:271,0
DA:272,0
DA:275,0
DA:276,0
DA:284,0
DA:285,0
DA:288,0
DA:289,0
DA:292,0
DA:294,0
DA:296,0
DA:297,0
DA:300,0
DA:303,0
DA:305,0
DA:306,0
DA:309,0
DA:319,0
DA:320,0
DA:323,0
DA:325,0
DA:326,0
DA:329,0
DA:332,0
DA:334,0
DA:335,0
DA:338,0
DA:348,0
DA:349,0
DA:352,0
DA:354,0
DA:355,0
DA:358,0
DA:361,0
DA:363,0
DA:364,0
DA:367,0
DA:377,0
DA:378,0
DA:381,0
DA:388,0
DA:391,0
DA:394,0
DA:396,0
DA:397,0
DA:400,0
DA:409,0
DA:419,0
DA:420,0
DA:421,0
DA:425,0
DA:426,0
DA:428,0
DA:429,0
DA:430,0
DA:435,0
DA:436,0
DA:438,0
DA:441,0
DA:443,0
DA:444,0
DA:448,0
DA:449,0
DA:450,0
DA:460,0
DA:475,0
DA:489,0
DA:490,0
DA:491,0
DA:492,0
DA:493,0
DA:505,0
DA:524,0
DA:525,0
DA:526,0
DA:527,0
DA:528,0
DA:536,0
DA:545,0
DA:551,0
DA:555,0
LF:172
LH:0
BRDA:50,0,0,0
BRDA:55,1,0,0
BRDA:55,1,1,0
BRDA:86,2,0,0
BRDA:87,3,0,0
BRDA:87,3,1,0
BRDA:89,4,0,0
BRDA:89,4,1,0
BRDA:106,5,0,0
BRDA:106,5,1,0
BRDA:116,6,0,0
BRDA:116,6,1,0
BRDA:126,7,0,0
BRDA:126,7,1,0
BRDA:139,8,0,0
BRDA:139,8,1,0
BRDA:139,9,0,0
BRDA:139,9,1,0
BRDA:160,10,0,0
BRDA:161,11,0,0
BRDA:161,11,1,0
BRDA:169,12,0,0
BRDA:169,12,1,0
BRDA:175,13,0,0
BRDA:175,13,1,0
BRDA:181,14,0,0
BRDA:181,14,1,0
BRDA:182,15,0,0
BRDA:182,15,1,0
BRDA:191,16,0,0
BRDA:191,16,1,0
BRDA:196,17,0,0
BRDA:196,17,1,0
BRDA:203,18,0,0
BRDA:203,18,1,0
BRDA:210,19,0,0
BRDA:210,19,1,0
BRDA:210,20,0,0
BRDA:210,20,1,0
BRDA:222,21,0,0
BRDA:222,21,1,0
BRDA:224,22,0,0
BRDA:224,22,1,0
BRDA:243,23,0,0
BRDA:243,23,1,0
BRDA:243,24,0,0
BRDA:243,24,1,0
BRDA:243,24,2,0
BRDA:284,25,0,0
BRDA:284,25,1,0
BRDA:288,26,0,0
BRDA:288,26,1,0
BRDA:296,27,0,0
BRDA:296,27,1,0
BRDA:305,28,0,0
BRDA:305,28,1,0
BRDA:318,29,0,0
BRDA:319,30,0,0
BRDA:319,30,1,0
BRDA:325,31,0,0
BRDA:325,31,1,0
BRDA:334,32,0,0
BRDA:334,32,1,0
BRDA:347,33,0,0
BRDA:348,34,0,0
BRDA:348,34,1,0
BRDA:354,35,0,0
BRDA:354,35,1,0
BRDA:363,36,0,0
BRDA:363,36,1,0
BRDA:376,37,0,0
BRDA:377,38,0,0
BRDA:377,38,1,0
BRDA:382,39,0,0
BRDA:382,39,1,0
BRDA:396,40,0,0
BRDA:396,40,1,0
BRDA:419,41,0,0
BRDA:419,41,1,0
BRDA:419,42,0,0
BRDA:419,42,1,0
BRDA:428,43,0,0
BRDA:428,43,1,0
BRDA:428,44,0,0
BRDA:428,44,1,0
BRDA:435,45,0,0
BRDA:435,45,1,0
BRDA:443,46,0,0
BRDA:443,46,1,0
BRDA:491,47,0,0
BRDA:491,47,1,0
BRDA:491,48,0,0
BRDA:491,48,1,0
BRDA:548,49,0,0
BRDA:548,49,1,0
BRF:95
BRH:0
end_of_record
TN:
SF:components\modules\trace\TraceRecordQuery.js
FN:16,(anonymous_0)
FN:114,init
FN:254,loadRecords
FN:291,refreshRecords
FN:324,getRecords
FN:393,getFilteredRecords
FN:401,getPaginatedRecords
FN:520,getCurrentPageRecords
FN:529,getRecordById
FN:535,(anonymous_9)
FN:541,(anonymous_10)
FN:553,getRecordsByProductId
FN:559,(anonymous_12)
FN:565,(anonymous_13)
FN:577,searchRecords
FN:587,(anonymous_15)
FN:589,(anonymous_16)
FN:591,(anonymous_17)
FN:595,(anonymous_18)
FN:624,filterByStatus
FN:629,(anonymous_20)
FN:631,(anonymous_21)
FN:633,(anonymous_22)
FN:636,(anonymous_23)
FN:661,filterByDateRange
FN:672,(anonymous_25)
FN:678,(anonymous_26)
FN:706,filterByProductType
FN:776,(anonymous_28)
FN:793,filterByLocation
FN:863,(anonymous_30)
FN:880,applyFilters
FN:886,(anonymous_32)
FN:902,(anonymous_33)
FN:907,(anonymous_34)
FN:922,(anonymous_35)
FN:927,(anonymous_36)
FN:951,sortRecords
FN:957,(anonymous_38)
FN:962,(anonymous_39)
FN:963,(anonymous_40)
FN:998,applySort
FN:1001,(anonymous_42)
FN:1065,setPagination
FN:1095,getState
FN:1203,(anonymous_45)
FN:1232,(anonymous_46)
FN:1236,(anonymous_47)
FN:1240,(anonymous_48)
FN:1244,(anonymous_49)
FN:1268,(anonymous_50)
FN:1274,(anonymous_51)
FN:1284,(anonymous_52)
FN:1290,(anonymous_53)
FN:1294,(anonymous_54)
FN:1303,(anonymous_55)
FN:1309,(anonymous_56)
FN:1319,(anonymous_57)
FN:1389,(anonymous_58)
FN:1402,(anonymous_59)
FN:1472,(anonymous_60)
FN:1485,(anonymous_61)
FN:1496,(anonymous_62)
FN:1501,(anonymous_63)
FN:1502,(anonymous_64)
FN:1521,(anonymous_65)
FN:1540,(anonymous_66)
FN:1557,(anonymous_67)
FN:1559,(anonymous_68)
FN:1562,(anonymous_69)
FN:1564,(anonymous_70)
FN:1567,(anonymous_71)
FN:1604,(anonymous_72)
FN:1619,(anonymous_73)
FN:1629,(anonymous_74)
FN:1665,(anonymous_75)
FN:1702,(anonymous_76)
FN:1738,(anonymous_77)
FN:1757,(anonymous_78)
FN:1771,(anonymous_79)
FN:1792,(anonymous_80)
FN:1825,(anonymous_81)
FN:1858,(anonymous_82)
FNF:83
FNH:0
FNDA:0,(anonymous_0)
FNDA:0,init
FNDA:0,loadRecords
FNDA:0,refreshRecords
FNDA:0,getRecords
FNDA:0,getFilteredRecords
FNDA:0,getPaginatedRecords
FNDA:0,getCurrentPageRecords
FNDA:0,getRecordById
FNDA:0,(anonymous_9)
FNDA:0,(anonymous_10)
FNDA:0,getRecordsByProductId
FNDA:0,(anonymous_12)
FNDA:0,(anonymous_13)
FNDA:0,searchRecords
FNDA:0,(anonymous_15)
FNDA:0,(anonymous_16)
FNDA:0,(anonymous_17)
FNDA:0,(anonymous_18)
FNDA:0,filterByStatus
FNDA:0,(anonymous_20)
FNDA:0,(anonymous_21)
FNDA:0,(anonymous_22)
FNDA:0,(anonymous_23)
FNDA:0,filterByDateRange
FNDA:0,(anonymous_25)
FNDA:0,(anonymous_26)
FNDA:0,filterByProductType
FNDA:0,(anonymous_28)
FNDA:0,filterByLocation
FNDA:0,(anonymous_30)
FNDA:0,applyFilters
FNDA:0,(anonymous_32)
FNDA:0,(anonymous_33)
FNDA:0,(anonymous_34)
FNDA:0,(anonymous_35)
FNDA:0,(anonymous_36)
FNDA:0,sortRecords
FNDA:0,(anonymous_38)
FNDA:0,(anonymous_39)
FNDA:0,(anonymous_40)
FNDA:0,applySort
FNDA:0,(anonymous_42)
FNDA:0,setPagination
FNDA:0,getState
FNDA:0,(anonymous_45)
FNDA:0,(anonymous_46)
FNDA:0,(anonymous_47)
FNDA:0,(anonymous_48)
FNDA:0,(anonymous_49)
FNDA:0,(anonymous_50)
FNDA:0,(anonymous_51)
FNDA:0,(anonymous_52)
FNDA:0,(anonymous_53)
FNDA:0,(anonymous_54)
FNDA:0,(anonymous_55)
FNDA:0,(anonymous_56)
FNDA:0,(anonymous_57)
FNDA:0,(anonymous_58)
FNDA:0,(anonymous_59)
FNDA:0,(anonymous_60)
FNDA:0,(anonymous_61)
FNDA:0,(anonymous_62)
FNDA:0,(anonymous_63)
FNDA:0,(anonymous_64)
FNDA:0,(anonymous_65)
FNDA:0,(anonymous_66)
FNDA:0,(anonymous_67)
FNDA:0,(anonymous_68)
FNDA:0,(anonymous_69)
FNDA:0,(anonymous_70)
FNDA:0,(anonymous_71)
FNDA:0,(anonymous_72)
FNDA:0,(anonymous_73)
FNDA:0,(anonymous_74)
FNDA:0,(anonymous_75)
FNDA:0,(anonymous_76)
FNDA:0,(anonymous_77)
FNDA:0,(anonymous_78)
FNDA:0,(anonymous_79)
FNDA:0,(anonymous_80)
FNDA:0,(anonymous_81)
FNDA:0,(anonymous_82)
DA:16,0
DA:18,0
DA:45,0
DA:47,0
DA:105,0
DA:106,0
DA:116,0
DA:117,0
DA:120,0
DA:121,0
DA:124,0
DA:125,0
DA:129,0
DA:131,0
DA:133,0
DA:134,0
DA:135,0
DA:136,0
DA:139,0
DA:200,0
DA:201,0
DA:204,0
DA:205,0
DA:206,0
DA:207,0
DA:208,0
DA:212,0
DA:213,0
DA:214,0
DA:216,0
DA:218,0
DA:219,0
DA:226,0
DA:231,0
DA:255,0
DA:256,0
DA:257,0
DA:260,0
DA:262,0
DA:264,0
DA:267,0
DA:268,0
DA:272,0
DA:273,0
DA:274,0
DA:276,0
DA:278,0
DA:279,0
DA:280,0
DA:281,0
DA:283,0
DA:293,0
DA:294,0
DA:295,0
DA:298,0
DA:301,0
DA:302,0
DA:305,0
DA:308,0
DA:310,0
DA:312,0
DA:313,0
DA:314,0
DA:316,0
DA:326,0
DA:327,0
DA:386,0
DA:394,0
DA:402,0
DA:404,0
DA:406,0
DA:408,0
DA:411,0
DA:412,0
DA:413,0
DA:417,0
DA:418,0
DA:419,0
DA:423,0
DA:424,0
DA:425,0
DA:458,0
DA:459,0
DA:460,0
DA:492,0
DA:493,0
DA:495,0
DA:498,0
DA:499,0
DA:502,0
DA:503,0
DA:506,0
DA:507,0
DA:509,0
DA:511,0
DA:512,0
DA:521,0
DA:530,0
DA:532,0
DA:534,0
DA:535,0
DA:538,0
DA:540,0
DA:541,0
DA:543,0
DA:544,0
DA:554,0
DA:556,0
DA:558,0
DA:559,0
DA:562,0
DA:564,0
DA:565,0
DA:567,0
DA:568,0
DA:578,0
DA:580,0
DA:581,0
DA:582,0
DA:586,0
DA:587,0
DA:588,0
DA:589,0
DA:590,0
DA:591,0
DA:595,0
DA:596,0
DA:603,0
DA:604,0
DA:605,0
DA:606,0
DA:609,0
DA:610,0
DA:611,0
DA:612,0
DA:614,0
DA:615,0
DA:625,0
DA:627,0
DA:628,0
DA:629,0
DA:630,0
DA:631,0
DA:632,0
DA:633,0
DA:636,0
DA:639,0
DA:640,0
DA:641,0
DA:642,0
DA:645,0
DA:646,0
DA:647,0
DA:648,0
DA:650,0
DA:651,0
DA:662,0
DA:664,0
DA:665,0
DA:666,0
DA:670,0
DA:672,0
DA:673,0
DA:678,0
DA:679,0
DA:680,0
DA:681,0
DA:682,0
DA:686,0
DA:687,0
DA:688,0
DA:689,0
DA:692,0
DA:693,0
DA:694,0
DA:695,0
DA:697,0
DA:698,0
DA:707,0
DA:708,0
DA:709,0
DA:739,0
DA:740,0
DA:757,0
DA:761,0
DA:762,0
DA:764,0
DA:765,0
DA:768,0
DA:772,0
DA:773,0
DA:776,0
DA:779,0
DA:780,0
DA:782,0
DA:783,0
DA:786,0
DA:794,0
DA:795,0
DA:796,0
DA:826,0
DA:827,0
DA:844,0
DA:848,0
DA:849,0
DA:851,0
DA:852,0
DA:855,0
DA:859,0
DA:860,0
DA:863,0
DA:866,0
DA:867,0
DA:869,0
DA:870,0
DA:873,0
DA:881,0
DA:882,0
DA:885,0
DA:886,0
DA:887,0
DA:901,0
DA:902,0
DA:906,0
DA:907,0
DA:908,0
DA:909,0
DA:910,0
DA:911,0
DA:912,0
DA:913,0
DA:914,0
DA:916,0
DA:921,0
DA:922,0
DA:926,0
DA:927,0
DA:928,0
DA:933,0
DA:935,0
DA:936,0
DA:939,0
DA:940,0
DA:941,0
DA:952,0
DA:954,0
DA:957,0
DA:960,0
DA:961,0
DA:962,0
DA:963,0
DA:965,0
DA:966,0
DA:969,0
DA:970,0
DA:971,0
DA:974,0
DA:975,0
DA:977,0
DA:982,0
DA:983,0
DA:984,0
DA:985,0
DA:986,0
DA:988,0
DA:989,0
DA:999,0
DA:1001,0
DA:1003,0
DA:1004,0
DA:1005,0
DA:1007,0
DA:1013,0
DA:1014,0
DA:1015,0
DA:1016,0
DA:1018,0
DA:1019,0
DA:1020,0
DA:1024,0
DA:1026,0
DA:1027,0
DA:1033,0
DA:1034,0
DA:1039,0
DA:1045,0
DA:1046,0
DA:1052,0
DA:1066,0
DA:1067,0
DA:1070,0
DA:1071,0
DA:1075,0
DA:1078,0
DA:1080,0
DA:1081,0
DA:1085,0
DA:1096,0
DA:1114,0
DA:1133,0
DA:1137,0
DA:1142,0
DA:1202,0
DA:1203,0
DA:1205,0
DA:1206,0
DA:1209,0
DA:1233,0
DA:1237,0
DA:1241,0
DA:1246,0
DA:1247,0
DA:1250,0
DA:1269,0
DA:1270,0
DA:1271,0
DA:1274,0
DA:1275,0
DA:1281,0
DA:1285,0
DA:1286,0
DA:1287,0
DA:1290,0
DA:1291,0
DA:1295,0
DA:1296,0
DA:1297,0
DA:1301,0
DA:1303,0
DA:1304,0
DA:1306,0
DA:1309,0
DA:1310,0
DA:1311,0
DA:1312,0
DA:1313,0
DA:1316,0
DA:1320,0
DA:1321,0
DA:1322,0
DA:1352,0
DA:1353,0
DA:1370,0
DA:1374,0
DA:1375,0
DA:1377,0
DA:1378,0
DA:1381,0
DA:1385,0
DA:1386,0
DA:1389,0
DA:1392,0
DA:1393,0
DA:1395,0
DA:1396,0
DA:1399,0
DA:1403,0
DA:1404,0
DA:1405,0
DA:1435,0
DA:1436,0
DA:1453,0
DA:1457,0
DA:1458,0
DA:1460,0
DA:1461,0
DA:1464,0
DA:1468,0
DA:1469,0
DA:1472,0
DA:1475,0
DA:1476,0
DA:1478,0
DA:1479,0
DA:1482,0
DA:1487,0
DA:1488,0
DA:1496,0
DA:1499,0
DA:1500,0
DA:1501,0
DA:1502,0
DA:1504,0
DA:1505,0
DA:1508,0
DA:1509,0
DA:1510,0
DA:1513,0
DA:1514,0
DA:1516,0
DA:1522,0
DA:1523,0
DA:1525,0
DA:1526,0
DA:1529,0
DA:1530,0
DA:1533,0
DA:1534,0
DA:1537,0
DA:1541,0
DA:1558,0
DA:1559,0
DA:1563,0
DA:1564,0
DA:1569,0
DA:1570,0
DA:1572,0
DA:1573,0
DA:1574,0
DA:1575,0
DA:1576,0
DA:1581,0
DA:1583,0
DA:1586,0
DA:1588,0
DA:1589,0
DA:1590,0
DA:1591,0
DA:1593,0
DA:1594,0
DA:1599,0
DA:1602,0
DA:1603,0
DA:1604,0
DA:1605,0
DA:1610,0
DA:1614,0
DA:1619,0
DA:1620,0
DA:1630,0
DA:1631,0
DA:1662,0
DA:1666,0
DA:1667,0
DA:1697,0
DA:1699,0
DA:1703,0
DA:1704,0
DA:1735,0
DA:1739,0
DA:1758,0
DA:1759,0
DA:1761,0
DA:1762,0
DA:1765,0
DA:1766,0
DA:1768,0
DA:1772,0
DA:1792,0
DA:1793,0
DA:1825,0
DA:1826,0
DA:1858,0
DA:1859,0
LF:454
LH:0
BRDA:45,0,0,0
BRDA:45,0,1,0
BRDA:114,1,0,0
BRDA:116,2,0,0
BRDA:116,2,1,0
BRDA:120,3,0,0
BRDA:120,3,1,0
BRDA:124,4,0,0
BRDA:124,4,1,0
BRDA:129,5,0,0
BRDA:129,5,1,0
BRDA:131,6,0,0
BRDA:131,6,1,0
BRDA:133,7,0,0
BRDA:133,7,1,0
BRDA:135,8,0,0
BRDA:135,8,1,0
BRDA:135,9,0,0
BRDA:135,9,1,0
BRDA:204,10,0,0
BRDA:204,10,1,0
BRDA:213,11,0,0
BRDA:213,11,1,0
BRDA:218,12,0,0
BRDA:218,12,1,0
BRDA:262,13,0,0
BRDA:262,13,1,0
BRDA:262,14,0,0
BRDA:262,14,1,0
BRDA:267,15,0,0
BRDA:267,15,1,0
BRDA:267,16,0,0
BRDA:267,16,1,0
BRDA:272,17,0,0
BRDA:272,17,1,0
BRDA:279,18,0,0
BRDA:279,18,1,0
BRDA:301,19,0,0
BRDA:301,19,1,0
BRDA:301,20,0,0
BRDA:301,20,1,0
BRDA:305,21,0,0
BRDA:305,21,1,0
BRDA:313,22,0,0
BRDA:313,22,1,0
BRDA:326,23,0,0
BRDA:326,23,1,0
BRDA:402,24,0,0
BRDA:402,24,1,0
BRDA:411,25,0,0
BRDA:411,25,1,0
BRDA:417,26,0,0
BRDA:417,26,1,0
BRDA:417,27,0,0
BRDA:417,27,1,0
BRDA:417,27,2,0
BRDA:423,28,0,0
BRDA:423,28,1,0
BRDA:423,29,0,0
BRDA:423,29,1,0
BRDA:458,30,0,0
BRDA:458,30,1,0
BRDA:458,31,0,0
BRDA:458,31,1,0
BRDA:502,32,0,0
BRDA:502,32,1,0
BRDA:502,33,0,0
BRDA:502,33,1,0
BRDA:502,33,2,0
BRDA:530,34,0,0
BRDA:530,34,1,0
BRDA:532,35,0,0
BRDA:532,35,1,0
BRDA:535,36,0,0
BRDA:535,36,1,0
BRDA:538,37,0,0
BRDA:538,37,1,0
BRDA:541,38,0,0
BRDA:541,38,1,0
BRDA:554,39,0,0
BRDA:554,39,1,0
BRDA:556,40,0,0
BRDA:556,40,1,0
BRDA:562,41,0,0
BRDA:562,41,1,0
BRDA:578,42,0,0
BRDA:578,42,1,0
BRDA:581,43,0,0
BRDA:581,43,1,0
BRDA:586,44,0,0
BRDA:586,44,1,0
BRDA:588,45,0,0
BRDA:588,45,1,0
BRDA:590,46,0,0
BRDA:590,46,1,0
BRDA:596,47,0,0
BRDA:596,47,1,0
BRDA:596,47,2,0
BRDA:596,47,3,0
BRDA:603,48,0,0
BRDA:603,48,1,0
BRDA:603,49,0,0
BRDA:603,49,1,0
BRDA:625,50,0,0
BRDA:625,50,1,0
BRDA:628,51,0,0
BRDA:628,51,1,0
BRDA:630,52,0,0
BRDA:630,52,1,0
BRDA:632,53,0,0
BRDA:632,53,1,0
BRDA:636,54,0,0
BRDA:636,54,1,0
BRDA:639,55,0,0
BRDA:639,55,1,0
BRDA:662,56,0,0
BRDA:662,56,1,0
BRDA:665,57,0,0
BRDA:665,57,1,0
BRDA:665,58,0,0
BRDA:665,58,1,0
BRDA:670,59,0,0
BRDA:670,59,1,0
BRDA:670,60,0,0
BRDA:670,60,1,0
BRDA:670,60,2,0
BRDA:670,60,3,0
BRDA:673,61,0,0
BRDA:673,61,1,0
BRDA:680,62,0,0
BRDA:680,62,1,0
BRDA:681,63,0,0
BRDA:681,63,1,0
BRDA:682,64,0,0
BRDA:682,64,1,0
BRDA:686,65,0,0
BRDA:686,65,1,0
BRDA:686,66,0,0
BRDA:686,66,1,0
BRDA:707,67,0,0
BRDA:707,67,1,0
BRDA:708,68,0,0
BRDA:708,68,1,0
BRDA:739,69,0,0
BRDA:739,69,1,0
BRDA:762,70,0,0
BRDA:762,70,1,0
BRDA:764,71,0,0
BRDA:764,71,1,0
BRDA:772,72,0,0
BRDA:772,72,1,0
BRDA:780,73,0,0
BRDA:780,73,1,0
BRDA:782,74,0,0
BRDA:782,74,1,0
BRDA:794,75,0,0
BRDA:794,75,1,0
BRDA:795,76,0,0
BRDA:795,76,1,0
BRDA:795,77,0,0
BRDA:795,77,1,0
BRDA:826,78,0,0
BRDA:826,78,1,0
BRDA:849,79,0,0
BRDA:849,79,1,0
BRDA:851,80,0,0
BRDA:851,80,1,0
BRDA:859,81,0,0
BRDA:859,81,1,0
BRDA:867,82,0,0
BRDA:867,82,1,0
BRDA:869,83,0,0
BRDA:869,83,1,0
BRDA:885,84,0,0
BRDA:885,84,1,0
BRDA:888,85,0,0
BRDA:888,85,1,0
BRDA:888,85,2,0
BRDA:888,85,3,0
BRDA:888,85,4,0
BRDA:888,85,5,0
BRDA:888,85,6,0
BRDA:888,85,7,0
BRDA:888,85,8,0
BRDA:888,85,9,0
BRDA:888,85,10,0
BRDA:888,85,11,0
BRDA:888,85,12,0
BRDA:888,85,13,0
BRDA:888,85,14,0
BRDA:888,85,15,0
BRDA:901,86,0,0
BRDA:901,86,1,0
BRDA:901,87,0,0
BRDA:901,87,1,0
BRDA:906,88,0,0
BRDA:906,88,1,0
BRDA:906,89,0,0
BRDA:906,89,1,0
BRDA:908,90,0,0
BRDA:908,90,1,0
BRDA:909,91,0,0
BRDA:909,91,1,0
BRDA:909,92,0,0
BRDA:909,92,1,0
BRDA:910,93,0,0
BRDA:910,93,1,0
BRDA:911,94,0,0
BRDA:911,94,1,0
BRDA:913,95,0,0
BRDA:913,95,1,0
BRDA:921,96,0,0
BRDA:921,96,1,0
BRDA:926,97,0,0
BRDA:926,97,1,0
BRDA:928,98,0,0
BRDA:928,98,1,0
BRDA:939,99,0,0
BRDA:939,99,1,0
BRDA:940,100,0,0
BRDA:940,100,1,0
BRDA:951,101,0,0
BRDA:952,102,0,0
BRDA:952,102,1,0
BRDA:960,103,0,0
BRDA:960,103,1,0
BRDA:969,104,0,0
BRDA:969,104,1,0
BRDA:974,105,0,0
BRDA:974,105,1,0
BRDA:975,106,0,0
BRDA:975,106,1,0
BRDA:975,107,0,0
BRDA:975,107,1,0
BRDA:977,108,0,0
BRDA:977,108,1,0
BRDA:977,109,0,0
BRDA:977,109,1,0
BRDA:1003,110,0,0
BRDA:1003,110,1,0
BRDA:1003,111,0,0
BRDA:1003,111,1,0
BRDA:1004,112,0,0
BRDA:1004,112,1,0
BRDA:1005,113,0,0
BRDA:1005,113,1,0
BRDA:1007,114,0,0
BRDA:1007,114,1,0
BRDA:1013,115,0,0
BRDA:1013,115,1,0
BRDA:1019,116,0,0
BRDA:1019,116,1,0
BRDA:1020,117,0,0
BRDA:1020,117,1,0
BRDA:1024,118,0,0
BRDA:1024,118,1,0
BRDA:1024,119,0,0
BRDA:1024,119,1,0
BRDA:1027,120,0,0
BRDA:1027,120,1,0
BRDA:1028,121,0,0
BRDA:1028,121,1,0
BRDA:1028,122,0,0
BRDA:1028,122,1,0
BRDA:1029,123,0,0
BRDA:1029,123,1,0
BRDA:1029,124,0,0
BRDA:1029,124,1,0
BRDA:1033,125,0,0
BRDA:1033,125,1,0
BRDA:1033,126,0,0
BRDA:1033,126,1,0
BRDA:1034,127,0,0
BRDA:1034,127,1,0
BRDA:1039,128,0,0
BRDA:1039,128,1,0
BRDA:1040,129,0,0
BRDA:1040,129,1,0
BRDA:1040,130,0,0
BRDA:1040,130,1,0
BRDA:1041,131,0,0
BRDA:1041,131,1,0
BRDA:1041,132,0,0
BRDA:1041,132,1,0
BRDA:1045,133,0,0
BRDA:1045,133,1,0
BRDA:1045,134,0,0
BRDA:1045,134,1,0
BRDA:1046,135,0,0
BRDA:1046,135,1,0
BRDA:1052,136,0,0
BRDA:1052,136,1,0
BRDA:1053,137,0,0
BRDA:1053,137,1,0
BRDA:1053,138,0,0
BRDA:1053,138,1,0
BRDA:1054,139,0,0
BRDA:1054,139,1,0
BRDA:1054,140,0,0
BRDA:1054,140,1,0
BRDA:1066,141,0,0
BRDA:1066,141,1,0
BRDA:1070,142,0,0
BRDA:1070,142,1,0
BRDA:1075,143,0,0
BRDA:1075,143,1,0
BRDA:1078,144,0,0
BRDA:1078,144,1,0
BRDA:1080,145,0,0
BRDA:1080,145,1,0
BRDA:1137,146,0,0
BRDA:1137,146,1,0
BRDA:1203,147,0,0
BRDA:1246,148,0,0
BRDA:1246,148,1,0
BRDA:1269,149,0,0
BRDA:1269,149,1,0
BRDA:1275,150,0,0
BRDA:1275,150,1,0
BRDA:1275,150,2,0
BRDA:1275,150,3,0
BRDA:1275,150,4,0
BRDA:1275,150,5,0
BRDA:1275,150,6,0
BRDA:1275,150,7,0
BRDA:1275,150,8,0
BRDA:1275,150,9,0
BRDA:1285,151,0,0
BRDA:1285,151,1,0
BRDA:1285,152,0,0
BRDA:1285,152,1,0
BRDA:1295,153,0,0
BRDA:1295,153,1,0
BRDA:1295,154,0,0
BRDA:1295,154,1,0
BRDA:1301,155,0,0
BRDA:1301,155,1,0
BRDA:1301,156,0,0
BRDA:1301,156,1,0
BRDA:1301,156,2,0
BRDA:1301,156,3,0
BRDA:1304,157,0,0
BRDA:1304,157,1,0
BRDA:1311,158,0,0
BRDA:1311,158,1,0
BRDA:1312,159,0,0
BRDA:1312,159,1,0
BRDA:1313,160,0,0
BRDA:1313,160,1,0
BRDA:1320,161,0,0
BRDA:1320,161,1,0
BRDA:1321,162,0,0
BRDA:1321,162,1,0
BRDA:1352,163,0,0
BRDA:1352,163,1,0
BRDA:1375,164,0,0
BRDA:1375,164,1,0
BRDA:1377,165,0,0
BRDA:1377,165,1,0
BRDA:1385,166,0,0
BRDA:1385,166,1,0
BRDA:1393,167,0,0
BRDA:1393,167,1,0
BRDA:1395,168,0,0
BRDA:1395,168,1,0
BRDA:1403,169,0,0
BRDA:1403,169,1,0
BRDA:1404,170,0,0
BRDA:1404,170,1,0
BRDA:1404,171,0,0
BRDA:1404,171,1,0
BRDA:1435,172,0,0
BRDA:1435,172,1,0
BRDA:1458,173,0,0
BRDA:1458,173,1,0
BRDA:1460,174,0,0
BRDA:1460,174,1,0
BRDA:1468,175,0,0
BRDA:1468,175,1,0
BRDA:1476,176,0,0
BRDA:1476,176,1,0
BRDA:1478,177,0,0
BRDA:1478,177,1,0
BRDA:1485,178,0,0
BRDA:1487,179,0,0
BRDA:1487,179,1,0
BRDA:1487,180,0,0
BRDA:1487,180,1,0
BRDA:1499,181,0,0
BRDA:1499,181,1,0
BRDA:1501,182,0,0
BRDA:1501,182,1,0
BRDA:1502,183,0,0
BRDA:1502,183,1,0
BRDA:1508,184,0,0
BRDA:1508,184,1,0
BRDA:1513,185,0,0
BRDA:1513,185,1,0
BRDA:1514,186,0,0
BRDA:1514,186,1,0
BRDA:1514,187,0,0
BRDA:1514,187,1,0
BRDA:1516,188,0,0
BRDA:1516,188,1,0
BRDA:1516,189,0,0
BRDA:1516,189,1,0
BRDA:1522,190,0,0
BRDA:1522,190,1,0
BRDA:1525,191,0,0
BRDA:1525,191,1,0
BRDA:1530,192,0,0
BRDA:1530,192,1,0
BRDA:1533,193,0,0
BRDA:1533,193,1,0
BRDA:1558,194,0,0
BRDA:1558,194,1,0
BRDA:1559,195,0,0
BRDA:1559,195,1,0
BRDA:1563,196,0,0
BRDA:1563,196,1,0
BRDA:1575,197,0,0
BRDA:1575,197,1,0
BRDA:1581,198,0,0
BRDA:1581,198,1,0
BRDA:1586,199,0,0
BRDA:1586,199,1,0
BRDA:1591,200,0,0
BRDA:1591,200,1,0
BRDA:1603,201,0,0
BRDA:1603,201,1,0
BRDA:1630,202,0,0
BRDA:1630,202,1,0
BRDA:1666,203,0,0
BRDA:1666,203,1,0
BRDA:1703,204,0,0
BRDA:1703,204,1,0
BRDA:1758,205,0,0
BRDA:1758,205,1,0
BRDA:1761,206,0,0
BRDA:1761,206,1,0
BRDA:1766,207,0,0
BRDA:1766,207,1,0
BRF:442
BRH:0
end_of_record
TN:
SF:components\modules\trace\TraceRecordView.js
FN:14,(anonymous_0)
FN:60,init
FN:94,renderList
FN:111,(anonymous_3)
FN:126,renderDetail
FN:166,createDetailView
FN:203,(anonymous_6)
FN:244,(anonymous_7)
FN:255,(anonymous_8)
FN:288,(anonymous_9)
FN:347,getAttachmentType
FN:370,renderTimeline
FN:396,(anonymous_12)
FN:407,(anonymous_13)
FN:427,createTimelineItem
FN:509,createRecordCard
FN:521,(anonymous_16)
FN:539,(anonymous_17)
FN:637,(anonymous_18)
FN:657,renderStatusTag
FN:678,getStatusInfo
FN:693,getStatusColor
FN:702,getStatusText
FN:722,getProductIcon
FN:736,formatRecordTime
FN:771,renderEmptyState
FN:786,getConfig
FN:795,setConfig
FNF:28
FNH:0
FNDA:0,(anonymous_0)
FNDA:0,init
FNDA:0,renderList
FNDA:0,(anonymous_3)
FNDA:0,renderDetail
FNDA:0,createDetailView
FNDA:0,(anonymous_6)
FNDA:0,(anonymous_7)
FNDA:0,(anonymous_8)
FNDA:0,(anonymous_9)
FNDA:0,getAttachmentType
FNDA:0,renderTimeline
FNDA:0,(anonymous_12)
FNDA:0,(anonymous_13)
FNDA:0,createTimelineItem
FNDA:0,createRecordCard
FNDA:0,(anonymous_16)
FNDA:0,(anonymous_17)
FNDA:0,(anonymous_18)
FNDA:0,renderStatusTag
FNDA:0,getStatusInfo
FNDA:0,getStatusColor
FNDA:0,getStatusText
FNDA:0,getProductIcon
FNDA:0,formatRecordTime
FNDA:0,renderEmptyState
FNDA:0,getConfig
FNDA:0,setConfig
DA:14,0
DA:16,0
DA:53,0
DA:62,0
DA:72,0
DA:95,0
DA:96,0
DA:97,0
DA:101,0
DA:104,0
DA:111,0
DA:112,0
DA:113,0
DA:116,0
DA:127,0
DA:128,0
DA:129,0
DA:133,0
DA:136,0
DA:138,0
DA:142,0
DA:145,0
DA:149,0
DA:150,0
DA:151,0
DA:152,0
DA:153,0
DA:156,0
DA:168,0
DA:169,0
DA:172,0
DA:173,0
DA:175,0
DA:177,0
DA:188,0
DA:191,0
DA:192,0
DA:195,0
DA:203,0
DA:204,0
DA:205,0
DA:206,0
DA:210,0
DA:213,0
DA:214,0
DA:217,0
DA:218,0
DA:221,0
DA:222,0
DA:223,0
DA:224,0
DA:228,0
DA:232,0
DA:233,0
DA:234,0
DA:235,0
DA:236,0
DA:238,0
DA:239,0
DA:242,0
DA:244,0
DA:245,0
DA:247,0
DA:248,0
DA:250,0
DA:251,0
DA:254,0
DA:255,0
DA:258,0
DA:259,0
DA:260,0
DA:261,0
DA:262,0
DA:265,0
DA:269,0
DA:272,0
DA:273,0
DA:274,0
DA:279,0
DA:280,0
DA:281,0
DA:282,0
DA:283,0
DA:285,0
DA:286,0
DA:288,0
DA:292,0
DA:293,0
DA:294,0
DA:295,0
DA:296,0
DA:297,0
DA:298,0
DA:299,0
DA:302,0
DA:303,0
DA:304,0
DA:305,0
DA:308,0
DA:309,0
DA:310,0
DA:311,0
DA:313,0
DA:318,0
DA:321,0
DA:322,0
DA:325,0
DA:328,0
DA:329,0
DA:330,0
DA:332,0
DA:333,0
DA:334,0
DA:336,0
DA:337,0
DA:348,0
DA:350,0
DA:352,0
DA:353,0
DA:354,0
DA:355,0
DA:356,0
DA:357,0
DA:359,0
DA:372,0
DA:375,0
DA:381,0
DA:382,0
DA:383,0
DA:386,0
DA:387,0
DA:390,0
DA:391,0
DA:392,0
DA:396,0
DA:397,0
DA:398,0
DA:399,0
DA:403,0
DA:404,0
DA:407,0
DA:408,0
DA:411,0
DA:412,0
DA:415,0
DA:416,0
DA:429,0
DA:430,0
DA:434,0
DA:435,0
DA:436,0
DA:440,0
DA:441,0
DA:444,0
DA:447,0
DA:450,0
DA:451,0
DA:452,0
DA:458,0
DA:459,0
DA:461,0
DA:462,0
DA:464,0
DA:465,0
DA:466,0
DA:468,0
DA:469,0
DA:470,0
DA:472,0
DA:473,0
DA:474,0
DA:477,0
DA:478,0
DA:479,0
DA:480,0
DA:483,0
DA:484,0
DA:486,0
DA:487,0
DA:490,0
DA:494,0
DA:495,0
DA:497,0
DA:498,0
DA:500,0
DA:511,0
DA:512,0
DA:516,0
DA:517,0
DA:520,0
DA:521,0
DA:522,0
DA:526,0
DA:530,0
DA:531,0
DA:537,0
DA:538,0
DA:539,0
DA:540,0
DA:545,0
DA:546,0
DA:549,0
DA:550,0
DA:552,0
DA:554,0
DA:564,0
DA:567,0
DA:568,0
DA:571,0
DA:574,0
DA:575,0
DA:578,0
DA:579,0
DA:580,0
DA:584,0
DA:588,0
DA:589,0
DA:590,0
DA:594,0
DA:598,0
DA:599,0
DA:600,0
DA:601,0
DA:605,0
DA:609,0
DA:610,0
DA:614,0
DA:616,0
DA:619,0
DA:620,0
DA:621,0
DA:622,0
DA:623,0
DA:627,0
DA:628,0
DA:629,0
DA:631,0
DA:632,0
DA:633,0
DA:635,0
DA:636,0
DA:637,0
DA:638,0
DA:639,0
DA:642,0
DA:645,0
DA:646,0
DA:649,0
DA:658,0
DA:660,0
DA:661,0
DA:665,0
DA:666,0
DA:667,0
DA:669,0
DA:679,0
DA:680,0
DA:682,0
DA:694,0
DA:703,0
DA:714,0
DA:723,0
DA:726,0
DA:728,0
DA:737,0
DA:739,0
DA:742,0
DA:743,0
DA:744,0
DA:748,0
DA:749,0
DA:753,0
DA:754,0
DA:755,0
DA:758,0
DA:759,0
DA:762,0
DA:772,0
DA:787,0
DA:796,0
DA:805,0
DA:809,0
DA:812,0
LF:283
LH:0
BRDA:60,0,0,0
BRDA:65,1,0,0
BRDA:65,1,1,0
BRDA:66,2,0,0
BRDA:66,2,1,0
BRDA:67,3,0,0
BRDA:67,3,1,0
BRDA:68,4,0,0
BRDA:68,4,1,0
BRDA:94,5,0,0
BRDA:95,6,0,0
BRDA:95,6,1,0
BRDA:95,7,0,0
BRDA:95,7,1,0
BRDA:96,8,0,0
BRDA:96,8,1,0
BRDA:105,9,0,0
BRDA:105,9,1,0
BRDA:106,10,0,0
BRDA:106,10,1,0
BRDA:126,11,0,0
BRDA:127,12,0,0
BRDA:127,12,1,0
BRDA:128,13,0,0
BRDA:128,13,1,0
BRDA:136,14,0,0
BRDA:136,14,1,0
BRDA:138,15,0,0
BRDA:138,15,1,0
BRDA:149,16,0,0
BRDA:149,16,1,0
BRDA:149,17,0,0
BRDA:149,17,1,0
BRDA:166,18,0,0
BRDA:182,19,0,0
BRDA:182,19,1,0
BRDA:183,20,0,0
BRDA:183,20,1,0
BRDA:185,21,0,0
BRDA:185,21,1,0
BRDA:196,22,0,0
BRDA:196,22,1,0
BRDA:197,23,0,0
BRDA:197,23,1,0
BRDA:198,24,0,0
BRDA:198,24,1,0
BRDA:198,24,2,0
BRDA:198,24,3,0
BRDA:199,25,0,0
BRDA:199,25,1,0
BRDA:199,25,2,0
BRDA:200,26,0,0
BRDA:200,26,1,0
BRDA:221,27,0,0
BRDA:221,27,1,0
BRDA:221,28,0,0
BRDA:221,28,1,0
BRDA:226,29,0,0
BRDA:226,29,1,0
BRDA:226,29,2,0
BRDA:232,30,0,0
BRDA:232,30,1,0
BRDA:233,31,0,0
BRDA:233,31,1,0
BRDA:233,32,0,0
BRDA:233,32,1,0
BRDA:245,33,0,0
BRDA:245,33,1,0
BRDA:248,34,0,0
BRDA:248,34,1,0
BRDA:248,35,0,0
BRDA:248,35,1,0
BRDA:259,36,0,0
BRDA:259,36,1,0
BRDA:261,37,0,0
BRDA:261,37,1,0
BRDA:272,38,0,0
BRDA:272,38,1,0
BRDA:279,39,0,0
BRDA:279,39,1,0
BRDA:280,40,0,0
BRDA:280,40,1,0
BRDA:280,41,0,0
BRDA:280,41,1,0
BRDA:292,42,0,0
BRDA:292,42,1,0
BRDA:296,43,0,0
BRDA:296,43,1,0
BRDA:298,44,0,0
BRDA:298,44,1,0
BRDA:299,45,0,0
BRDA:299,45,1,0
BRDA:309,46,0,0
BRDA:309,46,1,0
BRDA:310,47,0,0
BRDA:310,47,1,0
BRDA:311,48,0,0
BRDA:311,48,1,0
BRDA:328,49,0,0
BRDA:328,49,1,0
BRDA:348,50,0,0
BRDA:348,50,1,0
BRDA:352,51,0,0
BRDA:352,51,1,0
BRDA:354,52,0,0
BRDA:354,52,1,0
BRDA:356,53,0,0
BRDA:356,53,1,0
BRDA:370,54,0,0
BRDA:372,55,0,0
BRDA:372,55,1,0
BRDA:381,56,0,0
BRDA:381,56,1,0
BRDA:383,57,0,0
BRDA:383,57,1,0
BRDA:387,58,0,0
BRDA:387,58,1,0
BRDA:390,59,0,0
BRDA:390,59,1,0
BRDA:390,60,0,0
BRDA:390,60,1,0
BRDA:391,61,0,0
BRDA:391,61,1,0
BRDA:397,62,0,0
BRDA:397,62,1,0
BRDA:398,63,0,0
BRDA:398,63,1,0
BRDA:408,64,0,0
BRDA:408,64,1,0
BRDA:408,64,2,0
BRDA:408,64,3,0
BRDA:429,65,0,0
BRDA:429,65,1,0
BRDA:430,66,0,0
BRDA:430,66,1,0
BRDA:441,67,0,0
BRDA:441,67,1,0
BRDA:447,68,0,0
BRDA:447,68,1,0
BRDA:453,69,0,0
BRDA:453,69,1,0
BRDA:454,70,0,0
BRDA:454,70,1,0
BRDA:466,71,0,0
BRDA:466,71,1,0
BRDA:486,72,0,0
BRDA:486,72,1,0
BRDA:487,73,0,0
BRDA:487,73,1,0
BRDA:487,74,0,0
BRDA:487,74,1,0
BRDA:487,74,2,0
BRDA:488,75,0,0
BRDA:488,75,1,0
BRDA:488,75,2,0
BRDA:490,76,0,0
BRDA:490,76,1,0
BRDA:490,77,0,0
BRDA:490,77,1,0
BRDA:491,78,0,0
BRDA:491,78,1,0
BRDA:509,79,0,0
BRDA:511,80,0,0
BRDA:511,80,1,0
BRDA:512,81,0,0
BRDA:512,81,1,0
BRDA:520,82,0,0
BRDA:520,82,1,0
BRDA:533,83,0,0
BRDA:533,83,1,0
BRDA:537,84,0,0
BRDA:537,84,1,0
BRDA:559,85,0,0
BRDA:559,85,1,0
BRDA:567,86,0,0
BRDA:567,86,1,0
BRDA:578,87,0,0
BRDA:578,87,1,0
BRDA:588,88,0,0
BRDA:588,88,1,0
BRDA:588,89,0,0
BRDA:588,89,1,0
BRDA:598,90,0,0
BRDA:598,90,1,0
BRDA:598,90,2,0
BRDA:599,91,0,0
BRDA:599,91,1,0
BRDA:612,92,0,0
BRDA:612,92,1,0
BRDA:619,93,0,0
BRDA:619,93,1,0
BRDA:619,94,0,0
BRDA:619,94,1,0
BRDA:622,95,0,0
BRDA:622,95,1,0
BRDA:622,95,2,0
BRDA:627,96,0,0
BRDA:627,96,1,0
BRDA:627,97,0,0
BRDA:627,97,1,0
BRDA:635,98,0,0
BRDA:635,98,1,0
BRDA:694,99,0,0
BRDA:694,99,1,0
BRDA:714,100,0,0
BRDA:714,100,1,0
BRDA:723,101,0,0
BRDA:723,101,1,0
BRDA:728,102,0,0
BRDA:728,102,1,0
BRDA:737,103,0,0
BRDA:737,103,1,0
BRDA:742,104,0,0
BRDA:742,104,1,0
BRDA:748,105,0,0
BRDA:748,105,1,0
BRDA:748,106,0,0
BRDA:748,106,1,0
BRDA:753,107,0,0
BRDA:753,107,1,0
BRDA:758,108,0,0
BRDA:758,108,1,0
BRDA:758,109,0,0
BRDA:758,109,1,0
BRDA:799,110,0,0
BRDA:799,110,1,0
BRDA:800,111,0,0
BRDA:800,111,1,0
BRDA:801,112,0,0
BRDA:801,112,1,0
BRDA:802,113,0,0
BRDA:802,113,1,0
BRF:232
BRH:0
end_of_record
TN:
SF:components\modules\ui\index.js
FNF:0
FNH:0
DA:8,0
DA:17,0
DA:24,0
DA:27,0
DA:30,0
LF:5
LH:0
BRF:0
BRH:0
end_of_record
TN:
SF:components\modules\ui\modal.js
FN:35,(anonymous_0)
FN:47,(anonymous_1)
FN:63,(anonymous_2)
FN:230,(anonymous_3)
FN:258,(anonymous_4)
FN:293,(anonymous_5)
FN:316,(anonymous_6)
FN:327,(anonymous_7)
FN:329,(anonymous_8)
FN:336,(anonymous_9)
FN:360,(anonymous_10)
FN:368,(anonymous_11)
FN:378,(anonymous_12)
FN:379,(anonymous_13)
FN:380,(anonymous_14)
FN:390,(anonymous_15)
FN:415,(anonymous_16)
FN:443,(anonymous_17)
FN:462,(anonymous_18)
FN:465,(anonymous_19)
FN:479,(anonymous_20)
FN:498,(anonymous_21)
FN:509,(anonymous_22)
FN:529,(anonymous_23)
FN:547,(anonymous_24)
FN:560,(anonymous_25)
FN:561,(anonymous_26)
FN:562,(anonymous_27)
FNF:28
FNH:0
FNDA:0,(anonymous_0)
FNDA:0,(anonymous_1)
FNDA:0,(anonymous_2)
FNDA:0,(anonymous_3)
FNDA:0,(anonymous_4)
FNDA:0,(anonymous_5)
FNDA:0,(anonymous_6)
FNDA:0,(anonymous_7)
FNDA:0,(anonymous_8)
FNDA:0,(anonymous_9)
FNDA:0,(anonymous_10)
FNDA:0,(anonymous_11)
FNDA:0,(anonymous_12)
FNDA:0,(anonymous_13)
FNDA:0,(anonymous_14)
FNDA:0,(anonymous_15)
FNDA:0,(anonymous_16)
FNDA:0,(anonymous_17)
FNDA:0,(anonymous_18)
FNDA:0,(anonymous_19)
FNDA:0,(anonymous_20)
FNDA:0,(anonymous_21)
FNDA:0,(anonymous_22)
FNDA:0,(anonymous_23)
FNDA:0,(anonymous_24)
FNDA:0,(anonymous_25)
FNDA:0,(anonymous_26)
FNDA:0,(anonymous_27)
DA:7,0
DA:37,0
DA:40,0
DA:41,0
DA:42,0
DA:46,0
DA:47,0
DA:48,0
DA:49,0
DA:50,0
DA:55,0
DA:56,0
DA:64,0
DA:65,0
DA:215,0
DA:232,0
DA:233,0
DA:237,0
DA:240,0
DA:252,0
DA:253,0
DA:254,0
DA:257,0
DA:258,0
DA:259,0
DA:260,0
DA:266,0
DA:267,0
DA:268,0
DA:271,0
DA:272,0
DA:273,0
DA:275,0
DA:279,0
DA:280,0
DA:282,0
DA:283,0
DA:284,0
DA:285,0
DA:288,0
DA:289,0
DA:290,0
DA:291,0
DA:292,0
DA:293,0
DA:294,0
DA:297,0
DA:300,0
DA:301,0
DA:303,0
DA:304,0
DA:305,0
DA:306,0
DA:309,0
DA:312,0
DA:313,0
DA:314,0
DA:316,0
DA:317,0
DA:318,0
DA:320,0
DA:321,0
DA:324,0
DA:326,0
DA:327,0
DA:328,0
DA:329,0
DA:335,0
DA:336,0
DA:339,0
DA:342,0
DA:346,0
DA:349,0
DA:352,0
DA:355,0
DA:356,0
DA:360,0
DA:362,0
DA:365,0
DA:366,0
DA:368,0
DA:376,0
DA:378,0
DA:379,0
DA:380,0
DA:391,0
DA:392,0
DA:394,0
DA:395,0
DA:398,0
DA:401,0
DA:402,0
DA:403,0
DA:404,0
DA:407,0
DA:416,0
DA:417,0
DA:419,0
DA:422,0
DA:423,0
DA:426,0
DA:429,0
DA:430,0
DA:438,0
DA:439,0
DA:443,0
DA:444,0
DA:445,0
DA:447,0
DA:451,0
DA:452,0
DA:456,0
DA:464,0
DA:465,0
DA:480,0
DA:490,0
DA:499,0
DA:500,0
DA:502,0
DA:510,0
DA:511,0
DA:513,0
DA:530,0
DA:538,0
DA:548,0
DA:549,0
DA:551,0
DA:560,0
DA:561,0
DA:562,0
DA:565,0
DA:566,0
DA:567,0
DA:568,0
DA:569,0
DA:572,0
DA:573,0
DA:574,0
DA:575,0
LF:139
LH:0
BRDA:35,0,0,0
BRDA:40,1,0,0
BRDA:40,1,1,0
BRDA:46,2,0,0
BRDA:46,2,1,0
BRDA:48,3,0,0
BRDA:48,3,1,0
BRDA:48,4,0,0
BRDA:48,4,1,0
BRDA:230,5,0,0
BRDA:232,6,0,0
BRDA:232,6,1,0
BRDA:257,7,0,0
BRDA:257,7,1,0
BRDA:257,8,0,0
BRDA:257,8,1,0
BRDA:259,9,0,0
BRDA:259,9,1,0
BRDA:271,10,0,0
BRDA:271,10,1,0
BRDA:273,11,0,0
BRDA:273,11,1,0
BRDA:288,12,0,0
BRDA:288,12,1,0
BRDA:288,13,0,0
BRDA:288,13,1,0
BRDA:303,14,0,0
BRDA:303,14,1,0
BRDA:305,15,0,0
BRDA:305,15,1,0
BRDA:312,16,0,0
BRDA:312,16,1,0
BRDA:312,17,0,0
BRDA:312,17,1,0
BRDA:320,18,0,0
BRDA:320,18,1,0
BRDA:324,19,0,0
BRDA:324,19,1,0
BRDA:326,20,0,0
BRDA:326,20,1,0
BRDA:335,21,0,0
BRDA:335,21,1,0
BRDA:355,22,0,0
BRDA:355,22,1,0
BRDA:365,23,0,0
BRDA:365,23,1,0
BRDA:392,24,0,0
BRDA:392,24,1,0
BRDA:395,25,0,0
BRDA:395,25,1,0
BRDA:401,26,0,0
BRDA:401,26,1,0
BRDA:403,27,0,0
BRDA:403,27,1,0
BRDA:419,28,0,0
BRDA:419,28,1,0
BRDA:419,29,0,0
BRDA:419,29,1,0
BRDA:423,30,0,0
BRDA:423,30,1,0
BRDA:429,31,0,0
BRDA:429,31,1,0
BRDA:438,32,0,0
BRDA:438,32,1,0
BRDA:444,33,0,0
BRDA:444,33,1,0
BRDA:451,34,0,0
BRDA:451,34,1,0
BRDA:451,35,0,0
BRDA:451,35,1,0
BRDA:479,36,0,0
BRDA:499,37,0,0
BRDA:499,37,1,0
BRDA:510,38,0,0
BRDA:510,38,1,0
BRDA:529,39,0,0
BRDA:548,40,0,0
BRDA:548,40,1,0
BRDA:565,41,0,0
BRDA:565,41,1,0
BRF:80
BRH:0
end_of_record
TN:
SF:components\modules\ui\toast.js
FN:33,(anonymous_0)
FN:54,(anonymous_1)
FN:75,(anonymous_2)
FN:119,(anonymous_3)
FN:248,(anonymous_4)
FN:282,(anonymous_5)
FN:297,(anonymous_6)
FN:302,(anonymous_7)
FN:318,(anonymous_8)
FN:344,(anonymous_9)
FN:351,(anonymous_10)
FN:358,(anonymous_11)
FN:367,(anonymous_12)
FN:386,(anonymous_13)
FN:387,(anonymous_14)
FN:398,(anonymous_15)
FN:411,(anonymous_16)
FN:432,(anonymous_17)
FN:451,(anonymous_18)
FN:456,(anonymous_19)
FN:472,(anonymous_20)
FN:475,(anonymous_21)
FN:484,(anonymous_22)
FN:503,(anonymous_23)
FN:504,(anonymous_24)
FN:505,(anonymous_25)
FN:506,(anonymous_26)
FN:507,(anonymous_27)
FN:508,(anonymous_28)
FNF:29
FNH:0
FNDA:0,(anonymous_0)
FNDA:0,(anonymous_1)
FNDA:0,(anonymous_2)
FNDA:0,(anonymous_3)
FNDA:0,(anonymous_4)
FNDA:0,(anonymous_5)
FNDA:0,(anonymous_6)
FNDA:0,(anonymous_7)
FNDA:0,(anonymous_8)
FNDA:0,(anonymous_9)
FNDA:0,(anonymous_10)
FNDA:0,(anonymous_11)
FNDA:0,(anonymous_12)
FNDA:0,(anonymous_13)
FNDA:0,(anonymous_14)
FNDA:0,(anonymous_15)
FNDA:0,(anonymous_16)
FNDA:0,(anonymous_17)
FNDA:0,(anonymous_18)
FNDA:0,(anonymous_19)
FNDA:0,(anonymous_20)
FNDA:0,(anonymous_21)
FNDA:0,(anonymous_22)
FNDA:0,(anonymous_23)
FNDA:0,(anonymous_24)
FNDA:0,(anonymous_25)
FNDA:0,(anonymous_26)
FNDA:0,(anonymous_27)
FNDA:0,(anonymous_28)
DA:7,0
DA:35,0
DA:38,0
DA:41,0
DA:42,0
DA:43,0
DA:46,0
DA:47,0
DA:56,0
DA:58,0
DA:59,0
DA:60,0
DA:62,0
DA:63,0
DA:66,0
DA:76,0
DA:77,0
DA:78,0
DA:81,0
DA:83,0
DA:84,0
DA:85,0
DA:87,0
DA:88,0
DA:89,0
DA:90,0
DA:92,0
DA:93,0
DA:94,0
DA:96,0
DA:97,0
DA:98,0
DA:100,0
DA:101,0
DA:102,0
DA:103,0
DA:105,0
DA:106,0
DA:107,0
DA:110,0
DA:111,0
DA:121,0
DA:122,0
DA:238,0
DA:250,0
DA:251,0
DA:255,0
DA:258,0
DA:261,0
DA:262,0
DA:263,0
DA:264,0
DA:267,0
DA:268,0
DA:269,0
DA:272,0
DA:273,0
DA:274,0
DA:277,0
DA:278,0
DA:279,0
DA:280,0
DA:281,0
DA:282,0
DA:286,0
DA:287,0
DA:288,0
DA:289,0
DA:293,0
DA:294,0
DA:297,0
DA:298,0
DA:302,0
DA:303,0
DA:304,0
DA:309,0
DA:310,0
DA:311,0
DA:312,0
DA:314,0
DA:315,0
DA:316,0
DA:318,0
DA:319,0
DA:320,0
DA:321,0
DA:324,0
DA:325,0
DA:329,0
DA:333,0
DA:334,0
DA:335,0
DA:339,0
DA:340,0
DA:343,0
DA:344,0
DA:348,0
DA:349,0
DA:351,0
DA:352,0
DA:353,0
DA:354,0
DA:358,0
DA:359,0
DA:361,0
DA:362,0
DA:363,0
DA:364,0
DA:365,0
DA:367,0
DA:368,0
DA:369,0
DA:370,0
DA:373,0
DA:374,0
DA:377,0
DA:384,0
DA:386,0
DA:387,0
DA:399,0
DA:400,0
DA:403,0
DA:404,0
DA:405,0
DA:409,0
DA:411,0
DA:412,0
DA:416,0
DA:419,0
DA:420,0
DA:421,0
DA:425,0
DA:433,0
DA:434,0
DA:437,0
DA:438,0
DA:442,0
DA:443,0
DA:444,0
DA:448,0
DA:449,0
DA:451,0
DA:452,0
DA:456,0
DA:457,0
DA:458,0
DA:463,0
DA:464,0
DA:474,0
DA:475,0
DA:485,0
DA:487,0
DA:489,0
DA:491,0
DA:493,0
DA:495,0
DA:497,0
DA:503,0
DA:504,0
DA:505,0
DA:506,0
DA:507,0
DA:508,0
DA:511,0
DA:512,0
DA:513,0
DA:514,0
DA:515,0
DA:516,0
DA:517,0
DA:518,0
DA:521,0
DA:522,0
DA:523,0
DA:524,0
DA:525,0
DA:526,0
DA:527,0
LF:178
LH:0
BRDA:33,0,0,0
BRDA:41,1,0,0
BRDA:41,1,1,0
BRDA:58,2,0,0
BRDA:58,2,1,0
BRDA:81,3,0,0
BRDA:81,3,1,0
BRDA:81,3,2,0
BRDA:81,3,3,0
BRDA:81,3,4,0
BRDA:81,3,5,0
BRDA:81,3,6,0
BRDA:248,4,0,0
BRDA:250,5,0,0
BRDA:250,5,1,0
BRDA:255,6,0,0
BRDA:255,6,1,0
BRDA:278,7,0,0
BRDA:278,7,1,0
BRDA:288,8,0,0
BRDA:288,8,1,0
BRDA:293,9,0,0
BRDA:293,9,1,0
BRDA:309,10,0,0
BRDA:309,10,1,0
BRDA:319,11,0,0
BRDA:319,11,1,0
BRDA:343,12,0,0
BRDA:343,12,1,0
BRDA:348,13,0,0
BRDA:348,13,1,0
BRDA:348,14,0,0
BRDA:348,14,1,0
BRDA:352,15,0,0
BRDA:352,15,1,0
BRDA:359,16,0,0
BRDA:359,16,1,0
BRDA:359,17,0,0
BRDA:359,17,1,0
BRDA:362,18,0,0
BRDA:362,18,1,0
BRDA:363,19,0,0
BRDA:363,19,1,0
BRDA:368,20,0,0
BRDA:368,20,1,0
BRDA:400,21,0,0
BRDA:400,21,1,0
BRDA:404,22,0,0
BRDA:404,22,1,0
BRDA:409,23,0,0
BRDA:409,23,1,0
BRDA:420,24,0,0
BRDA:420,24,1,0
BRDA:434,25,0,0
BRDA:434,25,1,0
BRDA:437,26,0,0
BRDA:437,26,1,0
BRDA:443,27,0,0
BRDA:443,27,1,0
BRDA:448,28,0,0
BRDA:448,28,1,0
BRDA:457,29,0,0
BRDA:457,29,1,0
BRDA:463,30,0,0
BRDA:463,30,1,0
BRDA:485,31,0,0
BRDA:485,31,1,0
BRDA:485,31,2,0
BRDA:485,31,3,0
BRDA:485,31,4,0
BRDA:485,31,5,0
BRDA:503,32,0,0
BRDA:508,33,0,0
BRDA:508,34,0,0
BRDA:511,35,0,0
BRDA:511,35,1,0
BRF:76
BRH:0
end_of_record
TN:
SF:components\modules\ui\trace-nav.js
FNF:0
FNH:0
DA:1,0
DA:13,0
DA:22,0
DA:24,0
DA:25,0
LF:5
LH:0
BRDA:13,0,0,0
BRDA:13,0,1,0
BRF:2
BRH:0
end_of_record
TN:
SF:components\modules\ui\trace-ui.js
FNF:0
FNH:0
DA:1,0
DA:19,0
DA:21,0
DA:22,0
LF:4
LH:0
BRF:0
BRH:0
end_of_record
TN:
SF:components\modules\ui\ui.js
FN:44,(anonymous_0)
FN:90,(anonymous_1)
FN:117,(anonymous_2)
FN:125,(anonymous_3)
FN:135,(anonymous_4)
FN:149,(anonymous_5)
FN:157,(anonymous_6)
FN:178,(anonymous_7)
FN:184,(anonymous_8)
FN:191,(anonymous_9)
FN:201,(anonymous_10)
FN:210,(anonymous_11)
FN:225,(anonymous_12)
FN:243,(anonymous_13)
FN:265,(anonymous_14)
FN:273,(anonymous_15)
FN:283,(anonymous_16)
FN:287,(anonymous_17)
FN:290,(anonymous_18)
FN:295,(anonymous_19)
FN:300,(anonymous_20)
FN:305,(anonymous_21)
FN:314,(anonymous_22)
FN:338,(anonymous_23)
FN:356,(anonymous_24)
FN:438,(anonymous_25)
FN:445,(anonymous_26)
FN:448,(anonymous_27)
FNF:28
FNH:0
FNDA:0,(anonymous_0)
FNDA:0,(anonymous_1)
FNDA:0,(anonymous_2)
FNDA:0,(anonymous_3)
FNDA:0,(anonymous_4)
FNDA:0,(anonymous_5)
FNDA:0,(anonymous_6)
FNDA:0,(anonymous_7)
FNDA:0,(anonymous_8)
FNDA:0,(anonymous_9)
FNDA:0,(anonymous_10)
FNDA:0,(anonymous_11)
FNDA:0,(anonymous_12)
FNDA:0,(anonymous_13)
FNDA:0,(anonymous_14)
FNDA:0,(anonymous_15)
FNDA:0,(anonymous_16)
FNDA:0,(anonymous_17)
FNDA:0,(anonymous_18)
FNDA:0,(anonymous_19)
FNDA:0,(anonymous_20)
FNDA:0,(anonymous_21)
FNDA:0,(anonymous_22)
FNDA:0,(anonymous_23)
FNDA:0,(anonymous_24)
FNDA:0,(anonymous_25)
FNDA:0,(anonymous_26)
FNDA:0,(anonymous_27)
DA:1,0
DA:2,0
DA:3,0
DA:4,0
DA:5,0
DA:6,0
DA:7,0
DA:8,0
DA:9,0
DA:10,0
DA:11,0
DA:22,0
DA:45,0
DA:46,0
DA:47,0
DA:57,0
DA:60,0
DA:61,0
DA:63,0
DA:67,0
DA:68,0
DA:72,0
DA:73,0
DA:76,0
DA:77,0
DA:80,0
DA:82,0
DA:83,0
DA:91,0
DA:92,0
DA:93,0
DA:96,0
DA:97,0
DA:100,0
DA:101,0
DA:105,0
DA:108,0
DA:118,0
DA:126,0
DA:127,0
DA:128,0
DA:136,0
DA:137,0
DA:140,0
DA:150,0
DA:159,0
DA:160,0
DA:163,0
DA:166,0
DA:167,0
DA:169,0
DA:170,0
DA:180,0
DA:183,0
DA:184,0
DA:185,0
DA:187,0
DA:189,0
DA:191,0
DA:192,0
DA:193,0
DA:198,0
DA:200,0
DA:201,0
DA:202,0
DA:203,0
DA:204,0
DA:206,0
DA:209,0
DA:210,0
DA:211,0
DA:212,0
DA:213,0
DA:215,0
DA:226,0
DA:235,0
DA:236,0
DA:237,0
DA:238,0
DA:243,0
DA:244,0
DA:245,0
DA:246,0
DA:247,0
DA:248,0
DA:251,0
DA:255,0
DA:266,0
DA:274,0
DA:284,0
DA:287,0
DA:288,0
DA:290,0
DA:291,0
DA:293,0
DA:295,0
DA:296,0
DA:298,0
DA:300,0
DA:301,0
DA:303,0
DA:305,0
DA:306,0
DA:307,0
DA:308,0
DA:309,0
DA:312,0
DA:314,0
DA:315,0
DA:317,0
DA:319,0
DA:320,0
DA:322,0
DA:325,0
DA:329,0
DA:339,0
DA:349,0
DA:350,0
DA:351,0
DA:354,0
DA:355,0
DA:356,0
DA:360,0
DA:361,0
DA:362,0
DA:366,0
DA:367,0
DA:370,0
DA:371,0
DA:375,0
DA:388,0
DA:389,0
DA:393,0
DA:394,0
DA:397,0
DA:407,0
DA:408,0
DA:409,0
DA:412,0
DA:418,0
DA:419,0
DA:427,0
DA:428,0
DA:429,0
DA:433,0
DA:434,0
DA:437,0
DA:439,0
DA:440,0
DA:442,0
DA:443,0
DA:446,0
DA:448,0
DA:460,0
DA:461,0
DA:464,0
DA:465,0
DA:466,0
DA:467,0
DA:468,0
DA:469,0
DA:470,0
DA:471,0
DA:472,0
DA:473,0
LF:165
LH:0
BRDA:44,0,0,0
BRDA:45,1,0,0
BRDA:45,1,1,0
BRDA:60,2,0,0
BRDA:60,2,1,0
BRDA:67,3,0,0
BRDA:67,3,1,0
BRDA:72,4,0,0
BRDA:72,4,1,0
BRDA:73,5,0,0
BRDA:73,5,1,0
BRDA:91,6,0,0
BRDA:91,6,1,0
BRDA:91,7,0,0
BRDA:91,7,1,0
BRDA:100,8,0,0
BRDA:100,8,1,0
BRDA:100,9,0,0
BRDA:100,9,1,0
BRDA:126,10,0,0
BRDA:126,10,1,0
BRDA:160,11,0,0
BRDA:160,11,1,0
BRDA:169,12,0,0
BRDA:169,12,1,0
BRDA:183,13,0,0
BRDA:183,13,1,0
BRDA:185,14,0,0
BRDA:185,14,1,0
BRDA:189,15,0,0
BRDA:189,15,1,0
BRDA:192,16,0,0
BRDA:192,16,1,0
BRDA:200,17,0,0
BRDA:200,17,1,0
BRDA:203,18,0,0
BRDA:203,18,1,0
BRDA:209,19,0,0
BRDA:209,19,1,0
BRDA:212,20,0,0
BRDA:212,20,1,0
BRDA:236,21,0,0
BRDA:236,21,1,0
BRDA:245,22,0,0
BRDA:245,22,1,0
BRDA:246,23,0,0
BRDA:246,23,1,0
BRDA:283,24,0,0
BRDA:288,25,0,0
BRDA:288,25,1,0
BRDA:288,26,0,0
BRDA:288,26,1,0
BRDA:293,27,0,0
BRDA:293,27,1,0
BRDA:293,28,0,0
BRDA:293,28,1,0
BRDA:298,29,0,0
BRDA:298,29,1,0
BRDA:298,30,0,0
BRDA:298,30,1,0
BRDA:303,31,0,0
BRDA:303,31,1,0
BRDA:303,32,0,0
BRDA:303,32,1,0
BRDA:306,33,0,0
BRDA:306,33,1,0
BRDA:308,34,0,0
BRDA:308,34,1,0
BRDA:312,35,0,0
BRDA:312,35,1,0
BRDA:312,36,0,0
BRDA:312,36,1,0
BRDA:317,37,0,0
BRDA:317,37,1,0
BRDA:320,38,0,0
BRDA:320,38,1,0
BRDA:338,39,0,0
BRDA:350,40,0,0
BRDA:350,40,1,0
BRDA:354,41,0,0
BRDA:354,41,1,0
BRDA:361,42,0,0
BRDA:361,42,1,0
BRDA:361,43,0,0
BRDA:361,43,1,0
BRDA:361,43,2,0
BRDA:370,44,0,0
BRDA:370,44,1,0
BRDA:388,45,0,0
BRDA:388,45,1,0
BRDA:399,46,0,0
BRDA:399,46,1,0
BRDA:401,47,0,0
BRDA:401,47,1,0
BRDA:401,48,0,0
BRDA:401,48,1,0
BRDA:402,49,0,0
BRDA:402,49,1,0
BRDA:402,50,0,0
BRDA:402,50,1,0
BRDA:414,51,0,0
BRDA:414,51,1,0
BRDA:428,52,0,0
BRDA:428,52,1,0
BRDA:439,53,0,0
BRDA:439,53,1,0
BRDA:460,54,0,0
BRDA:460,54,1,0
BRF:108
BRH:0
end_of_record
TN:
SF:components\modules\utils\index.js
FNF:0
FNH:0
DA:9,0
DA:12,0
DA:15,0
LF:3
LH:0
BRF:0
BRH:0
end_of_record
TN:
SF:components\modules\utils\utils.js
FN:11,(anonymous_0)
FN:20,(anonymous_1)
FN:21,(anonymous_2)
FN:32,(anonymous_3)
FN:42,(anonymous_4)
FN:76,(anonymous_5)
FN:87,(anonymous_6)
FN:125,(anonymous_7)
FN:159,(anonymous_8)
FN:216,(anonymous_9)
FN:285,(anonymous_10)
FN:336,(anonymous_11)
FN:386,(anonymous_12)
FN:388,(anonymous_13)
FN:391,(anonymous_14)
FN:403,(anonymous_15)
FN:405,(anonymous_16)
FN:410,(anonymous_17)
FN:422,(anonymous_18)
FN:434,(anonymous_19)
FN:439,(anonymous_20)
FN:451,(anonymous_21)
FN:457,(anonymous_22)
FN:458,(anonymous_23)
FN:462,(anonymous_24)
FN:474,(anonymous_25)
FN:484,(anonymous_26)
FN:507,(anonymous_27)
FN:530,(anonymous_28)
FN:539,(anonymous_29)
FN:546,(anonymous_30)
FN:578,(anonymous_31)
FN:595,(anonymous_32)
FN:610,(anonymous_33)
FNF:34
FNH:8
FNDA:0,(anonymous_0)
FNDA:0,(anonymous_1)
FNDA:0,(anonymous_2)
FNDA:0,(anonymous_3)
FNDA:14,(anonymous_4)
FNDA:67,(anonymous_5)
FNDA:14,(anonymous_6)
FNDA:16,(anonymous_7)
FNDA:9,(anonymous_8)
FNDA:13,(anonymous_9)
FNDA:16,(anonymous_10)
FNDA:21,(anonymous_11)
FNDA:0,(anonymous_12)
FNDA:0,(anonymous_13)
FNDA:0,(anonymous_14)
FNDA:0,(anonymous_15)
FNDA:0,(anonymous_16)
FNDA:0,(anonymous_17)
FNDA:0,(anonymous_18)
FNDA:0,(anonymous_19)
FNDA:0,(anonymous_20)
FNDA:0,(anonymous_21)
FNDA:0,(anonymous_22)
FNDA:0,(anonymous_23)
FNDA:0,(anonymous_24)
FNDA:0,(anonymous_25)
FNDA:0,(anonymous_26)
FNDA:0,(anonymous_27)
FNDA:0,(anonymous_28)
FNDA:0,(anonymous_29)
FNDA:0,(anonymous_30)
FNDA:0,(anonymous_31)
FNDA:0,(anonymous_32)
FNDA:0,(anonymous_33)
DA:7,1
DA:12,0
DA:13,0
DA:21,0
DA:22,0
DA:23,0
DA:24,0
DA:33,0
DA:43,14
DA:47,14
DA:49,1
DA:50,13
DA:52,1
DA:53,12
DA:54,12
DA:56,0
DA:60,14
DA:61,0
DA:64,14
DA:75,14
DA:76,67
DA:89,14
DA:90,14
DA:92,14
DA:93,0
DA:97,14
DA:98,14
DA:101,14
DA:102,1
DA:106,13
DA:108,6
DA:110,2
DA:112,2
DA:114,2
DA:116,1
DA:126,16
DA:129,13
DA:130,1
DA:134,13
DA:135,3
DA:139,13
DA:141,8
DA:142,8
DA:143,8
DA:146,8
DA:147,8
DA:150,5
DA:160,9
DA:163,6
DA:166,6
DA:167,0
DA:171,6
DA:174,6
DA:175,6
DA:177,6
DA:178,3
DA:185,3
DA:186,1
DA:189,1
DA:190,1
DA:191,1
DA:192,1
DA:193,1
DA:194,1
DA:195,1
DA:197,1
DA:198,1
DA:199,1
DA:208,2
DA:217,13
DA:221,11
DA:222,11
DA:223,1
DA:224,10
DA:225,10
DA:227,0
DA:231,11
DA:232,1
DA:235,0
DA:238,10
DA:239,10
DA:240,10
DA:241,10
DA:244,10
DA:245,10
DA:246,10
DA:247,10
DA:248,10
DA:249,10
DA:252,10
DA:253,1
DA:254,9
DA:255,2
DA:256,2
DA:257,7
DA:258,2
DA:259,2
DA:260,5
DA:262,1
DA:263,4
DA:264,1
DA:265,1
DA:266,3
DA:267,1
DA:268,1
DA:269,2
DA:270,1
DA:271,1
DA:273,1
DA:274,1
DA:286,16
DA:290,14
DA:291,14
DA:292,1
DA:293,13
DA:294,13
DA:296,0
DA:300,14
DA:301,1
DA:304,0
DA:307,13
DA:310,13
DA:316,13
DA:322,13
DA:323,11
DA:325,2
DA:337,21
DA:341,19
DA:342,19
DA:343,1
DA:344,18
DA:345,18
DA:347,0
DA:351,19
DA:352,1
DA:355,0
DA:358,18
DA:361,18
DA:367,18
DA:373,18
DA:374,16
DA:376,2
DA:388,0
DA:389,0
DA:390,0
DA:391,0
DA:392,0
DA:405,0
DA:406,0
DA:407,0
DA:408,0
DA:409,0
DA:410,0
DA:411,0
DA:423,0
DA:424,0
DA:428,0
DA:429,0
DA:433,0
DA:434,0
DA:438,0
DA:439,0
DA:440,0
DA:443,0
DA:452,0
DA:453,0
DA:456,0
DA:457,0
DA:459,0
DA:460,0
DA:462,0
DA:464,0
DA:475,0
DA:476,0
DA:480,0
DA:483,0
DA:484,0
DA:485,0
DA:487,0
DA:490,0
DA:491,0
DA:492,0
DA:494,0
DA:496,0
DA:500,0
DA:508,0
DA:510,0
DA:523,0
DA:531,0
DA:541,0
DA:542,0
DA:546,0
DA:547,0
DA:549,0
DA:550,0
DA:551,0
DA:552,0
DA:553,0
DA:554,0
DA:555,0
DA:558,0
DA:559,0
DA:561,0
DA:562,0
DA:564,0
DA:567,0
DA:579,0
DA:580,0
DA:581,0
DA:582,0
DA:584,0
DA:585,0
DA:596,0
DA:597,0
DA:598,0
DA:600,0
DA:601,0
DA:611,0
DA:612,0
DA:613,0
DA:615,0
DA:616,0
DA:622,1
DA:623,1
DA:626,1
LF:225
LH:128
BRDA:23,0,0,0
BRDA:23,0,1,0
BRDA:42,1,0,0
BRDA:43,2,0,0
BRDA:43,2,1,14
BRDA:47,3,0,1
BRDA:47,3,1,13
BRDA:50,4,0,1
BRDA:50,4,1,12
BRDA:53,5,0,12
BRDA:53,5,1,0
BRDA:60,6,0,0
BRDA:60,6,1,14
BRDA:87,7,0,1
BRDA:87,8,0,13
BRDA:92,9,0,0
BRDA:92,9,1,14
BRDA:92,10,0,14
BRDA:92,10,1,14
BRDA:98,11,0,1
BRDA:98,11,1,13
BRDA:101,12,0,1
BRDA:101,12,1,13
BRDA:101,13,0,14
BRDA:101,13,1,13
BRDA:106,14,0,6
BRDA:106,14,1,2
BRDA:106,14,2,2
BRDA:106,14,3,2
BRDA:106,14,4,1
BRDA:126,15,0,3
BRDA:126,15,1,13
BRDA:129,16,0,1
BRDA:129,16,1,12
BRDA:134,17,0,3
BRDA:134,17,1,10
BRDA:139,18,0,8
BRDA:139,18,1,5
BRDA:139,19,0,13
BRDA:139,19,1,11
BRDA:146,20,0,0
BRDA:146,20,1,8
BRDA:146,21,0,8
BRDA:146,21,1,1
BRDA:146,21,2,1
BRDA:147,22,0,8
BRDA:147,22,1,8
BRDA:159,23,0,8
BRDA:160,24,0,3
BRDA:160,24,1,6
BRDA:163,25,0,0
BRDA:163,25,1,6
BRDA:166,26,0,0
BRDA:166,26,1,6
BRDA:171,27,0,0
BRDA:171,27,1,6
BRDA:177,28,0,3
BRDA:177,28,1,3
BRDA:185,29,0,1
BRDA:185,29,1,2
BRDA:189,30,0,1
BRDA:189,30,1,0
BRDA:198,31,0,1
BRDA:198,31,1,0
BRDA:217,32,0,2
BRDA:217,32,1,11
BRDA:222,33,0,1
BRDA:222,33,1,10
BRDA:222,34,0,11
BRDA:222,34,1,10
BRDA:224,35,0,10
BRDA:224,35,1,0
BRDA:231,36,0,1
BRDA:231,36,1,10
BRDA:252,37,0,1
BRDA:252,37,1,9
BRDA:254,38,0,2
BRDA:254,38,1,7
BRDA:256,39,0,1
BRDA:256,39,1,1
BRDA:257,40,0,2
BRDA:257,40,1,5
BRDA:259,41,0,1
BRDA:259,41,1,1
BRDA:260,42,0,1
BRDA:260,42,1,4
BRDA:262,43,0,0
BRDA:262,43,1,1
BRDA:263,44,0,1
BRDA:263,44,1,3
BRDA:265,45,0,0
BRDA:265,45,1,1
BRDA:266,46,0,1
BRDA:266,46,1,2
BRDA:268,47,0,0
BRDA:268,47,1,1
BRDA:269,48,0,1
BRDA:269,48,1,1
BRDA:271,49,0,0
BRDA:271,49,1,1
BRDA:274,50,0,0
BRDA:274,50,1,1
BRDA:285,51,0,14
BRDA:285,52,0,14
BRDA:286,53,0,2
BRDA:286,53,1,14
BRDA:291,54,0,1
BRDA:291,54,1,13
BRDA:291,55,0,14
BRDA:291,55,1,13
BRDA:293,56,0,13
BRDA:293,56,1,0
BRDA:300,57,0,1
BRDA:300,57,1,13
BRDA:322,58,0,11
BRDA:322,58,1,2
BRDA:336,59,0,19
BRDA:336,60,0,19
BRDA:337,61,0,2
BRDA:337,61,1,19
BRDA:342,62,0,1
BRDA:342,62,1,18
BRDA:342,63,0,19
BRDA:342,63,1,18
BRDA:344,64,0,18
BRDA:344,64,1,0
BRDA:351,65,0,1
BRDA:351,65,1,18
BRDA:373,66,0,16
BRDA:373,66,1,2
BRDA:386,67,0,0
BRDA:403,68,0,0
BRDA:407,69,0,0
BRDA:407,69,1,0
BRDA:423,70,0,0
BRDA:423,70,1,0
BRDA:423,71,0,0
BRDA:423,71,1,0
BRDA:428,72,0,0
BRDA:428,72,1,0
BRDA:433,73,0,0
BRDA:433,73,1,0
BRDA:452,74,0,0
BRDA:452,74,1,0
BRDA:452,75,0,0
BRDA:452,75,1,0
BRDA:457,76,0,0
BRDA:457,76,1,0
BRDA:460,77,0,0
BRDA:460,77,1,0
BRDA:475,78,0,0
BRDA:475,78,1,0
BRDA:475,79,0,0
BRDA:475,79,1,0
BRDA:480,80,0,0
BRDA:480,80,1,0
BRDA:485,81,0,0
BRDA:485,81,1,0
BRDA:490,82,0,0
BRDA:490,82,1,0
BRDA:491,83,0,0
BRDA:491,83,1,0
BRDA:517,84,0,0
BRDA:517,84,1,0
BRDA:531,85,0,0
BRDA:531,85,1,0
BRDA:531,85,2,0
BRDA:541,86,0,0
BRDA:541,86,1,0
BRDA:541,87,0,0
BRDA:541,87,1,0
BRDA:561,88,0,0
BRDA:561,88,1,0
BRDA:578,89,0,0
BRDA:581,90,0,0
BRDA:581,90,1,0
BRDA:622,91,0,1
BRDA:622,91,1,0
BRF:178
BRH:110
end_of_record
