TN:
SF:components\StatCard.js
FN:17,(anonymous_0)
FN:39,(anonymous_1)
FN:68,(anonymous_2)
FN:109,(anonymous_3)
FN:116,(anonymous_4)
FN:137,(anonymous_5)
FN:156,(anonymous_6)
FN:205,(anonymous_7)
FN:212,(anonymous_8)
FN:218,(anonymous_9)
FNF:10
FNH:0
FNDA:0,(anonymous_0)
FNDA:0,(anonymous_1)
FNDA:0,(anonymous_2)
FNDA:0,(anonymous_3)
FNDA:0,(anonymous_4)
FNDA:0,(anonymous_5)
FNDA:0,(anonymous_6)
FNDA:0,(anonymous_7)
FNDA:0,(anonymous_8)
FNDA:0,(anonymous_9)
DA:18,0
DA:32,0
DA:40,0
DA:41,0
DA:44,0
DA:47,0
DA:50,0
DA:51,0
DA:55,0
DA:58,0
DA:61,0
DA:69,0
DA:72,0
DA:73,0
DA:76,0
DA:77,0
DA:78,0
DA:79,0
DA:81,0
DA:90,0
DA:110,0
DA:113,0
DA:114,0
DA:116,0
DA:118,0
DA:119,0
DA:120,0
DA:124,0
DA:125,0
DA:139,0
DA:141,0
DA:142,0
DA:145,0
DA:146,0
DA:150,0
DA:158,0
DA:159,0
DA:160,0
DA:161,0
DA:162,0
DA:166,0
DA:167,0
DA:168,0
DA:169,0
DA:171,0
DA:173,0
DA:174,0
DA:180,0
DA:181,0
DA:182,0
DA:187,0
DA:188,0
DA:189,0
DA:194,0
DA:195,0
DA:196,0
DA:206,0
DA:207,0
DA:209,0
DA:212,0
DA:213,0
DA:214,0
DA:218,0
DA:219,0
DA:220,0
DA:225,0
DA:226,0
DA:229,0
DA:234,0
LF:69
LH:0
BRDA:17,0,0,0
BRDA:41,1,0,0
BRDA:41,1,1,0
BRDA:50,2,0,0
BRDA:50,2,1,0
BRDA:77,3,0,0
BRDA:77,3,1,0
BRDA:78,4,0,0
BRDA:78,4,1,0
BRDA:78,5,0,0
BRDA:78,5,1,0
BRDA:79,6,0,0
BRDA:79,6,1,0
BRDA:79,7,0,0
BRDA:79,7,1,0
BRDA:113,8,0,0
BRDA:113,8,1,0
BRDA:113,9,0,0
BRDA:113,9,1,0
BRDA:118,10,0,0
BRDA:118,10,1,0
BRDA:124,11,0,0
BRDA:124,11,1,0
BRDA:137,12,0,0
BRDA:137,13,0,0
BRDA:141,14,0,0
BRDA:141,14,1,0
BRDA:145,15,0,0
BRDA:145,15,1,0
BRDA:159,16,0,0
BRDA:159,16,1,0
BRDA:161,17,0,0
BRDA:161,17,1,0
BRDA:166,18,0,0
BRDA:166,18,1,0
BRDA:168,19,0,0
BRDA:168,19,1,0
BRDA:168,20,0,0
BRDA:168,20,1,0
BRDA:169,21,0,0
BRDA:169,21,1,0
BRDA:169,22,0,0
BRDA:169,22,1,0
BRDA:171,23,0,0
BRDA:171,23,1,0
BRDA:188,24,0,0
BRDA:188,24,1,0
BRDA:195,25,0,0
BRDA:195,25,1,0
BRDA:209,26,0,0
BRDA:209,26,1,0
BRDA:209,27,0,0
BRDA:209,27,1,0
BRDA:213,28,0,0
BRDA:213,28,1,0
BRDA:219,29,0,0
BRDA:219,29,1,0
BRF:57
BRH:0
end_of_record
TN:
SF:components\autoload-button-upgrade.js
FN:7,(anonymous_0)
FN:9,(anonymous_1)
FN:16,upgradeButtons
FN:20,(anonymous_3)
FN:45,addVisualFeedback
FN:47,(anonymous_5)
FN:51,(anonymous_6)
FN:56,(anonymous_7)
FN:60,(anonymous_8)
FN:69,addKeyboardSupport
FN:76,(anonymous_10)
FNF:11
FNH:0
FNDA:0,(anonymous_0)
FNDA:0,(anonymous_1)
FNDA:0,upgradeButtons
FNDA:0,(anonymous_3)
FNDA:0,addVisualFeedback
FNDA:0,(anonymous_5)
FNDA:0,(anonymous_6)
FNDA:0,(anonymous_7)
FNDA:0,(anonymous_8)
FNDA:0,addKeyboardSupport
FNDA:0,(anonymous_10)
DA:7,0
DA:9,0
DA:10,0
DA:18,0
DA:20,0
DA:22,0
DA:23,0
DA:27,0
DA:28,0
DA:32,0
DA:35,0
DA:38,0
DA:47,0
DA:48,0
DA:51,0
DA:52,0
DA:56,0
DA:57,0
DA:60,0
DA:61,0
DA:71,0
DA:72,0
DA:76,0
DA:77,0
DA:78,0
DA:79,0
DA:85,0
DA:86,0
DA:88,0
LF:29
LH:0
BRDA:22,0,0,0
BRDA:22,0,1,0
BRDA:27,1,0,0
BRDA:27,1,1,0
BRDA:71,2,0,0
BRDA:71,2,1,0
BRDA:77,3,0,0
BRDA:77,3,1,0
BRDA:77,4,0,0
BRDA:77,4,1,0
BRDA:85,5,0,0
BRDA:85,5,1,0
BRDA:85,6,0,0
BRDA:85,6,1,0
BRF:14
BRH:0
end_of_record
TN:
SF:components\browser-compatibility.js
FN:3,(anonymous_0)
FNF:1
FNH:0
FNDA:0,(anonymous_0)
DA:3,0
DA:5,0
DA:6,0
DA:14,0
DA:15,0
DA:18,0
LF:6
LH:0
BRDA:5,0,0,0
BRDA:5,0,1,0
BRDA:14,1,0,0
BRDA:14,1,1,0
BRF:4
BRH:0
end_of_record
TN:
SF:components\config-manager.js
FN:142,(anonymous_0)
FN:169,(anonymous_1)
FN:196,(anonymous_2)
FN:219,(anonymous_3)
FN:246,(anonymous_4)
FN:257,(anonymous_5)
FN:276,(anonymous_6)
FN:297,(anonymous_7)
FN:324,(anonymous_8)
FN:347,(anonymous_9)
FN:374,(anonymous_10)
FN:388,(anonymous_11)
FN:398,(anonymous_12)
FN:449,(anonymous_13)
FN:469,(anonymous_14)
FN:478,(anonymous_15)
FN:490,(anonymous_16)
FN:503,(anonymous_17)
FN:524,(anonymous_18)
FN:544,(anonymous_19)
FN:546,(anonymous_20)
FN:569,(anonymous_21)
FN:629,(anonymous_22)
FN:641,(anonymous_23)
FN:658,(anonymous_24)
FN:667,(anonymous_25)
FN:697,(anonymous_26)
FN:739,(anonymous_27)
FNF:28
FNH:0
FNDA:0,(anonymous_0)
FNDA:0,(anonymous_1)
FNDA:0,(anonymous_2)
FNDA:0,(anonymous_3)
FNDA:0,(anonymous_4)
FNDA:0,(anonymous_5)
FNDA:0,(anonymous_6)
FNDA:0,(anonymous_7)
FNDA:0,(anonymous_8)
FNDA:0,(anonymous_9)
FNDA:0,(anonymous_10)
FNDA:0,(anonymous_11)
FNDA:0,(anonymous_12)
FNDA:0,(anonymous_13)
FNDA:0,(anonymous_14)
FNDA:0,(anonymous_15)
FNDA:0,(anonymous_16)
FNDA:0,(anonymous_17)
FNDA:0,(anonymous_18)
FNDA:0,(anonymous_19)
FNDA:0,(anonymous_20)
FNDA:0,(anonymous_21)
FNDA:0,(anonymous_22)
FNDA:0,(anonymous_23)
FNDA:0,(anonymous_24)
FNDA:0,(anonymous_25)
FNDA:0,(anonymous_26)
FNDA:0,(anonymous_27)
DA:9,0
DA:140,0
DA:143,0
DA:145,0
DA:146,0
DA:149,0
DA:150,0
DA:153,0
DA:154,0
DA:157,0
DA:158,0
DA:161,0
DA:162,0
DA:165,0
DA:170,0
DA:172,0
DA:173,0
DA:176,0
DA:177,0
DA:180,0
DA:181,0
DA:184,0
DA:185,0
DA:188,0
DA:189,0
DA:192,0
DA:197,0
DA:199,0
DA:200,0
DA:203,0
DA:204,0
DA:207,0
DA:208,0
DA:211,0
DA:212,0
DA:215,0
DA:220,0
DA:222,0
DA:223,0
DA:226,0
DA:227,0
DA:230,0
DA:231,0
DA:234,0
DA:235,0
DA:238,0
DA:239,0
DA:242,0
DA:247,0
DA:249,0
DA:250,0
DA:253,0
DA:254,0
DA:256,0
DA:257,0
DA:258,0
DA:259,0
DA:264,0
DA:265,0
DA:268,0
DA:269,0
DA:272,0
DA:277,0
DA:279,0
DA:280,0
DA:283,0
DA:284,0
DA:285,0
DA:288,0
DA:289,0
DA:293,0
DA:298,0
DA:300,0
DA:301,0
DA:304,0
DA:305,0
DA:308,0
DA:309,0
DA:311,0
DA:312,0
DA:316,0
DA:317,0
DA:320,0
DA:325,0
DA:327,0
DA:328,0
DA:331,0
DA:332,0
DA:335,0
DA:336,0
DA:339,0
DA:340,0
DA:343,0
DA:348,0
DA:350,0
DA:351,0
DA:354,0
DA:355,0
DA:358,0
DA:359,0
DA:362,0
DA:363,0
DA:366,0
DA:367,0
DA:370,0
DA:375,0
DA:377,0
DA:388,0
DA:389,0
DA:390,0
DA:394,0
DA:399,0
DA:402,0
DA:403,0
DA:405,0
DA:406,0
DA:409,0
DA:410,0
DA:411,0
DA:414,0
DA:415,0
DA:421,0
DA:422,0
DA:424,0
DA:425,0
DA:428,0
DA:429,0
DA:433,0
DA:440,0
DA:451,0
DA:454,0
DA:457,0
DA:460,0
DA:462,0
DA:470,0
DA:479,0
DA:480,0
DA:482,0
DA:491,0
DA:492,0
DA:493,0
DA:494,0
DA:504,0
DA:505,0
DA:509,0
DA:512,0
DA:513,0
DA:514,0
DA:516,0
DA:525,0
DA:526,0
DA:527,0
DA:529,0
DA:532,0
DA:535,0
DA:536,0
DA:546,0
DA:547,0
DA:548,0
DA:549,0
DA:551,0
DA:552,0
DA:555,0
DA:561,0
DA:570,0
DA:573,0
DA:574,0
DA:577,0
DA:578,0
DA:581,0
DA:582,0
DA:585,0
DA:586,0
DA:589,0
DA:590,0
DA:593,0
DA:594,0
DA:597,0
DA:598,0
DA:601,0
DA:602,0
DA:605,0
DA:606,0
DA:609,0
DA:610,0
DA:613,0
DA:614,0
DA:618,0
DA:619,0
DA:622,0
DA:630,0
DA:631,0
DA:633,0
DA:642,0
DA:643,0
DA:645,0
DA:646,0
DA:647,0
DA:650,0
DA:659,0
DA:668,0
DA:671,0
DA:672,0
DA:673,0
DA:674,0
DA:676,0
DA:680,0
DA:681,0
DA:682,0
DA:683,0
DA:685,0
DA:687,0
DA:688,0
DA:699,0
DA:702,0
DA:705,0
DA:707,0
DA:708,0
DA:709,0
DA:710,0
DA:711,0
DA:712,0
DA:715,0
DA:716,0
DA:717,0
DA:718,0
DA:719,0
DA:722,0
DA:723,0
DA:724,0
DA:725,0
DA:728,0
DA:733,0
DA:736,0
DA:737,0
DA:738,0
DA:739,0
LF:237
LH:0
BRDA:145,0,0,0
BRDA:145,0,1,0
BRDA:145,1,0,0
BRDA:145,1,1,0
BRDA:149,2,0,0
BRDA:149,2,1,0
BRDA:149,3,0,0
BRDA:149,3,1,0
BRDA:153,4,0,0
BRDA:153,4,1,0
BRDA:157,5,0,0
BRDA:157,5,1,0
BRDA:161,6,0,0
BRDA:161,6,1,0
BRDA:172,7,0,0
BRDA:172,7,1,0
BRDA:172,8,0,0
BRDA:172,8,1,0
BRDA:176,9,0,0
BRDA:176,9,1,0
BRDA:176,10,0,0
BRDA:176,10,1,0
BRDA:180,11,0,0
BRDA:180,11,1,0
BRDA:180,12,0,0
BRDA:180,12,1,0
BRDA:184,13,0,0
BRDA:184,13,1,0
BRDA:184,14,0,0
BRDA:184,14,1,0
BRDA:188,15,0,0
BRDA:188,15,1,0
BRDA:188,16,0,0
BRDA:188,16,1,0
BRDA:199,17,0,0
BRDA:199,17,1,0
BRDA:203,18,0,0
BRDA:203,18,1,0
BRDA:207,19,0,0
BRDA:207,19,1,0
BRDA:207,20,0,0
BRDA:207,20,1,0
BRDA:211,21,0,0
BRDA:211,21,1,0
BRDA:211,22,0,0
BRDA:211,22,1,0
BRDA:222,23,0,0
BRDA:222,23,1,0
BRDA:226,24,0,0
BRDA:226,24,1,0
BRDA:226,25,0,0
BRDA:226,25,1,0
BRDA:230,26,0,0
BRDA:230,26,1,0
BRDA:230,27,0,0
BRDA:230,27,1,0
BRDA:234,28,0,0
BRDA:234,28,1,0
BRDA:238,29,0,0
BRDA:238,29,1,0
BRDA:238,30,0,0
BRDA:238,30,1,0
BRDA:249,31,0,0
BRDA:249,31,1,0
BRDA:253,32,0,0
BRDA:253,32,1,0
BRDA:258,33,0,0
BRDA:258,33,1,0
BRDA:264,34,0,0
BRDA:264,34,1,0
BRDA:264,35,0,0
BRDA:264,35,1,0
BRDA:268,36,0,0
BRDA:268,36,1,0
BRDA:279,37,0,0
BRDA:279,37,1,0
BRDA:283,38,0,0
BRDA:283,38,1,0
BRDA:284,39,0,0
BRDA:284,39,1,0
BRDA:288,40,0,0
BRDA:288,40,1,0
BRDA:288,41,0,0
BRDA:288,41,1,0
BRDA:288,41,2,0
BRDA:300,42,0,0
BRDA:300,42,1,0
BRDA:304,43,0,0
BRDA:304,43,1,0
BRDA:304,44,0,0
BRDA:304,44,1,0
BRDA:308,45,0,0
BRDA:308,45,1,0
BRDA:308,46,0,0
BRDA:308,46,1,0
BRDA:311,47,0,0
BRDA:311,47,1,0
BRDA:311,48,0,0
BRDA:311,48,1,0
BRDA:316,49,0,0
BRDA:316,49,1,0
BRDA:316,50,0,0
BRDA:316,50,1,0
BRDA:327,51,0,0
BRDA:327,51,1,0
BRDA:331,52,0,0
BRDA:331,52,1,0
BRDA:331,53,0,0
BRDA:331,53,1,0
BRDA:335,54,0,0
BRDA:335,54,1,0
BRDA:339,55,0,0
BRDA:339,55,1,0
BRDA:339,56,0,0
BRDA:339,56,1,0
BRDA:350,57,0,0
BRDA:350,57,1,0
BRDA:354,58,0,0
BRDA:354,58,1,0
BRDA:358,59,0,0
BRDA:358,59,1,0
BRDA:358,60,0,0
BRDA:358,60,1,0
BRDA:358,60,2,0
BRDA:362,61,0,0
BRDA:362,61,1,0
BRDA:362,62,0,0
BRDA:362,62,1,0
BRDA:362,62,2,0
BRDA:366,63,0,0
BRDA:366,63,1,0
BRDA:389,64,0,0
BRDA:389,64,1,0
BRDA:402,65,0,0
BRDA:402,65,1,0
BRDA:405,66,0,0
BRDA:405,66,1,0
BRDA:409,67,0,0
BRDA:409,67,1,0
BRDA:410,68,0,0
BRDA:410,68,1,0
BRDA:414,69,0,0
BRDA:414,69,1,0
BRDA:414,70,0,0
BRDA:414,70,1,0
BRDA:414,70,2,0
BRDA:421,71,0,0
BRDA:421,71,1,0
BRDA:424,72,0,0
BRDA:424,72,1,0
BRDA:428,73,0,0
BRDA:428,73,1,0
BRDA:428,74,0,0
BRDA:428,74,1,0
BRDA:428,74,2,0
BRDA:449,75,0,0
BRDA:479,76,0,0
BRDA:479,76,1,0
BRDA:504,77,0,0
BRDA:504,77,1,0
BRDA:525,78,0,0
BRDA:525,78,1,0
BRDA:526,79,0,0
BRDA:526,79,1,0
BRDA:548,80,0,0
BRDA:548,80,1,0
BRDA:549,81,0,0
BRDA:549,81,1,0
BRDA:549,82,0,0
BRDA:549,82,1,0
BRDA:549,82,2,0
BRDA:551,83,0,0
BRDA:551,83,1,0
BRDA:573,84,0,0
BRDA:573,84,1,0
BRDA:577,85,0,0
BRDA:577,85,1,0
BRDA:581,86,0,0
BRDA:581,86,1,0
BRDA:585,87,0,0
BRDA:585,87,1,0
BRDA:589,88,0,0
BRDA:589,88,1,0
BRDA:593,89,0,0
BRDA:593,89,1,0
BRDA:597,90,0,0
BRDA:597,90,1,0
BRDA:601,91,0,0
BRDA:601,91,1,0
BRDA:605,92,0,0
BRDA:605,92,1,0
BRDA:609,93,0,0
BRDA:609,93,1,0
BRDA:613,94,0,0
BRDA:613,94,1,0
BRDA:618,95,0,0
BRDA:618,95,1,0
BRDA:645,96,0,0
BRDA:645,96,1,0
BRDA:671,97,0,0
BRDA:671,97,1,0
BRDA:673,98,0,0
BRDA:673,98,1,0
BRDA:705,99,0,0
BRDA:705,99,1,0
BRDA:705,99,2,0
BRDA:736,100,0,0
BRDA:736,100,1,0
BRDA:736,101,0,0
BRDA:736,101,1,0
BRDA:738,102,0,0
BRDA:738,102,1,0
BRDA:738,103,0,0
BRDA:738,103,1,0
BRF:214
BRH:0
end_of_record
TN:
SF:components\dependencies.js
FN:34,(anonymous_0)
FNF:1
FNH:0
FNDA:0,(anonymous_0)
DA:34,0
DA:35,0
DA:38,0
DA:39,0
DA:43,0
DA:44,0
DA:50,0
DA:51,0
DA:52,0
DA:53,0
DA:54,0
DA:55,0
DA:56,0
DA:57,0
DA:58,0
DA:59,0
DA:61,0
LF:17
LH:0
BRDA:38,0,0,0
BRDA:38,0,1,0
BRDA:43,1,0,0
BRDA:43,1,1,0
BRF:4
BRH:0
end_of_record
TN:
SF:components\offline-support.js
FN:12,initDB
FN:13,(anonymous_1)
FN:16,(anonymous_2)
FN:21,(anonymous_3)
FN:27,(anonymous_4)
FN:46,saveDataLocally
FN:50,(anonymous_6)
FN:64,(anonymous_7)
FN:70,(anonymous_8)
FN:82,getPendingData
FN:86,(anonymous_10)
FN:93,(anonymous_11)
FN:97,(anonymous_12)
FN:109,updateSyncStatus
FN:113,(anonymous_14)
FN:119,(anonymous_15)
FN:135,(anonymous_16)
FN:140,(anonymous_17)
FN:146,(anonymous_18)
FN:158,syncDataToServer
FN:178,(anonymous_20)
FN:203,(anonymous_21)
FN:220,simulateApiCall
FN:222,(anonymous_23)
FN:241,getLocalDataCount
FN:245,(anonymous_25)
FN:251,(anonymous_26)
FN:255,(anonymous_27)
FN:267,initNetworkListener
FN:273,(anonymous_29)
FN:280,(anonymous_30)
FNF:31
FNH:0
FNDA:0,initDB
FNDA:0,(anonymous_1)
FNDA:0,(anonymous_2)
FNDA:0,(anonymous_3)
FNDA:0,(anonymous_4)
FNDA:0,saveDataLocally
FNDA:0,(anonymous_6)
FNDA:0,(anonymous_7)
FNDA:0,(anonymous_8)
FNDA:0,getPendingData
FNDA:0,(anonymous_10)
FNDA:0,(anonymous_11)
FNDA:0,(anonymous_12)
FNDA:0,updateSyncStatus
FNDA:0,(anonymous_14)
FNDA:0,(anonymous_15)
FNDA:0,(anonymous_16)
FNDA:0,(anonymous_17)
FNDA:0,(anonymous_18)
FNDA:0,syncDataToServer
FNDA:0,(anonymous_20)
FNDA:0,(anonymous_21)
FNDA:0,simulateApiCall
FNDA:0,(anonymous_23)
FNDA:0,getLocalDataCount
FNDA:0,(anonymous_25)
FNDA:0,(anonymous_26)
FNDA:0,(anonymous_27)
FNDA:0,initNetworkListener
FNDA:0,(anonymous_29)
FNDA:0,(anonymous_30)
DA:7,0
DA:8,0
DA:9,0
DA:13,0
DA:14,0
DA:16,0
DA:17,0
DA:18,0
DA:21,0
DA:22,0
DA:23,0
DA:24,0
DA:27,0
DA:28,0
DA:31,0
DA:32,0
DA:35,0
DA:36,0
DA:37,0
DA:39,0
DA:47,0
DA:48,0
DA:50,0
DA:52,0
DA:59,0
DA:60,0
DA:62,0
DA:64,0
DA:65,0
DA:66,0
DA:67,0
DA:70,0
DA:71,0
DA:72,0
DA:76,0
DA:77,0
DA:83,0
DA:84,0
DA:86,0
DA:87,0
DA:88,0
DA:89,0
DA:91,0
DA:93,0
DA:94,0
DA:97,0
DA:98,0
DA:99,0
DA:103,0
DA:104,0
DA:110,0
DA:111,0
DA:113,0
DA:114,0
DA:115,0
DA:117,0
DA:119,0
DA:120,0
DA:121,0
DA:122,0
DA:123,0
DA:126,0
DA:127,0
DA:129,0
DA:130,0
DA:133,0
DA:135,0
DA:136,0
DA:137,0
DA:140,0
DA:141,0
DA:142,0
DA:146,0
DA:147,0
DA:148,0
DA:152,0
DA:153,0
DA:160,0
DA:161,0
DA:162,0
DA:165,0
DA:167,0
DA:169,0
DA:170,0
DA:171,0
DA:174,0
DA:177,0
DA:179,0
DA:182,0
DA:184,0
DA:186,0
DA:187,0
DA:190,0
DA:191,0
DA:194,0
DA:196,0
DA:197,0
DA:203,0
DA:204,0
DA:206,0
DA:214,0
DA:215,0
DA:222,0
DA:225,0
DA:227,0
DA:228,0
DA:233,0
DA:242,0
DA:243,0
DA:245,0
DA:246,0
DA:247,0
DA:249,0
DA:251,0
DA:252,0
DA:255,0
DA:256,0
DA:257,0
DA:261,0
DA:262,0
DA:269,0
DA:270,0
DA:273,0
DA:274,0
DA:275,0
DA:276,0
DA:280,0
DA:281,0
DA:282,0
DA:283,0
DA:287,0
LF:131
LH:0
BRDA:31,0,0,0
BRDA:31,0,1,0
BRDA:54,1,0,0
BRDA:54,1,1,0
BRDA:109,2,0,0
BRDA:121,3,0,0
BRDA:121,3,1,0
BRDA:129,4,0,0
BRDA:129,4,1,0
BRDA:160,5,0,0
BRDA:160,5,1,0
BRDA:169,6,0,0
BRDA:169,6,1,0
BRDA:184,7,0,0
BRDA:184,7,1,0
BRDA:203,8,0,0
BRDA:203,8,1,0
BRDA:227,9,0,0
BRDA:227,9,1,0
BRDA:270,10,0,0
BRDA:270,10,1,0
BRDA:275,11,0,0
BRDA:275,11,1,0
BRDA:282,12,0,0
BRDA:282,12,1,0
BRF:25
BRH:0
end_of_record
TN:
SF:components\trace-a11y.js
FN:7,(anonymous_0)
FN:12,(anonymous_1)
FN:13,(anonymous_2)
FN:14,(anonymous_3)
FN:15,(anonymous_4)
FN:16,(anonymous_5)
FN:17,(anonymous_6)
FN:24,(anonymous_7)
FN:40,(anonymous_8)
FN:52,(anonymous_9)
FN:57,(anonymous_10)
FN:65,(anonymous_11)
FN:91,(anonymous_12)
FN:98,(anonymous_13)
FN:109,(anonymous_14)
FN:114,(anonymous_15)
FN:127,(anonymous_16)
FN:135,(anonymous_17)
FN:137,(anonymous_18)
FN:153,(anonymous_19)
FN:155,(anonymous_20)
FN:167,(anonymous_21)
FN:169,(anonymous_22)
FN:171,(anonymous_23)
FN:197,(anonymous_24)
FN:241,(anonymous_25)
FN:257,(anonymous_26)
FN:272,(anonymous_27)
FN:274,(anonymous_28)
FN:322,(anonymous_29)
FN:324,(anonymous_30)
FN:334,(anonymous_31)
FN:360,(anonymous_32)
FN:365,(anonymous_33)
FN:405,(anonymous_34)
FN:413,(anonymous_35)
FN:416,(anonymous_36)
FN:417,(anonymous_37)
FN:425,(anonymous_38)
FN:439,(anonymous_39)
FN:479,(anonymous_40)
FN:485,(anonymous_41)
FN:492,(anonymous_42)
FN:568,(anonymous_43)
FN:578,(anonymous_44)
FNF:45
FNH:0
FNDA:0,(anonymous_0)
FNDA:0,(anonymous_1)
FNDA:0,(anonymous_2)
FNDA:0,(anonymous_3)
FNDA:0,(anonymous_4)
FNDA:0,(anonymous_5)
FNDA:0,(anonymous_6)
FNDA:0,(anonymous_7)
FNDA:0,(anonymous_8)
FNDA:0,(anonymous_9)
FNDA:0,(anonymous_10)
FNDA:0,(anonymous_11)
FNDA:0,(anonymous_12)
FNDA:0,(anonymous_13)
FNDA:0,(anonymous_14)
FNDA:0,(anonymous_15)
FNDA:0,(anonymous_16)
FNDA:0,(anonymous_17)
FNDA:0,(anonymous_18)
FNDA:0,(anonymous_19)
FNDA:0,(anonymous_20)
FNDA:0,(anonymous_21)
FNDA:0,(anonymous_22)
FNDA:0,(anonymous_23)
FNDA:0,(anonymous_24)
FNDA:0,(anonymous_25)
FNDA:0,(anonymous_26)
FNDA:0,(anonymous_27)
FNDA:0,(anonymous_28)
FNDA:0,(anonymous_29)
FNDA:0,(anonymous_30)
FNDA:0,(anonymous_31)
FNDA:0,(anonymous_32)
FNDA:0,(anonymous_33)
FNDA:0,(anonymous_34)
FNDA:0,(anonymous_35)
FNDA:0,(anonymous_36)
FNDA:0,(anonymous_37)
FNDA:0,(anonymous_38)
FNDA:0,(anonymous_39)
FNDA:0,(anonymous_40)
FNDA:0,(anonymous_41)
FNDA:0,(anonymous_42)
FNDA:0,(anonymous_43)
FNDA:0,(anonymous_44)
DA:8,0
DA:9,0
DA:10,0
DA:11,0
DA:12,0
DA:13,0
DA:14,0
DA:15,0
DA:16,0
DA:17,0
DA:25,0
DA:26,0
DA:27,0
DA:28,0
DA:29,0
DA:30,0
DA:31,0
DA:33,0
DA:34,0
DA:41,0
DA:42,0
DA:43,0
DA:44,0
DA:45,0
DA:53,0
DA:55,0
DA:57,0
DA:58,0
DA:67,0
DA:68,0
DA:88,0
DA:91,0
DA:92,0
DA:93,0
DA:98,0
DA:99,0
DA:100,0
DA:110,0
DA:111,0
DA:112,0
DA:114,0
DA:115,0
DA:116,0
DA:117,0
DA:118,0
DA:119,0
DA:120,0
DA:121,0
DA:127,0
DA:128,0
DA:137,0
DA:139,0
DA:140,0
DA:141,0
DA:142,0
DA:143,0
DA:146,0
DA:147,0
DA:148,0
DA:153,0
DA:155,0
DA:156,0
DA:157,0
DA:158,0
DA:159,0
DA:160,0
DA:161,0
DA:167,0
DA:168,0
DA:169,0
DA:170,0
DA:171,0
DA:173,0
DA:174,0
DA:175,0
DA:176,0
DA:177,0
DA:178,0
DA:179,0
DA:180,0
DA:181,0
DA:182,0
DA:185,0
DA:186,0
DA:187,0
DA:199,0
DA:200,0
DA:201,0
DA:234,0
DA:237,0
DA:238,0
DA:239,0
DA:240,0
DA:241,0
DA:244,0
DA:245,0
DA:248,0
DA:249,0
DA:250,0
DA:258,0
DA:259,0
DA:260,0
DA:262,0
DA:263,0
DA:265,0
DA:274,0
DA:275,0
DA:276,0
DA:279,0
DA:280,0
DA:282,0
DA:283,0
DA:284,0
DA:287,0
DA:288,0
DA:289,0
DA:290,0
DA:291,0
DA:296,0
DA:297,0
DA:298,0
DA:299,0
DA:300,0
DA:301,0
DA:302,0
DA:303,0
DA:307,0
DA:308,0
DA:310,0
DA:311,0
DA:312,0
DA:313,0
DA:314,0
DA:315,0
DA:316,0
DA:322,0
DA:323,0
DA:324,0
DA:325,0
DA:326,0
DA:327,0
DA:330,0
DA:331,0
DA:334,0
DA:335,0
DA:337,0
DA:338,0
DA:339,0
DA:341,0
DA:342,0
DA:343,0
DA:344,0
DA:345,0
DA:346,0
DA:349,0
DA:350,0
DA:361,0
DA:362,0
DA:363,0
DA:364,0
DA:365,0
DA:366,0
DA:367,0
DA:368,0
DA:369,0
DA:370,0
DA:375,0
DA:376,0
DA:391,0
DA:393,0
DA:396,0
DA:397,0
DA:398,0
DA:407,0
DA:413,0
DA:416,0
DA:417,0
DA:418,0
DA:419,0
DA:425,0
DA:426,0
DA:427,0
DA:428,0
DA:429,0
DA:431,0
DA:441,0
DA:443,0
DA:444,0
DA:445,0
DA:446,0
DA:447,0
DA:448,0
DA:449,0
DA:451,0
DA:475,0
DA:478,0
DA:479,0
DA:480,0
DA:481,0
DA:485,0
DA:486,0
DA:487,0
DA:492,0
DA:493,0
DA:494,0
DA:495,0
DA:500,0
DA:501,0
DA:502,0
DA:503,0
DA:548,0
DA:553,0
DA:554,0
DA:555,0
DA:557,0
DA:558,0
DA:559,0
DA:560,0
DA:569,0
DA:570,0
DA:575,0
DA:578,0
DA:579,0
LF:223
LH:0
BRDA:53,0,0,0
BRDA:53,0,1,0
BRDA:92,1,0,0
BRDA:92,1,1,0
BRDA:99,2,0,0
BRDA:99,2,1,0
BRDA:99,3,0,0
BRDA:99,3,1,0
BRDA:115,4,0,0
BRDA:115,4,1,0
BRDA:116,5,0,0
BRDA:116,5,1,0
BRDA:116,6,0,0
BRDA:116,6,1,0
BRDA:119,7,0,0
BRDA:119,7,1,0
BRDA:119,8,0,0
BRDA:119,8,1,0
BRDA:140,9,0,0
BRDA:140,9,1,0
BRDA:141,10,0,0
BRDA:141,10,1,0
BRDA:142,11,0,0
BRDA:142,11,1,0
BRDA:146,12,0,0
BRDA:146,12,1,0
BRDA:156,13,0,0
BRDA:156,13,1,0
BRDA:156,14,0,0
BRDA:156,14,1,0
BRDA:156,14,2,0
BRDA:161,15,0,0
BRDA:161,15,1,0
BRDA:173,16,0,0
BRDA:173,16,1,0
BRDA:175,17,0,0
BRDA:175,17,1,0
BRDA:177,18,0,0
BRDA:177,18,1,0
BRDA:180,19,0,0
BRDA:180,19,1,0
BRDA:185,20,0,0
BRDA:185,20,1,0
BRDA:244,21,0,0
BRDA:244,21,1,0
BRDA:249,22,0,0
BRDA:249,22,1,0
BRDA:262,23,0,0
BRDA:262,23,1,0
BRDA:275,24,0,0
BRDA:275,24,1,0
BRDA:280,25,0,0
BRDA:280,25,1,0
BRDA:283,26,0,0
BRDA:283,26,1,0
BRDA:290,27,0,0
BRDA:290,27,1,0
BRDA:290,27,2,0
BRDA:296,28,0,0
BRDA:296,28,1,0
BRDA:307,29,0,0
BRDA:307,29,1,0
BRDA:311,30,0,0
BRDA:311,30,1,0
BRDA:311,31,0,0
BRDA:311,31,1,0
BRDA:326,32,0,0
BRDA:326,32,1,0
BRDA:341,33,0,0
BRDA:341,33,1,0
BRDA:350,34,0,0
BRDA:350,34,1,0
BRDA:367,35,0,0
BRDA:367,35,1,0
BRDA:368,36,0,0
BRDA:368,36,1,0
BRDA:396,37,0,0
BRDA:396,37,1,0
BRDA:397,38,0,0
BRDA:397,38,1,0
BRDA:397,39,0,0
BRDA:397,39,1,0
BRDA:418,40,0,0
BRDA:418,40,1,0
BRDA:418,41,0,0
BRDA:418,41,1,0
BRDA:418,41,2,0
BRDA:427,42,0,0
BRDA:427,42,1,0
BRDA:427,43,0,0
BRDA:427,43,1,0
BRDA:428,44,0,0
BRDA:428,44,1,0
BRDA:443,45,0,0
BRDA:443,45,1,0
BRDA:486,46,0,0
BRDA:486,46,1,0
BRDA:493,47,0,0
BRDA:493,47,1,0
BRDA:493,48,0,0
BRDA:493,48,1,0
BRDA:500,49,0,0
BRDA:500,49,1,0
BRDA:553,50,0,0
BRDA:553,50,1,0
BRDA:559,51,0,0
BRDA:559,51,1,0
BRF:107
BRH:0
end_of_record
TN:
SF:components\trace-auth.js
FN:10,(anonymous_0)
FN:59,getCurrentUser
FN:75,isAuthenticated
FN:86,login
FN:112,logout
FN:128,hasPermission
FN:153,generateToken
FN:166,updateUser
FN:188,isSessionValid
FNF:9
FNH:0
FNDA:0,(anonymous_0)
FNDA:0,getCurrentUser
FNDA:0,isAuthenticated
FNDA:0,login
FNDA:0,logout
FNDA:0,hasPermission
FNDA:0,generateToken
FNDA:0,updateUser
FNDA:0,isSessionValid
DA:10,0
DA:12,0
DA:13,0
DA:16,0
DA:60,0
DA:61,0
DA:62,0
DA:63,0
DA:66,0
DA:68,0
DA:76,0
DA:77,0
DA:78,0
DA:87,0
DA:88,0
DA:89,0
DA:92,0
DA:94,0
DA:97,0
DA:98,0
DA:100,0
DA:101,0
DA:103,0
DA:104,0
DA:113,0
DA:114,0
DA:115,0
DA:116,0
DA:118,0
DA:119,0
DA:129,0
DA:131,0
DA:132,0
DA:135,0
DA:136,0
DA:140,0
DA:141,0
DA:144,0
DA:156,0
DA:157,0
DA:158,0
DA:167,0
DA:168,0
DA:169,0
DA:170,0
DA:173,0
DA:175,0
DA:176,0
DA:177,0
DA:179,0
DA:180,0
DA:191,0
DA:195,0
DA:207,0
DA:208,0
LF:55
LH:0
BRDA:62,0,0,0
BRDA:62,0,1,0
BRDA:78,1,0,0
BRDA:78,1,1,0
BRDA:87,2,0,0
BRDA:87,2,1,0
BRDA:87,3,0,0
BRDA:87,3,1,0
BRDA:129,4,0,0
BRDA:129,4,1,0
BRDA:132,5,0,0
BRDA:132,5,1,0
BRDA:135,6,0,0
BRDA:135,6,1,0
BRDA:140,7,0,0
BRDA:140,7,1,0
BRDA:140,8,0,0
BRDA:140,8,1,0
BRDA:168,9,0,0
BRDA:168,9,1,0
BRDA:207,10,0,0
BRDA:207,10,1,0
BRDA:207,11,0,0
BRDA:207,11,1,0
BRF:24
BRH:0
end_of_record
TN:
SF:components\trace-blockchain.js
FN:46,(anonymous_0)
FN:70,(anonymous_1)
FN:101,(anonymous_2)
FN:201,(anonymous_3)
FN:208,(anonymous_4)
FN:253,(anonymous_5)
FN:264,(anonymous_6)
FN:306,(anonymous_7)
FN:307,(anonymous_8)
FN:312,(anonymous_9)
FN:313,(anonymous_10)
FN:323,(anonymous_11)
FN:331,(anonymous_12)
FN:347,(anonymous_13)
FN:386,(anonymous_14)
FN:412,(anonymous_15)
FN:430,(anonymous_16)
FN:490,(anonymous_17)
FN:517,(anonymous_18)
FN:534,(anonymous_19)
FN:586,(anonymous_20)
FN:595,(anonymous_21)
FN:609,(anonymous_22)
FN:623,(anonymous_23)
FN:658,(anonymous_24)
FN:681,(anonymous_25)
FN:693,(anonymous_26)
FN:708,(anonymous_27)
FN:756,(anonymous_28)
FN:770,(anonymous_29)
FN:771,(anonymous_30)
FN:781,(anonymous_31)
FN:815,(anonymous_32)
FN:835,(anonymous_33)
FN:849,(anonymous_34)
FN:885,(anonymous_35)
FNF:36
FNH:0
FNDA:0,(anonymous_0)
FNDA:0,(anonymous_1)
FNDA:0,(anonymous_2)
FNDA:0,(anonymous_3)
FNDA:0,(anonymous_4)
FNDA:0,(anonymous_5)
FNDA:0,(anonymous_6)
FNDA:0,(anonymous_7)
FNDA:0,(anonymous_8)
FNDA:0,(anonymous_9)
FNDA:0,(anonymous_10)
FNDA:0,(anonymous_11)
FNDA:0,(anonymous_12)
FNDA:0,(anonymous_13)
FNDA:0,(anonymous_14)
FNDA:0,(anonymous_15)
FNDA:0,(anonymous_16)
FNDA:0,(anonymous_17)
FNDA:0,(anonymous_18)
FNDA:0,(anonymous_19)
FNDA:0,(anonymous_20)
FNDA:0,(anonymous_21)
FNDA:0,(anonymous_22)
FNDA:0,(anonymous_23)
FNDA:0,(anonymous_24)
FNDA:0,(anonymous_25)
FNDA:0,(anonymous_26)
FNDA:0,(anonymous_27)
FNDA:0,(anonymous_28)
FNDA:0,(anonymous_29)
FNDA:0,(anonymous_30)
FNDA:0,(anonymous_31)
FNDA:0,(anonymous_32)
FNDA:0,(anonymous_33)
FNDA:0,(anonymous_34)
FNDA:0,(anonymous_35)
DA:9,0
DA:23,0
DA:26,0
DA:29,0
DA:40,0
DA:48,0
DA:50,0
DA:51,0
DA:52,0
DA:56,0
DA:57,0
DA:58,0
DA:60,0
DA:61,0
DA:62,0
DA:71,0
DA:73,0
DA:74,0
DA:76,0
DA:77,0
DA:79,0
DA:80,0
DA:82,0
DA:83,0
DA:85,0
DA:88,0
DA:91,0
DA:92,0
DA:93,0
DA:103,0
DA:104,0
DA:108,0
DA:109,0
DA:113,0
DA:114,0
DA:117,0
DA:118,0
DA:120,0
DA:122,0
DA:126,0
DA:129,0
DA:130,0
DA:136,0
DA:138,0
DA:147,0
DA:155,0
DA:156,0
DA:158,0
DA:160,0
DA:163,0
DA:164,0
DA:165,0
DA:166,0
DA:167,0
DA:168,0
DA:169,0
DA:171,0
DA:175,0
DA:176,0
DA:182,0
DA:184,0
DA:185,0
DA:189,0
DA:190,0
DA:193,0
DA:204,0
DA:209,0
DA:210,0
DA:217,0
DA:218,0
DA:221,0
DA:222,0
DA:225,0
DA:227,0
DA:228,0
DA:231,0
DA:236,0
DA:237,0
DA:238,0
DA:244,0
DA:245,0
DA:255,0
DA:256,0
DA:260,0
DA:265,0
DA:266,0
DA:273,0
DA:274,0
DA:277,0
DA:278,0
DA:281,0
DA:283,0
DA:284,0
DA:287,0
DA:292,0
DA:293,0
DA:294,0
DA:296,0
DA:297,0
DA:307,0
DA:308,0
DA:309,0
DA:310,0
DA:312,0
DA:313,0
DA:315,0
DA:324,0
DA:332,0
DA:333,0
DA:334,0
DA:336,0
DA:337,0
DA:348,0
DA:349,0
DA:353,0
DA:355,0
DA:359,0
DA:361,0
DA:362,0
DA:365,0
DA:366,0
DA:368,0
DA:371,0
DA:372,0
DA:375,0
DA:376,0
DA:387,0
DA:388,0
DA:391,0
DA:396,0
DA:398,0
DA:413,0
DA:415,0
DA:420,0
DA:431,0
DA:432,0
DA:436,0
DA:439,0
DA:441,0
DA:445,0
DA:447,0
DA:448,0
DA:451,0
DA:452,0
DA:454,0
DA:457,0
DA:460,0
DA:461,0
DA:464,0
DA:467,0
DA:470,0
DA:471,0
DA:479,0
DA:491,0
DA:492,0
DA:495,0
DA:500,0
DA:502,0
DA:518,0
DA:520,0
DA:525,0
DA:535,0
DA:536,0
DA:540,0
DA:541,0
DA:544,0
DA:545,0
DA:549,0
DA:553,0
DA:555,0
DA:556,0
DA:559,0
DA:560,0
DA:562,0
DA:566,0
DA:567,0
DA:573,0
DA:576,0
DA:577,0
DA:587,0
DA:588,0
DA:592,0
DA:595,0
DA:596,0
DA:597,0
DA:599,0
DA:610,0
DA:612,0
DA:614,0
DA:624,0
DA:625,0
DA:628,0
DA:632,0
DA:634,0
DA:635,0
DA:638,0
DA:639,0
DA:641,0
DA:644,0
DA:647,0
DA:648,0
DA:659,0
DA:660,0
DA:663,0
DA:666,0
DA:668,0
DA:682,0
DA:684,0
DA:686,0
DA:694,0
DA:695,0
DA:697,0
DA:700,0
DA:701,0
DA:709,0
DA:710,0
DA:714,0
DA:717,0
DA:718,0
DA:719,0
DA:722,0
DA:723,0
DA:727,0
DA:729,0
DA:731,0
DA:733,0
DA:738,0
DA:740,0
DA:744,0
DA:746,0
DA:750,0
DA:753,0
DA:756,0
DA:757,0
DA:760,0
DA:764,0
DA:771,0
DA:772,0
DA:782,0
DA:783,0
DA:786,0
DA:790,0
DA:792,0
DA:793,0
DA:796,0
DA:797,0
DA:799,0
DA:802,0
DA:805,0
DA:806,0
DA:816,0
DA:817,0
DA:821,0
DA:823,0
DA:824,0
DA:827,0
DA:828,0
DA:832,0
DA:835,0
DA:850,0
DA:852,0
DA:854,0
DA:855,0
DA:858,0
DA:859,0
DA:862,0
DA:863,0
DA:866,0
DA:867,0
DA:870,0
DA:872,0
DA:874,0
DA:879,0
DA:882,0
DA:883,0
DA:884,0
DA:885,0
LF:277
LH:0
BRDA:46,0,0,0
BRDA:50,1,0,0
BRDA:50,1,1,0
BRDA:74,2,0,0
BRDA:74,2,1,0
BRDA:74,2,2,0
BRDA:74,2,3,0
BRDA:103,3,0,0
BRDA:103,3,1,0
BRDA:103,4,0,0
BRDA:103,4,1,0
BRDA:108,5,0,0
BRDA:108,5,1,0
BRDA:113,6,0,0
BRDA:113,6,1,0
BRDA:117,7,0,0
BRDA:117,7,1,0
BRDA:136,8,0,0
BRDA:136,8,1,0
BRDA:158,9,0,0
BRDA:158,9,1,0
BRDA:163,10,0,0
BRDA:163,10,1,0
BRDA:166,11,0,0
BRDA:166,11,1,0
BRDA:168,12,0,0
BRDA:168,12,1,0
BRDA:182,13,0,0
BRDA:182,13,1,0
BRDA:206,14,0,0
BRDA:206,14,1,0
BRDA:208,15,0,0
BRDA:208,16,0,0
BRDA:217,17,0,0
BRDA:217,17,1,0
BRDA:221,18,0,0
BRDA:221,18,1,0
BRDA:227,19,0,0
BRDA:227,19,1,0
BRDA:239,20,0,0
BRDA:239,20,1,0
BRDA:255,21,0,0
BRDA:255,21,1,0
BRDA:264,22,0,0
BRDA:264,23,0,0
BRDA:273,24,0,0
BRDA:273,24,1,0
BRDA:277,25,0,0
BRDA:277,25,1,0
BRDA:283,26,0,0
BRDA:283,26,1,0
BRDA:348,27,0,0
BRDA:348,27,1,0
BRDA:359,28,0,0
BRDA:359,28,1,0
BRDA:359,28,2,0
BRDA:359,28,3,0
BRDA:387,29,0,0
BRDA:387,29,1,0
BRDA:431,30,0,0
BRDA:431,30,1,0
BRDA:436,31,0,0
BRDA:436,31,1,0
BRDA:445,32,0,0
BRDA:445,32,1,0
BRDA:445,32,2,0
BRDA:445,32,3,0
BRDA:460,33,0,0
BRDA:460,33,1,0
BRDA:470,34,0,0
BRDA:470,34,1,0
BRDA:470,35,0,0
BRDA:470,35,1,0
BRDA:491,36,0,0
BRDA:491,36,1,0
BRDA:534,37,0,0
BRDA:535,38,0,0
BRDA:535,38,1,0
BRDA:540,39,0,0
BRDA:540,39,1,0
BRDA:540,40,0,0
BRDA:540,40,1,0
BRDA:540,40,2,0
BRDA:544,41,0,0
BRDA:544,41,1,0
BRDA:553,42,0,0
BRDA:553,42,1,0
BRDA:553,42,2,0
BRDA:553,42,3,0
BRDA:566,43,0,0
BRDA:566,43,1,0
BRDA:587,44,0,0
BRDA:587,44,1,0
BRDA:614,45,0,0
BRDA:614,45,1,0
BRDA:624,46,0,0
BRDA:624,46,1,0
BRDA:632,47,0,0
BRDA:632,47,1,0
BRDA:632,47,2,0
BRDA:632,47,3,0
BRDA:659,48,0,0
BRDA:659,48,1,0
BRDA:700,49,0,0
BRDA:700,49,1,0
BRDA:709,50,0,0
BRDA:709,50,1,0
BRDA:717,51,0,0
BRDA:717,51,1,0
BRDA:731,52,0,0
BRDA:731,52,1,0
BRDA:731,52,2,0
BRDA:781,53,0,0
BRDA:782,54,0,0
BRDA:782,54,1,0
BRDA:790,55,0,0
BRDA:790,55,1,0
BRDA:790,55,2,0
BRDA:790,55,3,0
BRDA:815,56,0,0
BRDA:816,57,0,0
BRDA:816,57,1,0
BRDA:823,58,0,0
BRDA:823,58,1,0
BRDA:827,59,0,0
BRDA:827,59,1,0
BRDA:849,60,0,0
BRDA:854,61,0,0
BRDA:854,61,1,0
BRDA:858,62,0,0
BRDA:858,62,1,0
BRDA:862,63,0,0
BRDA:862,63,1,0
BRDA:866,64,0,0
BRDA:866,64,1,0
BRDA:870,65,0,0
BRDA:870,65,1,0
BRDA:874,66,0,0
BRDA:874,66,1,0
BRDA:882,67,0,0
BRDA:882,67,1,0
BRDA:882,68,0,0
BRDA:882,68,1,0
BRDA:884,69,0,0
BRDA:884,69,1,0
BRDA:884,70,0,0
BRDA:884,70,1,0
BRF:147
BRH:0
end_of_record
TN:
SF:components\trace-button-config.js
FN:7,(anonymous_0)
FN:224,injectStyles
FN:243,(anonymous_2)
FN:246,(anonymous_3)
FN:249,(anonymous_4)
FNF:5
FNH:0
FNDA:0,(anonymous_0)
FNDA:0,injectStyles
FNDA:0,(anonymous_2)
FNDA:0,(anonymous_3)
FNDA:0,(anonymous_4)
DA:7,0
DA:9,0
DA:69,0
DA:95,0
DA:123,0
DA:225,0
DA:226,0
DA:227,0
DA:228,0
DA:229,0
DA:230,0
DA:235,0
DA:236,0
DA:238,0
DA:242,0
DA:244,0
DA:247,0
DA:250,0
LF:18
LH:0
BRDA:225,0,0,0
BRDA:225,0,1,0
BRDA:235,1,0,0
BRDA:235,1,1,0
BRDA:243,2,0,0
BRDA:244,3,0,0
BRDA:244,3,1,0
BRF:7
BRH:0
end_of_record
TN:
SF:components\trace-button-template.js
FN:7,(anonymous_0)
FN:16,(anonymous_1)
FN:26,(anonymous_2)
FN:36,(anonymous_3)
FN:40,(anonymous_4)
FN:53,(anonymous_5)
FN:68,(anonymous_6)
FN:83,(anonymous_7)
FN:98,(anonymous_8)
FN:113,(anonymous_9)
FN:128,(anonymous_10)
FN:143,(anonymous_11)
FN:158,(anonymous_12)
FN:162,(anonymous_13)
FN:175,(anonymous_14)
FN:194,createButtonFromTemplate
FN:250,(anonymous_16)
FN:261,(anonymous_17)
FN:289,createAndAddButton
FN:316,createButtonGroup
FN:337,(anonymous_20)
FN:358,updateButton
FNF:22
FNH:0
FNDA:0,(anonymous_0)
FNDA:0,(anonymous_1)
FNDA:0,(anonymous_2)
FNDA:0,(anonymous_3)
FNDA:0,(anonymous_4)
FNDA:0,(anonymous_5)
FNDA:0,(anonymous_6)
FNDA:0,(anonymous_7)
FNDA:0,(anonymous_8)
FNDA:0,(anonymous_9)
FNDA:0,(anonymous_10)
FNDA:0,(anonymous_11)
FNDA:0,(anonymous_12)
FNDA:0,(anonymous_13)
FNDA:0,(anonymous_14)
FNDA:0,createButtonFromTemplate
FNDA:0,(anonymous_16)
FNDA:0,(anonymous_17)
FNDA:0,createAndAddButton
FNDA:0,createButtonGroup
FNDA:0,(anonymous_20)
FNDA:0,updateButton
DA:7,0
DA:9,0
DA:10,0
DA:13,0
DA:17,0
DA:27,0
DA:37,0
DA:41,0
DA:44,0
DA:54,0
DA:59,0
DA:69,0
DA:74,0
DA:84,0
DA:89,0
DA:99,0
DA:104,0
DA:114,0
DA:119,0
DA:129,0
DA:134,0
DA:144,0
DA:149,0
DA:159,0
DA:163,0
DA:166,0
DA:176,0
DA:180,0
DA:196,0
DA:199,0
DA:200,0
DA:204,0
DA:205,0
DA:206,0
DA:207,0
DA:210,0
DA:211,0
DA:212,0
DA:213,0
DA:216,0
DA:217,0
DA:218,0
DA:222,0
DA:223,0
DA:227,0
DA:228,0
DA:229,0
DA:233,0
DA:234,0
DA:235,0
DA:236,0
DA:237,0
DA:241,0
DA:242,0
DA:243,0
DA:244,0
DA:245,0
DA:249,0
DA:250,0
DA:251,0
DA:252,0
DA:257,0
DA:261,0
DA:262,0
DA:263,0
DA:264,0
DA:269,0
DA:270,0
DA:271,0
DA:272,0
DA:275,0
DA:276,0
DA:279,0
DA:290,0
DA:294,0
DA:295,0
DA:297,0
DA:301,0
DA:302,0
DA:304,0
DA:307,0
DA:319,0
DA:320,0
DA:322,0
DA:325,0
DA:326,0
DA:327,0
DA:331,0
DA:332,0
DA:335,0
DA:337,0
DA:338,0
DA:339,0
DA:341,0
DA:342,0
DA:343,0
DA:347,0
DA:349,0
DA:361,0
DA:362,0
DA:364,0
DA:367,0
DA:368,0
DA:369,0
DA:373,0
DA:374,0
DA:376,0
DA:377,0
DA:378,0
DA:379,0
DA:380,0
DA:381,0
DA:382,0
DA:387,0
DA:388,0
DA:390,0
DA:391,0
DA:392,0
DA:394,0
DA:396,0
DA:397,0
DA:398,0
DA:399,0
DA:400,0
DA:405,0
DA:406,0
DA:407,0
DA:411,0
DA:412,0
DA:415,0
DA:416,0
DA:417,0
DA:421,0
DA:422,0
DA:426,0
DA:427,0
DA:431,0
DA:432,0
DA:436,0
DA:437,0
DA:440,0
DA:444,0
LF:142
LH:0
BRDA:178,0,0,0
BRDA:178,0,1,0
BRDA:178,0,2,0
BRDA:194,1,0,0
BRDA:196,2,0,0
BRDA:196,2,1,0
BRDA:200,3,0,0
BRDA:200,3,1,0
BRDA:204,4,0,0
BRDA:204,4,1,0
BRDA:205,5,0,0
BRDA:205,5,1,0
BRDA:206,6,0,0
BRDA:206,6,1,0
BRDA:207,7,0,0
BRDA:207,7,1,0
BRDA:216,8,0,0
BRDA:216,8,1,0
BRDA:217,9,0,0
BRDA:217,9,1,0
BRDA:222,10,0,0
BRDA:222,10,1,0
BRDA:227,11,0,0
BRDA:227,11,1,0
BRDA:233,12,0,0
BRDA:233,12,1,0
BRDA:233,13,0,0
BRDA:233,13,1,0
BRDA:236,14,0,0
BRDA:236,14,1,0
BRDA:241,15,0,0
BRDA:241,15,1,0
BRDA:249,16,0,0
BRDA:249,16,1,0
BRDA:251,17,0,0
BRDA:251,17,1,0
BRDA:262,18,0,0
BRDA:262,18,1,0
BRDA:262,19,0,0
BRDA:262,19,1,0
BRDA:262,19,2,0
BRDA:275,20,0,0
BRDA:275,20,1,0
BRDA:275,21,0,0
BRDA:275,21,1,0
BRDA:294,22,0,0
BRDA:294,22,1,0
BRDA:301,23,0,0
BRDA:301,23,1,0
BRDA:319,24,0,0
BRDA:319,24,1,0
BRDA:325,25,0,0
BRDA:325,25,1,0
BRDA:339,26,0,0
BRDA:339,26,1,0
BRDA:361,27,0,0
BRDA:361,27,1,0
BRDA:367,28,0,0
BRDA:367,28,1,0
BRDA:373,29,0,0
BRDA:373,29,1,0
BRDA:376,30,0,0
BRDA:376,30,1,0
BRDA:378,31,0,0
BRDA:378,31,1,0
BRDA:387,32,0,0
BRDA:387,32,1,0
BRDA:390,33,0,0
BRDA:390,33,1,0
BRDA:391,34,0,0
BRDA:391,34,1,0
BRDA:396,35,0,0
BRDA:396,35,1,0
BRDA:405,36,0,0
BRDA:405,36,1,0
BRDA:411,37,0,0
BRDA:411,37,1,0
BRDA:415,38,0,0
BRDA:415,38,1,0
BRDA:426,39,0,0
BRDA:426,39,1,0
BRDA:431,40,0,0
BRDA:431,40,1,0
BRDA:436,41,0,0
BRDA:436,41,1,0
BRF:85
BRH:0
end_of_record
TN:
SF:components\trace-common.js
FNF:0
FNH:0
DA:11,0
DA:12,0
DA:15,0
DA:16,0
DA:19,0
DA:22,0
LF:6
LH:0
BRF:0
BRH:0
end_of_record
TN:
SF:components\trace-core.js
FN:78,(anonymous_0)
FN:163,(anonymous_1)
FN:176,(anonymous_2)
FN:293,(anonymous_3)
FN:294,(anonymous_4)
FN:299,(anonymous_5)
FN:300,(anonymous_6)
FN:309,(anonymous_7)
FN:310,(anonymous_8)
FN:320,(anonymous_9)
FN:334,(anonymous_10)
FN:338,(anonymous_11)
FN:342,(anonymous_12)
FN:348,(anonymous_13)
FN:362,(anonymous_14)
FN:369,(anonymous_15)
FN:380,(anonymous_16)
FN:431,(anonymous_17)
FN:486,(anonymous_18)
FN:536,(anonymous_19)
FN:552,(anonymous_20)
FN:618,(anonymous_21)
FN:682,(anonymous_22)
FN:707,(anonymous_23)
FN:750,(anonymous_24)
FN:766,(anonymous_25)
FN:775,(anonymous_26)
FN:800,(anonymous_27)
FN:801,(anonymous_28)
FN:805,(anonymous_29)
FN:814,(anonymous_30)
FN:839,(anonymous_31)
FN:846,(anonymous_32)
FN:854,(anonymous_33)
FN:868,(anonymous_34)
FN:891,(anonymous_35)
FN:904,(anonymous_36)
FNF:37
FNH:0
FNDA:0,(anonymous_0)
FNDA:0,(anonymous_1)
FNDA:0,(anonymous_2)
FNDA:0,(anonymous_3)
FNDA:0,(anonymous_4)
FNDA:0,(anonymous_5)
FNDA:0,(anonymous_6)
FNDA:0,(anonymous_7)
FNDA:0,(anonymous_8)
FNDA:0,(anonymous_9)
FNDA:0,(anonymous_10)
FNDA:0,(anonymous_11)
FNDA:0,(anonymous_12)
FNDA:0,(anonymous_13)
FNDA:0,(anonymous_14)
FNDA:0,(anonymous_15)
FNDA:0,(anonymous_16)
FNDA:0,(anonymous_17)
FNDA:0,(anonymous_18)
FNDA:0,(anonymous_19)
FNDA:0,(anonymous_20)
FNDA:0,(anonymous_21)
FNDA:0,(anonymous_22)
FNDA:0,(anonymous_23)
FNDA:0,(anonymous_24)
FNDA:0,(anonymous_25)
FNDA:0,(anonymous_26)
FNDA:0,(anonymous_27)
FNDA:0,(anonymous_28)
FNDA:0,(anonymous_29)
FNDA:0,(anonymous_30)
FNDA:0,(anonymous_31)
FNDA:0,(anonymous_32)
FNDA:0,(anonymous_33)
FNDA:0,(anonymous_34)
FNDA:0,(anonymous_35)
FNDA:0,(anonymous_36)
DA:9,0
DA:10,0
DA:11,0
DA:14,0
DA:32,0
DA:43,0
DA:56,0
DA:59,0
DA:72,0
DA:79,0
DA:82,0
DA:85,0
DA:87,0
DA:89,0
DA:90,0
DA:91,0
DA:93,0
DA:97,0
DA:98,0
DA:103,0
DA:105,0
DA:109,0
DA:110,0
DA:111,0
DA:113,0
DA:117,0
DA:120,0
DA:123,0
DA:126,0
DA:129,0
DA:130,0
DA:134,0
DA:137,0
DA:138,0
DA:141,0
DA:143,0
DA:145,0
DA:146,0
DA:154,0
DA:156,0
DA:165,0
DA:166,0
DA:167,0
DA:168,0
DA:177,0
DA:178,0
DA:182,0
DA:183,0
DA:185,0
DA:186,0
DA:188,0
DA:190,0
DA:191,0
DA:192,0
DA:193,0
DA:195,0
DA:197,0
DA:198,0
DA:199,0
DA:200,0
DA:203,0
DA:206,0
DA:207,0
DA:208,0
DA:209,0
DA:211,0
DA:213,0
DA:214,0
DA:215,0
DA:216,0
DA:219,0
DA:222,0
DA:223,0
DA:224,0
DA:225,0
DA:227,0
DA:229,0
DA:230,0
DA:231,0
DA:232,0
DA:235,0
DA:238,0
DA:239,0
DA:240,0
DA:241,0
DA:243,0
DA:245,0
DA:246,0
DA:247,0
DA:248,0
DA:251,0
DA:254,0
DA:258,0
DA:261,0
DA:267,0
DA:270,0
DA:273,0
DA:281,0
DA:294,0
DA:295,0
DA:296,0
DA:297,0
DA:299,0
DA:300,0
DA:302,0
DA:310,0
DA:311,0
DA:312,0
DA:315,0
DA:316,0
DA:320,0
DA:321,0
DA:322,0
DA:325,0
DA:326,0
DA:336,0
DA:338,0
DA:339,0
DA:342,0
DA:343,0
DA:347,0
DA:348,0
DA:349,0
DA:352,0
DA:353,0
DA:364,0
DA:365,0
DA:369,0
DA:370,0
DA:371,0
DA:381,0
DA:382,0
DA:385,0
DA:386,0
DA:388,0
DA:390,0
DA:391,0
DA:394,0
DA:395,0
DA:398,0
DA:404,0
DA:405,0
DA:407,0
DA:410,0
DA:413,0
DA:420,0
DA:422,0
DA:423,0
DA:432,0
DA:433,0
DA:435,0
DA:436,0
DA:438,0
DA:439,0
DA:444,0
DA:446,0
DA:447,0
DA:448,0
DA:450,0
DA:456,0
DA:458,0
DA:459,0
DA:460,0
DA:462,0
DA:468,0
DA:469,0
DA:471,0
DA:474,0
DA:476,0
DA:477,0
DA:487,0
DA:489,0
DA:495,0
DA:496,0
DA:497,0
DA:501,0
DA:508,0
DA:515,0
DA:517,0
DA:519,0
DA:522,0
DA:528,0
DA:538,0
DA:541,0
DA:544,0
DA:553,0
DA:555,0
DA:556,0
DA:559,0
DA:561,0
DA:563,0
DA:564,0
DA:565,0
DA:566,0
DA:567,0
DA:568,0
DA:571,0
DA:574,0
DA:581,0
DA:582,0
DA:585,0
DA:591,0
DA:594,0
DA:597,0
DA:604,0
DA:606,0
DA:619,0
DA:621,0
DA:622,0
DA:626,0
DA:627,0
DA:631,0
DA:632,0
DA:636,0
DA:637,0
DA:640,0
DA:651,0
DA:658,0
DA:659,0
DA:662,0
DA:664,0
DA:667,0
DA:673,0
DA:684,0
DA:685,0
DA:689,0
DA:690,0
DA:694,0
DA:695,0
DA:699,0
DA:709,0
DA:711,0
DA:714,0
DA:715,0
DA:719,0
DA:720,0
DA:721,0
DA:723,0
DA:727,0
DA:728,0
DA:731,0
DA:738,0
DA:739,0
DA:741,0
DA:751,0
DA:752,0
DA:755,0
DA:758,0
DA:767,0
DA:777,0
DA:787,0
DA:790,0
DA:791,0
DA:801,0
DA:802,0
DA:805,0
DA:806,0
DA:815,0
DA:840,0
DA:847,0
DA:855,0
DA:858,0
DA:861,0
DA:869,0
DA:872,0
DA:875,0
DA:878,0
DA:879,0
DA:880,0
DA:882,0
DA:893,0
DA:898,0
DA:901,0
DA:902,0
DA:903,0
DA:904,0
LF:276
LH:0
BRDA:9,0,0,0
BRDA:9,0,1,0
BRDA:10,1,0,0
BRDA:10,1,1,0
BRDA:11,2,0,0
BRDA:11,2,1,0
BRDA:78,3,0,0
BRDA:89,4,0,0
BRDA:89,4,1,0
BRDA:97,5,0,0
BRDA:97,5,1,0
BRDA:109,6,0,0
BRDA:109,6,1,0
BRDA:129,7,0,0
BRDA:129,7,1,0
BRDA:177,8,0,0
BRDA:177,8,1,0
BRDA:188,9,0,0
BRDA:188,9,1,0
BRDA:188,9,2,0
BRDA:188,9,3,0
BRDA:188,9,4,0
BRDA:190,10,0,0
BRDA:190,10,1,0
BRDA:197,11,0,0
BRDA:197,11,1,0
BRDA:206,12,0,0
BRDA:206,12,1,0
BRDA:213,13,0,0
BRDA:213,13,1,0
BRDA:222,14,0,0
BRDA:222,14,1,0
BRDA:229,15,0,0
BRDA:229,15,1,0
BRDA:238,16,0,0
BRDA:238,16,1,0
BRDA:245,17,0,0
BRDA:245,17,1,0
BRDA:315,18,0,0
BRDA:315,18,1,0
BRDA:325,19,0,0
BRDA:325,19,1,0
BRDA:325,20,0,0
BRDA:325,20,1,0
BRDA:347,21,0,0
BRDA:347,21,1,0
BRDA:347,22,0,0
BRDA:347,22,1,0
BRDA:352,23,0,0
BRDA:352,23,1,0
BRDA:352,24,0,0
BRDA:352,24,1,0
BRDA:364,25,0,0
BRDA:364,25,1,0
BRDA:370,26,0,0
BRDA:370,26,1,0
BRDA:370,27,0,0
BRDA:370,27,1,0
BRDA:381,28,0,0
BRDA:381,28,1,0
BRDA:381,29,0,0
BRDA:381,29,1,0
BRDA:390,30,0,0
BRDA:390,30,1,0
BRDA:390,31,0,0
BRDA:390,31,1,0
BRDA:395,32,0,0
BRDA:395,32,1,0
BRDA:433,33,0,0
BRDA:433,33,1,0
BRDA:433,34,0,0
BRDA:433,34,1,0
BRDA:435,35,0,0
BRDA:435,35,1,0
BRDA:435,36,0,0
BRDA:435,36,1,0
BRDA:435,36,2,0
BRDA:438,37,0,0
BRDA:438,37,1,0
BRDA:446,38,0,0
BRDA:446,38,1,0
BRDA:458,39,0,0
BRDA:458,39,1,0
BRDA:468,40,0,0
BRDA:468,40,1,0
BRDA:495,41,0,0
BRDA:495,41,1,0
BRDA:495,42,0,0
BRDA:495,42,1,0
BRDA:496,43,0,0
BRDA:496,43,1,0
BRDA:496,44,0,0
BRDA:496,44,1,0
BRDA:496,44,2,0
BRDA:555,45,0,0
BRDA:555,45,1,0
BRDA:555,46,0,0
BRDA:555,46,1,0
BRDA:561,47,0,0
BRDA:561,47,1,0
BRDA:561,48,0,0
BRDA:561,48,1,0
BRDA:565,49,0,0
BRDA:565,49,1,0
BRDA:567,50,0,0
BRDA:567,50,1,0
BRDA:581,51,0,0
BRDA:581,51,1,0
BRDA:591,52,0,0
BRDA:591,52,1,0
BRDA:618,53,0,0
BRDA:621,54,0,0
BRDA:621,54,1,0
BRDA:626,55,0,0
BRDA:626,55,1,0
BRDA:626,56,0,0
BRDA:626,56,1,0
BRDA:631,57,0,0
BRDA:631,57,1,0
BRDA:631,58,0,0
BRDA:631,58,1,0
BRDA:631,58,2,0
BRDA:654,59,0,0
BRDA:654,59,1,0
BRDA:658,60,0,0
BRDA:658,60,1,0
BRDA:659,61,0,0
BRDA:659,61,1,0
BRDA:684,62,0,0
BRDA:684,62,1,0
BRDA:689,63,0,0
BRDA:689,63,1,0
BRDA:694,64,0,0
BRDA:694,64,1,0
BRDA:707,65,0,0
BRDA:709,66,0,0
BRDA:709,66,1,0
BRDA:709,67,0,0
BRDA:709,67,1,0
BRDA:719,68,0,0
BRDA:719,68,1,0
BRDA:719,69,0,0
BRDA:719,69,1,0
BRDA:720,70,0,0
BRDA:720,70,1,0
BRDA:720,71,0,0
BRDA:720,71,1,0
BRDA:738,72,0,0
BRDA:738,72,1,0
BRDA:751,73,0,0
BRDA:751,73,1,0
BRDA:767,74,0,0
BRDA:767,74,1,0
BRDA:775,75,0,0
BRDA:790,76,0,0
BRDA:790,76,1,0
BRDA:830,77,0,0
BRDA:830,77,1,0
BRDA:878,78,0,0
BRDA:878,78,1,0
BRDA:878,79,0,0
BRDA:878,79,1,0
BRDA:879,80,0,0
BRDA:879,80,1,0
BRDA:901,81,0,0
BRDA:901,81,1,0
BRDA:901,82,0,0
BRDA:901,82,1,0
BRDA:903,83,0,0
BRDA:903,83,1,0
BRDA:903,84,0,0
BRDA:903,84,1,0
BRF:172
BRH:0
end_of_record
TN:
SF:components\trace-data-import.js
FN:6,(anonymous_0)
FN:11,parseCSV
FN:13,(anonymous_2)
FN:22,(anonymous_3)
FN:33,parseExcel
FN:39,parseJSON
FN:49,handleFileImport
FN:59,(anonymous_7)
FN:84,(anonymous_8)
FN:97,fillFormData
FN:105,(anonymous_10)
FN:121,createImportUI
FN:147,(anonymous_12)
FN:149,(anonymous_13)
FN:157,(anonymous_14)
FN:163,generateTemplate
FN:170,(anonymous_16)
FN:178,(anonymous_17)
FN:197,(anonymous_18)
FN:206,(anonymous_19)
FN:210,initScanner
FN:216,addScanButton
FN:235,(anonymous_22)
FN:241,openScannerModal
FN:276,(anonymous_24)
FN:280,(anonymous_25)
FN:289,(anonymous_26)
FN:301,addScanButtonsToForm
FN:307,(anonymous_28)
FN:322,(anonymous_29)
FN:332,(anonymous_30)
FN:345,(anonymous_31)
FNF:32
FNH:0
FNDA:0,(anonymous_0)
FNDA:0,parseCSV
FNDA:0,(anonymous_2)
FNDA:0,(anonymous_3)
FNDA:0,parseExcel
FNDA:0,parseJSON
FNDA:0,handleFileImport
FNDA:0,(anonymous_7)
FNDA:0,(anonymous_8)
FNDA:0,fillFormData
FNDA:0,(anonymous_10)
FNDA:0,createImportUI
FNDA:0,(anonymous_12)
FNDA:0,(anonymous_13)
FNDA:0,(anonymous_14)
FNDA:0,generateTemplate
FNDA:0,(anonymous_16)
FNDA:0,(anonymous_17)
FNDA:0,(anonymous_18)
FNDA:0,(anonymous_19)
FNDA:0,initScanner
FNDA:0,addScanButton
FNDA:0,(anonymous_22)
FNDA:0,openScannerModal
FNDA:0,(anonymous_24)
FNDA:0,(anonymous_25)
FNDA:0,(anonymous_26)
FNDA:0,addScanButtonsToForm
FNDA:0,(anonymous_28)
FNDA:0,(anonymous_29)
FNDA:0,(anonymous_30)
FNDA:0,(anonymous_31)
DA:6,0
DA:8,0
DA:12,0
DA:13,0
DA:14,0
DA:16,0
DA:17,0
DA:19,0
DA:20,0
DA:22,0
DA:23,0
DA:26,0
DA:29,0
DA:34,0
DA:35,0
DA:40,0
DA:41,0
DA:43,0
DA:44,0
DA:50,0
DA:52,0
DA:53,0
DA:54,0
DA:57,0
DA:59,0
DA:60,0
DA:62,0
DA:63,0
DA:65,0
DA:66,0
DA:68,0
DA:69,0
DA:71,0
DA:72,0
DA:75,0
DA:76,0
DA:79,0
DA:80,0
DA:84,0
DA:85,0
DA:86,0
DA:89,0
DA:90,0
DA:92,0
DA:98,0
DA:101,0
DA:104,0
DA:105,0
DA:106,0
DA:107,0
DA:108,0
DA:109,0
DA:111,0
DA:115,0
DA:122,0
DA:124,0
DA:125,0
DA:126,0
DA:143,0
DA:146,0
DA:147,0
DA:148,0
DA:149,0
DA:150,0
DA:156,0
DA:157,0
DA:158,0
DA:164,0
DA:167,0
DA:168,0
DA:170,0
DA:171,0
DA:172,0
DA:173,0
DA:178,0
DA:181,0
DA:182,0
DA:183,0
DA:185,0
DA:186,0
DA:187,0
DA:189,0
DA:190,0
DA:192,0
DA:193,0
DA:196,0
DA:198,0
DA:206,0
DA:207,0
DA:212,0
DA:217,0
DA:220,0
DA:221,0
DA:222,0
DA:225,0
DA:226,0
DA:227,0
DA:228,0
DA:229,0
DA:230,0
DA:232,0
DA:235,0
DA:236,0
DA:243,0
DA:244,0
DA:245,0
DA:270,0
DA:273,0
DA:274,0
DA:276,0
DA:277,0
DA:280,0
DA:281,0
DA:289,0
DA:290,0
DA:291,0
DA:292,0
DA:293,0
DA:294,0
DA:296,0
DA:302,0
DA:305,0
DA:307,0
DA:309,0
DA:310,0
DA:315,0
DA:316,0
DA:321,0
DA:323,0
DA:329,0
DA:333,0
DA:338,0
DA:339,0
DA:341,0
DA:345,0
DA:346,0
DA:347,0
DA:349,0
DA:350,0
DA:351,0
LF:140
LH:0
BRDA:17,0,0,0
BRDA:17,0,1,0
BRDA:23,1,0,0
BRDA:23,1,1,0
BRDA:52,2,0,0
BRDA:52,2,1,0
BRDA:63,3,0,0
BRDA:63,3,1,0
BRDA:63,3,2,0
BRDA:75,4,0,0
BRDA:75,4,1,0
BRDA:75,5,0,0
BRDA:75,5,1,0
BRDA:89,6,0,0
BRDA:89,6,1,0
BRDA:98,7,0,0
BRDA:98,7,1,0
BRDA:98,8,0,0
BRDA:98,8,1,0
BRDA:98,8,2,0
BRDA:106,9,0,0
BRDA:106,9,1,0
BRDA:107,10,0,0
BRDA:107,10,1,0
BRDA:107,11,0,0
BRDA:107,11,1,0
BRDA:108,12,0,0
BRDA:108,12,1,0
BRDA:108,13,0,0
BRDA:108,13,1,0
BRDA:109,14,0,0
BRDA:109,14,1,0
BRDA:122,15,0,0
BRDA:122,15,1,0
BRDA:148,16,0,0
BRDA:148,16,1,0
BRDA:148,17,0,0
BRDA:148,17,1,0
BRDA:164,18,0,0
BRDA:164,18,1,0
BRDA:171,19,0,0
BRDA:171,19,1,0
BRDA:172,20,0,0
BRDA:172,20,1,0
BRDA:172,21,0,0
BRDA:172,21,1,0
BRDA:217,22,0,0
BRDA:217,22,1,0
BRDA:221,23,0,0
BRDA:221,23,1,0
BRDA:292,24,0,0
BRDA:292,24,1,0
BRDA:302,25,0,0
BRDA:302,25,1,0
BRDA:309,26,0,0
BRDA:309,26,1,0
BRDA:309,26,2,0
BRDA:310,27,0,0
BRDA:310,27,1,0
BRDA:310,27,2,0
BRDA:310,27,3,0
BRDA:315,28,0,0
BRDA:315,28,1,0
BRDA:338,29,0,0
BRDA:338,29,1,0
BRDA:338,30,0,0
BRDA:338,30,1,0
BRDA:349,31,0,0
BRDA:349,31,1,0
BRDA:349,32,0,0
BRDA:349,32,1,0
BRF:71
BRH:0
end_of_record
TN:
SF:components\trace-error-handler.js
FN:7,(anonymous_0)
FN:32,(anonymous_1)
FN:45,(anonymous_2)
FN:47,(anonymous_3)
FN:78,(anonymous_4)
FN:91,(anonymous_5)
FN:92,(anonymous_6)
FN:112,(anonymous_7)
FN:122,(anonymous_8)
FN:123,(anonymous_9)
FN:159,(anonymous_10)
FN:160,(anonymous_11)
FN:187,(anonymous_12)
FN:193,(anonymous_13)
FN:199,(anonymous_14)
FN:203,(anonymous_15)
FN:214,(anonymous_16)
FN:226,(anonymous_17)
FN:246,(anonymous_18)
FN:249,(anonymous_19)
FN:274,(anonymous_20)
FN:298,(anonymous_21)
FN:342,(anonymous_22)
FN:353,(anonymous_23)
FN:381,(anonymous_24)
FN:409,(anonymous_25)
FN:477,(anonymous_26)
FN:499,(anonymous_27)
FN:512,(anonymous_28)
FN:524,(anonymous_29)
FN:548,(anonymous_30)
FN:561,(anonymous_31)
FN:578,(anonymous_32)
FN:583,(anonymous_33)
FN:607,(anonymous_34)
FN:613,(anonymous_35)
FN:616,(anonymous_36)
FN:642,(anonymous_37)
FN:649,(anonymous_38)
FN:661,(anonymous_39)
FNF:40
FNH:0
FNDA:0,(anonymous_0)
FNDA:0,(anonymous_1)
FNDA:0,(anonymous_2)
FNDA:0,(anonymous_3)
FNDA:0,(anonymous_4)
FNDA:0,(anonymous_5)
FNDA:0,(anonymous_6)
FNDA:0,(anonymous_7)
FNDA:0,(anonymous_8)
FNDA:0,(anonymous_9)
FNDA:0,(anonymous_10)
FNDA:0,(anonymous_11)
FNDA:0,(anonymous_12)
FNDA:0,(anonymous_13)
FNDA:0,(anonymous_14)
FNDA:0,(anonymous_15)
FNDA:0,(anonymous_16)
FNDA:0,(anonymous_17)
FNDA:0,(anonymous_18)
FNDA:0,(anonymous_19)
FNDA:0,(anonymous_20)
FNDA:0,(anonymous_21)
FNDA:0,(anonymous_22)
FNDA:0,(anonymous_23)
FNDA:0,(anonymous_24)
FNDA:0,(anonymous_25)
FNDA:0,(anonymous_26)
FNDA:0,(anonymous_27)
FNDA:0,(anonymous_28)
FNDA:0,(anonymous_29)
FNDA:0,(anonymous_30)
FNDA:0,(anonymous_31)
FNDA:0,(anonymous_32)
FNDA:0,(anonymous_33)
FNDA:0,(anonymous_34)
FNDA:0,(anonymous_35)
FNDA:0,(anonymous_36)
FNDA:0,(anonymous_37)
FNDA:0,(anonymous_38)
FNDA:0,(anonymous_39)
DA:9,0
DA:17,0
DA:20,0
DA:33,0
DA:34,0
DA:35,0
DA:36,0
DA:38,0
DA:39,0
DA:47,0
DA:48,0
DA:56,0
DA:59,0
DA:63,0
DA:70,0
DA:74,0
DA:78,0
DA:79,0
DA:85,0
DA:86,0
DA:90,0
DA:91,0
DA:92,0
DA:93,0
DA:99,0
DA:104,0
DA:113,0
DA:114,0
DA:118,0
DA:122,0
DA:123,0
DA:124,0
DA:125,0
DA:127,0
DA:137,0
DA:144,0
DA:145,0
DA:157,0
DA:158,0
DA:159,0
DA:160,0
DA:161,0
DA:173,0
DA:175,0
DA:189,0
DA:190,0
DA:191,0
DA:193,0
DA:194,0
DA:195,0
DA:196,0
DA:199,0
DA:200,0
DA:201,0
DA:203,0
DA:204,0
DA:210,0
DA:211,0
DA:214,0
DA:215,0
DA:221,0
DA:222,0
DA:226,0
DA:227,0
DA:228,0
DA:234,0
DA:235,0
DA:239,0
DA:248,0
DA:249,0
DA:250,0
DA:251,0
DA:254,0
DA:255,0
DA:261,0
DA:262,0
DA:264,0
DA:276,0
DA:286,0
DA:287,0
DA:291,0
DA:299,0
DA:302,0
DA:303,0
DA:307,0
DA:308,0
DA:312,0
DA:315,0
DA:321,0
DA:324,0
DA:325,0
DA:329,0
DA:332,0
DA:333,0
DA:343,0
DA:344,0
DA:346,0
DA:354,0
DA:356,0
DA:357,0
DA:359,0
DA:361,0
DA:362,0
DA:364,0
DA:365,0
DA:367,0
DA:368,0
DA:370,0
DA:371,0
DA:373,0
DA:382,0
DA:384,0
DA:385,0
DA:397,0
DA:398,0
DA:401,0
DA:410,0
DA:413,0
DA:416,0
DA:417,0
DA:421,0
DA:422,0
DA:423,0
DA:443,0
DA:444,0
DA:451,0
DA:454,0
DA:455,0
DA:457,0
DA:458,0
DA:460,0
DA:463,0
DA:464,0
DA:465,0
DA:466,0
DA:477,0
DA:478,0
DA:479,0
DA:482,0
DA:486,0
DA:487,0
DA:488,0
DA:499,0
DA:500,0
DA:504,0
DA:505,0
DA:506,0
DA:509,0
DA:512,0
DA:513,0
DA:514,0
DA:525,0
DA:526,0
DA:529,0
DA:530,0
DA:531,0
DA:534,0
DA:537,0
DA:538,0
DA:541,0
DA:549,0
DA:551,0
DA:554,0
DA:556,0
DA:557,0
DA:561,0
DA:562,0
DA:566,0
DA:568,0
DA:572,0
DA:574,0
DA:576,0
DA:577,0
DA:579,0
DA:580,0
DA:584,0
DA:585,0
DA:590,0
DA:594,0
DA:596,0
DA:600,0
DA:609,0
DA:610,0
DA:613,0
DA:615,0
DA:616,0
DA:619,0
DA:622,0
DA:624,0
DA:643,0
DA:650,0
DA:651,0
DA:662,0
DA:667,0
DA:676,0
DA:679,0
DA:680,0
DA:682,0
DA:683,0
LF:199
LH:0
BRDA:53,0,0,0
BRDA:53,0,1,0
BRDA:59,1,0,0
BRDA:59,1,1,0
BRDA:59,2,0,0
BRDA:59,2,1,0
BRDA:59,2,2,0
BRDA:59,2,3,0
BRDA:65,3,0,0
BRDA:65,3,1,0
BRDA:81,4,0,0
BRDA:81,4,1,0
BRDA:81,5,0,0
BRDA:81,5,1,0
BRDA:82,6,0,0
BRDA:82,6,1,0
BRDA:82,7,0,0
BRDA:82,7,1,0
BRDA:113,8,0,0
BRDA:113,8,1,0
BRDA:113,9,0,0
BRDA:113,9,1,0
BRDA:125,10,0,0
BRDA:125,10,1,0
BRDA:144,11,0,0
BRDA:144,11,1,0
BRDA:157,12,0,0
BRDA:157,12,1,0
BRDA:227,13,0,0
BRDA:227,13,1,0
BRDA:254,14,0,0
BRDA:254,14,1,0
BRDA:254,15,0,0
BRDA:254,15,1,0
BRDA:278,16,0,0
BRDA:278,16,1,0
BRDA:279,17,0,0
BRDA:279,17,1,0
BRDA:280,18,0,0
BRDA:280,18,1,0
BRDA:281,19,0,0
BRDA:281,19,1,0
BRDA:286,20,0,0
BRDA:286,20,1,0
BRDA:299,21,0,0
BRDA:299,21,1,0
BRDA:302,22,0,0
BRDA:302,22,1,0
BRDA:307,23,0,0
BRDA:307,23,1,0
BRDA:312,24,0,0
BRDA:312,24,1,0
BRDA:324,25,0,0
BRDA:324,25,1,0
BRDA:332,26,0,0
BRDA:332,26,1,0
BRDA:332,27,0,0
BRDA:332,27,1,0
BRDA:343,28,0,0
BRDA:343,28,1,0
BRDA:344,29,0,0
BRDA:344,29,1,0
BRDA:354,30,0,0
BRDA:354,30,1,0
BRDA:359,31,0,0
BRDA:359,31,1,0
BRDA:359,31,2,0
BRDA:359,31,3,0
BRDA:359,31,4,0
BRDA:361,32,0,0
BRDA:361,32,1,0
BRDA:364,33,0,0
BRDA:364,33,1,0
BRDA:367,34,0,0
BRDA:367,34,1,0
BRDA:370,35,0,0
BRDA:370,35,1,0
BRDA:370,36,0,0
BRDA:370,36,1,0
BRDA:373,37,0,0
BRDA:373,37,1,0
BRDA:382,38,0,0
BRDA:382,38,1,0
BRDA:382,39,0,0
BRDA:382,39,1,0
BRDA:397,40,0,0
BRDA:397,40,1,0
BRDA:410,41,0,0
BRDA:410,41,1,0
BRDA:416,42,0,0
BRDA:416,42,1,0
BRDA:463,43,0,0
BRDA:463,43,1,0
BRDA:513,44,0,0
BRDA:513,44,1,0
BRDA:525,45,0,0
BRDA:525,45,1,0
BRDA:529,46,0,0
BRDA:529,46,1,0
BRDA:530,47,0,0
BRDA:530,47,1,0
BRDA:537,48,0,0
BRDA:537,48,1,0
BRDA:549,49,0,0
BRDA:549,49,1,0
BRDA:551,50,0,0
BRDA:551,50,1,0
BRDA:551,50,2,0
BRDA:554,51,0,0
BRDA:554,51,1,0
BRDA:554,52,0,0
BRDA:554,52,1,0
BRDA:556,53,0,0
BRDA:556,53,1,0
BRDA:556,54,0,0
BRDA:556,54,1,0
BRDA:572,55,0,0
BRDA:572,55,1,0
BRDA:572,56,0,0
BRDA:572,56,1,0
BRDA:572,56,2,0
BRDA:574,57,0,0
BRDA:574,57,1,0
BRDA:576,58,0,0
BRDA:576,58,1,0
BRDA:576,59,0,0
BRDA:576,59,1,0
BRDA:579,60,0,0
BRDA:579,60,1,0
BRDA:579,61,0,0
BRDA:579,61,1,0
BRDA:584,62,0,0
BRDA:584,62,1,0
BRDA:584,63,0,0
BRDA:584,63,1,0
BRDA:609,64,0,0
BRDA:609,64,1,0
BRDA:616,65,0,0
BRDA:616,65,1,0
BRDA:619,66,0,0
BRDA:619,66,1,0
BRDA:622,67,0,0
BRDA:622,67,1,0
BRDA:679,68,0,0
BRDA:679,68,1,0
BRDA:679,69,0,0
BRDA:679,69,1,0
BRF:147
BRH:0
end_of_record
TN:
SF:components\trace-form-validation.js
FN:7,validateField
FN:64,showFieldError
FN:78,clearFieldError
FN:90,validateForm
FN:94,(anonymous_4)
FN:104,formatDate
FN:109,saveFormState
FN:113,(anonymous_7)
FN:127,loadFormState
FN:133,(anonymous_9)
FN:146,initFormValidation
FN:151,(anonymous_11)
FN:158,(anonymous_12)
FN:163,(anonymous_13)
FNF:14
FNH:0
FNDA:0,validateField
FNDA:0,showFieldError
FNDA:0,clearFieldError
FNDA:0,validateForm
FNDA:0,(anonymous_4)
FNDA:0,formatDate
FNDA:0,saveFormState
FNDA:0,(anonymous_7)
FNDA:0,loadFormState
FNDA:0,(anonymous_9)
FNDA:0,initFormValidation
FNDA:0,(anonymous_11)
FNDA:0,(anonymous_12)
FNDA:0,(anonymous_13)
DA:9,0
DA:12,0
DA:13,0
DA:14,0
DA:18,0
DA:20,0
DA:21,0
DA:22,0
DA:24,0
DA:25,0
DA:26,0
DA:31,0
DA:32,0
DA:33,0
DA:34,0
DA:36,0
DA:37,0
DA:38,0
DA:43,0
DA:44,0
DA:45,0
DA:46,0
DA:47,0
DA:52,0
DA:53,0
DA:54,0
DA:55,0
DA:56,0
DA:60,0
DA:66,0
DA:69,0
DA:70,0
DA:71,0
DA:74,0
DA:80,0
DA:83,0
DA:84,0
DA:85,0
DA:91,0
DA:92,0
DA:94,0
DA:95,0
DA:96,0
DA:100,0
DA:105,0
DA:110,0
DA:111,0
DA:113,0
DA:114,0
DA:115,0
DA:116,0
DA:118,0
DA:123,0
DA:128,0
DA:129,0
DA:130,0
DA:131,0
DA:133,0
DA:134,0
DA:135,0
DA:136,0
DA:138,0
DA:147,0
DA:150,0
DA:151,0
DA:153,0
DA:154,0
DA:158,0
DA:159,0
DA:163,0
DA:164,0
DA:169,0
DA:173,0
LF:73
LH:0
BRDA:12,0,0,0
BRDA:12,0,1,0
BRDA:12,1,0,0
BRDA:12,1,1,0
BRDA:18,2,0,0
BRDA:18,2,1,0
BRDA:20,3,0,0
BRDA:20,3,1,0
BRDA:20,4,0,0
BRDA:20,4,1,0
BRDA:24,5,0,0
BRDA:24,5,1,0
BRDA:24,6,0,0
BRDA:24,6,1,0
BRDA:31,7,0,0
BRDA:31,7,1,0
BRDA:31,8,0,0
BRDA:31,8,1,0
BRDA:32,9,0,0
BRDA:32,9,1,0
BRDA:32,10,0,0
BRDA:32,10,1,0
BRDA:36,11,0,0
BRDA:36,11,1,0
BRDA:36,12,0,0
BRDA:36,12,1,0
BRDA:43,13,0,0
BRDA:43,13,1,0
BRDA:43,14,0,0
BRDA:43,14,1,0
BRDA:45,15,0,0
BRDA:45,15,1,0
BRDA:52,16,0,0
BRDA:52,16,1,0
BRDA:52,17,0,0
BRDA:52,17,1,0
BRDA:54,18,0,0
BRDA:54,18,1,0
BRDA:84,19,0,0
BRDA:84,19,1,0
BRDA:95,20,0,0
BRDA:95,20,1,0
BRDA:114,21,0,0
BRDA:114,21,1,0
BRDA:115,22,0,0
BRDA:115,22,1,0
BRDA:115,23,0,0
BRDA:115,23,1,0
BRDA:129,24,0,0
BRDA:129,24,1,0
BRDA:134,25,0,0
BRDA:134,25,1,0
BRDA:134,26,0,0
BRDA:134,26,1,0
BRDA:135,27,0,0
BRDA:135,27,1,0
BRDA:135,28,0,0
BRDA:135,28,1,0
BRDA:147,29,0,0
BRDA:147,29,1,0
BRDA:153,30,0,0
BRDA:153,30,1,0
BRDA:154,31,0,0
BRDA:154,31,1,0
BRF:64
BRH:0
end_of_record
TN:
SF:components\trace-intelligence.js
FN:6,(anonymous_0)
FN:17,(anonymous_1)
FN:44,(anonymous_2)
FN:113,handleDataLink
FN:122,(anonymous_4)
FN:140,setupFieldLinks
FN:144,(anonymous_6)
FN:147,(anonymous_7)
FN:160,(anonymous_8)
FN:164,(anonymous_9)
FN:167,(anonymous_10)
FN:174,(anonymous_11)
FN:180,(anonymous_12)
FN:188,(anonymous_13)
FN:207,(anonymous_14)
FN:215,createSuggestionElement
FN:226,checkFieldSuggestion
FN:231,(anonymous_17)
FN:245,checkMultiFieldSuggestion
FN:247,(anonymous_19)
FN:252,(anonymous_20)
FN:266,clearFieldSuggestion
FN:270,(anonymous_22)
FN:275,arraysEqual
FN:279,(anonymous_24)
FN:283,setupFieldSuggestions
FN:287,(anonymous_26)
FN:292,(anonymous_27)
FN:300,(anonymous_28)
FN:302,(anonymous_29)
FN:306,(anonymous_30)
FN:316,(anonymous_31)
FN:323,(anonymous_32)
FN:333,toggleStages
FN:340,(anonymous_34)
FN:346,(anonymous_35)
FN:355,getFormCompletion
FN:363,(anonymous_37)
FN:375,updateFormCompletion
FN:395,setupFormProgress
FN:416,(anonymous_40)
FN:417,(anonymous_41)
FN:426,(anonymous_42)
FN:430,(anonymous_43)
FNF:44
FNH:0
FNDA:0,(anonymous_0)
FNDA:0,(anonymous_1)
FNDA:0,(anonymous_2)
FNDA:0,handleDataLink
FNDA:0,(anonymous_4)
FNDA:0,setupFieldLinks
FNDA:0,(anonymous_6)
FNDA:0,(anonymous_7)
FNDA:0,(anonymous_8)
FNDA:0,(anonymous_9)
FNDA:0,(anonymous_10)
FNDA:0,(anonymous_11)
FNDA:0,(anonymous_12)
FNDA:0,(anonymous_13)
FNDA:0,(anonymous_14)
FNDA:0,createSuggestionElement
FNDA:0,checkFieldSuggestion
FNDA:0,(anonymous_17)
FNDA:0,checkMultiFieldSuggestion
FNDA:0,(anonymous_19)
FNDA:0,(anonymous_20)
FNDA:0,clearFieldSuggestion
FNDA:0,(anonymous_22)
FNDA:0,arraysEqual
FNDA:0,(anonymous_24)
FNDA:0,setupFieldSuggestions
FNDA:0,(anonymous_26)
FNDA:0,(anonymous_27)
FNDA:0,(anonymous_28)
FNDA:0,(anonymous_29)
FNDA:0,(anonymous_30)
FNDA:0,(anonymous_31)
FNDA:0,(anonymous_32)
FNDA:0,toggleStages
FNDA:0,(anonymous_34)
FNDA:0,(anonymous_35)
FNDA:0,getFormCompletion
FNDA:0,(anonymous_37)
FNDA:0,updateFormCompletion
FNDA:0,setupFormProgress
FNDA:0,(anonymous_40)
FNDA:0,(anonymous_41)
FNDA:0,(anonymous_42)
FNDA:0,(anonymous_43)
DA:6,0
DA:8,0
DA:18,0
DA:20,0
DA:21,0
DA:22,0
DA:25,0
DA:26,0
DA:27,0
DA:29,0
DA:30,0
DA:45,0
DA:47,0
DA:48,0
DA:49,0
DA:50,0
DA:53,0
DA:54,0
DA:55,0
DA:56,0
DA:60,0
DA:63,0
DA:66,0
DA:67,0
DA:68,0
DA:76,0
DA:114,0
DA:115,0
DA:118,0
DA:119,0
DA:120,0
DA:121,0
DA:122,0
DA:123,0
DA:124,0
DA:125,0
DA:127,0
DA:134,0
DA:135,0
DA:141,0
DA:144,0
DA:145,0
DA:146,0
DA:147,0
DA:148,0
DA:152,0
DA:153,0
DA:159,0
DA:161,0
DA:165,0
DA:168,0
DA:174,0
DA:176,0
DA:181,0
DA:189,0
DA:190,0
DA:192,0
DA:193,0
DA:194,0
DA:195,0
DA:198,0
DA:200,0
DA:208,0
DA:216,0
DA:217,0
DA:218,0
DA:222,0
DA:228,0
DA:231,0
DA:232,0
DA:233,0
DA:234,0
DA:235,0
DA:236,0
DA:237,0
DA:247,0
DA:248,0
DA:252,0
DA:253,0
DA:254,0
DA:255,0
DA:256,0
DA:257,0
DA:258,0
DA:267,0
DA:268,0
DA:269,0
DA:270,0
DA:276,0
DA:277,0
DA:278,0
DA:279,0
DA:284,0
DA:287,0
DA:288,0
DA:289,0
DA:290,0
DA:292,0
DA:293,0
DA:300,0
DA:301,0
DA:302,0
DA:303,0
DA:304,0
DA:306,0
DA:307,0
DA:315,0
DA:317,0
DA:323,0
DA:325,0
DA:334,0
DA:337,0
DA:340,0
DA:341,0
DA:345,0
DA:346,0
DA:347,0
DA:348,0
DA:349,0
DA:356,0
DA:358,0
DA:359,0
DA:361,0
DA:363,0
DA:364,0
DA:365,0
DA:366,0
DA:367,0
DA:371,0
DA:376,0
DA:378,0
DA:379,0
DA:381,0
DA:382,0
DA:384,0
DA:385,0
DA:386,0
DA:387,0
DA:389,0
DA:396,0
DA:399,0
DA:400,0
DA:402,0
DA:403,0
DA:404,0
DA:406,0
DA:409,0
DA:412,0
DA:415,0
DA:416,0
DA:417,0
DA:418,0
DA:422,0
DA:425,0
DA:427,0
DA:430,0
DA:431,0
DA:435,0
DA:436,0
DA:444,0
LF:160
LH:0
BRDA:18,0,0,0
BRDA:18,0,1,0
BRDA:26,1,0,0
BRDA:26,1,1,0
BRDA:29,2,0,0
BRDA:29,2,1,0
BRDA:29,3,0,0
BRDA:29,3,1,0
BRDA:45,4,0,0
BRDA:45,4,1,0
BRDA:55,5,0,0
BRDA:55,5,1,0
BRDA:55,6,0,0
BRDA:55,6,1,0
BRDA:67,7,0,0
BRDA:67,7,1,0
BRDA:67,8,0,0
BRDA:67,8,1,0
BRDA:115,9,0,0
BRDA:115,9,1,0
BRDA:118,10,0,0
BRDA:118,10,1,0
BRDA:118,11,0,0
BRDA:118,11,1,0
BRDA:120,12,0,0
BRDA:120,12,1,0
BRDA:124,13,0,0
BRDA:124,13,1,0
BRDA:124,14,0,0
BRDA:124,14,1,0
BRDA:134,15,0,0
BRDA:134,15,1,0
BRDA:134,16,0,0
BRDA:134,16,1,0
BRDA:141,17,0,0
BRDA:141,17,1,0
BRDA:146,18,0,0
BRDA:146,18,1,0
BRDA:152,19,0,0
BRDA:152,19,1,0
BRDA:181,20,0,0
BRDA:181,20,1,0
BRDA:192,21,0,0
BRDA:192,21,1,0
BRDA:192,22,0,0
BRDA:192,22,1,0
BRDA:198,23,0,0
BRDA:198,23,1,0
BRDA:208,24,0,0
BRDA:208,24,1,0
BRDA:208,24,2,0
BRDA:232,25,0,0
BRDA:232,25,1,0
BRDA:233,26,0,0
BRDA:233,26,1,0
BRDA:235,27,0,0
BRDA:235,27,1,0
BRDA:253,28,0,0
BRDA:253,28,1,0
BRDA:253,29,0,0
BRDA:253,29,1,0
BRDA:254,30,0,0
BRDA:254,30,1,0
BRDA:256,31,0,0
BRDA:256,31,1,0
BRDA:268,32,0,0
BRDA:268,32,1,0
BRDA:276,33,0,0
BRDA:276,33,1,0
BRDA:284,34,0,0
BRDA:284,34,1,0
BRDA:288,35,0,0
BRDA:288,35,1,0
BRDA:290,36,0,0
BRDA:290,36,1,0
BRDA:301,37,0,0
BRDA:301,37,1,0
BRDA:304,38,0,0
BRDA:304,38,1,0
BRDA:334,39,0,0
BRDA:334,39,1,0
BRDA:348,40,0,0
BRDA:348,40,1,0
BRDA:356,41,0,0
BRDA:356,41,1,0
BRDA:359,42,0,0
BRDA:359,42,1,0
BRDA:364,43,0,0
BRDA:364,43,1,0
BRDA:364,44,0,0
BRDA:364,44,1,0
BRDA:365,45,0,0
BRDA:365,45,1,0
BRDA:366,46,0,0
BRDA:366,46,1,0
BRDA:376,47,0,0
BRDA:376,47,1,0
BRDA:376,48,0,0
BRDA:376,48,1,0
BRDA:381,49,0,0
BRDA:381,49,1,0
BRDA:384,50,0,0
BRDA:384,50,1,0
BRDA:386,51,0,0
BRDA:386,51,1,0
BRDA:396,52,0,0
BRDA:396,52,1,0
BRDA:427,53,0,0
BRDA:427,53,1,0
BRDA:435,54,0,0
BRDA:435,54,1,0
BRF:111
BRH:0
end_of_record
TN:
SF:components\trace-main.js
FN:8,(anonymous_0)
FN:16,initializeTraceSystem
FN:33,(anonymous_2)
FN:60,setupButtonUpgradeObserver
FN:64,(anonymous_4)
FN:68,(anonymous_5)
FN:70,(anonymous_6)
FN:116,isButtonElement
FN:151,loadStylesheet
FN:161,initializeTraceMap
FN:165,(anonymous_10)
FN:166,(anonymous_11)
FN:168,(anonymous_12)
FN:185,initializeTraceList
FN:189,(anonymous_14)
FN:190,(anonymous_15)
FN:200,initializeTraceDetail
FN:206,(anonymous_17)
FN:207,(anonymous_18)
FN:209,(anonymous_19)
FN:210,(anonymous_20)
FN:226,initializeHomeSelector
FN:230,(anonymous_22)
FN:231,(anonymous_23)
FN:260,initializeLogin
FN:265,(anonymous_25)
FN:281,(anonymous_26)
FN:303,initializeProductTrace
FN:308,(anonymous_28)
FN:316,(anonymous_29)
FN:326,(anonymous_30)
FN:345,(anonymous_31)
FNF:32
FNH:0
FNDA:0,(anonymous_0)
FNDA:0,initializeTraceSystem
FNDA:0,(anonymous_2)
FNDA:0,setupButtonUpgradeObserver
FNDA:0,(anonymous_4)
FNDA:0,(anonymous_5)
FNDA:0,(anonymous_6)
FNDA:0,isButtonElement
FNDA:0,loadStylesheet
FNDA:0,initializeTraceMap
FNDA:0,(anonymous_10)
FNDA:0,(anonymous_11)
FNDA:0,(anonymous_12)
FNDA:0,initializeTraceList
FNDA:0,(anonymous_14)
FNDA:0,(anonymous_15)
FNDA:0,initializeTraceDetail
FNDA:0,(anonymous_17)
FNDA:0,(anonymous_18)
FNDA:0,(anonymous_19)
FNDA:0,(anonymous_20)
FNDA:0,initializeHomeSelector
FNDA:0,(anonymous_22)
FNDA:0,(anonymous_23)
FNDA:0,initializeLogin
FNDA:0,(anonymous_25)
FNDA:0,(anonymous_26)
FNDA:0,initializeProductTrace
FNDA:0,(anonymous_28)
FNDA:0,(anonymous_29)
FNDA:0,(anonymous_30)
FNDA:0,(anonymous_31)
DA:8,0
DA:10,0
DA:18,0
DA:21,0
DA:24,0
DA:26,0
DA:27,0
DA:30,0
DA:33,0
DA:34,0
DA:35,0
DA:38,0
DA:42,0
DA:43,0
DA:44,0
DA:45,0
DA:46,0
DA:47,0
DA:48,0
DA:49,0
DA:50,0
DA:51,0
DA:52,0
DA:53,0
DA:61,0
DA:64,0
DA:65,0
DA:68,0
DA:69,0
DA:70,0
DA:72,0
DA:74,0
DA:75,0
DA:79,0
DA:80,0
DA:81,0
DA:82,0
DA:91,0
DA:92,0
DA:93,0
DA:94,0
DA:100,0
DA:106,0
DA:108,0
DA:117,0
DA:119,0
DA:122,0
DA:125,0
DA:126,0
DA:127,0
DA:128,0
DA:133,0
DA:136,0
DA:137,0
DA:138,0
DA:139,0
DA:140,0
DA:144,0
DA:152,0
DA:153,0
DA:154,0
DA:155,0
DA:162,0
DA:164,0
DA:165,0
DA:166,0
DA:168,0
DA:169,0
DA:170,0
DA:174,0
DA:175,0
DA:186,0
DA:188,0
DA:189,0
DA:190,0
DA:192,0
DA:201,0
DA:203,0
DA:204,0
DA:206,0
DA:207,0
DA:209,0
DA:210,0
DA:213,0
DA:214,0
DA:215,0
DA:216,0
DA:217,0
DA:227,0
DA:229,0
DA:230,0
DA:231,0
DA:232,0
DA:233,0
DA:235,0
DA:236,0
DA:238,0
DA:239,0
DA:241,0
DA:242,0
DA:244,0
DA:245,0
DA:247,0
DA:248,0
DA:250,0
DA:251,0
DA:261,0
DA:263,0
DA:264,0
DA:265,0
DA:266,0
DA:268,0
DA:269,0
DA:270,0
DA:273,0
DA:274,0
DA:276,0
DA:279,0
DA:281,0
DA:284,0
DA:287,0
DA:290,0
DA:291,0
DA:293,0
DA:304,0
DA:306,0
DA:307,0
DA:308,0
DA:309,0
DA:314,0
DA:315,0
DA:316,0
DA:318,0
DA:319,0
DA:321,0
DA:324,0
DA:326,0
DA:328,0
DA:330,0
DA:333,0
DA:334,0
DA:336,0
DA:343,0
DA:344,0
DA:345,0
DA:347,0
DA:348,0
DA:350,0
LF:148
LH:0
BRDA:24,0,0,0
BRDA:24,0,1,0
BRDA:42,1,0,0
BRDA:42,1,1,0
BRDA:44,2,0,0
BRDA:44,2,1,0
BRDA:46,3,0,0
BRDA:46,3,1,0
BRDA:48,4,0,0
BRDA:48,4,1,0
BRDA:50,5,0,0
BRDA:50,5,1,0
BRDA:52,6,0,0
BRDA:52,6,1,0
BRDA:61,7,0,0
BRDA:61,7,1,0
BRDA:69,8,0,0
BRDA:69,8,1,0
BRDA:69,9,0,0
BRDA:69,9,1,0
BRDA:72,10,0,0
BRDA:72,10,1,0
BRDA:74,11,0,0
BRDA:74,11,1,0
BRDA:79,12,0,0
BRDA:79,12,1,0
BRDA:81,13,0,0
BRDA:81,13,1,0
BRDA:91,14,0,0
BRDA:91,14,1,0
BRDA:93,15,0,0
BRDA:93,15,1,0
BRDA:117,16,0,0
BRDA:117,16,1,0
BRDA:122,17,0,0
BRDA:122,17,1,0
BRDA:125,18,0,0
BRDA:125,18,1,0
BRDA:127,19,0,0
BRDA:127,19,1,0
BRDA:127,20,0,0
BRDA:127,20,1,0
BRDA:127,20,2,0
BRDA:133,21,0,0
BRDA:133,21,1,0
BRDA:137,22,0,0
BRDA:137,22,1,0
BRDA:140,23,0,0
BRDA:140,23,1,0
BRDA:216,24,0,0
BRDA:216,24,1,0
BRDA:233,25,0,0
BRDA:233,25,1,0
BRDA:233,25,2,0
BRDA:233,25,3,0
BRDA:233,25,4,0
BRDA:233,25,5,0
BRDA:264,26,0,0
BRDA:264,26,1,0
BRDA:273,27,0,0
BRDA:273,27,1,0
BRDA:290,28,0,0
BRDA:290,28,1,0
BRDA:307,29,0,0
BRDA:307,29,1,0
BRDA:315,30,0,0
BRDA:315,30,1,0
BRDA:318,31,0,0
BRDA:318,31,1,0
BRDA:333,32,0,0
BRDA:333,32,1,0
BRDA:344,33,0,0
BRDA:344,33,1,0
BRDA:348,34,0,0
BRDA:348,34,1,0
BRF:75
BRH:0
end_of_record
TN:
SF:components\trace-map.js
FN:46,(anonymous_0)
FN:69,(anonymous_1)
FN:93,(anonymous_2)
FN:98,(anonymous_3)
FN:109,(anonymous_4)
FN:115,(anonymous_5)
FN:121,(anonymous_6)
FN:133,(anonymous_7)
FN:138,(anonymous_8)
FN:149,(anonymous_9)
FN:154,(anonymous_10)
FN:166,(anonymous_11)
FN:171,(anonymous_12)
FN:182,(anonymous_13)
FN:187,(anonymous_14)
FN:201,(anonymous_15)
FN:233,(anonymous_16)
FN:257,(anonymous_17)
FN:271,(anonymous_18)
FN:290,(anonymous_19)
FN:305,(anonymous_20)
FN:328,(anonymous_21)
FN:343,(anonymous_22)
FN:380,(anonymous_23)
FN:395,(anonymous_24)
FN:415,(anonymous_25)
FN:429,(anonymous_26)
FN:439,(anonymous_27)
FN:458,(anonymous_28)
FN:472,(anonymous_29)
FN:488,(anonymous_30)
FN:505,(anonymous_31)
FN:519,(anonymous_32)
FN:556,(anonymous_33)
FN:576,(anonymous_34)
FN:577,(anonymous_35)
FN:602,(anonymous_36)
FN:603,(anonymous_37)
FN:621,(anonymous_38)
FN:630,(anonymous_39)
FN:639,(anonymous_40)
FN:642,(anonymous_41)
FN:663,(anonymous_42)
FN:685,(anonymous_43)
FN:720,(anonymous_44)
FN:741,(anonymous_45)
FN:759,(anonymous_46)
FN:781,(anonymous_47)
FN:789,(anonymous_48)
FN:792,(anonymous_49)
FN:803,(anonymous_50)
FN:806,(anonymous_51)
FN:810,(anonymous_52)
FN:816,(anonymous_53)
FN:826,(anonymous_54)
FN:829,(anonymous_55)
FN:846,(anonymous_56)
FN:858,(anonymous_57)
FNF:58
FNH:0
FNDA:0,(anonymous_0)
FNDA:0,(anonymous_1)
FNDA:0,(anonymous_2)
FNDA:0,(anonymous_3)
FNDA:0,(anonymous_4)
FNDA:0,(anonymous_5)
FNDA:0,(anonymous_6)
FNDA:0,(anonymous_7)
FNDA:0,(anonymous_8)
FNDA:0,(anonymous_9)
FNDA:0,(anonymous_10)
FNDA:0,(anonymous_11)
FNDA:0,(anonymous_12)
FNDA:0,(anonymous_13)
FNDA:0,(anonymous_14)
FNDA:0,(anonymous_15)
FNDA:0,(anonymous_16)
FNDA:0,(anonymous_17)
FNDA:0,(anonymous_18)
FNDA:0,(anonymous_19)
FNDA:0,(anonymous_20)
FNDA:0,(anonymous_21)
FNDA:0,(anonymous_22)
FNDA:0,(anonymous_23)
FNDA:0,(anonymous_24)
FNDA:0,(anonymous_25)
FNDA:0,(anonymous_26)
FNDA:0,(anonymous_27)
FNDA:0,(anonymous_28)
FNDA:0,(anonymous_29)
FNDA:0,(anonymous_30)
FNDA:0,(anonymous_31)
FNDA:0,(anonymous_32)
FNDA:0,(anonymous_33)
FNDA:0,(anonymous_34)
FNDA:0,(anonymous_35)
FNDA:0,(anonymous_36)
FNDA:0,(anonymous_37)
FNDA:0,(anonymous_38)
FNDA:0,(anonymous_39)
FNDA:0,(anonymous_40)
FNDA:0,(anonymous_41)
FNDA:0,(anonymous_42)
FNDA:0,(anonymous_43)
FNDA:0,(anonymous_44)
FNDA:0,(anonymous_45)
FNDA:0,(anonymous_46)
FNDA:0,(anonymous_47)
FNDA:0,(anonymous_48)
FNDA:0,(anonymous_49)
FNDA:0,(anonymous_50)
FNDA:0,(anonymous_51)
FNDA:0,(anonymous_52)
FNDA:0,(anonymous_53)
FNDA:0,(anonymous_54)
FNDA:0,(anonymous_55)
FNDA:0,(anonymous_56)
FNDA:0,(anonymous_57)
DA:9,0
DA:23,0
DA:26,0
DA:40,0
DA:47,0
DA:49,0
DA:52,0
DA:54,0
DA:55,0
DA:57,0
DA:59,0
DA:60,0
DA:61,0
DA:70,0
DA:72,0
DA:74,0
DA:75,0
DA:77,0
DA:78,0
DA:80,0
DA:81,0
DA:83,0
DA:86,0
DA:94,0
DA:95,0
DA:98,0
DA:100,0
DA:101,0
DA:102,0
DA:105,0
DA:106,0
DA:107,0
DA:109,0
DA:111,0
DA:116,0
DA:117,0
DA:121,0
DA:122,0
DA:125,0
DA:134,0
DA:135,0
DA:138,0
DA:140,0
DA:141,0
DA:142,0
DA:145,0
DA:146,0
DA:147,0
DA:149,0
DA:150,0
DA:151,0
DA:154,0
DA:155,0
DA:158,0
DA:167,0
DA:168,0
DA:171,0
DA:173,0
DA:174,0
DA:175,0
DA:178,0
DA:179,0
DA:180,0
DA:182,0
DA:183,0
DA:184,0
DA:187,0
DA:188,0
DA:191,0
DA:202,0
DA:203,0
DA:204,0
DA:208,0
DA:215,0
DA:217,0
DA:219,0
DA:221,0
DA:223,0
DA:234,0
DA:235,0
DA:239,0
DA:246,0
DA:247,0
DA:250,0
DA:253,0
DA:254,0
DA:257,0
DA:258,0
DA:259,0
DA:262,0
DA:272,0
DA:273,0
DA:277,0
DA:283,0
DA:286,0
DA:287,0
DA:290,0
DA:291,0
DA:292,0
DA:293,0
DA:296,0
DA:306,0
DA:307,0
DA:311,0
DA:312,0
DA:313,0
DA:314,0
DA:317,0
DA:318,0
DA:321,0
DA:324,0
DA:325,0
DA:328,0
DA:329,0
DA:330,0
DA:331,0
DA:334,0
DA:344,0
DA:345,0
DA:350,0
DA:352,0
DA:353,0
DA:355,0
DA:356,0
DA:358,0
DA:359,0
DA:361,0
DA:365,0
DA:371,0
DA:381,0
DA:391,0
DA:394,0
DA:395,0
DA:396,0
DA:405,0
DA:406,0
DA:411,0
DA:412,0
DA:415,0
DA:416,0
DA:420,0
DA:430,0
DA:438,0
DA:439,0
DA:440,0
DA:449,0
DA:450,0
DA:454,0
DA:455,0
DA:458,0
DA:459,0
DA:463,0
DA:473,0
DA:474,0
DA:479,0
DA:480,0
DA:481,0
DA:484,0
DA:487,0
DA:488,0
DA:489,0
DA:498,0
DA:499,0
DA:501,0
DA:502,0
DA:505,0
DA:506,0
DA:510,0
DA:520,0
DA:521,0
DA:526,0
DA:528,0
DA:529,0
DA:531,0
DA:532,0
DA:534,0
DA:535,0
DA:537,0
DA:541,0
DA:547,0
DA:557,0
DA:565,0
DA:567,0
DA:577,0
DA:582,0
DA:591,0
DA:593,0
DA:603,0
DA:605,0
DA:612,0
DA:614,0
DA:622,0
DA:623,0
DA:627,0
DA:630,0
DA:639,0
DA:642,0
DA:644,0
DA:647,0
DA:650,0
DA:663,0
DA:666,0
DA:667,0
DA:675,0
DA:688,0
DA:689,0
DA:692,0
DA:693,0
DA:696,0
DA:698,0
DA:700,0
DA:702,0
DA:704,0
DA:706,0
DA:708,0
DA:710,0
DA:721,0
DA:722,0
DA:724,0
DA:742,0
DA:752,0
DA:760,0
DA:761,0
DA:764,0
DA:766,0
DA:767,0
DA:769,0
DA:770,0
DA:772,0
DA:773,0
DA:782,0
DA:790,0
DA:792,0
DA:793,0
DA:796,0
DA:804,0
DA:806,0
DA:807,0
DA:810,0
DA:817,0
DA:818,0
DA:821,0
DA:823,0
DA:824,0
DA:826,0
DA:827,0
DA:829,0
DA:830,0
DA:832,0
DA:834,0
DA:835,0
DA:838,0
DA:839,0
DA:847,0
DA:852,0
DA:855,0
DA:856,0
DA:857,0
DA:858,0
LF:259
LH:0
BRDA:46,0,0,0
BRDA:72,1,0,0
BRDA:72,1,1,0
BRDA:72,1,2,0
BRDA:72,1,3,0
BRDA:94,2,0,0
BRDA:94,2,1,0
BRDA:100,3,0,0
BRDA:100,3,1,0
BRDA:134,4,0,0
BRDA:134,4,1,0
BRDA:134,5,0,0
BRDA:134,5,1,0
BRDA:140,6,0,0
BRDA:140,6,1,0
BRDA:167,7,0,0
BRDA:167,7,1,0
BRDA:173,8,0,0
BRDA:173,8,1,0
BRDA:201,9,0,0
BRDA:203,10,0,0
BRDA:203,10,1,0
BRDA:209,11,0,0
BRDA:209,11,1,0
BRDA:210,12,0,0
BRDA:210,12,1,0
BRDA:215,13,0,0
BRDA:215,13,1,0
BRDA:215,13,2,0
BRDA:215,13,3,0
BRDA:234,14,0,0
BRDA:234,14,1,0
BRDA:272,15,0,0
BRDA:272,15,1,0
BRDA:272,16,0,0
BRDA:272,16,1,0
BRDA:306,17,0,0
BRDA:306,17,1,0
BRDA:343,18,0,0
BRDA:344,19,0,0
BRDA:344,19,1,0
BRDA:350,20,0,0
BRDA:350,20,1,0
BRDA:350,20,2,0
BRDA:350,20,3,0
BRDA:383,21,0,0
BRDA:383,21,1,0
BRDA:385,22,0,0
BRDA:385,22,1,0
BRDA:394,23,0,0
BRDA:394,23,1,0
BRDA:398,24,0,0
BRDA:398,24,1,0
BRDA:405,25,0,0
BRDA:405,25,1,0
BRDA:411,26,0,0
BRDA:411,26,1,0
BRDA:433,27,0,0
BRDA:433,27,1,0
BRDA:438,28,0,0
BRDA:438,28,1,0
BRDA:442,29,0,0
BRDA:442,29,1,0
BRDA:449,30,0,0
BRDA:449,30,1,0
BRDA:454,31,0,0
BRDA:454,31,1,0
BRDA:475,32,0,0
BRDA:475,32,1,0
BRDA:479,33,0,0
BRDA:479,33,1,0
BRDA:487,34,0,0
BRDA:487,34,1,0
BRDA:491,35,0,0
BRDA:491,35,1,0
BRDA:498,36,0,0
BRDA:498,36,1,0
BRDA:501,37,0,0
BRDA:501,37,1,0
BRDA:519,38,0,0
BRDA:520,39,0,0
BRDA:520,39,1,0
BRDA:526,40,0,0
BRDA:526,40,1,0
BRDA:526,40,2,0
BRDA:526,40,3,0
BRDA:559,41,0,0
BRDA:559,41,1,0
BRDA:560,42,0,0
BRDA:560,42,1,0
BRDA:561,43,0,0
BRDA:561,43,1,0
BRDA:562,44,0,0
BRDA:562,44,1,0
BRDA:585,45,0,0
BRDA:585,45,1,0
BRDA:586,46,0,0
BRDA:586,46,1,0
BRDA:587,47,0,0
BRDA:587,47,1,0
BRDA:588,48,0,0
BRDA:588,48,1,0
BRDA:606,49,0,0
BRDA:606,49,1,0
BRDA:607,50,0,0
BRDA:607,50,1,0
BRDA:608,51,0,0
BRDA:608,51,1,0
BRDA:609,52,0,0
BRDA:609,52,1,0
BRDA:622,53,0,0
BRDA:622,53,1,0
BRDA:622,54,0,0
BRDA:622,54,1,0
BRDA:622,54,2,0
BRDA:632,55,0,0
BRDA:632,55,1,0
BRDA:632,55,2,0
BRDA:634,56,0,0
BRDA:634,56,1,0
BRDA:666,57,0,0
BRDA:666,57,1,0
BRDA:688,58,0,0
BRDA:688,58,1,0
BRDA:692,59,0,0
BRDA:692,59,1,0
BRDA:696,60,0,0
BRDA:696,60,1,0
BRDA:696,60,2,0
BRDA:696,60,3,0
BRDA:696,60,4,0
BRDA:696,60,5,0
BRDA:696,60,6,0
BRDA:721,61,0,0
BRDA:721,61,1,0
BRDA:722,62,0,0
BRDA:722,62,1,0
BRDA:726,63,0,0
BRDA:726,63,1,0
BRDA:726,63,2,0
BRDA:730,64,0,0
BRDA:730,64,1,0
BRDA:731,65,0,0
BRDA:731,65,1,0
BRDA:752,66,0,0
BRDA:752,66,1,0
BRDA:760,67,0,0
BRDA:760,67,1,0
BRDA:760,68,0,0
BRDA:760,68,1,0
BRDA:760,68,2,0
BRDA:764,69,0,0
BRDA:764,69,1,0
BRDA:764,69,2,0
BRDA:817,70,0,0
BRDA:817,70,1,0
BRDA:821,71,0,0
BRDA:821,71,1,0
BRDA:821,71,2,0
BRDA:855,72,0,0
BRDA:855,72,1,0
BRDA:855,73,0,0
BRDA:855,73,1,0
BRDA:857,74,0,0
BRDA:857,74,1,0
BRDA:857,75,0,0
BRDA:857,75,1,0
BRF:167
BRH:0
end_of_record
TN:
SF:components\trace-nav.js
FN:12,(anonymous_0)
FN:35,(anonymous_1)
FN:47,(anonymous_2)
FN:67,(anonymous_3)
FN:90,(anonymous_4)
FN:214,(anonymous_5)
FN:218,(anonymous_6)
FN:233,(anonymous_7)
FN:245,(anonymous_8)
FN:259,(anonymous_9)
FN:275,(anonymous_10)
FN:276,(anonymous_11)
FN:277,(anonymous_12)
FN:278,(anonymous_13)
FN:284,(anonymous_14)
FN:334,(anonymous_15)
FN:335,(anonymous_16)
FN:344,(anonymous_17)
FN:354,(anonymous_18)
FN:468,(anonymous_19)
FN:469,(anonymous_20)
FN:471,(anonymous_21)
FN:486,(anonymous_22)
FN:494,(anonymous_23)
FN:498,(anonymous_24)
FN:508,(anonymous_25)
FN:509,(anonymous_26)
FN:523,(anonymous_27)
FN:543,(anonymous_28)
FN:551,(anonymous_29)
FN:559,(anonymous_30)
FN:567,(anonymous_31)
FN:582,(anonymous_32)
FNF:33
FNH:0
FNDA:0,(anonymous_0)
FNDA:0,(anonymous_1)
FNDA:0,(anonymous_2)
FNDA:0,(anonymous_3)
FNDA:0,(anonymous_4)
FNDA:0,(anonymous_5)
FNDA:0,(anonymous_6)
FNDA:0,(anonymous_7)
FNDA:0,(anonymous_8)
FNDA:0,(anonymous_9)
FNDA:0,(anonymous_10)
FNDA:0,(anonymous_11)
FNDA:0,(anonymous_12)
FNDA:0,(anonymous_13)
FNDA:0,(anonymous_14)
FNDA:0,(anonymous_15)
FNDA:0,(anonymous_16)
FNDA:0,(anonymous_17)
FNDA:0,(anonymous_18)
FNDA:0,(anonymous_19)
FNDA:0,(anonymous_20)
FNDA:0,(anonymous_21)
FNDA:0,(anonymous_22)
FNDA:0,(anonymous_23)
FNDA:0,(anonymous_24)
FNDA:0,(anonymous_25)
FNDA:0,(anonymous_26)
FNDA:0,(anonymous_27)
FNDA:0,(anonymous_28)
FNDA:0,(anonymous_29)
FNDA:0,(anonymous_30)
FNDA:0,(anonymous_31)
FNDA:0,(anonymous_32)
DA:6,0
DA:14,0
DA:15,0
DA:16,0
DA:18,0
DA:19,0
DA:23,0
DA:26,0
DA:28,0
DA:36,0
DA:37,0
DA:38,0
DA:39,0
DA:49,0
DA:52,0
DA:53,0
DA:54,0
DA:57,0
DA:65,0
DA:67,0
DA:78,0
DA:81,0
DA:84,0
DA:92,0
DA:93,0
DA:97,0
DA:100,0
DA:101,0
DA:103,0
DA:123,0
DA:124,0
DA:203,0
DA:204,0
DA:207,0
DA:216,0
DA:217,0
DA:218,0
DA:219,0
DA:220,0
DA:221,0
DA:222,0
DA:223,0
DA:225,0
DA:231,0
DA:232,0
DA:233,0
DA:234,0
DA:235,0
DA:236,0
DA:238,0
DA:243,0
DA:244,0
DA:245,0
DA:246,0
DA:247,0
DA:248,0
DA:250,0
DA:261,0
DA:263,0
DA:265,0
DA:266,0
DA:270,0
DA:271,0
DA:274,0
DA:275,0
DA:276,0
DA:277,0
DA:278,0
DA:282,0
DA:284,0
DA:294,0
DA:295,0
DA:330,0
DA:331,0
DA:334,0
DA:335,0
DA:336,0
DA:337,0
DA:338,0
DA:339,0
DA:344,0
DA:345,0
DA:346,0
DA:356,0
DA:357,0
DA:361,0
DA:362,0
DA:365,0
DA:461,0
DA:469,0
DA:471,0
DA:473,0
DA:476,0
DA:479,0
DA:480,0
DA:481,0
DA:486,0
DA:487,0
DA:488,0
DA:489,0
DA:494,0
DA:495,0
DA:498,0
DA:499,0
DA:509,0
DA:510,0
DA:511,0
DA:513,0
DA:524,0
DA:525,0
DA:528,0
DA:529,0
DA:532,0
DA:533,0
DA:536,0
DA:544,0
DA:552,0
DA:560,0
DA:568,0
DA:571,0
DA:572,0
DA:573,0
DA:577,0
DA:582,0
DA:584,0
DA:585,0
DA:589,0
DA:590,0
DA:592,0
DA:594,0
DA:597,0
DA:598,0
DA:599,0
DA:602,0
LF:134
LH:0
BRDA:12,0,0,0
BRDA:12,1,0,0
BRDA:15,2,0,0
BRDA:15,2,1,0
BRDA:68,3,0,0
BRDA:68,3,1,0
BRDA:92,4,0,0
BRDA:92,4,1,0
BRDA:109,5,0,0
BRDA:109,5,1,0
BRDA:217,6,0,0
BRDA:217,6,1,0
BRDA:222,7,0,0
BRDA:222,7,1,0
BRDA:232,8,0,0
BRDA:232,8,1,0
BRDA:244,9,0,0
BRDA:244,9,1,0
BRDA:263,10,0,0
BRDA:263,10,1,0
BRDA:345,11,0,0
BRDA:345,11,1,0
BRDA:345,12,0,0
BRDA:345,12,1,0
BRDA:356,13,0,0
BRDA:356,13,1,0
BRDA:479,14,0,0
BRDA:479,14,1,0
BRDA:487,15,0,0
BRDA:487,15,1,0
BRDA:487,16,0,0
BRDA:487,16,1,0
BRDA:510,17,0,0
BRDA:510,17,1,0
BRDA:524,18,0,0
BRDA:524,18,1,0
BRDA:525,19,0,0
BRDA:525,19,1,0
BRDA:525,19,2,0
BRDA:528,20,0,0
BRDA:528,20,1,0
BRDA:529,21,0,0
BRDA:529,21,1,0
BRDA:529,21,2,0
BRDA:532,22,0,0
BRDA:532,22,1,0
BRDA:571,23,0,0
BRDA:571,23,1,0
BRDA:584,24,0,0
BRDA:584,24,1,0
BRDA:590,25,0,0
BRDA:590,25,1,0
BRDA:590,26,0,0
BRDA:590,26,1,0
BRDA:594,27,0,0
BRDA:594,27,1,0
BRDA:594,28,0,0
BRDA:594,28,1,0
BRDA:594,28,2,0
BRDA:598,29,0,0
BRDA:598,29,1,0
BRF:61
BRH:0
end_of_record
TN:
SF:components\trace-offline.js
FN:56,init
FN:107,registerServiceWorker
FN:116,(anonymous_2)
FN:131,initDatabase
FN:132,(anonymous_4)
FN:139,(anonymous_5)
FN:143,(anonymous_6)
FN:148,(anonymous_7)
FN:159,(anonymous_8)
FN:172,handleOnlineStatusChange
FN:188,updateOfflineIndicator
FN:207,saveTraceRecord
FN:244,saveDraft
FN:273,getTraceRecord
FN:291,getDraft
FN:308,listTraceRecords
FN:325,listDrafts
FN:343,deleteTraceRecord
FN:370,deleteDraft
FN:391,saveToIndexedDB
FN:392,(anonymous_20)
FN:401,(anonymous_21)
FN:402,(anonymous_22)
FN:412,getFromIndexedDB
FN:413,(anonymous_24)
FN:422,(anonymous_25)
FN:423,(anonymous_26)
FN:432,getAllFromIndexedDB
FN:433,(anonymous_28)
FN:442,(anonymous_29)
FN:443,(anonymous_30)
FN:453,deleteFromIndexedDB
FN:454,(anonymous_32)
FN:463,(anonymous_33)
FN:464,(anonymous_34)
FN:473,saveToLocalStorage
FN:497,getFromLocalStorage
FN:512,getAllFromLocalStorage
FN:528,deleteFromLocalStorage
FN:548,addToSyncQueue
FN:572,saveSyncQueue
FN:583,loadSyncQueue
FN:598,syncData
FN:627,(anonymous_43)
FN:650,(anonymous_44)
FN:651,(anonymous_45)
FN:663,updateRecordSyncStatus
FN:694,showSyncNotification
FN:712,showNotification
FN:730,(anonymous_49)
FN:735,(anonymous_50)
FN:738,(anonymous_51)
FN:752,getIconForType
FN:768,addEventListener
FN:789,removeEventListener
FN:795,(anonymous_55)
FN:805,dispatchEvent
FN:810,(anonymous_57)
FN:834,(anonymous_58)
FN:835,(anonymous_59)
FN:839,(anonymous_60)
FN:840,(anonymous_61)
FN:841,(anonymous_62)
FN:845,(anonymous_63)
FNF:64
FNH:0
FNDA:0,init
FNDA:0,registerServiceWorker
FNDA:0,(anonymous_2)
FNDA:0,initDatabase
FNDA:0,(anonymous_4)
FNDA:0,(anonymous_5)
FNDA:0,(anonymous_6)
FNDA:0,(anonymous_7)
FNDA:0,(anonymous_8)
FNDA:0,handleOnlineStatusChange
FNDA:0,updateOfflineIndicator
FNDA:0,saveTraceRecord
FNDA:0,saveDraft
FNDA:0,getTraceRecord
FNDA:0,getDraft
FNDA:0,listTraceRecords
FNDA:0,listDrafts
FNDA:0,deleteTraceRecord
FNDA:0,deleteDraft
FNDA:0,saveToIndexedDB
FNDA:0,(anonymous_20)
FNDA:0,(anonymous_21)
FNDA:0,(anonymous_22)
FNDA:0,getFromIndexedDB
FNDA:0,(anonymous_24)
FNDA:0,(anonymous_25)
FNDA:0,(anonymous_26)
FNDA:0,getAllFromIndexedDB
FNDA:0,(anonymous_28)
FNDA:0,(anonymous_29)
FNDA:0,(anonymous_30)
FNDA:0,deleteFromIndexedDB
FNDA:0,(anonymous_32)
FNDA:0,(anonymous_33)
FNDA:0,(anonymous_34)
FNDA:0,saveToLocalStorage
FNDA:0,getFromLocalStorage
FNDA:0,getAllFromLocalStorage
FNDA:0,deleteFromLocalStorage
FNDA:0,addToSyncQueue
FNDA:0,saveSyncQueue
FNDA:0,loadSyncQueue
FNDA:0,syncData
FNDA:0,(anonymous_43)
FNDA:0,(anonymous_44)
FNDA:0,(anonymous_45)
FNDA:0,updateRecordSyncStatus
FNDA:0,showSyncNotification
FNDA:0,showNotification
FNDA:0,(anonymous_49)
FNDA:0,(anonymous_50)
FNDA:0,(anonymous_51)
FNDA:0,getIconForType
FNDA:0,addEventListener
FNDA:0,removeEventListener
FNDA:0,(anonymous_55)
FNDA:0,dispatchEvent
FNDA:0,(anonymous_57)
FNDA:0,(anonymous_58)
FNDA:0,(anonymous_59)
FNDA:0,(anonymous_60)
FNDA:0,(anonymous_61)
FNDA:0,(anonymous_62)
FNDA:0,(anonymous_63)
DA:8,0
DA:18,0
DA:34,0
DA:41,0
DA:44,0
DA:47,0
DA:58,0
DA:61,0
DA:62,0
DA:63,0
DA:64,0
DA:66,0
DA:71,0
DA:72,0
DA:73,0
DA:74,0
DA:76,0
DA:77,0
DA:82,0
DA:83,0
DA:86,0
DA:89,0
DA:92,0
DA:93,0
DA:97,0
DA:99,0
DA:100,0
DA:108,0
DA:109,0
DA:113,0
DA:116,0
DA:117,0
DA:119,0
DA:120,0
DA:124,0
DA:132,0
DA:133,0
DA:134,0
DA:137,0
DA:139,0
DA:140,0
DA:143,0
DA:144,0
DA:145,0
DA:148,0
DA:149,0
DA:152,0
DA:159,0
DA:160,0
DA:161,0
DA:162,0
DA:173,0
DA:175,0
DA:177,0
DA:180,0
DA:181,0
DA:189,0
DA:190,0
DA:192,0
DA:193,0
DA:194,0
DA:196,0
DA:208,0
DA:209,0
DA:217,0
DA:218,0
DA:220,0
DA:224,0
DA:231,0
DA:233,0
DA:234,0
DA:245,0
DA:246,0
DA:253,0
DA:254,0
DA:256,0
DA:261,0
DA:263,0
DA:264,0
DA:274,0
DA:275,0
DA:276,0
DA:278,0
DA:281,0
DA:282,0
DA:292,0
DA:293,0
DA:294,0
DA:296,0
DA:299,0
DA:300,0
DA:309,0
DA:310,0
DA:311,0
DA:313,0
DA:316,0
DA:317,0
DA:326,0
DA:327,0
DA:328,0
DA:330,0
DA:333,0
DA:334,0
DA:344,0
DA:345,0
DA:346,0
DA:348,0
DA:352,0
DA:358,0
DA:360,0
DA:361,0
DA:371,0
DA:372,0
DA:373,0
DA:375,0
DA:378,0
DA:380,0
DA:381,0
DA:392,0
DA:393,0
DA:394,0
DA:397,0
DA:398,0
DA:399,0
DA:401,0
DA:402,0
DA:413,0
DA:414,0
DA:415,0
DA:418,0
DA:419,0
DA:420,0
DA:422,0
DA:423,0
DA:433,0
DA:434,0
DA:435,0
DA:438,0
DA:439,0
DA:440,0
DA:442,0
DA:443,0
DA:454,0
DA:455,0
DA:456,0
DA:459,0
DA:460,0
DA:461,0
DA:463,0
DA:464,0
DA:474,0
DA:476,0
DA:479,0
DA:482,0
DA:484,0
DA:486,0
DA:487,0
DA:498,0
DA:499,0
DA:500,0
DA:502,0
DA:503,0
DA:513,0
DA:514,0
DA:515,0
DA:517,0
DA:518,0
DA:529,0
DA:530,0
DA:532,0
DA:533,0
DA:534,0
DA:537,0
DA:539,0
DA:540,0
DA:550,0
DA:551,0
DA:555,0
DA:558,0
DA:561,0
DA:564,0
DA:565,0
DA:573,0
DA:574,0
DA:576,0
DA:584,0
DA:585,0
DA:586,0
DA:587,0
DA:590,0
DA:591,0
DA:599,0
DA:600,0
DA:603,0
DA:604,0
DA:606,0
DA:607,0
DA:609,0
DA:610,0
DA:612,0
DA:620,0
DA:621,0
DA:624,0
DA:627,0
DA:628,0
DA:630,0
DA:633,0
DA:634,0
DA:637,0
DA:638,0
DA:641,0
DA:642,0
DA:647,0
DA:650,0
DA:651,0
DA:654,0
DA:655,0
DA:664,0
DA:667,0
DA:668,0
DA:670,0
DA:673,0
DA:675,0
DA:676,0
DA:679,0
DA:680,0
DA:682,0
DA:686,0
DA:695,0
DA:696,0
DA:697,0
DA:698,0
DA:699,0
DA:701,0
DA:713,0
DA:714,0
DA:716,0
DA:718,0
DA:719,0
DA:720,0
DA:727,0
DA:730,0
DA:731,0
DA:735,0
DA:736,0
DA:737,0
DA:738,0
DA:739,0
DA:743,0
DA:753,0
DA:754,0
DA:755,0
DA:756,0
DA:758,0
DA:769,0
DA:770,0
DA:773,0
DA:775,0
DA:780,0
DA:790,0
DA:791,0
DA:794,0
DA:795,0
DA:797,0
DA:806,0
DA:807,0
DA:810,0
DA:811,0
DA:812,0
DA:814,0
DA:820,0
DA:834,0
DA:836,0
DA:837,0
DA:839,0
DA:840,0
DA:841,0
DA:845,0
DA:846,0
DA:847,0
LF:280
LH:0
BRDA:61,0,0,0
BRDA:61,0,1,0
BRDA:71,1,0,0
BRDA:71,1,1,0
BRDA:92,2,0,0
BRDA:92,2,1,0
BRDA:92,3,0,0
BRDA:92,3,1,0
BRDA:108,4,0,0
BRDA:108,4,1,0
BRDA:117,5,0,0
BRDA:117,5,1,0
BRDA:119,6,0,0
BRDA:119,6,1,0
BRDA:133,7,0,0
BRDA:133,7,1,0
BRDA:160,8,0,0
BRDA:160,8,1,0
BRDA:180,9,0,0
BRDA:180,9,1,0
BRDA:180,10,0,0
BRDA:180,10,1,0
BRDA:192,11,0,0
BRDA:192,11,1,0
BRDA:193,12,0,0
BRDA:193,12,1,0
BRDA:210,13,0,0
BRDA:210,13,1,0
BRDA:217,14,0,0
BRDA:217,14,1,0
BRDA:217,15,0,0
BRDA:217,15,1,0
BRDA:247,16,0,0
BRDA:247,16,1,0
BRDA:253,17,0,0
BRDA:253,17,1,0
BRDA:253,18,0,0
BRDA:253,18,1,0
BRDA:275,19,0,0
BRDA:275,19,1,0
BRDA:275,20,0,0
BRDA:275,20,1,0
BRDA:293,21,0,0
BRDA:293,21,1,0
BRDA:293,22,0,0
BRDA:293,22,1,0
BRDA:310,23,0,0
BRDA:310,23,1,0
BRDA:310,24,0,0
BRDA:310,24,1,0
BRDA:327,25,0,0
BRDA:327,25,1,0
BRDA:327,26,0,0
BRDA:327,26,1,0
BRDA:345,27,0,0
BRDA:345,27,1,0
BRDA:345,28,0,0
BRDA:345,28,1,0
BRDA:372,29,0,0
BRDA:372,29,1,0
BRDA:372,30,0,0
BRDA:372,30,1,0
BRDA:393,31,0,0
BRDA:393,31,1,0
BRDA:414,32,0,0
BRDA:414,32,1,0
BRDA:434,33,0,0
BRDA:434,33,1,0
BRDA:442,34,0,0
BRDA:442,34,1,0
BRDA:455,35,0,0
BRDA:455,35,1,0
BRDA:476,36,0,0
BRDA:476,36,1,0
BRDA:499,37,0,0
BRDA:499,37,1,0
BRDA:500,38,0,0
BRDA:500,38,1,0
BRDA:514,39,0,0
BRDA:514,39,1,0
BRDA:530,40,0,0
BRDA:530,40,1,0
BRDA:532,41,0,0
BRDA:532,41,1,0
BRDA:550,42,0,0
BRDA:550,42,1,0
BRDA:564,43,0,0
BRDA:564,43,1,0
BRDA:586,44,0,0
BRDA:586,44,1,0
BRDA:599,45,0,0
BRDA:599,45,1,0
BRDA:599,46,0,0
BRDA:599,46,1,0
BRDA:620,47,0,0
BRDA:620,47,1,0
BRDA:633,48,0,0
BRDA:633,48,1,0
BRDA:633,49,0,0
BRDA:633,49,1,0
BRDA:633,49,2,0
BRDA:641,50,0,0
BRDA:641,50,1,0
BRDA:641,51,0,0
BRDA:641,51,1,0
BRDA:667,52,0,0
BRDA:667,52,1,0
BRDA:667,53,0,0
BRDA:667,53,1,0
BRDA:673,54,0,0
BRDA:673,54,1,0
BRDA:676,55,0,0
BRDA:676,55,1,0
BRDA:679,56,0,0
BRDA:679,56,1,0
BRDA:679,57,0,0
BRDA:679,57,1,0
BRDA:695,58,0,0
BRDA:695,58,1,0
BRDA:697,59,0,0
BRDA:697,59,1,0
BRDA:698,60,0,0
BRDA:698,60,1,0
BRDA:712,61,0,0
BRDA:712,62,0,0
BRDA:716,63,0,0
BRDA:716,63,1,0
BRDA:753,64,0,0
BRDA:753,64,1,0
BRDA:753,64,2,0
BRDA:753,64,3,0
BRDA:753,64,4,0
BRDA:769,65,0,0
BRDA:769,65,1,0
BRDA:790,66,0,0
BRDA:790,66,1,0
BRDA:806,67,0,0
BRDA:806,67,1,0
BRDA:846,68,0,0
BRDA:846,68,1,0
BRF:140
BRH:0
end_of_record
TN:
SF:components\trace-performance.js
FN:41,(anonymous_0)
FN:79,(anonymous_1)
FN:83,(anonymous_2)
FN:84,(anonymous_3)
FN:106,(anonymous_4)
FN:107,(anonymous_5)
FN:132,(anonymous_6)
FN:133,(anonymous_7)
FN:168,(anonymous_8)
FN:170,(anonymous_9)
FN:171,(anonymous_10)
FN:177,(anonymous_11)
FN:184,(anonymous_12)
FN:192,(anonymous_13)
FN:194,(anonymous_14)
FN:213,(anonymous_15)
FN:228,(anonymous_16)
FN:288,(anonymous_17)
FN:313,(anonymous_18)
FN:332,(anonymous_19)
FN:340,(anonymous_20)
FN:354,(anonymous_21)
FN:389,(anonymous_22)
FN:427,(anonymous_23)
FN:433,(anonymous_24)
FN:434,(anonymous_25)
FN:444,(anonymous_26)
FN:482,(anonymous_27)
FN:486,(anonymous_28)
FN:500,(anonymous_29)
FN:530,(anonymous_30)
FN:533,(anonymous_31)
FN:549,(anonymous_32)
FN:569,(anonymous_33)
FN:573,(anonymous_34)
FN:576,(anonymous_35)
FN:593,(anonymous_36)
FN:610,(anonymous_37)
FN:627,(anonymous_38)
FN:649,(anonymous_39)
FN:653,(anonymous_40)
FN:654,(anonymous_41)
FN:661,(anonymous_42)
FN:662,(anonymous_43)
FN:688,(anonymous_44)
FN:690,(anonymous_45)
FN:742,init
FN:763,(anonymous_47)
FN:766,(anonymous_48)
FN:778,(anonymous_49)
FN:789,(anonymous_50)
FN:819,measureNavigationPerformance
FN:835,setupPerformanceObservers
FN:841,(anonymous_53)
FN:854,(anonymous_54)
FN:864,(anonymous_55)
FN:876,(anonymous_56)
FN:888,(anonymous_57)
FN:901,(anonymous_58)
FN:916,updateConnectionInfo
FN:936,adjustForNetworkConditions
FN:963,disableNonEssentialFeatures
FN:968,(anonymous_62)
FN:974,(anonymous_63)
FN:980,collectResourceMetrics
FN:987,(anonymous_65)
FN:1006,reportPerformanceMetrics
FN:1021,(anonymous_67)
FN:1041,enterLowPowerMode
FN:1055,pauseNonEssentialOperations
FN:1063,(anonymous_70)
FN:1066,(anonymous_71)
FN:1070,resumeOperations
FN:1075,(anonymous_73)
FN:1077,(anonymous_74)
FN:1082,(anonymous_75)
FN:1084,(anonymous_76)
FN:1090,clearAllIntervals
FN:1095,(anonymous_78)
FN:1102,safeSetInterval
FN:1119,lazyLoadImages
FN:1122,(anonymous_81)
FN:1123,(anonymous_82)
FN:1148,(anonymous_83)
[...]
DA:102,1
DA:106,16
DA:108,7
DA:110,3
DA:112,3
DA:114,2
DA:116,1
DA:126,16
DA:129,13
DA:130,1
DA:134,13
DA:135,3
DA:139,13
DA:141,8
DA:142,8
DA:143,8
DA:146,8
DA:147,8
DA:150,5
DA:160,9
DA:163,6
DA:166,6
DA:167,0
DA:171,6
DA:174,6
DA:175,6
DA:177,6
DA:178,3
DA:185,3
DA:186,1
DA:189,1
DA:190,1
DA:191,1
DA:192,1
DA:193,1
DA:194,1
DA:195,1
DA:197,1
DA:198,1
DA:199,1
DA:208,2
DA:217,14
DA:221,12
DA:222,12
DA:223,1
DA:224,11
DA:225,11
DA:227,0
DA:231,12
DA:232,1
DA:235,0
DA:238,11
DA:239,11
DA:240,11
DA:241,11
DA:244,11
DA:245,11
DA:246,11
DA:247,11
DA:248,11
DA:249,11
DA:252,11
DA:253,1
DA:254,10
DA:255,2
DA:256,2
DA:257,8
DA:258,1
DA:259,1
DA:260,7
DA:262,2
DA:263,5
DA:264,1
DA:265,1
DA:266,4
DA:267,1
DA:268,1
DA:269,3
DA:270,2
DA:271,2
DA:273,1
DA:274,1
DA:286,16
DA:290,14
DA:291,14
DA:292,1
DA:293,13
DA:294,13
DA:296,0
DA:300,14
DA:301,1
DA:304,0
DA:307,13
DA:310,13
DA:316,13
DA:322,13
DA:323,11
DA:325,2
DA:337,21
DA:341,19
DA:342,19
DA:343,1
DA:344,18
DA:345,18
DA:347,0
DA:351,19
DA:352,1
DA:355,0
DA:358,18
DA:361,18
DA:367,18
DA:373,18
DA:374,16
DA:376,2
DA:388,1
DA:389,3
DA:390,3
DA:391,3
DA:392,1
DA:405,1
DA:406,5
DA:407,5
DA:408,2
DA:409,2
DA:410,2
DA:411,1
DA:423,16
DA:424,11
DA:428,5
DA:429,1
DA:433,4
DA:434,5
DA:438,2
DA:439,2
DA:440,3
DA:443,2
DA:452,4
DA:453,3
DA:456,1
DA:457,3
DA:459,3
DA:460,3
DA:462,2
DA:464,2
DA:475,5
DA:476,3
DA:480,2
DA:483,2
DA:484,2
DA:485,6
DA:487,6
DA:490,6
DA:491,1
DA:492,1
DA:494,1
DA:496,5
DA:500,2
DA:508,2
DA:510,2
DA:523,2
DA:531,1
DA:541,1
DA:542,1
DA:546,0
DA:547,0
DA:549,0
DA:550,0
DA:551,0
DA:552,0
DA:553,0
DA:554,0
DA:555,0
DA:558,0
DA:559,0
DA:561,0
DA:562,0
DA:564,0
DA:567,0
DA:579,2
DA:580,2
DA:581,1
DA:582,1
DA:584,1
DA:585,1
DA:596,2
DA:597,2
DA:598,1
DA:600,1
DA:601,1
DA:611,1
DA:612,1
DA:613,1
DA:615,0
DA:616,0
DA:622,4
DA:623,4
DA:626,4
LF:225
LH:198
BRDA:23,0,0,90
BRDA:23,0,1,3
BRDA:42,1,0,6
BRDA:43,2,0,2
BRDA:43,2,1,19
BRDA:47,3,0,3
BRDA:47,3,1,16
BRDA:50,4,0,2
BRDA:50,4,1,14
BRDA:53,5,0,14
BRDA:53,5,1,0
BRDA:60,6,0,1
BRDA:60,6,1,18
BRDA:87,7,0,3
BRDA:87,8,0,18
BRDA:92,9,0,2
BRDA:92,9,1,17
BRDA:92,10,0,19
BRDA:92,10,1,18
BRDA:98,11,0,1
BRDA:98,11,1,16
BRDA:101,12,0,1
BRDA:101,12,1,16
BRDA:101,13,0,17
BRDA:101,13,1,16
BRDA:106,14,0,7
BRDA:106,14,1,3
BRDA:106,14,2,3
BRDA:106,14,3,2
BRDA:106,14,4,1
BRDA:126,15,0,3
BRDA:126,15,1,13
BRDA:129,16,0,1
BRDA:129,16,1,12
BRDA:134,17,0,3
BRDA:134,17,1,10
BRDA:139,18,0,8
BRDA:139,18,1,5
BRDA:139,19,0,13
BRDA:139,19,1,11
BRDA:146,20,0,0
BRDA:146,20,1,8
BRDA:146,21,0,8
BRDA:146,21,1,1
BRDA:146,21,2,1
BRDA:147,22,0,8
BRDA:147,22,1,8
BRDA:159,23,0,8
BRDA:160,24,0,3
BRDA:160,24,1,6
BRDA:163,25,0,0
BRDA:163,25,1,6
BRDA:166,26,0,0
BRDA:166,26,1,6
BRDA:171,27,0,0
BRDA:171,27,1,6
BRDA:177,28,0,3
BRDA:177,28,1,3
BRDA:185,29,0,1
BRDA:185,29,1,2
BRDA:189,30,0,1
BRDA:189,30,1,0
BRDA:198,31,0,1
BRDA:198,31,1,0
BRDA:217,32,0,2
BRDA:217,32,1,12
BRDA:222,33,0,1
BRDA:222,33,1,11
BRDA:222,34,0,12
BRDA:222,34,1,11
BRDA:224,35,0,11
BRDA:224,35,1,0
BRDA:231,36,0,1
BRDA:231,36,1,11
BRDA:252,37,0,1
BRDA:252,37,1,10
BRDA:254,38,0,2
BRDA:254,38,1,8
BRDA:256,39,0,1
BRDA:256,39,1,1
BRDA:257,40,0,1
BRDA:257,40,1,7
BRDA:259,41,0,0
BRDA:259,41,1,1
BRDA:260,42,0,2
BRDA:260,42,1,5
BRDA:262,43,0,1
BRDA:262,43,1,1
BRDA:263,44,0,1
BRDA:263,44,1,4
BRDA:265,45,0,0
BRDA:265,45,1,1
BRDA:266,46,0,1
BRDA:266,46,1,3
BRDA:268,47,0,0
BRDA:268,47,1,1
BRDA:269,48,0,2
BRDA:269,48,1,1
BRDA:271,49,0,1
BRDA:271,49,1,1
BRDA:274,50,0,0
BRDA:274,50,1,1
BRDA:285,51,0,14
BRDA:285,52,0,14
BRDA:286,53,0,2
BRDA:286,53,1,14
BRDA:291,54,0,1
BRDA:291,54,1,13
BRDA:291,55,0,14
BRDA:291,55,1,13
BRDA:293,56,0,13
BRDA:293,56,1,0
BRDA:300,57,0,1
BRDA:300,57,1,13
BRDA:322,58,0,11
BRDA:322,58,1,2
BRDA:336,59,0,19
BRDA:336,60,0,19
BRDA:337,61,0,2
BRDA:337,61,1,19
BRDA:342,62,0,1
BRDA:342,62,1,18
BRDA:342,63,0,19
BRDA:342,63,1,18
BRDA:344,64,0,18
BRDA:344,64,1,0
BRDA:351,65,0,1
BRDA:351,65,1,18
BRDA:373,66,0,16
BRDA:373,66,1,2
BRDA:386,67,0,0
BRDA:403,68,0,0
BRDA:407,69,0,2
BRDA:407,69,1,3
BRDA:423,70,0,11
BRDA:423,70,1,5
BRDA:423,71,0,16
BRDA:423,71,1,15
BRDA:428,72,0,1
BRDA:428,72,1,4
BRDA:433,73,0,2
BRDA:433,73,1,2
BRDA:452,74,0,3
BRDA:452,74,1,1
BRDA:452,75,0,4
BRDA:452,75,1,2
BRDA:457,76,0,3
BRDA:457,76,1,3
BRDA:460,77,0,1
BRDA:460,77,1,2
BRDA:475,78,0,3
BRDA:475,78,1,2
BRDA:475,79,0,5
BRDA:475,79,1,3
BRDA:480,80,0,1
BRDA:480,80,1,1
BRDA:485,81,0,0
BRDA:485,81,1,6
BRDA:490,82,0,1
BRDA:490,82,1,5
BRDA:491,83,0,1
BRDA:491,83,1,0
BRDA:517,84,0,2
BRDA:517,84,1,1
BRDA:531,85,0,1
BRDA:531,85,1,0
BRDA:531,85,2,0
BRDA:541,86,0,1
BRDA:541,86,1,0
BRDA:541,87,0,1
BRDA:541,87,1,1
BRDA:561,88,0,0
BRDA:561,88,1,0
BRDA:578,89,0,1
BRDA:581,90,0,0
BRDA:581,90,1,1
BRDA:622,91,0,4
BRDA:622,91,1,0
BRF:178
BRH:153
end_of_record
TN:
SF:components\store\trace-store.js
FN:8,(anonymous_0)
FN:48,(anonymous_1)
FN:77,(anonymous_2)
FN:93,(anonymous_3)
FN:109,(anonymous_4)
FN:112,(anonymous_5)
FN:122,(anonymous_6)
FN:124,(anonymous_7)
FN:138,(anonymous_8)
FN:156,(anonymous_9)
FN:169,(anonymous_10)
FN:190,(anonymous_11)
FN:201,(anonymous_12)
FN:224,(anonymous_13)
FN:232,(anonymous_14)
FN:251,(anonymous_15)
FN:269,(anonymous_16)
FN:334,(anonymous_17)
FN:352,(anonymous_18)
FN:365,(anonymous_19)
FNF:20
FNH:0
FNDA:0,(anonymous_0)
FNDA:0,(anonymous_1)
FNDA:0,(anonymous_2)
FNDA:0,(anonymous_3)
FNDA:0,(anonymous_4)
FNDA:0,(anonymous_5)
FNDA:0,(anonymous_6)
FNDA:0,(anonymous_7)
FNDA:0,(anonymous_8)
FNDA:0,(anonymous_9)
FNDA:0,(anonymous_10)
FNDA:0,(anonymous_11)
FNDA:0,(anonymous_12)
FNDA:0,(anonymous_13)
FNDA:0,(anonymous_14)
FNDA:0,(anonymous_15)
FNDA:0,(anonymous_16)
FNDA:0,(anonymous_17)
FNDA:0,(anonymous_18)
FNDA:0,(anonymous_19)
DA:10,0
DA:20,0
DA:30,0
DA:39,0
DA:42,0
DA:50,0
DA:51,0
DA:52,0
DA:53,0
DA:57,0
DA:58,0
DA:59,0
DA:63,0
DA:64,0
DA:65,0
DA:68,0
DA:70,0
DA:78,0
DA:79,0
DA:80,0
DA:81,0
DA:83,0
DA:94,0
DA:95,0
DA:98,0
DA:99,0
DA:101,0
DA:110,0
DA:111,0
DA:112,0
DA:123,0
DA:124,0
DA:125,0
DA:126,0
DA:128,0
DA:139,0
DA:140,0
DA:143,0
DA:144,0
DA:147,0
DA:148,0
DA:149,0
DA:157,0
DA:162,0
DA:163,0
DA:170,0
DA:171,0
DA:180,0
DA:181,0
DA:182,0
DA:191,0
DA:192,0
DA:193,0
DA:202,0
DA:204,0
DA:210,0
DA:211,0
DA:213,0
DA:214,0
DA:216,0
DA:225,0
DA:233,0
DA:234,0
DA:235,0
DA:237,0
DA:238,0
DA:241,0
DA:242,0
DA:252,0
DA:253,0
DA:255,0
DA:270,0
DA:271,0
DA:273,0
DA:274,0
DA:275,0
DA:278,0
DA:279,0
DA:280,0
DA:284,0
DA:287,0
DA:288,0
DA:292,0
DA:293,0
DA:294,0
DA:295,0
DA:297,0
DA:299,0
DA:300,0
DA:301,0
DA:302,0
DA:304,0
DA:305,0
DA:306,0
DA:307,0
DA:312,0
DA:313,0
DA:316,0
DA:317,0
DA:321,0
DA:323,0
DA:335,0
DA:336,0
DA:338,0
DA:339,0
DA:345,0
DA:353,0
DA:362,0
DA:365,0
DA:366,0
LF:110
LH:0
BRDA:52,0,0,0
BRDA:52,0,1,0
BRDA:58,1,0,0
BRDA:58,1,1,0
BRDA:64,2,0,0
BRDA:64,2,1,0
BRDA:94,3,0,0
BRDA:94,3,1,0
BRDA:110,4,0,0
BRDA:110,4,1,0
BRDA:123,5,0,0
BRDA:123,5,1,0
BRDA:143,6,0,0
BRDA:143,6,1,0
BRDA:143,7,0,0
BRDA:143,7,1,0
BRDA:191,8,0,0
BRDA:191,8,1,0
BRDA:192,9,0,0
BRDA:192,9,1,0
BRDA:202,10,0,0
BRDA:202,10,1,0
BRDA:225,11,0,0
BRDA:225,11,1,0
BRDA:233,12,0,0
BRDA:233,12,1,0
BRDA:233,13,0,0
BRDA:233,13,1,0
BRDA:237,14,0,0
BRDA:237,14,1,0
BRDA:278,15,0,0
BRDA:278,15,1,0
BRDA:278,16,0,0
BRDA:278,16,1,0
BRDA:278,16,2,0
BRDA:278,16,3,0
BRDA:279,17,0,0
BRDA:279,17,1,0
BRDA:287,18,0,0
BRDA:287,18,1,0
BRDA:287,19,0,0
BRDA:287,19,1,0
BRDA:287,19,2,0
BRDA:292,20,0,0
BRDA:292,20,1,0
BRDA:294,21,0,0
BRDA:294,21,1,0
BRDA:295,22,0,0
BRDA:295,22,1,0
BRDA:299,23,0,0
BRDA:299,23,1,0
BRDA:301,24,0,0
BRDA:301,24,1,0
BRDA:302,25,0,0
BRDA:302,25,1,0
BRDA:304,26,0,0
BRDA:304,26,1,0
BRDA:306,27,0,0
BRDA:306,27,1,0
BRDA:307,28,0,0
BRDA:307,28,1,0
BRDA:307,29,0,0
BRDA:307,29,1,0
BRDA:312,30,0,0
BRDA:312,30,1,0
BRDA:312,31,0,0
BRDA:312,31,1,0
BRDA:313,32,0,0
BRDA:313,32,1,0
BRDA:316,33,0,0
BRDA:316,33,1,0
BRDA:316,34,0,0
BRDA:316,34,1,0
BRDA:317,35,0,0
BRDA:317,35,1,0
BRF:75
BRH:0
end_of_record
TN:
SF:components\ui\StatCard.js
FN:17,(anonymous_0)
FN:39,(anonymous_1)
FN:68,(anonymous_2)
FN:109,(anonymous_3)
FN:116,(anonymous_4)
FN:137,(anonymous_5)
FN:156,(anonymous_6)
FN:205,(anonymous_7)
FN:212,(anonymous_8)
FN:218,(anonymous_9)
FNF:10
FNH:0
FNDA:0,(anonymous_0)
FNDA:0,(anonymous_1)
FNDA:0,(anonymous_2)
FNDA:0,(anonymous_3)
FNDA:0,(anonymous_4)
FNDA:0,(anonymous_5)
FNDA:0,(anonymous_6)
FNDA:0,(anonymous_7)
FNDA:0,(anonymous_8)
FNDA:0,(anonymous_9)
DA:18,0
DA:32,0
DA:40,0
DA:41,0
DA:44,0
DA:47,0
DA:50,0
DA:51,0
DA:55,0
DA:58,0
DA:61,0
DA:69,0
DA:72,0
DA:73,0
DA:76,0
DA:77,0
DA:78,0
DA:79,0
DA:81,0
DA:90,0
DA:110,0
DA:113,0
DA:114,0
DA:116,0
DA:118,0
DA:119,0
DA:120,0
DA:124,0
DA:125,0
DA:139,0
DA:141,0
DA:142,0
DA:145,0
DA:146,0
DA:150,0
DA:158,0
DA:159,0
DA:160,0
DA:161,0
DA:162,0
DA:166,0
DA:167,0
DA:168,0
DA:169,0
DA:171,0
DA:173,0
DA:174,0
DA:180,0
DA:181,0
DA:182,0
DA:187,0
DA:188,0
DA:189,0
DA:194,0
DA:195,0
DA:196,0
DA:206,0
DA:207,0
DA:209,0
DA:212,0
DA:213,0
DA:214,0
DA:218,0
DA:219,0
DA:220,0
DA:225,0
DA:226,0
DA:229,0
DA:234,0
LF:69
LH:0
BRDA:17,0,0,0
BRDA:41,1,0,0
BRDA:41,1,1,0
BRDA:50,2,0,0
BRDA:50,2,1,0
BRDA:77,3,0,0
BRDA:77,3,1,0
BRDA:78,4,0,0
BRDA:78,4,1,0
BRDA:78,5,0,0
BRDA:78,5,1,0
BRDA:79,6,0,0
BRDA:79,6,1,0
BRDA:79,7,0,0
BRDA:79,7,1,0
BRDA:113,8,0,0
BRDA:113,8,1,0
BRDA:113,9,0,0
BRDA:113,9,1,0
BRDA:118,10,0,0
BRDA:118,10,1,0
BRDA:124,11,0,0
BRDA:124,11,1,0
BRDA:137,12,0,0
BRDA:137,13,0,0
BRDA:141,14,0,0
BRDA:141,14,1,0
BRDA:145,15,0,0
BRDA:145,15,1,0
BRDA:159,16,0,0
BRDA:159,16,1,0
BRDA:161,17,0,0
BRDA:161,17,1,0
BRDA:166,18,0,0
BRDA:166,18,1,0
BRDA:168,19,0,0
BRDA:168,19,1,0
BRDA:168,20,0,0
BRDA:168,20,1,0
BRDA:169,21,0,0
BRDA:169,21,1,0
BRDA:169,22,0,0
BRDA:169,22,1,0
BRDA:171,23,0,0
BRDA:171,23,1,0
BRDA:188,24,0,0
BRDA:188,24,1,0
BRDA:195,25,0,0
BRDA:195,25,1,0
BRDA:209,26,0,0
BRDA:209,26,1,0
BRDA:209,27,0,0
BRDA:209,27,1,0
BRDA:213,28,0,0
BRDA:213,28,1,0
BRDA:219,29,0,0
BRDA:219,29,1,0
BRF:57
BRH:0
end_of_record
TN:
SF:components\ui\trace-nav.js
FN:12,(anonymous_0)
FN:33,(anonymous_1)
FN:53,(anonymous_2)
FN:71,(anonymous_3)
FN:172,(anonymous_4)
FN:187,(anonymous_5)
FN:205,(anonymous_6)
FN:280,(anonymous_7)
FN:285,(anonymous_8)
FN:286,(anonymous_9)
FN:303,(anonymous_10)
FN:315,(anonymous_11)
FN:332,(anonymous_12)
FN:354,(anonymous_13)
FNF:14
FNH:0
FNDA:0,(anonymous_0)
FNDA:0,(anonymous_1)
FNDA:0,(anonymous_2)
FNDA:0,(anonymous_3)
FNDA:0,(anonymous_4)
FNDA:0,(anonymous_5)
FNDA:0,(anonymous_6)
FNDA:0,(anonymous_7)
FNDA:0,(anonymous_8)
FNDA:0,(anonymous_9)
FNDA:0,(anonymous_10)
FNDA:0,(anonymous_11)
FNDA:0,(anonymous_12)
FNDA:0,(anonymous_13)
DA:6,0
DA:13,0
DA:14,0
DA:15,0
DA:16,0
DA:20,0
DA:23,0
DA:25,0
DA:35,0
DA:36,0
DA:37,0
DA:40,0
DA:50,0
DA:53,0
DA:59,0
DA:62,0
DA:65,0
DA:73,0
DA:74,0
DA:78,0
DA:81,0
DA:82,0
DA:84,0
DA:104,0
DA:105,0
DA:167,0
DA:168,0
DA:171,0
DA:172,0
DA:173,0
DA:174,0
DA:176,0
DA:188,0
DA:192,0
DA:207,0
DA:208,0
DA:212,0
DA:213,0
DA:216,0
DA:273,0
DA:282,0
DA:285,0
DA:286,0
DA:287,0
DA:290,0
DA:291,0
DA:292,0
DA:304,0
DA:305,0
DA:308,0
DA:316,0
DA:319,0
DA:320,0
DA:321,0
DA:324,0
DA:333,0
DA:336,0
DA:337,0
DA:338,0
DA:339,0
DA:342,0
DA:347,0
DA:348,0
DA:350,0
DA:354,0
DA:356,0
LF:66
LH:0
BRDA:12,0,0,0
BRDA:12,1,0,0
BRDA:14,2,0,0
BRDA:14,2,1,0
BRDA:73,3,0,0
BRDA:73,3,1,0
BRDA:90,4,0,0
BRDA:90,4,1,0
BRDA:173,5,0,0
BRDA:173,5,1,0
BRDA:188,6,0,0
BRDA:188,6,1,0
BRDA:188,6,2,0
BRDA:188,6,3,0
BRDA:193,7,0,0
BRDA:193,7,1,0
BRDA:207,8,0,0
BRDA:207,8,1,0
BRDA:290,9,0,0
BRDA:290,9,1,0
BRDA:304,10,0,0
BRDA:304,10,1,0
BRDA:304,11,0,0
BRDA:304,11,1,0
BRDA:304,11,2,0
BRDA:319,12,0,0
BRDA:319,12,1,0
BRDA:336,13,0,0
BRDA:336,13,1,0
BRDA:338,14,0,0
BRDA:338,14,1,0
BRDA:347,15,0,0
BRDA:347,15,1,0
BRDA:347,16,0,0
BRDA:347,16,1,0
BRF:35
BRH:0
end_of_record
TN:
SF:components\ui\trace-ui.js
FN:14,(anonymous_0)
FNF:1
FNH:0
FNDA:0,(anonymous_0)
DA:11,0
DA:14,0
DA:15,0
DA:19,0
DA:20,0
DA:22,0
DA:26,0
LF:7
LH:0
BRDA:19,0,0,0
BRDA:19,0,1,0
BRDA:19,1,0,0
BRDA:19,1,1,0
BRF:4
BRH:0
end_of_record
TN:
SF:components\utils\trace-common.js
FN:22,(anonymous_0)
FN:53,(anonymous_1)
FN:71,(anonymous_2)
FN:102,(anonymous_3)
FN:121,(anonymous_4)
FN:183,(anonymous_5)
FN:187,(anonymous_6)
FN:201,(anonymous_7)
FN:305,closeModal
FN:309,(anonymous_9)
FN:318,(anonymous_10)
FN:323,(anonymous_11)
FN:334,(anonymous_12)
FNF:13
FNH:0
FNDA:0,(anonymous_0)
FNDA:0,(anonymous_1)
FNDA:0,(anonymous_2)
FNDA:0,(anonymous_3)
FNDA:0,(anonymous_4)
FNDA:0,(anonymous_5)
FNDA:0,(anonymous_6)
FNDA:0,(anonymous_7)
FNDA:0,closeModal
FNDA:0,(anonymous_9)
FNDA:0,(anonymous_10)
FNDA:0,(anonymous_11)
FNDA:0,(anonymous_12)
DA:11,0
DA:12,0
DA:15,0
DA:16,0
DA:19,0
DA:22,0
DA:23,0
DA:24,0
DA:26,0
DA:29,0
DA:30,0
DA:33,0
DA:35,0
DA:37,0
DA:40,0
DA:41,0
DA:43,0
DA:44,0
DA:47,0
DA:51,0
DA:53,0
DA:54,0
DA:56,0
DA:59,0
DA:64,0
DA:72,0
DA:75,0
DA:76,0
DA:78,0
DA:82,0
DA:93,0
DA:94,0
DA:103,0
DA:106,0
DA:107,0
DA:110,0
DA:111,0
DA:123,0
DA:124,0
DA:127,0
DA:135,0
DA:142,0
DA:143,0
DA:146,0
DA:156,0
DA:157,0
DA:177,0
DA:180,0
DA:183,0
DA:184,0
DA:185,0
DA:187,0
DA:188,0
DA:203,0
DA:204,0
DA:207,0
DA:208,0
DA:211,0
DA:224,0
DA:225,0
DA:298,0
DA:301,0
DA:302,0
DA:306,0
DA:307,0
DA:309,0
DA:310,0
DA:315,0
DA:316,0
DA:318,0
DA:319,0
DA:320,0
DA:323,0
DA:324,0
DA:325,0
DA:331,0
DA:334,0
DA:336,0
LF:78
LH:0
BRDA:23,0,0,0
BRDA:23,0,1,0
BRDA:30,1,0,0
BRDA:30,1,1,0
BRDA:35,2,0,0
BRDA:35,2,1,0
BRDA:41,3,0,0
BRDA:41,3,1,0
BRDA:71,4,0,0
BRDA:71,5,0,0
BRDA:72,6,0,0
BRDA:72,6,1,0
BRDA:75,7,0,0
BRDA:75,7,1,0
BRDA:93,8,0,0
BRDA:93,8,1,0
BRDA:103,9,0,0
BRDA:103,9,1,0
BRDA:103,10,0,0
BRDA:103,10,1,0
BRDA:110,11,0,0
BRDA:110,11,1,0
BRDA:121,12,0,0
BRDA:121,13,0,0
BRDA:142,14,0,0
BRDA:142,14,1,0
BRDA:143,15,0,0
BRDA:143,15,1,0
BRDA:201,16,0,0
BRDA:201,17,0,0
BRDA:201,18,0,0
BRDA:320,19,0,0
BRDA:320,19,1,0
BRDA:325,20,0,0
BRDA:325,20,1,0
BRF:35
BRH:0
end_of_record
TN:
SF:components\utils\trace-error-handler.js
FN:7,(anonymous_0)
FN:32,(anonymous_1)
FN:45,(anonymous_2)
FN:47,(anonymous_3)
FN:78,(anonymous_4)
FN:91,(anonymous_5)
FN:92,(anonymous_6)
FN:112,(anonymous_7)
FN:122,(anonymous_8)
FN:123,(anonymous_9)
FN:159,(anonymous_10)
FN:160,(anonymous_11)
FN:187,(anonymous_12)
FN:193,(anonymous_13)
FN:199,(anonymous_14)
FN:203,(anonymous_15)
FN:214,(anonymous_16)
FN:226,(anonymous_17)
FN:246,(anonymous_18)
FN:249,(anonymous_19)
FN:293,(anonymous_20)
FN:316,(anonymous_21)
FN:355,(anonymous_22)
FN:366,(anonymous_23)
FN:395,(anonymous_24)
FN:423,(anonymous_25)
FN:484,(anonymous_26)
FN:490,(anonymous_27)
FN:495,(anonymous_28)
FN:517,(anonymous_29)
FN:548,(anonymous_30)
FN:561,(anonymous_31)
FN:578,(anonymous_32)
FN:583,(anonymous_33)
FN:607,(anonymous_34)
FN:613,(anonymous_35)
FN:616,(anonymous_36)
FN:642,(anonymous_37)
FN:649,(anonymous_38)
FN:661,(anonymous_39)
FNF:40
FNH:0
FNDA:0,(anonymous_0)
FNDA:0,(anonymous_1)
FNDA:0,(anonymous_2)
FNDA:0,(anonymous_3)
FNDA:0,(anonymous_4)
FNDA:0,(anonymous_5)
FNDA:0,(anonymous_6)
FNDA:0,(anonymous_7)
FNDA:0,(anonymous_8)
FNDA:0,(anonymous_9)
FNDA:0,(anonymous_10)
FNDA:0,(anonymous_11)
FNDA:0,(anonymous_12)
FNDA:0,(anonymous_13)
FNDA:0,(anonymous_14)
FNDA:0,(anonymous_15)
FNDA:0,(anonymous_16)
FNDA:0,(anonymous_17)
FNDA:0,(anonymous_18)
FNDA:0,(anonymous_19)
FNDA:0,(anonymous_20)
FNDA:0,(anonymous_21)
FNDA:0,(anonymous_22)
FNDA:0,(anonymous_23)
FNDA:0,(anonymous_24)
FNDA:0,(anonymous_25)
FNDA:0,(anonymous_26)
FNDA:0,(anonymous_27)
FNDA:0,(anonymous_28)
FNDA:0,(anonymous_29)
FNDA:0,(anonymous_30)
FNDA:0,(anonymous_31)
FNDA:0,(anonymous_32)
FNDA:0,(anonymous_33)
FNDA:0,(anonymous_34)
FNDA:0,(anonymous_35)
FNDA:0,(anonymous_36)
FNDA:0,(anonymous_37)
FNDA:0,(anonymous_38)
FNDA:0,(anonymous_39)
DA:9,0
DA:17,0
DA:20,0
DA:33,0
DA:34,0
DA:35,0
DA:36,0
DA:38,0
DA:39,0
DA:47,0
DA:48,0
DA:56,0
DA:59,0
DA:63,0
DA:70,0
DA:74,0
DA:78,0
DA:79,0
DA:85,0
DA:86,0
DA:90,0
DA:91,0
DA:92,0
DA:93,0
DA:99,0
DA:104,0
DA:113,0
DA:114,0
DA:118,0
DA:122,0
DA:123,0
DA:124,0
DA:125,0
DA:127,0
DA:137,0
DA:144,0
DA:145,0
DA:157,0
DA:158,0
DA:159,0
DA:160,0
DA:161,0
DA:173,0
DA:175,0
DA:189,0
DA:190,0
DA:191,0
DA:193,0
DA:194,0
DA:195,0
DA:196,0
DA:199,0
DA:200,0
DA:201,0
DA:203,0
DA:204,0
DA:210,0
DA:211,0
DA:214,0
DA:215,0
DA:221,0
DA:222,0
DA:226,0
DA:227,0
DA:228,0
DA:234,0
DA:235,0
DA:239,0
DA:248,0
DA:249,0
DA:250,0
DA:251,0
DA:253,0
DA:260,0
DA:261,0
DA:267,0
DA:269,0
DA:270,0
DA:271,0
DA:272,0
DA:273,0
DA:277,0
DA:280,0
DA:295,0
DA:304,0
DA:305,0
DA:309,0
DA:317,0
DA:320,0
DA:321,0
DA:325,0
DA:326,0
DA:330,0
DA:333,0
DA:339,0
DA:342,0
DA:343,0
DA:347,0
DA:356,0
DA:357,0
DA:359,0
DA:367,0
DA:369,0
DA:370,0
DA:372,0
DA:374,0
DA:375,0
DA:377,0
DA:378,0
DA:380,0
DA:381,0
DA:383,0
DA:384,0
DA:385,0
DA:387,0
DA:396,0
DA:398,0
DA:399,0
DA:411,0
DA:412,0
DA:415,0
DA:424,0
DA:427,0
DA:430,0
DA:432,0
DA:434,0
DA:435,0
DA:437,0
DA:452,0
DA:453,0
DA:477,0
DA:480,0
DA:483,0
DA:484,0
DA:485,0
DA:486,0
DA:490,0
DA:491,0
DA:492,0
DA:493,0
DA:495,0
DA:496,0
DA:497,0
DA:504,0
DA:508,0
DA:519,0
DA:520,0
DA:522,0
DA:523,0
DA:527,0
DA:528,0
DA:529,0
DA:530,0
DA:531,0
DA:532,0
DA:533,0
DA:534,0
DA:537,0
DA:541,0
DA:549,0
DA:551,0
DA:554,0
DA:556,0
DA:557,0
DA:561,0
DA:562,0
DA:566,0
DA:568,0
DA:572,0
DA:574,0
DA:576,0
DA:577,0
DA:579,0
DA:580,0
DA:584,0
DA:585,0
DA:590,0
DA:594,0
DA:596,0
DA:600,0
DA:609,0
DA:610,0
DA:613,0
DA:615,0
DA:616,0
DA:619,0
DA:622,0
DA:624,0
DA:643,0
DA:650,0
DA:651,0
DA:662,0
DA:667,0
DA:676,0
DA:679,0
DA:680,0
LF:196
LH:0
BRDA:53,0,0,0
BRDA:53,0,1,0
BRDA:59,1,0,0
BRDA:59,1,1,0
BRDA:59,2,0,0
BRDA:59,2,1,0
BRDA:59,2,2,0
BRDA:59,2,3,0
BRDA:65,3,0,0
BRDA:65,3,1,0
BRDA:81,4,0,0
BRDA:81,4,1,0
BRDA:81,5,0,0
BRDA:81,5,1,0
BRDA:82,6,0,0
BRDA:82,6,1,0
BRDA:82,7,0,0
BRDA:82,7,1,0
BRDA:113,8,0,0
BRDA:113,8,1,0
BRDA:113,9,0,0
BRDA:113,9,1,0
BRDA:125,10,0,0
BRDA:125,10,1,0
BRDA:144,11,0,0
BRDA:144,11,1,0
BRDA:157,12,0,0
BRDA:157,12,1,0
BRDA:227,13,0,0
BRDA:227,13,1,0
BRDA:271,14,0,0
BRDA:271,14,1,0
BRDA:297,15,0,0
BRDA:297,15,1,0
BRDA:298,16,0,0
BRDA:298,16,1,0
BRDA:300,17,0,0
BRDA:300,17,1,0
BRDA:304,18,0,0
BRDA:304,18,1,0
BRDA:317,19,0,0
BRDA:317,19,1,0
BRDA:320,20,0,0
BRDA:320,20,1,0
BRDA:325,21,0,0
BRDA:325,21,1,0
BRDA:330,22,0,0
BRDA:330,22,1,0
BRDA:342,23,0,0
BRDA:342,23,1,0
BRDA:356,24,0,0
BRDA:356,24,1,0
BRDA:357,25,0,0
BRDA:357,25,1,0
BRDA:367,26,0,0
BRDA:367,26,1,0
BRDA:372,27,0,0
BRDA:372,27,1,0
BRDA:372,27,2,0
BRDA:372,27,3,0
BRDA:372,27,4,0
BRDA:374,28,0,0
BRDA:374,28,1,0
BRDA:377,29,0,0
BRDA:377,29,1,0
BRDA:380,30,0,0
BRDA:380,30,1,0
BRDA:383,31,0,0
BRDA:383,31,1,0
BRDA:384,32,0,0
BRDA:384,32,1,0
BRDA:387,33,0,0
BRDA:387,33,1,0
BRDA:396,34,0,0
BRDA:396,34,1,0
BRDA:396,35,0,0
BRDA:396,35,1,0
BRDA:411,36,0,0
BRDA:411,36,1,0
BRDA:424,37,0,0
BRDA:424,37,1,0
BRDA:430,38,0,0
BRDA:430,38,1,0
BRDA:430,39,0,0
BRDA:430,39,1,0
BRDA:432,40,0,0
BRDA:432,40,1,0
BRDA:432,41,0,0
BRDA:432,41,1,0
BRDA:491,42,0,0
BRDA:491,42,1,0
BRDA:496,43,0,0
BRDA:496,43,1,0
BRDA:520,44,0,0
BRDA:520,44,1,0
BRDA:522,45,0,0
BRDA:522,45,1,0
BRDA:523,46,0,0
BRDA:523,46,1,0
BRDA:523,47,0,0
BRDA:523,47,1,0
BRDA:523,47,2,0
BRDA:523,47,3,0
BRDA:529,48,0,0
BRDA:529,48,1,0
BRDA:529,49,0,0
BRDA:529,49,1,0
BRDA:529,49,2,0
BRDA:532,50,0,0
BRDA:532,50,1,0
BRDA:532,51,0,0
BRDA:532,51,1,0
BRDA:549,52,0,0
BRDA:549,52,1,0
BRDA:551,53,0,0
BRDA:551,53,1,0
BRDA:551,53,2,0
BRDA:554,54,0,0
BRDA:554,54,1,0
BRDA:554,55,0,0
BRDA:554,55,1,0
BRDA:556,56,0,0
BRDA:556,56,1,0
BRDA:556,57,0,0
BRDA:556,57,1,0
BRDA:572,58,0,0
BRDA:572,58,1,0
BRDA:572,59,0,0
BRDA:572,59,1,0
BRDA:572,59,2,0
BRDA:574,60,0,0
BRDA:574,60,1,0
BRDA:576,61,0,0
BRDA:576,61,1,0
BRDA:576,62,0,0
BRDA:576,62,1,0
BRDA:579,63,0,0
BRDA:579,63,1,0
BRDA:579,64,0,0
BRDA:579,64,1,0
BRDA:584,65,0,0
BRDA:584,65,1,0
BRDA:584,66,0,0
BRDA:584,66,1,0
BRDA:609,67,0,0
BRDA:609,67,1,0
BRDA:619,68,0,0
BRDA:619,68,1,0
BRDA:622,69,0,0
BRDA:622,69,1,0
BRDA:679,70,0,0
BRDA:679,70,1,0
BRDA:679,71,0,0
BRDA:679,71,1,0
BRF:154
BRH:0
end_of_record
TN:
SF:components\utils\trace-routes.js
FN:84,(anonymous_0)
FN:102,(anonymous_1)
FNF:2
FNH:0
FNDA:0,(anonymous_0)
FNDA:0,(anonymous_1)
DA:6,0
DA:86,0
DA:87,0
DA:90,0
DA:94,0
DA:103,0
DA:104,0
DA:109,0
DA:110,0
DA:112,0
LF:10
LH:0
BRDA:86,0,0,0
BRDA:86,0,1,0
BRDA:90,1,0,0
BRDA:90,1,1,0
BRDA:109,2,0,0
BRDA:109,2,1,0
BRDA:109,3,0,0
BRDA:109,3,1,0
BRF:8
BRH:0
end_of_record
