{"/Users/jietaoxie/my-prototype-logistics/frontend/HainiuFoodTrace/src/constants/config.ts": {"path":"/Users/jietaoxie/my-prototype-logistics/frontend/HainiuFoodTrace/src/constants/config.ts","statementMap":{"0":{"start":{"line":4,"column":13},"end":{"line":6,"column":42}},"1":{"start":{"line":9,"column":13},"end":{"line":14,"column":2}},"2":{"start":{"line":17,"column":13},"end":{"line":22,"column":2}},"3":{"start":{"line":25,"column":13},"end":{"line":30,"column":2}}},"fnMap":{},"branchMap":{"0":{"loc":{"start":{"line":4,"column":28},"end":{"line":6,"column":41}},"type":"cond-expr","locations":[{"start":{"line":5,"column":4},"end":{"line":5,"column":30}},{"start":{"line":6,"column":4},"end":{"line":6,"column":41}}]}},"s":{"0":0,"1":0,"2":0,"3":0},"f":{},"b":{"0":[0,0]}}
,"/Users/jietaoxie/my-prototype-logistics/frontend/HainiuFoodTrace/src/constants/permissions.ts": {"path":"/Users/jietaoxie/my-prototype-logistics/frontend/HainiuFoodTrace/src/constants/permissions.ts","statementMap":{"0":{"start":{"line":1,"column":0},"end":{"line":1,"column":null}},"1":{"start":{"line":10,"column":13},"end":{"line":16,"column":11}},"2":{"start":{"line":21,"column":13},"end":{"line":51,"column":11}},"3":{"start":{"line":54,"column":13},"end":{"line":66,"column":11}},"4":{"start":{"line":69,"column":13},"end":{"line":147,"column":2}},"5":{"start":{"line":150,"column":13},"end":{"line":258,"column":2}},"6":{"start":{"line":261,"column":13},"end":{"line":266,"column":11}},"7":{"start":{"line":271,"column":13},"end":{"line":283,"column":2}}},"fnMap":{},"branchMap":{},"s":{"0":0,"1":0,"2":0,"3":0,"4":0,"5":0,"6":0,"7":0},"f":{},"b":{}}
,"/Users/jietaoxie/my-prototype-logistics/frontend/HainiuFoodTrace/src/hooks/usePermission.ts": {"path":"/Users/jietaoxie/my-prototype-logistics/frontend/HainiuFoodTrace/src/hooks/usePermission.ts","statementMap":{"0":{"start":{"line":1,"column":0},"end":{"line":1,"column":34}},"1":{"start":{"line":2,"column":0},"end":{"line":2,"column":59}},"2":{"start":{"line":3,"column":0},"end":{"line":3,"column":null}},"3":{"start":{"line":11,"column":0},"end":{"line":11,"column":82}},"4":{"start":{"line":12,"column":0},"end":{"line":12,"column":null}},"5":{"start":{"line":19,"column":0},"end":{"line":19,"column":50}},"6":{"start":{"line":20,"column":0},"end":{"line":20,"column":62}},"7":{"start":{"line":21,"column":0},"end":{"line":21,"column":null}},"8":{"start":{"line":72,"column":29},"end":{"line":236,"column":1}},"9":{"start":{"line":74,"column":43},"end":{"line":74,"column":57}},"10":{"start":{"line":84,"column":6},"end":{"line":84,"column":26}},"11":{"start":{"line":98,"column":6},"end":{"line":98,"column":22}},"12":{"start":{"line":100,"column":20},"end":{"line":100,"column":73}},"13":{"start":{"line":103,"column":2},"end":{"line":105,"column":31}},"14":{"start":{"line":104,"column":4},"end":{"line":104,"column":27}},"15":{"start":{"line":108,"column":29},"end":{"line":116,"column":3}},"16":{"start":{"line":109,"column":4},"end":{"line":115,"column":5}},"17":{"start":{"line":110,"column":26},"end":{"line":110,"column":60}},"18":{"start":{"line":111,"column":6},"end":{"line":111,"column":36}},"19":{"start":{"line":112,"column":6},"end":{"line":112,"column":41}},"20":{"start":{"line":114,"column":6},"end":{"line":114,"column":38}},"21":{"start":{"line":119,"column":32},"end":{"line":125,"column":3}},"22":{"start":{"line":121,"column":21},"end":{"line":121,"column":52}},"23":{"start":{"line":122,"column":4},"end":{"line":122,"column":55}},"24":{"start":{"line":122,"column":43},"end":{"line":122,"column":55}},"25":{"start":{"line":124,"column":4},"end":{"line":124,"column":37}},"26":{"start":{"line":128,"column":26},"end":{"line":132,"column":3}},"27":{"start":{"line":129,"column":4},"end":{"line":129,"column":28}},"28":{"start":{"line":129,"column":15},"end":{"line":129,"column":28}},"29":{"start":{"line":130,"column":21},"end":{"line":130,"column":38}},"30":{"start":{"line":131,"column":4},"end":{"line":131,"column":29}},"31":{"start":{"line":135,"column":29},"end":{"line":139,"column":3}},"32":{"start":{"line":136,"column":4},"end":{"line":136,"column":28}},"33":{"start":{"line":136,"column":15},"end":{"line":136,"column":28}},"34":{"start":{"line":137,"column":21},"end":{"line":137,"column":38}},"35":{"start":{"line":138,"column":4},"end":{"line":138,"column":36}},"36":{"start":{"line":142,"column":34},"end":{"line":148,"column":3}},"37":{"start":{"line":144,"column":21},"end":{"line":144,"column":52}},"38":{"start":{"line":145,"column":4},"end":{"line":145,"column":55}},"39":{"start":{"line":145,"column":43},"end":{"line":145,"column":55}},"40":{"start":{"line":147,"column":4},"end":{"line":147,"column":35}},"41":{"start":{"line":151,"column":24},"end":{"line":176,"column":3}},"42":{"start":{"line":152,"column":4},"end":{"line":152,"column":44}},"43":{"start":{"line":152,"column":31},"end":{"line":152,"column":44}},"44":{"start":{"line":155,"column":21},"end":{"line":155,"column":38}},"45":{"start":{"line":156,"column":4},"end":{"line":156,"column":55}},"46":{"start":{"line":156,"column":43},"end":{"line":156,"column":55}},"47":{"start":{"line":159,"column":4},"end":{"line":161,"column":5}},"48":{"start":{"line":160,"column":6},"end":{"line":160,"column":18}},"49":{"start":{"line":164,"column":4},"end":{"line":167,"column":5}},"50":{"start":{"line":166,"column":6},"end":{"line":166,"column":18}},"51":{"start":{"line":170,"column":4},"end":{"line":173,"column":5}},"52":{"start":{"line":172,"column":6},"end":{"line":172,"column":18}},"53":{"start":{"line":175,"column":4},"end":{"line":175,"column":17}},"54":{"start":{"line":179,"column":32},"end":{"line":187,"column":3}},"55":{"start":{"line":180,"column":4},"end":{"line":180,"column":28}},"56":{"start":{"line":180,"column":15},"end":{"line":180,"column":28}},"57":{"start":{"line":183,"column":21},"end":{"line":183,"column":38}},"58":{"start":{"line":184,"column":4},"end":{"line":184,"column":55}},"59":{"start":{"line":184,"column":43},"end":{"line":184,"column":55}},"60":{"start":{"line":186,"column":4},"end":{"line":186,"column":41}},"61":{"start":{"line":190,"column":33},"end":{"line":194,"column":3}},"62":{"start":{"line":191,"column":4},"end":{"line":191,"column":28}},"63":{"start":{"line":191,"column":15},"end":{"line":191,"column":28}},"64":{"start":{"line":192,"column":21},"end":{"line":192,"column":38}},"65":{"start":{"line":193,"column":4},"end":{"line":193,"column":47}},"66":{"start":{"line":197,"column":23},"end":{"line":206,"column":3}},"67":{"start":{"line":198,"column":4},"end":{"line":198,"column":28}},"68":{"start":{"line":198,"column":15},"end":{"line":198,"column":28}},"69":{"start":{"line":200,"column":21},"end":{"line":200,"column":38}},"70":{"start":{"line":201,"column":22},"end":{"line":201,"column":43}},"71":{"start":{"line":202,"column":25},"end":{"line":202,"column":49}},"72":{"start":{"line":205,"column":4},"end":{"line":205,"column":36}},"73":{"start":{"line":208,"column":2},"end":{"line":235,"column":4}},"74":{"start":{"line":72,"column":13},"end":{"line":72,"column":29}}},"fnMap":{"0":{"name":"(anonymous_0)","decl":{"start":{"line":72,"column":29},"end":{"line":72,"column":53}},"loc":{"start":{"line":72,"column":55},"end":{"line":236,"column":1}}},"1":{"name":"(anonymous_1)","decl":{"start":{"line":103,"column":12},"end":{"line":103,"column":15}},"loc":{"start":{"line":103,"column":17},"end":{"line":105,"column":3}}},"2":{"name":"(anonymous_2)","decl":{"start":{"line":108,"column":29},"end":{"line":108,"column":34}},"loc":{"start":{"line":108,"column":40},"end":{"line":116,"column":3}}},"3":{"name":"(anonymous_3)","decl":{"start":{"line":119,"column":32},"end":{"line":119,"column":33}},"loc":{"start":{"line":119,"column":64},"end":{"line":125,"column":3}}},"4":{"name":"(anonymous_4)","decl":{"start":{"line":128,"column":26},"end":{"line":128,"column":27}},"loc":{"start":{"line":128,"column":54},"end":{"line":132,"column":3}}},"5":{"name":"(anonymous_5)","decl":{"start":{"line":135,"column":29},"end":{"line":135,"column":30}},"loc":{"start":{"line":135,"column":60},"end":{"line":139,"column":3}}},"6":{"name":"(anonymous_6)","decl":{"start":{"line":142,"column":34},"end":{"line":142,"column":35}},"loc":{"start":{"line":142,"column":62},"end":{"line":148,"column":3}}},"7":{"name":"(anonymous_7)","decl":{"start":{"line":151,"column":24},"end":{"line":151,"column":25}},"loc":{"start":{"line":151,"column":58},"end":{"line":176,"column":3}}},"8":{"name":"(anonymous_8)","decl":{"start":{"line":179,"column":32},"end":{"line":179,"column":33}},"loc":{"start":{"line":179,"column":72},"end":{"line":187,"column":3}}},"9":{"name":"(anonymous_9)","decl":{"start":{"line":190,"column":33},"end":{"line":190,"column":53}},"loc":{"start":{"line":190,"column":55},"end":{"line":194,"column":3}}},"10":{"name":"(anonymous_10)","decl":{"start":{"line":197,"column":23},"end":{"line":197,"column":24}},"loc":{"start":{"line":197,"column":58},"end":{"line":206,"column":3}}}},"branchMap":{"0":{"loc":{"start":{"line":100,"column":20},"end":{"line":100,"column":73}},"type":"binary-expr","locations":[{"start":{"line":100,"column":20},"end":{"line":100,"column":31}},{"start":{"line":100,"column":35},"end":{"line":100,"column":52}},{"start":{"line":100,"column":56},"end":{"line":100,"column":73}}]},"1":{"loc":{"start":{"line":121,"column":21},"end":{"line":121,"column":52}},"type":"cond-expr","locations":[{"start":{"line":121,"column":28},"end":{"line":121,"column":45}},{"start":{"line":121,"column":48},"end":{"line":121,"column":52}}]},"2":{"loc":{"start":{"line":122,"column":4},"end":{"line":122,"column":55}},"type":"if","locations":[{"start":{"line":122,"column":4},"end":{"line":122,"column":55}},{"start":{},"end":{}}]},"3":{"loc":{"start":{"line":129,"column":4},"end":{"line":129,"column":28}},"type":"if","locations":[{"start":{"line":129,"column":4},"end":{"line":129,"column":28}},{"start":{},"end":{}}]},"4":{"loc":{"start":{"line":136,"column":4},"end":{"line":136,"column":28}},"type":"if","locations":[{"start":{"line":136,"column":4},"end":{"line":136,"column":28}},{"start":{},"end":{}}]},"5":{"loc":{"start":{"line":144,"column":21},"end":{"line":144,"column":52}},"type":"cond-expr","locations":[{"start":{"line":144,"column":28},"end":{"line":144,"column":45}},{"start":{"line":144,"column":48},"end":{"line":144,"column":52}}]},"6":{"loc":{"start":{"line":145,"column":4},"end":{"line":145,"column":55}},"type":"if","locations":[{"start":{"line":145,"column":4},"end":{"line":145,"column":55}},{"start":{},"end":{}}]},"7":{"loc":{"start":{"line":152,"column":4},"end":{"line":152,"column":44}},"type":"if","locations":[{"start":{"line":152,"column":4},"end":{"line":152,"column":44}},{"start":{},"end":{}}]},"8":{"loc":{"start":{"line":152,"column":8},"end":{"line":152,"column":29}},"type":"binary-expr","locations":[{"start":{"line":152,"column":8},"end":{"line":152,"column":13}},{"start":{"line":152,"column":17},"end":{"line":152,"column":29}}]},"9":{"loc":{"start":{"line":156,"column":4},"end":{"line":156,"column":55}},"type":"if","locations":[{"start":{"line":156,"column":4},"end":{"line":156,"column":55}},{"start":{},"end":{}}]},"10":{"loc":{"start":{"line":159,"column":4},"end":{"line":161,"column":5}},"type":"if","locations":[{"start":{"line":159,"column":4},"end":{"line":161,"column":5}},{"start":{},"end":{}}]},"11":{"loc":{"start":{"line":159,"column":8},"end":{"line":159,"column":90}},"type":"binary-expr","locations":[{"start":{"line":159,"column":8},"end":{"line":159,"column":46}},{"start":{"line":159,"column":50},"end":{"line":159,"column":90}}]},"12":{"loc":{"start":{"line":164,"column":4},"end":{"line":167,"column":5}},"type":"if","locations":[{"start":{"line":164,"column":4},"end":{"line":167,"column":5}},{"start":{},"end":{}}]},"13":{"loc":{"start":{"line":164,"column":8},"end":{"line":164,"column":99}},"type":"binary-expr","locations":[{"start":{"line":164,"column":8},"end":{"line":164,"column":51}},{"start":{"line":164,"column":55},"end":{"line":164,"column":99}}]},"14":{"loc":{"start":{"line":170,"column":4},"end":{"line":173,"column":5}},"type":"if","locations":[{"start":{"line":170,"column":4},"end":{"line":173,"column":5}},{"start":{},"end":{}}]},"15":{"loc":{"start":{"line":170,"column":8},"end":{"line":170,"column":99}},"type":"binary-expr","locations":[{"start":{"line":170,"column":8},"end":{"line":170,"column":48}},{"start":{"line":170,"column":52},"end":{"line":170,"column":99}}]},"16":{"loc":{"start":{"line":180,"column":4},"end":{"line":180,"column":28}},"type":"if","locations":[{"start":{"line":180,"column":4},"end":{"line":180,"column":28}},{"start":{},"end":{}}]},"17":{"loc":{"start":{"line":184,"column":4},"end":{"line":184,"column":55}},"type":"if","locations":[{"start":{"line":184,"column":4},"end":{"line":184,"column":55}},{"start":{},"end":{}}]},"18":{"loc":{"start":{"line":191,"column":4},"end":{"line":191,"column":28}},"type":"if","locations":[{"start":{"line":191,"column":4},"end":{"line":191,"column":28}},{"start":{},"end":{}}]},"19":{"loc":{"start":{"line":193,"column":11},"end":{"line":193,"column":46}},"type":"binary-expr","locations":[{"start":{"line":193,"column":11},"end":{"line":193,"column":37}},{"start":{"line":193,"column":41},"end":{"line":193,"column":46}}]},"20":{"loc":{"start":{"line":198,"column":4},"end":{"line":198,"column":28}},"type":"if","locations":[{"start":{"line":198,"column":4},"end":{"line":198,"column":28}},{"start":{},"end":{}}]}},"s":{"0":0,"1":0,"2":0,"3":0,"4":0,"5":0,"6":0,"7":0,"8":0,"9":0,"10":0,"11":0,"12":0,"13":0,"14":0,"15":0,"16":0,"17":0,"18":0,"19":0,"20":0,"21":0,"22":0,"23":0,"24":0,"25":0,"26":0,"27":0,"28":0,"29":0,"30":0,"31":0,"32":0,"33":0,"34":0,"35":0,"36":0,"37":0,"38":0,"39":0,"40":0,"41":0,"42":0,"43":0,"44":0,"45":0,"46":0,"47":0,"48":0,"49":0,"50":0,"51":0,"52":0,"53":0,"54":0,"55":0,"56":0,"57":0,"58":0,"59":0,"60":0,"61":0,"62":0,"63":0,"64":0,"65":0,"66":0,"67":0,"68":0,"69":0,"70":0,"71":0,"72":0,"73":0,"74":0},"f":{"0":0,"1":0,"2":0,"3":0,"4":0,"5":0,"6":0,"7":0,"8":0,"9":0,"10":0},"b":{"0":[0,0,0],"1":[0,0],"2":[0,0],"3":[0,0],"4":[0,0],"5":[0,0],"6":[0,0],"7":[0,0],"8":[0,0],"9":[0,0],"10":[0,0],"11":[0,0],"12":[0,0],"13":[0,0],"14":[0,0],"15":[0,0],"16":[0,0],"17":[0,0],"18":[0,0],"19":[0,0],"20":[0,0]}}
,"/Users/jietaoxie/my-prototype-logistics/frontend/HainiuFoodTrace/src/navigation/SmartNavigationService.tsx": {"path":"/Users/jietaoxie/my-prototype-logistics/frontend/HainiuFoodTrace/src/navigation/SmartNavigationService.tsx","statementMap":{"0":{"start":{"line":1,"column":0},"end":{"line":1,"column":26}},"1":{"start":{"line":3,"column":0},"end":{"line":3,"column":37}},"2":{"start":{"line":5,"column":0},"end":{"line":5,"column":74}},"3":{"start":{"line":13,"column":39},"end":{"line":13,"column":44}},"4":{"start":{"line":14,"column":50},"end":{"line":14,"column":52}},"5":{"start":{"line":15,"column":40},"end":{"line":15,"column":42}},"6":{"start":{"line":16,"column":29},"end":{"line":16,"column":33}},"7":{"start":{"line":19,"column":4},"end":{"line":19,"column":43}},"8":{"start":{"line":26,"column":4},"end":{"line":26,"column":29}},"9":{"start":{"line":33,"column":4},"end":{"line":33,"column":34}},"10":{"start":{"line":36,"column":4},"end":{"line":36,"column":64}},"11":{"start":{"line":36,"column":50},"end":{"line":36,"column":62}},"12":{"start":{"line":37,"column":4},"end":{"line":37,"column":33}},"13":{"start":{"line":44,"column":4},"end":{"line":44,"column":28}},"14":{"start":{"line":51,"column":4},"end":{"line":61,"column":5}},"15":{"start":{"line":52,"column":27},"end":{"line":52,"column":58}},"16":{"start":{"line":53,"column":6},"end":{"line":60,"column":7}},"17":{"start":{"line":54,"column":8},"end":{"line":54,"column":50}},"18":{"start":{"line":57,"column":8},"end":{"line":59,"column":9}},"19":{"start":{"line":58,"column":10},"end":{"line":58,"column":69}},"20":{"start":{"line":68,"column":28},"end":{"line":68,"column":79}},"21":{"start":{"line":69,"column":4},"end":{"line":69,"column":43}},"22":{"start":{"line":69,"column":26},"end":{"line":69,"column":43}},"23":{"start":{"line":71,"column":29},"end":{"line":80,"column":5}},"24":{"start":{"line":72,"column":6},"end":{"line":78,"column":7}},"25":{"start":{"line":73,"column":29},"end":{"line":73,"column":54}},"26":{"start":{"line":74,"column":8},"end":{"line":76,"column":9}},"27":{"start":{"line":75,"column":10},"end":{"line":75,"column":54}},"28":{"start":{"line":77,"column":8},"end":{"line":77,"column":33}},"29":{"start":{"line":79,"column":6},"end":{"line":79,"column":23}},"30":{"start":{"line":82,"column":4},"end":{"line":82,"column":45}},"31":{"start":{"line":89,"column":25},"end":{"line":89,"column":51}},"32":{"start":{"line":90,"column":4},"end":{"line":90,"column":37}},"33":{"start":{"line":97,"column":4},"end":{"line":101,"column":5}},"34":{"start":{"line":98,"column":6},"end":{"line":98,"column":21}},"35":{"start":{"line":100,"column":6},"end":{"line":100,"column":49}},"36":{"start":{"line":108,"column":4},"end":{"line":114,"column":7}},"37":{"start":{"line":109,"column":6},"end":{"line":113,"column":7}},"38":{"start":{"line":110,"column":8},"end":{"line":110,"column":71}},"39":{"start":{"line":112,"column":8},"end":{"line":112,"column":50}},"40":{"start":{"line":121,"column":4},"end":{"line":130,"column":7}},"41":{"start":{"line":122,"column":6},"end":{"line":129,"column":7}},"42":{"start":{"line":123,"column":8},"end":{"line":126,"column":11}},"43":{"start":{"line":128,"column":8},"end":{"line":128,"column":56}},"44":{"start":{"line":137,"column":4},"end":{"line":148,"column":7}},"45":{"start":{"line":138,"column":6},"end":{"line":147,"column":7}},"46":{"start":{"line":139,"column":8},"end":{"line":144,"column":9}},"47":{"start":{"line":140,"column":10},"end":{"line":140,"column":46}},"48":{"start":{"line":143,"column":10},"end":{"line":143,"column":41}},"49":{"start":{"line":146,"column":8},"end":{"line":146,"column":47}},"50":{"start":{"line":156,"column":4},"end":{"line":158,"column":5}},"51":{"start":{"line":157,"column":6},"end":{"line":157,"column":20}},"52":{"start":{"line":161,"column":4},"end":{"line":163,"column":5}},"53":{"start":{"line":162,"column":6},"end":{"line":162,"column":20}},"54":{"start":{"line":166,"column":21},"end":{"line":166,"column":43}},"55":{"start":{"line":167,"column":4},"end":{"line":179,"column":5}},"56":{"start":{"line":168,"column":6},"end":{"line":178,"column":7}},"57":{"start":{"line":170,"column":10},"end":{"line":170,"column":24}},"58":{"start":{"line":173,"column":10},"end":{"line":173,"column":24}},"59":{"start":{"line":177,"column":10},"end":{"line":177,"column":24}},"60":{"start":{"line":181,"column":4},"end":{"line":181,"column":18}},"61":{"start":{"line":188,"column":24},"end":{"line":188,"column":48}},"62":{"start":{"line":189,"column":4},"end":{"line":192,"column":5}},"63":{"start":{"line":190,"column":6},"end":{"line":190,"column":28}},"64":{"start":{"line":191,"column":6},"end":{"line":191,"column":13}},"65":{"start":{"line":194,"column":25},"end":{"line":194,"column":70}},"66":{"start":{"line":195,"column":4},"end":{"line":195,"column":32}},"67":{"start":{"line":202,"column":4},"end":{"line":206,"column":5}},"68":{"start":{"line":203,"column":6},"end":{"line":203,"column":51}},"69":{"start":{"line":205,"column":6},"end":{"line":205,"column":28}},"70":{"start":{"line":213,"column":4},"end":{"line":213,"column":30}},"71":{"start":{"line":216,"column":31},"end":{"line":216,"column":35}},"72":{"start":{"line":218,"column":4},"end":{"line":230,"column":5}},"73":{"start":{"line":220,"column":6},"end":{"line":220,"column":28}},"74":{"start":{"line":221,"column":11},"end":{"line":230,"column":5}},"75":{"start":{"line":223,"column":6},"end":{"line":223,"column":28}},"76":{"start":{"line":224,"column":11},"end":{"line":230,"column":5}},"77":{"start":{"line":226,"column":6},"end":{"line":226,"column":39}},"78":{"start":{"line":229,"column":6},"end":{"line":229,"column":28}},"79":{"start":{"line":237,"column":4},"end":{"line":254,"column":6}},"80":{"start":{"line":247,"column":25},"end":{"line":247,"column":38}},"81":{"start":{"line":251,"column":25},"end":{"line":251,"column":55}},"82":{"start":{"line":261,"column":4},"end":{"line":264,"column":7}},"83":{"start":{"line":271,"column":4},"end":{"line":291,"column":6}},"84":{"start":{"line":279,"column":33},"end":{"line":279,"column":55}},"85":{"start":{"line":280,"column":12},"end":{"line":280,"column":47}},"86":{"start":{"line":287,"column":12},"end":{"line":287,"column":49}},"87":{"start":{"line":298,"column":4},"end":{"line":324,"column":5}},"88":{"start":{"line":299,"column":23},"end":{"line":299,"column":39}},"89":{"start":{"line":300,"column":6},"end":{"line":300,"column":44}},"90":{"start":{"line":300,"column":31},"end":{"line":300,"column":44}},"91":{"start":{"line":302,"column":19},"end":{"line":302,"column":30}},"92":{"start":{"line":303,"column":24},"end":{"line":303,"column":39}},"93":{"start":{"line":305,"column":6},"end":{"line":318,"column":7}},"94":{"start":{"line":306,"column":26},"end":{"line":306,"column":38}},"95":{"start":{"line":307,"column":23},"end":{"line":307,"column":62}},"96":{"start":{"line":310,"column":58},"end":{"line":312,"column":10}},"97":{"start":{"line":314,"column":8},"end":{"line":317,"column":9}},"98":{"start":{"line":315,"column":10},"end":{"line":315,"column":50}},"99":{"start":{"line":316,"column":10},"end":{"line":316,"column":22}},"100":{"start":{"line":320,"column":6},"end":{"line":320,"column":19}},"101":{"start":{"line":322,"column":6},"end":{"line":322,"column":55}},"102":{"start":{"line":323,"column":6},"end":{"line":323,"column":19}},"103":{"start":{"line":331,"column":24},"end":{"line":331,"column":26}},"104":{"start":{"line":333,"column":4},"end":{"line":337,"column":5}},"105":{"start":{"line":333,"column":17},"end":{"line":333,"column":18}},"106":{"start":{"line":334,"column":6},"end":{"line":336,"column":7}},"107":{"start":{"line":335,"column":8},"end":{"line":335,"column":68}},"108":{"start":{"line":339,"column":4},"end":{"line":339,"column":18}},"109":{"start":{"line":346,"column":4},"end":{"line":346,"column":39}},"110":{"start":{"line":353,"column":4},"end":{"line":353,"column":32}},"111":{"start":{"line":360,"column":4},"end":{"line":360,"column":60}},"112":{"start":{"line":367,"column":4},"end":{"line":373,"column":6}},"113":{"start":{"line":380,"column":4},"end":{"line":386,"column":7}},"114":{"start":{"line":381,"column":6},"end":{"line":385,"column":7}},"115":{"start":{"line":382,"column":8},"end":{"line":382,"column":20}},"116":{"start":{"line":384,"column":8},"end":{"line":384,"column":66}},"117":{"start":{"line":398,"column":4},"end":{"line":406,"column":5}},"118":{"start":{"line":399,"column":6},"end":{"line":399,"column":39}},"119":{"start":{"line":401,"column":6},"end":{"line":405,"column":7}},"120":{"start":{"line":402,"column":8},"end":{"line":402,"column":37}},"121":{"start":{"line":404,"column":8},"end":{"line":404,"column":38}},"122":{"start":{"line":417,"column":4},"end":{"line":419,"column":14}},"123":{"start":{"line":418,"column":6},"end":{"line":418,"column":39}},"124":{"start":{"line":426,"column":4},"end":{"line":426,"column":43}},"125":{"start":{"line":427,"column":4},"end":{"line":427,"column":35}},"126":{"start":{"line":428,"column":4},"end":{"line":428,"column":33}},"127":{"start":{"line":429,"column":4},"end":{"line":429,"column":32}},"128":{"start":{"line":430,"column":4},"end":{"line":430,"column":28}},"129":{"start":{"line":435,"column":13},"end":{"line":435,"column":72}},"130":{"start":{"line":440,"column":0},"end":{"line":440,"column":38}}},"fnMap":{"0":{"name":"(anonymous_1)","decl":{"start":{"line":18,"column":2},"end":{"line":18,"column":null}},"loc":{"start":{"line":18,"column":2},"end":{"line":20,"column":3}}},"1":{"name":"(anonymous_2)","decl":{"start":{"line":25,"column":2},"end":{"line":25,"column":18}},"loc":{"start":{"line":25,"column":83},"end":{"line":27,"column":3}}},"2":{"name":"(anonymous_3)","decl":{"start":{"line":32,"column":2},"end":{"line":32,"column":20}},"loc":{"start":{"line":32,"column":20},"end":{"line":38,"column":3}}},"3":{"name":"(anonymous_4)","decl":{"start":{"line":36,"column":36},"end":{"line":36,"column":46}},"loc":{"start":{"line":36,"column":50},"end":{"line":36,"column":62}}},"4":{"name":"(anonymous_5)","decl":{"start":{"line":43,"column":2},"end":{"line":43,"column":16}},"loc":{"start":{"line":43,"column":26},"end":{"line":45,"column":3}}},"5":{"name":"(anonymous_6)","decl":{"start":{"line":50,"column":2},"end":{"line":50,"column":25}},"loc":{"start":{"line":50,"column":36},"end":{"line":62,"column":3}}},"6":{"name":"(anonymous_7)","decl":{"start":{"line":67,"column":2},"end":{"line":67,"column":21}},"loc":{"start":{"line":67,"column":33},"end":{"line":83,"column":3}}},"7":{"name":"(anonymous_8)","decl":{"start":{"line":71,"column":29},"end":{"line":71,"column":30}},"loc":{"start":{"line":71,"column":64},"end":{"line":80,"column":5}}},"8":{"name":"(anonymous_9)","decl":{"start":{"line":88,"column":2},"end":{"line":88,"column":17}},"loc":{"start":{"line":88,"column":17},"end":{"line":91,"column":3}}},"9":{"name":"(anonymous_10)","decl":{"start":{"line":96,"column":10},"end":{"line":96,"column":22}},"loc":{"start":{"line":96,"column":47},"end":{"line":102,"column":3}}},"10":{"name":"(anonymous_11)","decl":{"start":{"line":107,"column":2},"end":{"line":107,"column":10}},"loc":{"start":{"line":107,"column":60},"end":{"line":115,"column":3}}},"11":{"name":"(anonymous_12)","decl":{"start":{"line":108,"column":22},"end":{"line":108,"column":25}},"loc":{"start":{"line":108,"column":27},"end":{"line":114,"column":5}}},"12":{"name":"(anonymous_13)","decl":{"start":{"line":120,"column":2},"end":{"line":120,"column":7}},"loc":{"start":{"line":120,"column":71},"end":{"line":131,"column":3}}},"13":{"name":"(anonymous_14)","decl":{"start":{"line":121,"column":22},"end":{"line":121,"column":25}},"loc":{"start":{"line":121,"column":27},"end":{"line":130,"column":5}}},"14":{"name":"(anonymous_15)","decl":{"start":{"line":136,"column":2},"end":{"line":136,"column":8}},"loc":{"start":{"line":136,"column":8},"end":{"line":149,"column":3}}},"15":{"name":"(anonymous_16)","decl":{"start":{"line":137,"column":22},"end":{"line":137,"column":25}},"loc":{"start":{"line":137,"column":27},"end":{"line":148,"column":5}}},"16":{"name":"(anonymous_17)","decl":{"start":{"line":154,"column":2},"end":{"line":154,"column":24}},"loc":{"start":{"line":154,"column":37},"end":{"line":182,"column":3}}},"17":{"name":"(anonymous_18)","decl":{"start":{"line":187,"column":2},"end":{"line":187,"column":23}},"loc":{"start":{"line":187,"column":34},"end":{"line":196,"column":3}}},"18":{"name":"(anonymous_19)","decl":{"start":{"line":201,"column":2},"end":{"line":201,"column":25}},"loc":{"start":{"line":201,"column":25},"end":{"line":207,"column":3}}},"19":{"name":"(anonymous_20)","decl":{"start":{"line":212,"column":2},"end":{"line":212,"column":20}},"loc":{"start":{"line":212,"column":30},"end":{"line":231,"column":3}}},"20":{"name":"(anonymous_21)","decl":{"start":{"line":236,"column":2},"end":{"line":236,"column":28}},"loc":{"start":{"line":236,"column":79},"end":{"line":255,"column":3}}},"21":{"name":"(anonymous_22)","decl":{"start":{"line":247,"column":19},"end":{"line":247,"column":22}},"loc":{"start":{"line":247,"column":25},"end":{"line":247,"column":38}}},"22":{"name":"(anonymous_23)","decl":{"start":{"line":251,"column":19},"end":{"line":251,"column":22}},"loc":{"start":{"line":251,"column":25},"end":{"line":251,"column":55}}},"23":{"name":"(anonymous_24)","decl":{"start":{"line":260,"column":2},"end":{"line":260,"column":24}},"loc":{"start":{"line":260,"column":75},"end":{"line":265,"column":3}}},"24":{"name":"(anonymous_25)","decl":{"start":{"line":270,"column":2},"end":{"line":270,"column":20}},"loc":{"start":{"line":270,"column":20},"end":{"line":292,"column":3}}},"25":{"name":"(anonymous_26)","decl":{"start":{"line":277,"column":19},"end":{"line":277,"column":22}},"loc":{"start":{"line":277,"column":24},"end":{"line":281,"column":11}}},"26":{"name":"(anonymous_27)","decl":{"start":{"line":285,"column":19},"end":{"line":285,"column":22}},"loc":{"start":{"line":285,"column":24},"end":{"line":288,"column":11}}},"27":{"name":"(anonymous_28)","decl":{"start":{"line":297,"column":2},"end":{"line":297,"column":16}},"loc":{"start":{"line":297,"column":28},"end":{"line":325,"column":3}}},"28":{"name":"(anonymous_29)","decl":{"start":{"line":330,"column":10},"end":{"line":330,"column":24}},"loc":{"start":{"line":330,"column":44},"end":{"line":340,"column":3}}},"29":{"name":"(anonymous_30)","decl":{"start":{"line":345,"column":2},"end":{"line":345,"column":22}},"loc":{"start":{"line":345,"column":22},"end":{"line":347,"column":3}}},"30":{"name":"(anonymous_31)","decl":{"start":{"line":352,"column":2},"end":{"line":352,"column":24}},"loc":{"start":{"line":352,"column":24},"end":{"line":354,"column":3}}},"31":{"name":"(anonymous_32)","decl":{"start":{"line":359,"column":2},"end":{"line":359,"column":11}},"loc":{"start":{"line":359,"column":11},"end":{"line":361,"column":3}}},"32":{"name":"(anonymous_33)","decl":{"start":{"line":366,"column":2},"end":{"line":366,"column":20}},"loc":{"start":{"line":366,"column":20},"end":{"line":374,"column":3}}},"33":{"name":"(anonymous_34)","decl":{"start":{"line":379,"column":2},"end":{"line":379,"column":7}},"loc":{"start":{"line":379,"column":37},"end":{"line":387,"column":3}}},"34":{"name":"(anonymous_35)","decl":{"start":{"line":380,"column":23},"end":{"line":380,"column":32}},"loc":{"start":{"line":380,"column":35},"end":{"line":386,"column":5}}},"35":{"name":"(anonymous_36)","decl":{"start":{"line":392,"column":2},"end":{"line":392,"column":25}},"loc":{"start":{"line":396,"column":44},"end":{"line":407,"column":3}}},"36":{"name":"(anonymous_37)","decl":{"start":{"line":412,"column":2},"end":{"line":412,"column":19}},"loc":{"start":{"line":415,"column":16},"end":{"line":420,"column":3}}},"37":{"name":"(anonymous_38)","decl":{"start":{"line":417,"column":15},"end":{"line":417,"column":18}},"loc":{"start":{"line":417,"column":20},"end":{"line":419,"column":5}}},"38":{"name":"(anonymous_39)","decl":{"start":{"line":425,"column":2},"end":{"line":425,"column":9}},"loc":{"start":{"line":425,"column":9},"end":{"line":431,"column":3}}}},"branchMap":{"0":{"loc":{"start":{"line":51,"column":4},"end":{"line":61,"column":5}},"type":"if","locations":[{"start":{"line":51,"column":4},"end":{"line":61,"column":5}},{"start":{},"end":{}}]},"1":{"loc":{"start":{"line":53,"column":6},"end":{"line":60,"column":7}},"type":"if","locations":[{"start":{"line":53,"column":6},"end":{"line":60,"column":7}},{"start":{},"end":{}}]},"2":{"loc":{"start":{"line":53,"column":10},"end":{"line":53,"column":65}},"type":"binary-expr","locations":[{"start":{"line":53,"column":10},"end":{"line":53,"column":22}},{"start":{"line":53,"column":26},"end":{"line":53,"column":65}}]},"3":{"loc":{"start":{"line":57,"column":8},"end":{"line":59,"column":9}},"type":"if","locations":[{"start":{"line":57,"column":8},"end":{"line":59,"column":9}},{"start":{},"end":{}}]},"4":{"loc":{"start":{"line":68,"column":28},"end":{"line":68,"column":79}},"type":"binary-expr","locations":[{"start":{"line":68,"column":28},"end":{"line":68,"column":33}},{"start":{"line":68,"column":37},"end":{"line":68,"column":79}}]},"5":{"loc":{"start":{"line":69,"column":4},"end":{"line":69,"column":43}},"type":"if","locations":[{"start":{"line":69,"column":4},"end":{"line":69,"column":43}},{"start":{},"end":{}}]},"6":{"loc":{"start":{"line":72,"column":6},"end":{"line":78,"column":7}},"type":"if","locations":[{"start":{"line":72,"column":6},"end":{"line":78,"column":7}},{"start":{},"end":{}}]},"7":{"loc":{"start":{"line":72,"column":10},"end":{"line":72,"column":51}},"type":"binary-expr","locations":[{"start":{"line":72,"column":10},"end":{"line":72,"column":35}},{"start":{"line":72,"column":39},"end":{"line":72,"column":51}}]},"8":{"loc":{"start":{"line":74,"column":8},"end":{"line":76,"column":9}},"type":"if","locations":[{"start":{"line":74,"column":8},"end":{"line":76,"column":9}},{"start":{},"end":{}}]},"9":{"loc":{"start":{"line":90,"column":11},"end":{"line":90,"column":36}},"type":"binary-expr","locations":[{"start":{"line":90,"column":11},"end":{"line":90,"column":23}},{"start":{"line":90,"column":27},"end":{"line":90,"column":36}}]},"10":{"loc":{"start":{"line":97,"column":4},"end":{"line":101,"column":5}},"type":"if","locations":[{"start":{"line":97,"column":4},"end":{"line":101,"column":5}},{"start":{"line":99,"column":11},"end":{"line":101,"column":5}}]},"11":{"loc":{"start":{"line":139,"column":8},"end":{"line":144,"column":9}},"type":"if","locations":[{"start":{"line":139,"column":8},"end":{"line":144,"column":9}},{"start":{"line":141,"column":15},"end":{"line":144,"column":9}}]},"12":{"loc":{"start":{"line":156,"column":4},"end":{"line":158,"column":5}},"type":"if","locations":[{"start":{"line":156,"column":4},"end":{"line":158,"column":5}},{"start":{},"end":{}}]},"13":{"loc":{"start":{"line":161,"column":4},"end":{"line":163,"column":5}},"type":"if","locations":[{"start":{"line":161,"column":4},"end":{"line":163,"column":5}},{"start":{},"end":{}}]},"14":{"loc":{"start":{"line":161,"column":8},"end":{"line":161,"column":71}},"type":"binary-expr","locations":[{"start":{"line":161,"column":8},"end":{"line":161,"column":39}},{"start":{"line":161,"column":43},"end":{"line":161,"column":71}}]},"15":{"loc":{"start":{"line":167,"column":4},"end":{"line":179,"column":5}},"type":"if","locations":[{"start":{"line":167,"column":4},"end":{"line":179,"column":5}},{"start":{},"end":{}}]},"16":{"loc":{"start":{"line":168,"column":6},"end":{"line":178,"column":7}},"type":"switch","locations":[{"start":{"line":169,"column":8},"end":{"line":170,"column":24}},{"start":{"line":171,"column":8},"end":{"line":171,"column":15}},{"start":{"line":172,"column":8},"end":{"line":173,"column":24}},{"start":{"line":174,"column":8},"end":{"line":174,"column":16}},{"start":{"line":175,"column":8},"end":{"line":175,"column":16}},{"start":{"line":176,"column":8},"end":{"line":177,"column":24}}]},"17":{"loc":{"start":{"line":188,"column":24},"end":{"line":188,"column":48}},"type":"binary-expr","locations":[{"start":{"line":188,"column":24},"end":{"line":188,"column":28}},{"start":{"line":188,"column":32},"end":{"line":188,"column":48}}]},"18":{"loc":{"start":{"line":189,"column":4},"end":{"line":192,"column":5}},"type":"if","locations":[{"start":{"line":189,"column":4},"end":{"line":192,"column":5}},{"start":{},"end":{}}]},"19":{"loc":{"start":{"line":202,"column":4},"end":{"line":206,"column":5}},"type":"if","locations":[{"start":{"line":202,"column":4},"end":{"line":206,"column":5}},{"start":{"line":204,"column":11},"end":{"line":206,"column":5}}]},"20":{"loc":{"start":{"line":218,"column":4},"end":{"line":230,"column":5}},"type":"if","locations":[{"start":{"line":218,"column":4},"end":{"line":230,"column":5}},{"start":{"line":221,"column":11},"end":{"line":230,"column":5}}]},"21":{"loc":{"start":{"line":221,"column":11},"end":{"line":230,"column":5}},"type":"if","locations":[{"start":{"line":221,"column":11},"end":{"line":230,"column":5}},{"start":{"line":224,"column":11},"end":{"line":230,"column":5}}]},"22":{"loc":{"start":{"line":224,"column":11},"end":{"line":230,"column":5}},"type":"if","locations":[{"start":{"line":224,"column":11},"end":{"line":230,"column":5}},{"start":{"line":227,"column":11},"end":{"line":230,"column":5}}]},"23":{"loc":{"start":{"line":240,"column":8},"end":{"line":240,"column":null}},"type":"cond-expr","locations":[{"start":{"line":240,"column":23},"end":{"line":240,"column":46}},{"start":{"line":240,"column":49},"end":{"line":240,"column":null}}]},"24":{"loc":{"start":{"line":242,"column":8},"end":{"line":242,"column":null}},"type":"cond-expr","locations":[{"start":{"line":242,"column":29},"end":{"line":242,"column":58}},{"start":{"line":242,"column":61},"end":{"line":242,"column":null}}]},"25":{"loc":{"start":{"line":300,"column":6},"end":{"line":300,"column":44}},"type":"if","locations":[{"start":{"line":300,"column":6},"end":{"line":300,"column":44}},{"start":{},"end":{}}]},"26":{"loc":{"start":{"line":305,"column":6},"end":{"line":318,"column":7}},"type":"if","locations":[{"start":{"line":305,"column":6},"end":{"line":318,"column":7}},{"start":{},"end":{}}]},"27":{"loc":{"start":{"line":314,"column":8},"end":{"line":317,"column":9}},"type":"if","locations":[{"start":{"line":314,"column":8},"end":{"line":317,"column":9}},{"start":{},"end":{}}]},"28":{"loc":{"start":{"line":334,"column":6},"end":{"line":336,"column":7}},"type":"if","locations":[{"start":{"line":334,"column":6},"end":{"line":336,"column":7}},{"start":{},"end":{}}]},"29":{"loc":{"start":{"line":360,"column":11},"end":{"line":360,"column":59}},"type":"binary-expr","locations":[{"start":{"line":360,"column":11},"end":{"line":360,"column":50}},{"start":{"line":360,"column":54},"end":{"line":360,"column":59}}]},"30":{"loc":{"start":{"line":398,"column":4},"end":{"line":406,"column":5}},"type":"if","locations":[{"start":{"line":398,"column":4},"end":{"line":406,"column":5}},{"start":{"line":400,"column":11},"end":{"line":406,"column":5}}]},"31":{"loc":{"start":{"line":401,"column":6},"end":{"line":405,"column":7}},"type":"if","locations":[{"start":{"line":401,"column":6},"end":{"line":405,"column":7}},{"start":{"line":403,"column":13},"end":{"line":405,"column":7}}]},"32":{"loc":{"start":{"line":414,"column":4},"end":{"line":414,"column":21}},"type":"default-arg","locations":[{"start":{"line":414,"column":20},"end":{"line":414,"column":21}}]}},"s":{"0":0,"1":0,"2":0,"3":0,"4":0,"5":0,"6":0,"7":0,"8":0,"9":0,"10":0,"11":0,"12":0,"13":0,"14":0,"15":0,"16":0,"17":0,"18":0,"19":0,"20":0,"21":0,"22":0,"23":0,"24":0,"25":0,"26":0,"27":0,"28":0,"29":0,"30":0,"31":0,"32":0,"33":0,"34":0,"35":0,"36":0,"37":0,"38":0,"39":0,"40":0,"41":0,"42":0,"43":0,"44":0,"45":0,"46":0,"47":0,"48":0,"49":0,"50":0,"51":0,"52":0,"53":0,"54":0,"55":0,"56":0,"57":0,"58":0,"59":0,"60":0,"61":0,"62":0,"63":0,"64":0,"65":0,"66":0,"67":0,"68":0,"69":0,"70":0,"71":0,"72":0,"73":0,"74":0,"75":0,"76":0,"77":0,"78":0,"79":0,"80":0,"81":0,"82":0,"83":0,"84":0,"85":0,"86":0,"87":0,"88":0,"89":0,"90":0,"91":0,"92":0,"93":0,"94":0,"95":0,"96":0,"97":0,"98":0,"99":0,"100":0,"101":0,"102":0,"103":0,"104":0,"105":0,"106":0,"107":0,"108":0,"109":0,"110":0,"111":0,"112":0,"113":0,"114":0,"115":0,"116":0,"117":0,"118":0,"119":0,"120":0,"121":0,"122":0,"123":0,"124":0,"125":0,"126":0,"127":0,"128":0,"129":0,"130":0},"f":{"0":0,"1":0,"2":0,"3":0,"4":0,"5":0,"6":0,"7":0,"8":0,"9":0,"10":0,"11":0,"12":0,"13":0,"14":0,"15":0,"16":0,"17":0,"18":0,"19":0,"20":0,"21":0,"22":0,"23":0,"24":0,"25":0,"26":0,"27":0,"28":0,"29":0,"30":0,"31":0,"32":0,"33":0,"34":0,"35":0,"36":0,"37":0,"38":0},"b":{"0":[0,0],"1":[0,0],"2":[0,0],"3":[0,0],"4":[0,0],"5":[0,0],"6":[0,0],"7":[0,0],"8":[0,0],"9":[0,0],"10":[0,0],"11":[0,0],"12":[0,0],"13":[0,0],"14":[0,0],"15":[0,0],"16":[0,0,0,0,0,0],"17":[0,0],"18":[0,0],"19":[0,0],"20":[0,0],"21":[0,0],"22":[0,0],"23":[0,0],"24":[0,0],"25":[0,0],"26":[0,0],"27":[0,0],"28":[0,0],"29":[0,0],"30":[0,0],"31":[0,0],"32":[0]}}
,"/Users/jietaoxie/my-prototype-logistics/frontend/HainiuFoodTrace/src/navigation/types.ts": {"path":"/Users/jietaoxie/my-prototype-logistics/frontend/HainiuFoodTrace/src/navigation/types.ts","statementMap":{"0":{"start":{"line":226,"column":13},"end":{"line":244,"column":11}},"1":{"start":{"line":247,"column":13},"end":{"line":256,"column":2}}},"fnMap":{},"branchMap":{},"s":{"0":0,"1":0},"f":{},"b":{}}
,"/Users/jietaoxie/my-prototype-logistics/frontend/HainiuFoodTrace/src/services/serviceFactory.ts": {"path":"/Users/jietaoxie/my-prototype-logistics/frontend/HainiuFoodTrace/src/services/serviceFactory.ts","statementMap":{"0":{"start":{"line":2,"column":0},"end":{"line":2,"column":49}},"1":{"start":{"line":3,"column":0},"end":{"line":3,"column":54}},"2":{"start":{"line":4,"column":0},"end":{"line":4,"column":50}},"3":{"start":{"line":5,"column":0},"end":{"line":5,"column":46}},"4":{"start":{"line":6,"column":0},"end":{"line":6,"column":65}},"5":{"start":{"line":7,"column":0},"end":{"line":7,"column":67}},"6":{"start":{"line":8,"column":0},"end":{"line":8,"column":67}},"7":{"start":{"line":9,"column":0},"end":{"line":9,"column":52}},"8":{"start":{"line":10,"column":0},"end":{"line":10,"column":55}},"9":{"start":{"line":11,"column":0},"end":{"line":11,"column":55}},"10":{"start":{"line":12,"column":0},"end":{"line":12,"column":61}},"11":{"start":{"line":13,"column":0},"end":{"line":13,"column":73}},"12":{"start":{"line":23,"column":4},"end":{"line":23,"column":23}},"13":{"start":{"line":30,"column":4},"end":{"line":30,"column":28}},"14":{"start":{"line":37,"column":4},"end":{"line":37,"column":26}},"15":{"start":{"line":44,"column":4},"end":{"line":44,"column":24}},"16":{"start":{"line":51,"column":4},"end":{"line":51,"column":37}},"17":{"start":{"line":58,"column":4},"end":{"line":58,"column":29}},"18":{"start":{"line":65,"column":4},"end":{"line":65,"column":29}},"19":{"start":{"line":72,"column":4},"end":{"line":72,"column":24}},"20":{"start":{"line":79,"column":4},"end":{"line":79,"column":25}},"21":{"start":{"line":86,"column":4},"end":{"line":86,"column":25}},"22":{"start":{"line":93,"column":4},"end":{"line":93,"column":27}},"23":{"start":{"line":100,"column":4},"end":{"line":100,"column":31}},"24":{"start":{"line":107,"column":4},"end":{"line":122,"column":6}},"25":{"start":{"line":129,"column":19},"end":{"line":129,"column":42}},"26":{"start":{"line":130,"column":4},"end":{"line":130,"column":54}},"27":{"start":{"line":18,"column":0},"end":{"line":18,"column":13}},"28":{"start":{"line":137,"column":13},"end":{"line":137,"column":67}},"29":{"start":{"line":138,"column":13},"end":{"line":138,"column":77}},"30":{"start":{"line":139,"column":13},"end":{"line":139,"column":73}},"31":{"start":{"line":140,"column":13},"end":{"line":140,"column":69}},"32":{"start":{"line":141,"column":13},"end":{"line":141,"column":95}},"33":{"start":{"line":142,"column":13},"end":{"line":142,"column":79}},"34":{"start":{"line":143,"column":13},"end":{"line":143,"column":79}},"35":{"start":{"line":144,"column":13},"end":{"line":144,"column":69}},"36":{"start":{"line":145,"column":13},"end":{"line":145,"column":71}},"37":{"start":{"line":146,"column":13},"end":{"line":146,"column":71}},"38":{"start":{"line":147,"column":13},"end":{"line":147,"column":75}},"39":{"start":{"line":148,"column":13},"end":{"line":148,"column":83}},"40":{"start":{"line":151,"column":0},"end":{"line":153,"column":1}},"41":{"start":{"line":152,"column":2},"end":{"line":152,"column":36}},"42":{"start":{"line":155,"column":0},"end":{"line":155,"column":30}}},"fnMap":{"0":{"name":"(anonymous_0)","decl":{"start":{"line":22,"column":2},"end":{"line":22,"column":8}},"loc":{"start":{"line":22,"column":23},"end":{"line":24,"column":3}}},"1":{"name":"(anonymous_1)","decl":{"start":{"line":29,"column":2},"end":{"line":29,"column":8}},"loc":{"start":{"line":29,"column":28},"end":{"line":31,"column":3}}},"2":{"name":"(anonymous_2)","decl":{"start":{"line":36,"column":2},"end":{"line":36,"column":8}},"loc":{"start":{"line":36,"column":26},"end":{"line":38,"column":3}}},"3":{"name":"(anonymous_3)","decl":{"start":{"line":43,"column":2},"end":{"line":43,"column":8}},"loc":{"start":{"line":43,"column":24},"end":{"line":45,"column":3}}},"4":{"name":"(anonymous_4)","decl":{"start":{"line":50,"column":2},"end":{"line":50,"column":8}},"loc":{"start":{"line":50,"column":37},"end":{"line":52,"column":3}}},"5":{"name":"(anonymous_5)","decl":{"start":{"line":57,"column":2},"end":{"line":57,"column":8}},"loc":{"start":{"line":57,"column":29},"end":{"line":59,"column":3}}},"6":{"name":"(anonymous_6)","decl":{"start":{"line":64,"column":2},"end":{"line":64,"column":8}},"loc":{"start":{"line":64,"column":29},"end":{"line":66,"column":3}}},"7":{"name":"(anonymous_7)","decl":{"start":{"line":71,"column":2},"end":{"line":71,"column":8}},"loc":{"start":{"line":71,"column":24},"end":{"line":73,"column":3}}},"8":{"name":"(anonymous_8)","decl":{"start":{"line":78,"column":2},"end":{"line":78,"column":8}},"loc":{"start":{"line":78,"column":25},"end":{"line":80,"column":3}}},"9":{"name":"(anonymous_9)","decl":{"start":{"line":85,"column":2},"end":{"line":85,"column":8}},"loc":{"start":{"line":85,"column":25},"end":{"line":87,"column":3}}},"10":{"name":"(anonymous_10)","decl":{"start":{"line":92,"column":2},"end":{"line":92,"column":8}},"loc":{"start":{"line":92,"column":27},"end":{"line":94,"column":3}}},"11":{"name":"(anonymous_11)","decl":{"start":{"line":99,"column":2},"end":{"line":99,"column":8}},"loc":{"start":{"line":99,"column":31},"end":{"line":101,"column":3}}},"12":{"name":"(anonymous_12)","decl":{"start":{"line":106,"column":2},"end":{"line":106,"column":8}},"loc":{"start":{"line":106,"column":25},"end":{"line":123,"column":3}}},"13":{"name":"(anonymous_13)","decl":{"start":{"line":128,"column":2},"end":{"line":128,"column":8}},"loc":{"start":{"line":128,"column":25},"end":{"line":131,"column":3}}}},"branchMap":{"0":{"loc":{"start":{"line":151,"column":0},"end":{"line":153,"column":1}},"type":"if","locations":[{"start":{"line":151,"column":0},"end":{"line":153,"column":1}},{"start":{},"end":{}}]}},"s":{"0":0,"1":0,"2":0,"3":0,"4":0,"5":0,"6":0,"7":0,"8":0,"9":0,"10":0,"11":0,"12":0,"13":0,"14":0,"15":0,"16":0,"17":0,"18":0,"19":0,"20":0,"21":0,"22":0,"23":0,"24":0,"25":0,"26":0,"27":0,"28":0,"29":0,"30":0,"31":0,"32":0,"33":0,"34":0,"35":0,"36":0,"37":0,"38":0,"39":0,"40":0,"41":0,"42":0},"f":{"0":0,"1":0,"2":0,"3":0,"4":0,"5":0,"6":0,"7":0,"8":0,"9":0,"10":0,"11":0,"12":0,"13":0},"b":{"0":[0,0]}}
,"/Users/jietaoxie/my-prototype-logistics/frontend/HainiuFoodTrace/src/services/tokenManager.ts": {"path":"/Users/jietaoxie/my-prototype-logistics/frontend/HainiuFoodTrace/src/services/tokenManager.ts","statementMap":{"0":{"start":{"line":1,"column":0},"end":{"line":1,"column":49}},"1":{"start":{"line":2,"column":0},"end":{"line":2,"column":69}},"2":{"start":{"line":4,"column":0},"end":{"line":4,"column":44}},"3":{"start":{"line":23,"column":45},"end":{"line":23,"column":66}},"4":{"start":{"line":24,"column":46},"end":{"line":24,"column":68}},"5":{"start":{"line":25,"column":43},"end":{"line":25,"column":62}},"6":{"start":{"line":26,"column":45},"end":{"line":26,"column":59}},"7":{"start":{"line":27,"column":43},"end":{"line":27,"column":55}},"8":{"start":{"line":30,"column":32},"end":{"line":30,"column":37}},"9":{"start":{"line":31,"column":65},"end":{"line":31,"column":69}},"10":{"start":{"line":37,"column":4},"end":{"line":71,"column":5}},"11":{"start":{"line":38,"column":25},"end":{"line":38,"column":71}},"12":{"start":{"line":41,"column":6},"end":{"line":65,"column":7}},"13":{"start":{"line":42,"column":8},"end":{"line":47,"column":11}},"14":{"start":{"line":49,"column":8},"end":{"line":51,"column":9}},"15":{"start":{"line":50,"column":10},"end":{"line":50,"column":80}},"16":{"start":{"line":53,"column":8},"end":{"line":53,"column":97}},"17":{"start":{"line":55,"column":8},"end":{"line":60,"column":11}},"18":{"start":{"line":62,"column":8},"end":{"line":64,"column":9}},"19":{"start":{"line":63,"column":10},"end":{"line":63,"column":76}},"20":{"start":{"line":67,"column":6},"end":{"line":67,"column":50}},"21":{"start":{"line":69,"column":6},"end":{"line":69,"column":56}},"22":{"start":{"line":70,"column":6},"end":{"line":70,"column":35}},"23":{"start":{"line":78,"column":4},"end":{"line":99,"column":5}},"24":{"start":{"line":80,"column":24},"end":{"line":80,"column":51}},"25":{"start":{"line":81,"column":6},"end":{"line":84,"column":7}},"26":{"start":{"line":82,"column":8},"end":{"line":82,"column":48}},"27":{"start":{"line":83,"column":8},"end":{"line":83,"column":20}},"28":{"start":{"line":87,"column":29},"end":{"line":87,"column":74}},"29":{"start":{"line":89,"column":6},"end":{"line":93,"column":7}},"30":{"start":{"line":90,"column":8},"end":{"line":90,"column":68}},"31":{"start":{"line":91,"column":31},"end":{"line":91,"column":64}},"32":{"start":{"line":92,"column":8},"end":{"line":92,"column":45}},"33":{"start":{"line":95,"column":6},"end":{"line":95,"column":25}},"34":{"start":{"line":97,"column":6},"end":{"line":97,"column":59}},"35":{"start":{"line":98,"column":6},"end":{"line":98,"column":18}},"36":{"start":{"line":107,"column":4},"end":{"line":110,"column":5}},"37":{"start":{"line":108,"column":6},"end":{"line":108,"column":70}},"38":{"start":{"line":109,"column":6},"end":{"line":109,"column":39}},"39":{"start":{"line":112,"column":4},"end":{"line":112,"column":29}},"40":{"start":{"line":113,"column":4},"end":{"line":113,"column":53}},"41":{"start":{"line":115,"column":4},"end":{"line":121,"column":5}},"42":{"start":{"line":116,"column":21},"end":{"line":116,"column":46}},"43":{"start":{"line":117,"column":6},"end":{"line":117,"column":20}},"44":{"start":{"line":119,"column":6},"end":{"line":119,"column":32}},"45":{"start":{"line":120,"column":6},"end":{"line":120,"column":33}},"46":{"start":{"line":128,"column":4},"end":{"line":159,"column":5}},"47":{"start":{"line":129,"column":27},"end":{"line":129,"column":55}},"48":{"start":{"line":130,"column":6},"end":{"line":133,"column":7}},"49":{"start":{"line":131,"column":8},"end":{"line":131,"column":53}},"50":{"start":{"line":132,"column":8},"end":{"line":132,"column":20}},"51":{"start":{"line":135,"column":6},"end":{"line":135,"column":44}},"52":{"start":{"line":136,"column":23},"end":{"line":138,"column":8}},"53":{"start":{"line":140,"column":6},"end":{"line":155,"column":7}},"54":{"start":{"line":142,"column":38},"end":{"line":147,"column":10}},"55":{"start":{"line":149,"column":8},"end":{"line":149,"column":42}},"56":{"start":{"line":150,"column":8},"end":{"line":150,"column":54}},"57":{"start":{"line":151,"column":8},"end":{"line":151,"column":36}},"58":{"start":{"line":153,"column":8},"end":{"line":153,"column":65}},"59":{"start":{"line":154,"column":8},"end":{"line":154,"column":20}},"60":{"start":{"line":157,"column":6},"end":{"line":157,"column":53}},"61":{"start":{"line":158,"column":6},"end":{"line":158,"column":18}},"62":{"start":{"line":166,"column":25},"end":{"line":166,"column":70}},"63":{"start":{"line":168,"column":4},"end":{"line":170,"column":5}},"64":{"start":{"line":169,"column":6},"end":{"line":169,"column":39}},"65":{"start":{"line":172,"column":4},"end":{"line":172,"column":39}},"66":{"start":{"line":179,"column":4},"end":{"line":191,"column":5}},"67":{"start":{"line":180,"column":25},"end":{"line":180,"column":74}},"68":{"start":{"line":181,"column":6},"end":{"line":181,"column":35}},"69":{"start":{"line":181,"column":23},"end":{"line":181,"column":35}},"70":{"start":{"line":183,"column":21},"end":{"line":183,"column":45}},"71":{"start":{"line":184,"column":18},"end":{"line":184,"column":28}},"72":{"start":{"line":185,"column":30},"end":{"line":185,"column":42}},"73":{"start":{"line":187,"column":6},"end":{"line":187,"column":44}},"74":{"start":{"line":189,"column":6},"end":{"line":189,"column":59}},"75":{"start":{"line":190,"column":6},"end":{"line":190,"column":18}},"76":{"start":{"line":198,"column":4},"end":{"line":207,"column":5}},"77":{"start":{"line":199,"column":25},"end":{"line":199,"column":74}},"78":{"start":{"line":200,"column":6},"end":{"line":200,"column":35}},"79":{"start":{"line":200,"column":23},"end":{"line":200,"column":35}},"80":{"start":{"line":202,"column":21},"end":{"line":202,"column":45}},"81":{"start":{"line":203,"column":6},"end":{"line":203,"column":34}},"82":{"start":{"line":205,"column":6},"end":{"line":205,"column":59}},"83":{"start":{"line":206,"column":6},"end":{"line":206,"column":18}},"84":{"start":{"line":214,"column":4},"end":{"line":224,"column":5}},"85":{"start":{"line":216,"column":6},"end":{"line":220,"column":7}},"86":{"start":{"line":217,"column":8},"end":{"line":217,"column":69}},"87":{"start":{"line":219,"column":8},"end":{"line":219,"column":65}},"88":{"start":{"line":222,"column":6},"end":{"line":222,"column":58}},"89":{"start":{"line":223,"column":6},"end":{"line":223,"column":18}},"90":{"start":{"line":231,"column":4},"end":{"line":241,"column":5}},"91":{"start":{"line":233,"column":6},"end":{"line":237,"column":7}},"92":{"start":{"line":234,"column":8},"end":{"line":234,"column":70}},"93":{"start":{"line":236,"column":8},"end":{"line":236,"column":66}},"94":{"start":{"line":239,"column":6},"end":{"line":239,"column":59}},"95":{"start":{"line":240,"column":6},"end":{"line":240,"column":18}},"96":{"start":{"line":248,"column":4},"end":{"line":258,"column":5}},"97":{"start":{"line":250,"column":6},"end":{"line":254,"column":7}},"98":{"start":{"line":251,"column":8},"end":{"line":251,"column":67}},"99":{"start":{"line":253,"column":8},"end":{"line":253,"column":63}},"100":{"start":{"line":256,"column":6},"end":{"line":256,"column":56}},"101":{"start":{"line":257,"column":6},"end":{"line":257,"column":18}},"102":{"start":{"line":265,"column":4},"end":{"line":275,"column":5}},"103":{"start":{"line":267,"column":6},"end":{"line":271,"column":7}},"104":{"start":{"line":268,"column":8},"end":{"line":268,"column":71}},"105":{"start":{"line":270,"column":8},"end":{"line":270,"column":67}},"106":{"start":{"line":273,"column":6},"end":{"line":273,"column":56}},"107":{"start":{"line":274,"column":6},"end":{"line":274,"column":18}},"108":{"start":{"line":282,"column":4},"end":{"line":299,"column":5}},"109":{"start":{"line":284,"column":6},"end":{"line":293,"column":9}},"110":{"start":{"line":295,"column":6},"end":{"line":295,"column":42}},"111":{"start":{"line":297,"column":6},"end":{"line":297,"column":55}},"112":{"start":{"line":298,"column":6},"end":{"line":298,"column":18}},"113":{"start":{"line":313,"column":4},"end":{"line":344,"column":5}},"114":{"start":{"line":314,"column":65},"end":{"line":319,"column":8}},"115":{"start":{"line":321,"column":21},"end":{"line":321,"column":65}},"116":{"start":{"line":322,"column":18},"end":{"line":322,"column":28}},"117":{"start":{"line":323,"column":24},"end":{"line":323,"column":53}},"118":{"start":{"line":324,"column":30},"end":{"line":324,"column":58}},"119":{"start":{"line":326,"column":6},"end":{"line":333,"column":8}},"120":{"start":{"line":335,"column":6},"end":{"line":335,"column":56}},"121":{"start":{"line":336,"column":6},"end":{"line":343,"column":8}},"122":{"start":{"line":351,"column":4},"end":{"line":351,"column":58}},"123":{"start":{"line":351,"column":45},"end":{"line":351,"column":58}},"124":{"start":{"line":354,"column":18},"end":{"line":354,"column":34}},"125":{"start":{"line":355,"column":4},"end":{"line":355,"column":41}},"126":{"start":{"line":355,"column":28},"end":{"line":355,"column":41}},"127":{"start":{"line":357,"column":4},"end":{"line":368,"column":5}},"128":{"start":{"line":359,"column":6},"end":{"line":364,"column":9}},"129":{"start":{"line":360,"column":8},"end":{"line":360,"column":55}},"130":{"start":{"line":360,"column":19},"end":{"line":360,"column":55}},"131":{"start":{"line":362,"column":24},"end":{"line":362,"column":72}},"132":{"start":{"line":363,"column":8},"end":{"line":363,"column":56}},"133":{"start":{"line":363,"column":22},"end":{"line":363,"column":56}},"134":{"start":{"line":365,"column":6},"end":{"line":365,"column":18}},"135":{"start":{"line":367,"column":6},"end":{"line":367,"column":19}},"136":{"start":{"line":22,"column":0},"end":{"line":22,"column":13}}},"fnMap":{"0":{"name":"(anonymous_10)","decl":{"start":{"line":36,"column":2},"end":{"line":36,"column":8}},"loc":{"start":{"line":36,"column":45},"end":{"line":72,"column":3}}},"1":{"name":"(anonymous_11)","decl":{"start":{"line":77,"column":2},"end":{"line":77,"column":8}},"loc":{"start":{"line":77,"column":28},"end":{"line":100,"column":3}}},"2":{"name":"(anonymous_12)","decl":{"start":{"line":105,"column":2},"end":{"line":105,"column":8}},"loc":{"start":{"line":105,"column":27},"end":{"line":122,"column":3}}},"3":{"name":"(anonymous_13)","decl":{"start":{"line":127,"column":10},"end":{"line":127,"column":16}},"loc":{"start":{"line":127,"column":42},"end":{"line":160,"column":3}}},"4":{"name":"(anonymous_14)","decl":{"start":{"line":165,"column":10},"end":{"line":165,"column":16}},"loc":{"start":{"line":165,"column":43},"end":{"line":173,"column":3}}},"5":{"name":"(anonymous_15)","decl":{"start":{"line":178,"column":10},"end":{"line":178,"column":16}},"loc":{"start":{"line":178,"column":78},"end":{"line":192,"column":3}}},"6":{"name":"(anonymous_16)","decl":{"start":{"line":197,"column":2},"end":{"line":197,"column":8}},"loc":{"start":{"line":197,"column":29},"end":{"line":208,"column":3}}},"7":{"name":"(anonymous_17)","decl":{"start":{"line":213,"column":10},"end":{"line":213,"column":16}},"loc":{"start":{"line":213,"column":37},"end":{"line":225,"column":3}}},"8":{"name":"(anonymous_18)","decl":{"start":{"line":230,"column":10},"end":{"line":230,"column":16}},"loc":{"start":{"line":230,"column":38},"end":{"line":242,"column":3}}},"9":{"name":"(anonymous_19)","decl":{"start":{"line":247,"column":2},"end":{"line":247,"column":8}},"loc":{"start":{"line":247,"column":27},"end":{"line":259,"column":3}}},"10":{"name":"(anonymous_20)","decl":{"start":{"line":264,"column":2},"end":{"line":264,"column":8}},"loc":{"start":{"line":264,"column":47},"end":{"line":276,"column":3}}},"11":{"name":"(anonymous_21)","decl":{"start":{"line":281,"column":2},"end":{"line":281,"column":8}},"loc":{"start":{"line":281,"column":26},"end":{"line":300,"column":3}}},"12":{"name":"(anonymous_22)","decl":{"start":{"line":285,"column":65},"end":{"line":285,"column":68}},"loc":{"start":{"line":285,"column":70},"end":{"line":285,"column":73}}},"13":{"name":"(anonymous_23)","decl":{"start":{"line":286,"column":66},"end":{"line":286,"column":69}},"loc":{"start":{"line":286,"column":71},"end":{"line":286,"column":74}}},"14":{"name":"(anonymous_24)","decl":{"start":{"line":287,"column":63},"end":{"line":287,"column":66}},"loc":{"start":{"line":287,"column":68},"end":{"line":287,"column":71}}},"15":{"name":"(anonymous_25)","decl":{"start":{"line":288,"column":61},"end":{"line":288,"column":64}},"loc":{"start":{"line":288,"column":66},"end":{"line":288,"column":69}}},"16":{"name":"(anonymous_26)","decl":{"start":{"line":289,"column":62},"end":{"line":289,"column":65}},"loc":{"start":{"line":289,"column":67},"end":{"line":289,"column":70}}},"17":{"name":"(anonymous_27)","decl":{"start":{"line":290,"column":59},"end":{"line":290,"column":62}},"loc":{"start":{"line":290,"column":64},"end":{"line":290,"column":67}}},"18":{"name":"(anonymous_28)","decl":{"start":{"line":291,"column":61},"end":{"line":291,"column":64}},"loc":{"start":{"line":291,"column":66},"end":{"line":291,"column":69}}},"19":{"name":"(anonymous_29)","decl":{"start":{"line":292,"column":59},"end":{"line":292,"column":62}},"loc":{"start":{"line":292,"column":64},"end":{"line":292,"column":67}}},"20":{"name":"(anonymous_30)","decl":{"start":{"line":305,"column":2},"end":{"line":305,"column":8}},"loc":{"start":{"line":305,"column":27},"end":{"line":345,"column":3}}},"21":{"name":"(anonymous_31)","decl":{"start":{"line":350,"column":2},"end":{"line":350,"column":8}},"loc":{"start":{"line":350,"column":42},"end":{"line":369,"column":3}}},"22":{"name":"(anonymous_32)","decl":{"start":{"line":359,"column":20},"end":{"line":359,"column":24}},"loc":{"start":{"line":359,"column":27},"end":{"line":364,"column":7}}}},"branchMap":{"0":{"loc":{"start":{"line":38,"column":25},"end":{"line":38,"column":71}},"type":"binary-expr","locations":[{"start":{"line":38,"column":25},"end":{"line":38,"column":41}},{"start":{"line":38,"column":46},"end":{"line":38,"column":70}}]},"1":{"loc":{"start":{"line":46,"column":52},"end":{"line":46,"column":80}},"type":"binary-expr","locations":[{"start":{"line":46,"column":52},"end":{"line":46,"column":68}},{"start":{"line":46,"column":72},"end":{"line":46,"column":80}}]},"2":{"loc":{"start":{"line":49,"column":8},"end":{"line":51,"column":9}},"type":"if","locations":[{"start":{"line":49,"column":8},"end":{"line":51,"column":9}},{"start":{},"end":{}}]},"3":{"loc":{"start":{"line":59,"column":32},"end":{"line":59,"column":60}},"type":"binary-expr","locations":[{"start":{"line":59,"column":32},"end":{"line":59,"column":48}},{"start":{"line":59,"column":52},"end":{"line":59,"column":60}}]},"4":{"loc":{"start":{"line":62,"column":8},"end":{"line":64,"column":9}},"type":"if","locations":[{"start":{"line":62,"column":8},"end":{"line":64,"column":9}},{"start":{},"end":{}}]},"5":{"loc":{"start":{"line":81,"column":6},"end":{"line":84,"column":7}},"type":"if","locations":[{"start":{"line":81,"column":6},"end":{"line":84,"column":7}},{"start":{},"end":{}}]},"6":{"loc":{"start":{"line":89,"column":6},"end":{"line":93,"column":7}},"type":"if","locations":[{"start":{"line":89,"column":6},"end":{"line":93,"column":7}},{"start":{},"end":{}}]},"7":{"loc":{"start":{"line":92,"column":15},"end":{"line":92,"column":44}},"type":"binary-expr","locations":[{"start":{"line":92,"column":15},"end":{"line":92,"column":29}},{"start":{"line":92,"column":33},"end":{"line":92,"column":44}}]},"8":{"loc":{"start":{"line":107,"column":4},"end":{"line":110,"column":5}},"type":"if","locations":[{"start":{"line":107,"column":4},"end":{"line":110,"column":5}},{"start":{},"end":{}}]},"9":{"loc":{"start":{"line":107,"column":8},"end":{"line":107,"column":48}},"type":"binary-expr","locations":[{"start":{"line":107,"column":8},"end":{"line":107,"column":25}},{"start":{"line":107,"column":29},"end":{"line":107,"column":48}}]},"10":{"loc":{"start":{"line":130,"column":6},"end":{"line":133,"column":7}},"type":"if","locations":[{"start":{"line":130,"column":6},"end":{"line":133,"column":7}},{"start":{},"end":{}}]},"11":{"loc":{"start":{"line":140,"column":6},"end":{"line":155,"column":7}},"type":"if","locations":[{"start":{"line":140,"column":6},"end":{"line":155,"column":7}},{"start":{"line":152,"column":13},"end":{"line":155,"column":7}}]},"12":{"loc":{"start":{"line":140,"column":10},"end":{"line":140,"column":50}},"type":"binary-expr","locations":[{"start":{"line":140,"column":10},"end":{"line":140,"column":26}},{"start":{"line":140,"column":30},"end":{"line":140,"column":50}}]},"13":{"loc":{"start":{"line":144,"column":24},"end":{"line":144,"column":61}},"type":"binary-expr","locations":[{"start":{"line":144,"column":24},"end":{"line":144,"column":45}},{"start":{"line":144,"column":49},"end":{"line":144,"column":61}}]},"14":{"loc":{"start":{"line":145,"column":35},"end":{"line":145,"column":61}},"type":"binary-expr","locations":[{"start":{"line":145,"column":35},"end":{"line":145,"column":53}},{"start":{"line":145,"column":57},"end":{"line":145,"column":61}}]},"15":{"loc":{"start":{"line":168,"column":4},"end":{"line":170,"column":5}},"type":"if","locations":[{"start":{"line":168,"column":4},"end":{"line":170,"column":5}},{"start":{},"end":{}}]},"16":{"loc":{"start":{"line":178,"column":43},"end":{"line":178,"column":78}},"type":"default-arg","locations":[{"start":{"line":178,"column":65},"end":{"line":178,"column":78}}]},"17":{"loc":{"start":{"line":181,"column":6},"end":{"line":181,"column":35}},"type":"if","locations":[{"start":{"line":181,"column":6},"end":{"line":181,"column":35}},{"start":{},"end":{}}]},"18":{"loc":{"start":{"line":200,"column":6},"end":{"line":200,"column":35}},"type":"if","locations":[{"start":{"line":200,"column":6},"end":{"line":200,"column":35}},{"start":{},"end":{}}]},"19":{"loc":{"start":{"line":321,"column":21},"end":{"line":321,"column":65}},"type":"cond-expr","locations":[{"start":{"line":321,"column":34},"end":{"line":321,"column":58}},{"start":{"line":321,"column":61},"end":{"line":321,"column":65}}]},"20":{"loc":{"start":{"line":323,"column":24},"end":{"line":323,"column":53}},"type":"cond-expr","locations":[{"start":{"line":323,"column":33},"end":{"line":323,"column":46}},{"start":{"line":323,"column":49},"end":{"line":323,"column":53}}]},"21":{"loc":{"start":{"line":324,"column":30},"end":{"line":324,"column":58}},"type":"cond-expr","locations":[{"start":{"line":324,"column":39},"end":{"line":324,"column":51}},{"start":{"line":324,"column":54},"end":{"line":324,"column":58}}]},"22":{"loc":{"start":{"line":351,"column":4},"end":{"line":351,"column":58}},"type":"if","locations":[{"start":{"line":351,"column":4},"end":{"line":351,"column":58}},{"start":{},"end":{}}]},"23":{"loc":{"start":{"line":351,"column":8},"end":{"line":351,"column":43}},"type":"binary-expr","locations":[{"start":{"line":351,"column":8},"end":{"line":351,"column":14}},{"start":{"line":351,"column":18},"end":{"line":351,"column":43}}]},"24":{"loc":{"start":{"line":355,"column":4},"end":{"line":355,"column":41}},"type":"if","locations":[{"start":{"line":355,"column":4},"end":{"line":355,"column":41}},{"start":{},"end":{}}]},"25":{"loc":{"start":{"line":360,"column":8},"end":{"line":360,"column":55}},"type":"if","locations":[{"start":{"line":360,"column":8},"end":{"line":360,"column":55}},{"start":{},"end":{}}]},"26":{"loc":{"start":{"line":363,"column":8},"end":{"line":363,"column":56}},"type":"if","locations":[{"start":{"line":363,"column":8},"end":{"line":363,"column":56}},{"start":{},"end":{}}]}},"s":{"0":0,"1":0,"2":0,"3":0,"4":0,"5":0,"6":0,"7":0,"8":0,"9":0,"10":0,"11":0,"12":0,"13":0,"14":0,"15":0,"16":0,"17":0,"18":0,"19":0,"20":0,"21":0,"22":0,"23":0,"24":0,"25":0,"26":0,"27":0,"28":0,"29":0,"30":0,"31":0,"32":0,"33":0,"34":0,"35":0,"36":0,"37":0,"38":0,"39":0,"40":0,"41":0,"42":0,"43":0,"44":0,"45":0,"46":0,"47":0,"48":0,"49":0,"50":0,"51":0,"52":0,"53":0,"54":0,"55":0,"56":0,"57":0,"58":0,"59":0,"60":0,"61":0,"62":0,"63":0,"64":0,"65":0,"66":0,"67":0,"68":0,"69":0,"70":0,"71":0,"72":0,"73":0,"74":0,"75":0,"76":0,"77":0,"78":0,"79":0,"80":0,"81":0,"82":0,"83":0,"84":0,"85":0,"86":0,"87":0,"88":0,"89":0,"90":0,"91":0,"92":0,"93":0,"94":0,"95":0,"96":0,"97":0,"98":0,"99":0,"100":0,"101":0,"102":0,"103":0,"104":0,"105":0,"106":0,"107":0,"108":0,"109":0,"110":0,"111":0,"112":0,"113":0,"114":0,"115":0,"116":0,"117":0,"118":0,"119":0,"120":0,"121":0,"122":0,"123":0,"124":0,"125":0,"126":0,"127":0,"128":0,"129":0,"130":0,"131":0,"132":0,"133":0,"134":0,"135":0,"136":0},"f":{"0":0,"1":0,"2":0,"3":0,"4":0,"5":0,"6":0,"7":0,"8":0,"9":0,"10":0,"11":0,"12":0,"13":0,"14":0,"15":0,"16":0,"17":0,"18":0,"19":0,"20":0,"21":0,"22":0},"b":{"0":[0,0],"1":[0,0],"2":[0,0],"3":[0,0],"4":[0,0],"5":[0,0],"6":[0,0],"7":[0,0],"8":[0,0],"9":[0,0],"10":[0,0],"11":[0,0],"12":[0,0],"13":[0,0],"14":[0,0],"15":[0,0],"16":[0],"17":[0,0],"18":[0,0],"19":[0,0],"20":[0,0],"21":[0,0],"22":[0,0],"23":[0,0],"24":[0,0],"25":[0,0],"26":[0,0]}}
,"/Users/jietaoxie/my-prototype-logistics/frontend/HainiuFoodTrace/src/services/userIdentification.ts": {"path":"/Users/jietaoxie/my-prototype-logistics/frontend/HainiuFoodTrace/src/services/userIdentification.ts","statementMap":{"0":{"start":{"line":1,"column":0},"end":{"line":1,"column":78}},"1":{"start":{"line":23,"column":71},"end":{"line":31,"column":4}},"2":{"start":{"line":37,"column":21},"end":{"line":113,"column":6}},"3":{"start":{"line":115,"column":46},"end":{"line":121,"column":6}},"4":{"start":{"line":124,"column":28},"end":{"line":124,"column":75}},"5":{"start":{"line":125,"column":4},"end":{"line":133,"column":5}},"6":{"start":{"line":126,"column":6},"end":{"line":132,"column":8}},"7":{"start":{"line":136,"column":27},"end":{"line":136,"column":73}},"8":{"start":{"line":137,"column":4},"end":{"line":145,"column":5}},"9":{"start":{"line":138,"column":6},"end":{"line":144,"column":8}},"10":{"start":{"line":148,"column":4},"end":{"line":158,"column":5}},"11":{"start":{"line":149,"column":28},"end":{"line":149,"column":61}},"12":{"start":{"line":150,"column":6},"end":{"line":157,"column":7}},"13":{"start":{"line":151,"column":8},"end":{"line":151,"column":52}},"14":{"start":{"line":152,"column":8},"end":{"line":152,"column":88}},"15":{"start":{"line":153,"column":8},"end":{"line":153,"column":61}},"16":{"start":{"line":154,"column":8},"end":{"line":156,"column":59}},"17":{"start":{"line":161,"column":27},"end":{"line":161,"column":63}},"18":{"start":{"line":162,"column":4},"end":{"line":164,"column":5}},"19":{"start":{"line":163,"column":6},"end":{"line":163,"column":60}},"20":{"start":{"line":166,"column":4},"end":{"line":166,"column":21}},"21":{"start":{"line":180,"column":24},"end":{"line":180,"column":25}},"22":{"start":{"line":181,"column":35},"end":{"line":181,"column":37}},"23":{"start":{"line":182,"column":30},"end":{"line":182,"column":32}},"24":{"start":{"line":184,"column":4},"end":{"line":196,"column":5}},"25":{"start":{"line":185,"column":6},"end":{"line":195,"column":7}},"26":{"start":{"line":186,"column":8},"end":{"line":194,"column":9}},"27":{"start":{"line":187,"column":29},"end":{"line":187,"column":89}},"28":{"start":{"line":189,"column":10},"end":{"line":193,"column":11}},"29":{"start":{"line":190,"column":12},"end":{"line":190,"column":39}},"30":{"start":{"line":191,"column":12},"end":{"line":191,"column":61}},"31":{"start":{"line":192,"column":12},"end":{"line":192,"column":70}},"32":{"start":{"line":198,"column":4},"end":{"line":202,"column":6}},"33":{"start":{"line":213,"column":19},"end":{"line":213,"column":53}},"34":{"start":{"line":214,"column":4},"end":{"line":220,"column":5}},"35":{"start":{"line":215,"column":6},"end":{"line":219,"column":8}},"36":{"start":{"line":223,"column":28},"end":{"line":226,"column":6}},"37":{"start":{"line":229,"column":30},"end":{"line":232,"column":6}},"38":{"start":{"line":235,"column":26},"end":{"line":238,"column":6}},"39":{"start":{"line":240,"column":4},"end":{"line":246,"column":5}},"40":{"start":{"line":241,"column":6},"end":{"line":245,"column":8}},"41":{"start":{"line":248,"column":4},"end":{"line":254,"column":5}},"42":{"start":{"line":249,"column":6},"end":{"line":253,"column":8}},"43":{"start":{"line":256,"column":4},"end":{"line":262,"column":5}},"44":{"start":{"line":256,"column":37},"end":{"line":256,"column":56}},"45":{"start":{"line":257,"column":6},"end":{"line":261,"column":8}},"46":{"start":{"line":265,"column":4},"end":{"line":269,"column":6}},"47":{"start":{"line":279,"column":32},"end":{"line":279,"column":34}},"48":{"start":{"line":280,"column":21},"end":{"line":280,"column":22}},"49":{"start":{"line":283,"column":26},"end":{"line":283,"column":48}},"50":{"start":{"line":284,"column":4},"end":{"line":297,"column":5}},"51":{"start":{"line":285,"column":24},"end":{"line":285,"column":76}},"52":{"start":{"line":285,"column":59},"end":{"line":285,"column":74}},"53":{"start":{"line":287,"column":6},"end":{"line":296,"column":7}},"54":{"start":{"line":288,"column":8},"end":{"line":288,"column":40}},"55":{"start":{"line":289,"column":8},"end":{"line":289,"column":26}},"56":{"start":{"line":290,"column":13},"end":{"line":296,"column":7}},"57":{"start":{"line":291,"column":8},"end":{"line":291,"column":41}},"58":{"start":{"line":292,"column":8},"end":{"line":292,"column":27}},"59":{"start":{"line":293,"column":13},"end":{"line":296,"column":7}},"60":{"start":{"line":294,"column":8},"end":{"line":294,"column":41}},"61":{"start":{"line":295,"column":8},"end":{"line":295,"column":27}},"62":{"start":{"line":300,"column":24},"end":{"line":300,"column":57}},"63":{"start":{"line":301,"column":4},"end":{"line":304,"column":5}},"64":{"start":{"line":302,"column":6},"end":{"line":302,"column":31}},"65":{"start":{"line":303,"column":6},"end":{"line":303,"column":25}},"66":{"start":{"line":306,"column":4},"end":{"line":306,"column":37}},"67":{"start":{"line":317,"column":21},"end":{"line":317,"column":24}},"68":{"start":{"line":320,"column":28},"end":{"line":330,"column":6}},"69":{"start":{"line":332,"column":4},"end":{"line":332,"column":82}},"70":{"start":{"line":335,"column":18},"end":{"line":335,"column":40}},"71":{"start":{"line":336,"column":4},"end":{"line":338,"column":5}},"72":{"start":{"line":337,"column":6},"end":{"line":337,"column":24}},"73":{"start":{"line":341,"column":4},"end":{"line":343,"column":5}},"74":{"start":{"line":342,"column":6},"end":{"line":342,"column":24}},"75":{"start":{"line":345,"column":4},"end":{"line":345,"column":37}},"76":{"start":{"line":352,"column":55},"end":{"line":362,"column":6}},"77":{"start":{"line":364,"column":4},"end":{"line":364,"column":61}},"78":{"start":{"line":371,"column":17},"end":{"line":371,"column":39}},"79":{"start":{"line":373,"column":4},"end":{"line":380,"column":5}},"80":{"start":{"line":374,"column":6},"end":{"line":376,"column":7}},"81":{"start":{"line":375,"column":8},"end":{"line":375,"column":68}},"82":{"start":{"line":377,"column":6},"end":{"line":377,"column":71}},"83":{"start":{"line":379,"column":6},"end":{"line":379,"column":70}},"84":{"start":{"line":387,"column":4},"end":{"line":391,"column":5}},"85":{"start":{"line":388,"column":6},"end":{"line":388,"column":82}},"86":{"start":{"line":390,"column":6},"end":{"line":390,"column":71}},"87":{"start":{"line":405,"column":28},"end":{"line":405,"column":66}},"88":{"start":{"line":406,"column":24},"end":{"line":406,"column":70}},"89":{"start":{"line":408,"column":19},"end":{"line":408,"column":20}},"90":{"start":{"line":409,"column":4},"end":{"line":409,"column":41}},"91":{"start":{"line":409,"column":25},"end":{"line":409,"column":41}},"92":{"start":{"line":410,"column":4},"end":{"line":410,"column":37}},"93":{"start":{"line":410,"column":21},"end":{"line":410,"column":37}},"94":{"start":{"line":412,"column":19},"end":{"line":412,"column":21}},"95":{"start":{"line":413,"column":4},"end":{"line":419,"column":5}},"96":{"start":{"line":414,"column":6},"end":{"line":414,"column":26}},"97":{"start":{"line":415,"column":11},"end":{"line":419,"column":5}},"98":{"start":{"line":416,"column":6},"end":{"line":416,"column":34}},"99":{"start":{"line":418,"column":6},"end":{"line":418,"column":28}},"100":{"start":{"line":421,"column":4},"end":{"line":425,"column":6}},"101":{"start":{"line":432,"column":4},"end":{"line":432,"column":53}},"102":{"start":{"line":439,"column":4},"end":{"line":439,"column":38}},"103":{"start":{"line":446,"column":4},"end":{"line":459,"column":9}},"104":{"start":{"line":447,"column":20},"end":{"line":450,"column":8}},"105":{"start":{"line":453,"column":8},"end":{"line":455,"column":9}},"106":{"start":{"line":454,"column":10},"end":{"line":454,"column":71}},"107":{"start":{"line":458,"column":8},"end":{"line":458,"column":73}},"108":{"start":{"line":477,"column":19},"end":{"line":477,"column":46}},"109":{"start":{"line":479,"column":28},"end":{"line":480,"column":51}},"110":{"start":{"line":482,"column":35},"end":{"line":486,"column":6}},"111":{"start":{"line":488,"column":4},"end":{"line":499,"column":6}},"112":{"start":{"line":491,"column":47},"end":{"line":491,"column":63}},"113":{"start":{"line":492,"column":52},"end":{"line":492,"column":88}},"114":{"start":{"line":493,"column":53},"end":{"line":493,"column":89}},"115":{"start":{"line":21,"column":0},"end":{"line":21,"column":13}}},"fnMap":{"0":{"name":"(anonymous_0)","decl":{"start":{"line":36,"column":2},"end":{"line":36,"column":8}},"loc":{"start":{"line":36,"column":38},"end":{"line":167,"column":3}}},"1":{"name":"(anonymous_1)","decl":{"start":{"line":172,"column":10},"end":{"line":172,"column":16}},"loc":{"start":{"line":174,"column":46},"end":{"line":203,"column":3}}},"2":{"name":"(anonymous_2)","decl":{"start":{"line":208,"column":10},"end":{"line":208,"column":16}},"loc":{"start":{"line":208,"column":49},"end":{"line":270,"column":3}}},"3":{"name":"(anonymous_3)","decl":{"start":{"line":256,"column":31},"end":{"line":256,"column":33}},"loc":{"start":{"line":256,"column":37},"end":{"line":256,"column":56}}},"4":{"name":"(anonymous_4)","decl":{"start":{"line":275,"column":10},"end":{"line":275,"column":16}},"loc":{"start":{"line":275,"column":55},"end":{"line":307,"column":3}}},"5":{"name":"(anonymous_5)","decl":{"start":{"line":285,"column":54},"end":{"line":285,"column":55}},"loc":{"start":{"line":285,"column":59},"end":{"line":285,"column":74}}},"6":{"name":"(anonymous_6)","decl":{"start":{"line":312,"column":10},"end":{"line":312,"column":16}},"loc":{"start":{"line":315,"column":20},"end":{"line":346,"column":3}}},"7":{"name":"(anonymous_7)","decl":{"start":{"line":351,"column":10},"end":{"line":351,"column":16}},"loc":{"start":{"line":351,"column":52},"end":{"line":365,"column":3}}},"8":{"name":"(anonymous_8)","decl":{"start":{"line":370,"column":2},"end":{"line":370,"column":8}},"loc":{"start":{"line":370,"column":42},"end":{"line":381,"column":3}}},"9":{"name":"(anonymous_9)","decl":{"start":{"line":386,"column":10},"end":{"line":386,"column":16}},"loc":{"start":{"line":386,"column":39},"end":{"line":392,"column":3}}},"10":{"name":"(anonymous_10)","decl":{"start":{"line":397,"column":2},"end":{"line":397,"column":8}},"loc":{"start":{"line":399,"column":64},"end":{"line":426,"column":3}}},"11":{"name":"(anonymous_11)","decl":{"start":{"line":431,"column":2},"end":{"line":431,"column":8}},"loc":{"start":{"line":431,"column":64},"end":{"line":433,"column":3}}},"12":{"name":"(anonymous_12)","decl":{"start":{"line":438,"column":2},"end":{"line":438,"column":8}},"loc":{"start":{"line":438,"column":31},"end":{"line":440,"column":3}}},"13":{"name":"(anonymous_13)","decl":{"start":{"line":445,"column":2},"end":{"line":445,"column":8}},"loc":{"start":{"line":445,"column":83},"end":{"line":460,"column":3}}},"14":{"name":"(anonymous_14)","decl":{"start":{"line":447,"column":11},"end":{"line":447,"column":15}},"loc":{"start":{"line":447,"column":20},"end":{"line":450,"column":8}}},"15":{"name":"(anonymous_15)","decl":{"start":{"line":451,"column":12},"end":{"line":451,"column":13}},"loc":{"start":{"line":451,"column":21},"end":{"line":459,"column":7}}},"16":{"name":"(anonymous_16)","decl":{"start":{"line":465,"column":2},"end":{"line":465,"column":8}},"loc":{"start":{"line":465,"column":54},"end":{"line":500,"column":3}}},"17":{"name":"(anonymous_17)","decl":{"start":{"line":491,"column":42},"end":{"line":491,"column":43}},"loc":{"start":{"line":491,"column":47},"end":{"line":491,"column":63}}},"18":{"name":"(anonymous_18)","decl":{"start":{"line":492,"column":47},"end":{"line":492,"column":48}},"loc":{"start":{"line":492,"column":52},"end":{"line":492,"column":88}}},"19":{"name":"(anonymous_19)","decl":{"start":{"line":493,"column":48},"end":{"line":493,"column":49}},"loc":{"start":{"line":493,"column":53},"end":{"line":493,"column":89}}}},"branchMap":{"0":{"loc":{"start":{"line":125,"column":4},"end":{"line":133,"column":5}},"type":"if","locations":[{"start":{"line":125,"column":4},"end":{"line":133,"column":5}},{"start":{},"end":{}}]},"1":{"loc":{"start":{"line":137,"column":4},"end":{"line":145,"column":5}},"type":"if","locations":[{"start":{"line":137,"column":4},"end":{"line":145,"column":5}},{"start":{},"end":{}}]},"2":{"loc":{"start":{"line":148,"column":4},"end":{"line":158,"column":5}},"type":"if","locations":[{"start":{"line":148,"column":4},"end":{"line":158,"column":5}},{"start":{},"end":{}}]},"3":{"loc":{"start":{"line":150,"column":6},"end":{"line":157,"column":7}},"type":"if","locations":[{"start":{"line":150,"column":6},"end":{"line":157,"column":7}},{"start":{},"end":{}}]},"4":{"loc":{"start":{"line":154,"column":29},"end":{"line":156,"column":58}},"type":"cond-expr","locations":[{"start":{"line":155,"column":12},"end":{"line":155,"column":59}},{"start":{"line":156,"column":12},"end":{"line":156,"column":58}}]},"5":{"loc":{"start":{"line":162,"column":4},"end":{"line":164,"column":5}},"type":"if","locations":[{"start":{"line":162,"column":4},"end":{"line":164,"column":5}},{"start":{},"end":{}}]},"6":{"loc":{"start":{"line":186,"column":8},"e
[...]
art":{"line":108,"column":2},"end":{"line":108,"column":8}},"loc":{"start":{"line":108,"column":46},"end":{"line":110,"column":3}}},"6":{"name":"(anonymous_6)","decl":{"start":{"line":115,"column":2},"end":{"line":115,"column":8}},"loc":{"start":{"line":115,"column":70},"end":{"line":131,"column":3}}},"7":{"name":"(anonymous_7)","decl":{"start":{"line":136,"column":2},"end":{"line":136,"column":8}},"loc":{"start":{"line":136,"column":46},"end":{"line":139,"column":3}}},"8":{"name":"(anonymous_8)","decl":{"start":{"line":138,"column":27},"end":{"line":138,"column":31}},"loc":{"start":{"line":138,"column":35},"end":{"line":138,"column":72}}},"9":{"name":"(anonymous_9)","decl":{"start":{"line":144,"column":2},"end":{"line":144,"column":8}},"loc":{"start":{"line":144,"column":42},"end":{"line":160,"column":3}}},"10":{"name":"(anonymous_10)","decl":{"start":{"line":165,"column":2},"end":{"line":165,"column":8}},"loc":{"start":{"line":165,"column":61},"end":{"line":174,"column":3}}},"11":{"name":"(anonymous_11)","decl":{"start":{"line":179,"column":2},"end":{"line":179,"column":8}},"loc":{"start":{"line":179,"column":75},"end":{"line":187,"column":3}}},"12":{"name":"(anonymous_12)","decl":{"start":{"line":184,"column":29},"end":{"line":184,"column":39}},"loc":{"start":{"line":185,"column":6},"end":{"line":185,"column":51}}},"13":{"name":"(anonymous_13)","decl":{"start":{"line":192,"column":2},"end":{"line":192,"column":8}},"loc":{"start":{"line":192,"column":48},"end":{"line":212,"column":3}}}},"branchMap":{"0":{"loc":{"start":{"line":26,"column":4},"end":{"line":26,"column":51}},"type":"if","locations":[{"start":{"line":26,"column":4},"end":{"line":26,"column":51}},{"start":{},"end":{}}]},"1":{"loc":{"start":{"line":28,"column":28},"end":{"line":28,"column":86}},"type":"binary-expr","locations":[{"start":{"line":28,"column":28},"end":{"line":28,"column":55}},{"start":{"line":28,"column":59},"end":{"line":28,"column":86}}]},"2":{"loc":{"start":{"line":29,"column":11},"end":{"line":29,"column":66}},"type":"binary-expr","locations":[{"start":{"line":29,"column":11},"end":{"line":29,"column":57}},{"start":{"line":29,"column":61},"end":{"line":29,"column":66}}]},"3":{"loc":{"start":{"line":37,"column":4},"end":{"line":37,"column":51}},"type":"if","locations":[{"start":{"line":37,"column":4},"end":{"line":37,"column":51}},{"start":{},"end":{}}]},"4":{"loc":{"start":{"line":39,"column":28},"end":{"line":39,"column":86}},"type":"binary-expr","locations":[{"start":{"line":39,"column":28},"end":{"line":39,"column":55}},{"start":{"line":39,"column":59},"end":{"line":39,"column":86}}]},"5":{"loc":{"start":{"line":40,"column":11},"end":{"line":40,"column":92}},"type":"binary-expr","locations":[{"start":{"line":40,"column":11},"end":{"line":40,"column":83}},{"start":{"line":40,"column":87},"end":{"line":40,"column":92}}]},"6":{"loc":{"start":{"line":51,"column":4},"end":{"line":51,"column":35}},"type":"if","locations":[{"start":{"line":51,"column":4},"end":{"line":51,"column":35}},{"start":{},"end":{}}]},"7":{"loc":{"start":{"line":52,"column":4},"end":{"line":52,"column":34}},"type":"if","locations":[{"start":{"line":52,"column":4},"end":{"line":52,"column":34}},{"start":{},"end":{}}]},"8":{"loc":{"start":{"line":68,"column":4},"end":{"line":68,"column":58}},"type":"if","locations":[{"start":{"line":68,"column":4},"end":{"line":68,"column":58}},{"start":{},"end":{}}]},"9":{"loc":{"start":{"line":71,"column":4},"end":{"line":73,"column":5}},"type":"if","locations":[{"start":{"line":71,"column":4},"end":{"line":73,"column":5}},{"start":{},"end":{}}]},"10":{"loc":{"start":{"line":76,"column":4},"end":{"line":84,"column":5}},"type":"if","locations":[{"start":{"line":76,"column":4},"end":{"line":84,"column":5}},{"start":{},"end":{}}]},"11":{"loc":{"start":{"line":87,"column":4},"end":{"line":94,"column":5}},"type":"if","locations":[{"start":{"line":87,"column":4},"end":{"line":94,"column":5}},{"start":{},"end":{}}]},"12":{"loc":{"start":{"line":97,"column":4},"end":{"line":100,"column":5}},"type":"if","locations":[{"start":{"line":97,"column":4},"end":{"line":100,"column":5}},{"start":{},"end":{}}]},"13":{"loc":{"start":{"line":109,"column":11},"end":{"line":109,"column":42}},"type":"binary-expr","locations":[{"start":{"line":109,"column":11},"end":{"line":109,"column":33}},{"start":{"line":109,"column":37},"end":{"line":109,"column":42}}]},"14":{"loc":{"start":{"line":119,"column":4},"end":{"line":130,"column":5}},"type":"switch","locations":[{"start":{"line":120,"column":6},"end":{"line":121,"column":20}},{"start":{"line":122,"column":6},"end":{"line":123,"column":68}},{"start":{"line":124,"column":6},"end":{"line":125,"column":57}},{"start":{"line":126,"column":6},"end":{"line":127,"column":35}},{"start":{"line":128,"column":6},"end":{"line":129,"column":21}}]},"15":{"loc":{"start":{"line":159,"column":11},"end":{"line":159,"column":34}},"type":"binary-expr","locations":[{"start":{"line":159,"column":11},"end":{"line":159,"column":26}},{"start":{"line":159,"column":30},"end":{"line":159,"column":34}}]},"16":{"loc":{"start":{"line":173,"column":11},"end":{"line":173,"column":37}},"type":"binary-expr","locations":[{"start":{"line":173,"column":11},"end":{"line":173,"column":28}},{"start":{"line":173,"column":32},"end":{"line":173,"column":37}}]},"17":{"loc":{"start":{"line":180,"column":28},"end":{"line":180,"column":86}},"type":"binary-expr","locations":[{"start":{"line":180,"column":28},"end":{"line":180,"column":55}},{"start":{"line":180,"column":59},"end":{"line":180,"column":86}}]},"18":{"loc":{"start":{"line":181,"column":4},"end":{"line":181,"column":39}},"type":"if","locations":[{"start":{"line":181,"column":4},"end":{"line":181,"column":39}},{"start":{},"end":{}}]},"19":{"loc":{"start":{"line":200,"column":28},"end":{"line":200,"column":86}},"type":"binary-expr","locations":[{"start":{"line":200,"column":28},"end":{"line":200,"column":55}},{"start":{"line":200,"column":59},"end":{"line":200,"column":86}}]},"20":{"loc":{"start":{"line":201,"column":25},"end":{"line":201,"column":55}},"type":"binary-expr","locations":[{"start":{"line":201,"column":25},"end":{"line":201,"column":49}},{"start":{"line":201,"column":53},"end":{"line":201,"column":55}}]},"21":{"loc":{"start":{"line":202,"column":21},"end":{"line":202,"column":52}},"type":"binary-expr","locations":[{"start":{"line":202,"column":21},"end":{"line":202,"column":46}},{"start":{"line":202,"column":50},"end":{"line":202,"column":52}}]},"22":{"loc":{"start":{"line":206,"column":13},"end":{"line":206,"column":37}},"type":"binary-expr","locations":[{"start":{"line":206,"column":13},"end":{"line":206,"column":30}},{"start":{"line":206,"column":34},"end":{"line":206,"column":37}}]}},"s":{"0":0,"1":0,"2":0,"3":0,"4":0,"5":0,"6":0,"7":0,"8":0,"9":0,"10":0,"11":0,"12":0,"13":0,"14":0,"15":0,"16":0,"17":0,"18":0,"19":0,"20":0,"21":0,"22":0,"23":0,"24":0,"25":0,"26":0,"27":0,"28":0,"29":0,"30":0,"31":0,"32":0,"33":0,"34":0,"35":0,"36":0,"37":0,"38":0,"39":0,"40":0,"41":0,"42":0,"43":0,"44":0,"45":0,"46":0,"47":0,"48":0,"49":0,"50":0,"51":0,"52":0,"53":0,"54":0,"55":0,"56":0},"f":{"0":0,"1":0,"2":0,"3":0,"4":0,"5":0,"6":0,"7":0,"8":0,"9":0,"10":0,"11":0,"12":0,"13":0},"b":{"0":[0,0],"1":[0,0],"2":[0,0],"3":[0,0],"4":[0,0],"5":[0,0],"6":[0,0],"7":[0,0],"8":[0,0],"9":[0,0],"10":[0,0],"11":[0,0],"12":[0,0],"13":[0,0],"14":[0,0,0,0,0],"15":[0,0],"16":[0,0],"17":[0,0],"18":[0,0],"19":[0,0],"20":[0,0],"21":[0,0],"22":[0,0]}}
,"/Users/jietaoxie/my-prototype-logistics/frontend/HainiuFoodTrace/src/utils/roleMapping.ts": {"path":"/Users/jietaoxie/my-prototype-logistics/frontend/HainiuFoodTrace/src/utils/roleMapping.ts","statementMap":{"0":{"start":{"line":1,"column":0},"end":{"line":1,"column":null}},"1":{"start":{"line":19,"column":30},"end":{"line":21,"column":1}},"2":{"start":{"line":20,"column":2},"end":{"line":20,"column":70}},"3":{"start":{"line":19,"column":13},"end":{"line":19,"column":30}},"4":{"start":{"line":24,"column":29},"end":{"line":26,"column":1}},"5":{"start":{"line":25,"column":2},"end":{"line":25,"column":68}},"6":{"start":{"line":24,"column":13},"end":{"line":24,"column":29}},"7":{"start":{"line":29,"column":30},"end":{"line":31,"column":1}},"8":{"start":{"line":30,"column":2},"end":{"line":30,"column":38}},"9":{"start":{"line":29,"column":13},"end":{"line":29,"column":30}},"10":{"start":{"line":33,"column":29},"end":{"line":35,"column":1}},"11":{"start":{"line":34,"column":2},"end":{"line":34,"column":37}},"12":{"start":{"line":33,"column":13},"end":{"line":33,"column":29}},"13":{"start":{"line":38,"column":27},"end":{"line":44,"column":1}},"14":{"start":{"line":39,"column":2},"end":{"line":43,"column":3}},"15":{"start":{"line":40,"column":4},"end":{"line":40,"column":34}},"16":{"start":{"line":42,"column":4},"end":{"line":42,"column":33}},"17":{"start":{"line":38,"column":13},"end":{"line":38,"column":27}},"18":{"start":{"line":47,"column":34},"end":{"line":63,"column":1}},"19":{"start":{"line":48,"column":46},"end":{"line":60,"column":4}},"20":{"start":{"line":62,"column":2},"end":{"line":62,"column":33}},"21":{"start":{"line":47,"column":13},"end":{"line":47,"column":34}},"22":{"start":{"line":66,"column":40},"end":{"line":76,"column":1}},"23":{"start":{"line":67,"column":50},"end":{"line":73,"column":4}},"24":{"start":{"line":75,"column":2},"end":{"line":75,"column":51}},"25":{"start":{"line":66,"column":13},"end":{"line":66,"column":40}},"26":{"start":{"line":79,"column":36},"end":{"line":122,"column":1}},"27":{"start":{"line":81,"column":2},"end":{"line":99,"column":3}},"28":{"start":{"line":82,"column":4},"end":{"line":98,"column":22}},"29":{"start":{"line":102,"column":2},"end":{"line":121,"column":19}},"30":{"start":{"line":79,"column":13},"end":{"line":79,"column":36}},"31":{"start":{"line":125,"column":35},"end":{"line":143,"column":1}},"32":{"start":{"line":128,"column":2},"end":{"line":142,"column":4}},"33":{"start":{"line":146,"column":33},"end":{"line":152,"column":1}},"34":{"start":{"line":147,"column":2},"end":{"line":151,"column":3}},"35":{"start":{"line":148,"column":4},"end":{"line":148,"column":62}},"36":{"start":{"line":150,"column":4},"end":{"line":150,"column":61}},"37":{"start":{"line":146,"column":13},"end":{"line":146,"column":33}},"38":{"start":{"line":155,"column":34},"end":{"line":158,"column":1}},"39":{"start":{"line":156,"column":15},"end":{"line":156,"column":32}},"40":{"start":{"line":157,"column":2},"end":{"line":157,"column":112}},"41":{"start":{"line":155,"column":13},"end":{"line":155,"column":34}},"42":{"start":{"line":161,"column":32},"end":{"line":166,"column":1}},"43":{"start":{"line":162,"column":2},"end":{"line":164,"column":3}},"44":{"start":{"line":163,"column":4},"end":{"line":163,"column":38}},"45":{"start":{"line":165,"column":2},"end":{"line":165,"column":19}},"46":{"start":{"line":161,"column":13},"end":{"line":161,"column":32}}},"fnMap":{"0":{"name":"(anonymous_0)","decl":{"start":{"line":19,"column":30},"end":{"line":19,"column":31}},"loc":{"start":{"line":19,"column":71},"end":{"line":21,"column":1}}},"1":{"name":"(anonymous_1)","decl":{"start":{"line":24,"column":29},"end":{"line":24,"column":30}},"loc":{"start":{"line":24,"column":69},"end":{"line":26,"column":1}}},"2":{"name":"(anonymous_2)","decl":{"start":{"line":29,"column":30},"end":{"line":29,"column":31}},"loc":{"start":{"line":29,"column":67},"end":{"line":31,"column":1}}},"3":{"name":"(anonymous_3)","decl":{"start":{"line":33,"column":29},"end":{"line":33,"column":30}},"loc":{"start":{"line":33,"column":65},"end":{"line":35,"column":1}}},"4":{"name":"(anonymous_4)","decl":{"start":{"line":38,"column":27},"end":{"line":38,"column":28}},"loc":{"start":{"line":38,"column":52},"end":{"line":44,"column":1}}},"5":{"name":"(anonymous_5)","decl":{"start":{"line":47,"column":34},"end":{"line":47,"column":35}},"loc":{"start":{"line":47,"column":61},"end":{"line":63,"column":1}}},"6":{"name":"(anonymous_6)","decl":{"start":{"line":66,"column":40},"end":{"line":66,"column":41}},"loc":{"start":{"line":66,"column":71},"end":{"line":76,"column":1}}},"7":{"name":"(anonymous_7)","decl":{"start":{"line":79,"column":36},"end":{"line":79,"column":37}},"loc":{"start":{"line":79,"column":63},"end":{"line":122,"column":1}}},"8":{"name":"(anonymous_8)","decl":{"start":{"line":125,"column":35},"end":{"line":125,"column":36}},"loc":{"start":{"line":125,"column":54},"end":{"line":143,"column":1}}},"9":{"name":"(anonymous_9)","decl":{"start":{"line":146,"column":33},"end":{"line":146,"column":34}},"loc":{"start":{"line":146,"column":77},"end":{"line":152,"column":1}}},"10":{"name":"(anonymous_10)","decl":{"start":{"line":155,"column":34},"end":{"line":155,"column":35}},"loc":{"start":{"line":155,"column":58},"end":{"line":158,"column":1}}},"11":{"name":"(anonymous_11)","decl":{"start":{"line":161,"column":32},"end":{"line":161,"column":33}},"loc":{"start":{"line":161,"column":67},"end":{"line":166,"column":1}}}},"branchMap":{"0":{"loc":{"start":{"line":39,"column":2},"end":{"line":43,"column":3}},"type":"if","locations":[{"start":{"line":39,"column":2},"end":{"line":43,"column":3}},{"start":{"line":41,"column":9},"end":{"line":43,"column":3}}]},"1":{"loc":{"start":{"line":62,"column":9},"end":{"line":62,"column":32}},"type":"binary-expr","locations":[{"start":{"line":62,"column":9},"end":{"line":62,"column":24}},{"start":{"line":62,"column":28},"end":{"line":62,"column":32}}]},"2":{"loc":{"start":{"line":75,"column":9},"end":{"line":75,"column":50}},"type":"binary-expr","locations":[{"start":{"line":75,"column":9},"end":{"line":75,"column":36}},{"start":{"line":75,"column":40},"end":{"line":75,"column":50}}]},"3":{"loc":{"start":{"line":81,"column":2},"end":{"line":99,"column":3}},"type":"if","locations":[{"start":{"line":81,"column":2},"end":{"line":99,"column":3}},{"start":{},"end":{}}]},"4":{"loc":{"start":{"line":81,"column":6},"end":{"line":81,"column":61}},"type":"binary-expr","locations":[{"start":{"line":81,"column":6},"end":{"line":81,"column":41}},{"start":{"line":81,"column":45},"end":{"line":81,"column":61}}]},"5":{"loc":{"start":{"line":86,"column":13},"end":{"line":86,"column":43}},"type":"binary-expr","locations":[{"start":{"line":86,"column":13},"end":{"line":86,"column":30}},{"start":{"line":86,"column":34},"end":{"line":86,"column":43}}]},"6":{"loc":{"start":{"line":87,"column":16},"end":{"line":87,"column":49}},"type":"binary-expr","locations":[{"start":{"line":87,"column":16},"end":{"line":87,"column":36}},{"start":{"line":87,"column":40},"end":{"line":87,"column":49}}]},"7":{"loc":{"start":{"line":88,"column":14},"end":{"line":88,"column":45}},"type":"binary-expr","locations":[{"start":{"line":88,"column":14},"end":{"line":88,"column":32}},{"start":{"line":88,"column":36},"end":{"line":88,"column":45}}]},"8":{"loc":{"start":{"line":89,"column":19},"end":{"line":89,"column":53}},"type":"binary-expr","locations":[{"start":{"line":89,"column":19},"end":{"line":89,"column":40}},{"start":{"line":89,"column":44},"end":{"line":89,"column":53}}]},"9":{"loc":{"start":{"line":92,"column":16},"end":{"line":92,"column":44}},"type":"binary-expr","locations":[{"start":{"line":92,"column":16},"end":{"line":92,"column":36}},{"start":{"line":92,"column":40},"end":{"line":92,"column":44}}]},"10":{"loc":{"start":{"line":96,"column":21},"end":{"line":96,"column":50}},"type":"binary-expr","locations":[{"start":{"line":96,"column":21},"end":{"line":96,"column":44}},{"start":{"line":96,"column":48},"end":{"line":96,"column":50}}]},"11":{"loc":{"start":{"line":106,"column":11},"end":{"line":106,"column":41}},"type":"binary-expr","locations":[{"start":{"line":106,"column":11},"end":{"line":106,"column":28}},{"start":{"line":106,"column":32},"end":{"line":106,"column":41}}]},"12":{"loc":{"start":{"line":107,"column":14},"end":{"line":107,"column":47}},"type":"binary-expr","locations":[{"start":{"line":107,"column":14},"end":{"line":107,"column":34}},{"start":{"line":107,"column":38},"end":{"line":107,"column":47}}]},"13":{"loc":{"start":{"line":108,"column":12},"end":{"line":108,"column":43}},"type":"binary-expr","locations":[{"start":{"line":108,"column":12},"end":{"line":108,"column":30}},{"start":{"line":108,"column":34},"end":{"line":108,"column":43}}]},"14":{"loc":{"start":{"line":109,"column":17},"end":{"line":109,"column":77}},"type":"binary-expr","locations":[{"start":{"line":109,"column":17},"end":{"line":109,"column":38}},{"start":{"line":109,"column":42},"end":{"line":109,"column":64}},{"start":{"line":109,"column":68},"end":{"line":109,"column":77}}]},"15":{"loc":{"start":{"line":110,"column":15},"end":{"line":110,"column":62}},"type":"binary-expr","locations":[{"start":{"line":110,"column":15},"end":{"line":110,"column":36}},{"start":{"line":110,"column":40},"end":{"line":110,"column":62}}]},"16":{"loc":{"start":{"line":111,"column":15},"end":{"line":111,"column":62}},"type":"binary-expr","locations":[{"start":{"line":111,"column":15},"end":{"line":111,"column":36}},{"start":{"line":111,"column":40},"end":{"line":111,"column":62}}]},"17":{"loc":{"start":{"line":112,"column":14},"end":{"line":112,"column":67}},"type":"binary-expr","locations":[{"start":{"line":112,"column":14},"end":{"line":112,"column":34}},{"start":{"line":112,"column":38},"end":{"line":112,"column":59}},{"start":{"line":112,"column":63},"end":{"line":112,"column":67}}]},"18":{"loc":{"start":{"line":115,"column":12},"end":{"line":115,"column":57}},"type":"binary-expr","locations":[{"start":{"line":115,"column":12},"end":{"line":115,"column":32}},{"start":{"line":115,"column":36},"end":{"line":115,"column":57}}]},"19":{"loc":{"start":{"line":116,"column":17},"end":{"line":116,"column":64}},"type":"binary-expr","locations":[{"start":{"line":116,"column":17},"end":{"line":116,"column":38}},{"start":{"line":116,"column":42},"end":{"line":116,"column":64}}]},"20":{"loc":{"start":{"line":117,"column":18},"end":{"line":117,"column":53}},"type":"binary-expr","locations":[{"start":{"line":117,"column":18},"end":{"line":117,"column":40}},{"start":{"line":117,"column":44},"end":{"line":117,"column":53}}]},"21":{"loc":{"start":{"line":118,"column":16},"end":{"line":118,"column":49}},"type":"binary-expr","locations":[{"start":{"line":118,"column":16},"end":{"line":118,"column":36}},{"start":{"line":118,"column":40},"end":{"line":118,"column":49}}]},"22":{"loc":{"start":{"line":119,"column":19},"end":{"line":119,"column":48}},"type":"binary-expr","locations":[{"start":{"line":119,"column":19},"end":{"line":119,"column":42}},{"start":{"line":119,"column":46},"end":{"line":119,"column":48}}]},"23":{"loc":{"start":{"line":139,"column":14},"end":{"line":139,"column":59}},"type":"cond-expr","locations":[{"start":{"line":139,"column":37},"end":{"line":139,"column":47}},{"start":{"line":139,"column":50},"end":{"line":139,"column":59}}]},"24":{"loc":{"start":{"line":147,"column":2},"end":{"line":151,"column":3}},"type":"if","locations":[{"start":{"line":147,"column":2},"end":{"line":151,"column":3}},{"start":{"line":149,"column":9},"end":{"line":151,"column":3}}]},"25":{"loc":{"start":{"line":162,"column":2},"end":{"line":164,"column":3}},"type":"if","locations":[{"start":{"line":162,"column":2},"end":{"line":164,"column":3}},{"start":{},"end":{}}]}},"s":{"0":0,"1":0,"2":0,"3":0,"4":0,"5":0,"6":0,"7":0,"8":0,"9":0,"10":0,"11":0,"12":0,"13":0,"14":0,"15":0,"16":0,"17":0,"18":0,"19":0,"20":0,"21":0,"22":0,"23":0,"24":0,"25":0,"26":0,"27":0,"28":0,"29":0,"30":0,"31":0,"32":0,"33":0,"34":0,"35":0,"36":0,"37":0,"38":0,"39":0,"40":0,"41":0,"42":0,"43":0,"44":0,"45":0,"46":0},"f":{"0":0,"1":0,"2":0,"3":0,"4":0,"5":0,"6":0,"7":0,"8":0,"9":0,"10":0,"11":0},"b":{"0":[0,0],"1":[0,0],"2":[0,0],"3":[0,0],"4":[0,0],"5":[0,0],"6":[0,0],"7":[0,0],"8":[0,0],"9":[0,0],"10":[0,0],"11":[0,0],"12":[0,0],"13":[0,0],"14":[0,0,0],"15":[0,0],"16":[0,0],"17":[0,0,0],"18":[0,0],"19":[0,0],"20":[0,0],"21":[0,0],"22":[0,0],"23":[0,0],"24":[0,0],"25":[0,0]}}
}
