TN:
SF:src/constants/config.ts
FNF:0
FNH:0
DA:4,0
DA:9,0
DA:17,0
DA:25,0
LF:4
LH:0
BRDA:4,0,0,0
BRDA:4,0,1,0
BRF:2
BRH:0
end_of_record
TN:
SF:src/constants/permissions.ts
FNF:0
FNH:0
DA:1,0
DA:10,0
DA:21,0
DA:54,0
DA:69,0
DA:150,0
DA:261,0
DA:271,0
LF:8
LH:0
BRF:0
BRH:0
end_of_record
TN:
SF:src/hooks/usePermission.ts
FN:72,(anonymous_0)
FN:103,(anonymous_1)
FN:108,(anonymous_2)
FN:119,(anonymous_3)
FN:128,(anonymous_4)
FN:135,(anonymous_5)
FN:142,(anonymous_6)
FN:151,(anonymous_7)
FN:179,(anonymous_8)
FN:190,(anonymous_9)
FN:197,(anonymous_10)
FNF:11
FNH:0
FNDA:0,(anonymous_0)
FNDA:0,(anonymous_1)
FNDA:0,(anonymous_2)
FNDA:0,(anonymous_3)
FNDA:0,(anonymous_4)
FNDA:0,(anonymous_5)
FNDA:0,(anonymous_6)
FNDA:0,(anonymous_7)
FNDA:0,(anonymous_8)
FNDA:0,(anonymous_9)
FNDA:0,(anonymous_10)
DA:1,0
DA:2,0
DA:3,0
DA:11,0
DA:12,0
DA:19,0
DA:20,0
DA:21,0
DA:72,0
DA:74,0
DA:84,0
DA:98,0
DA:100,0
DA:103,0
DA:104,0
DA:108,0
DA:109,0
DA:110,0
DA:111,0
DA:112,0
DA:114,0
DA:119,0
DA:121,0
DA:122,0
DA:124,0
DA:128,0
DA:129,0
DA:130,0
DA:131,0
DA:135,0
DA:136,0
DA:137,0
DA:138,0
DA:142,0
DA:144,0
DA:145,0
DA:147,0
DA:151,0
DA:152,0
DA:155,0
DA:156,0
DA:159,0
DA:160,0
DA:164,0
DA:166,0
DA:170,0
DA:172,0
DA:175,0
DA:179,0
DA:180,0
DA:183,0
DA:184,0
DA:186,0
DA:190,0
DA:191,0
DA:192,0
DA:193,0
DA:197,0
DA:198,0
DA:200,0
DA:201,0
DA:202,0
DA:205,0
DA:208,0
LF:64
LH:0
BRDA:100,0,0,0
BRDA:100,0,1,0
BRDA:100,0,2,0
BRDA:121,1,0,0
BRDA:121,1,1,0
BRDA:122,2,0,0
BRDA:122,2,1,0
BRDA:129,3,0,0
BRDA:129,3,1,0
BRDA:136,4,0,0
BRDA:136,4,1,0
BRDA:144,5,0,0
BRDA:144,5,1,0
BRDA:145,6,0,0
BRDA:145,6,1,0
BRDA:152,7,0,0
BRDA:152,7,1,0
BRDA:152,8,0,0
BRDA:152,8,1,0
BRDA:156,9,0,0
BRDA:156,9,1,0
BRDA:159,10,0,0
BRDA:159,10,1,0
BRDA:159,11,0,0
BRDA:159,11,1,0
BRDA:164,12,0,0
BRDA:164,12,1,0
BRDA:164,13,0,0
BRDA:164,13,1,0
BRDA:170,14,0,0
BRDA:170,14,1,0
BRDA:170,15,0,0
BRDA:170,15,1,0
BRDA:180,16,0,0
BRDA:180,16,1,0
BRDA:184,17,0,0
BRDA:184,17,1,0
BRDA:191,18,0,0
BRDA:191,18,1,0
BRDA:193,19,0,0
BRDA:193,19,1,0
BRDA:198,20,0,0
BRDA:198,20,1,0
BRF:43
BRH:0
end_of_record
TN:
SF:src/navigation/SmartNavigationService.tsx
FN:18,(anonymous_1)
FN:25,(anonymous_2)
FN:32,(anonymous_3)
FN:36,(anonymous_4)
FN:43,(anonymous_5)
FN:50,(anonymous_6)
FN:67,(anonymous_7)
FN:71,(anonymous_8)
FN:88,(anonymous_9)
FN:96,(anonymous_10)
FN:107,(anonymous_11)
FN:108,(anonymous_12)
FN:120,(anonymous_13)
FN:121,(anonymous_14)
FN:136,(anonymous_15)
FN:137,(anonymous_16)
FN:154,(anonymous_17)
FN:187,(anonymous_18)
FN:201,(anonymous_19)
FN:212,(anonymous_20)
FN:236,(anonymous_21)
FN:247,(anonymous_22)
FN:251,(anonymous_23)
FN:260,(anonymous_24)
FN:270,(anonymous_25)
FN:277,(anonymous_26)
FN:285,(anonymous_27)
FN:297,(anonymous_28)
FN:330,(anonymous_29)
FN:345,(anonymous_30)
FN:352,(anonymous_31)
FN:359,(anonymous_32)
FN:366,(anonymous_33)
FN:379,(anonymous_34)
FN:380,(anonymous_35)
FN:392,(anonymous_36)
FN:412,(anonymous_37)
FN:417,(anonymous_38)
FN:425,(anonymous_39)
FNF:39
FNH:0
FNDA:0,(anonymous_1)
FNDA:0,(anonymous_2)
FNDA:0,(anonymous_3)
FNDA:0,(anonymous_4)
FNDA:0,(anonymous_5)
FNDA:0,(anonymous_6)
FNDA:0,(anonymous_7)
FNDA:0,(anonymous_8)
FNDA:0,(anonymous_9)
FNDA:0,(anonymous_10)
FNDA:0,(anonymous_11)
FNDA:0,(anonymous_12)
FNDA:0,(anonymous_13)
FNDA:0,(anonymous_14)
FNDA:0,(anonymous_15)
FNDA:0,(anonymous_16)
FNDA:0,(anonymous_17)
FNDA:0,(anonymous_18)
FNDA:0,(anonymous_19)
FNDA:0,(anonymous_20)
FNDA:0,(anonymous_21)
FNDA:0,(anonymous_22)
FNDA:0,(anonymous_23)
FNDA:0,(anonymous_24)
FNDA:0,(anonymous_25)
FNDA:0,(anonymous_26)
FNDA:0,(anonymous_27)
FNDA:0,(anonymous_28)
FNDA:0,(anonymous_29)
FNDA:0,(anonymous_30)
FNDA:0,(anonymous_31)
FNDA:0,(anonymous_32)
FNDA:0,(anonymous_33)
FNDA:0,(anonymous_34)
FNDA:0,(anonymous_35)
FNDA:0,(anonymous_36)
FNDA:0,(anonymous_37)
FNDA:0,(anonymous_38)
FNDA:0,(anonymous_39)
DA:1,0
DA:3,0
DA:5,0
DA:13,0
DA:14,0
DA:15,0
DA:16,0
DA:19,0
DA:26,0
DA:33,0
DA:36,0
DA:37,0
DA:44,0
DA:51,0
DA:52,0
DA:53,0
DA:54,0
DA:57,0
DA:58,0
DA:68,0
DA:69,0
DA:71,0
DA:72,0
DA:73,0
DA:74,0
DA:75,0
DA:77,0
DA:79,0
DA:82,0
DA:89,0
DA:90,0
DA:97,0
DA:98,0
DA:100,0
DA:108,0
DA:109,0
DA:110,0
DA:112,0
DA:121,0
DA:122,0
DA:123,0
DA:128,0
DA:137,0
DA:138,0
DA:139,0
DA:140,0
DA:143,0
DA:146,0
DA:156,0
DA:157,0
DA:161,0
DA:162,0
DA:166,0
DA:167,0
DA:168,0
DA:170,0
DA:173,0
DA:177,0
DA:181,0
DA:188,0
DA:189,0
DA:190,0
DA:191,0
DA:194,0
DA:195,0
DA:202,0
DA:203,0
DA:205,0
DA:213,0
DA:216,0
DA:218,0
DA:220,0
DA:221,0
DA:223,0
DA:224,0
DA:226,0
DA:229,0
DA:237,0
DA:247,0
DA:251,0
DA:261,0
DA:271,0
DA:279,0
DA:280,0
DA:287,0
DA:298,0
DA:299,0
DA:300,0
DA:302,0
DA:303,0
DA:305,0
DA:306,0
DA:307,0
DA:310,0
DA:314,0
DA:315,0
DA:316,0
DA:320,0
DA:322,0
DA:323,0
DA:331,0
DA:333,0
DA:334,0
DA:335,0
DA:339,0
DA:346,0
DA:353,0
DA:360,0
DA:367,0
DA:380,0
DA:381,0
DA:382,0
DA:384,0
DA:398,0
DA:399,0
DA:401,0
DA:402,0
DA:404,0
DA:417,0
DA:418,0
DA:426,0
DA:427,0
DA:428,0
DA:429,0
DA:430,0
DA:435,0
DA:440,0
LF:127
LH:0
BRDA:51,0,0,0
BRDA:51,0,1,0
BRDA:53,1,0,0
BRDA:53,1,1,0
BRDA:53,2,0,0
BRDA:53,2,1,0
BRDA:57,3,0,0
BRDA:57,3,1,0
BRDA:68,4,0,0
BRDA:68,4,1,0
BRDA:69,5,0,0
BRDA:69,5,1,0
BRDA:72,6,0,0
BRDA:72,6,1,0
BRDA:72,7,0,0
BRDA:72,7,1,0
BRDA:74,8,0,0
BRDA:74,8,1,0
BRDA:90,9,0,0
BRDA:90,9,1,0
BRDA:97,10,0,0
BRDA:97,10,1,0
BRDA:139,11,0,0
BRDA:139,11,1,0
BRDA:156,12,0,0
BRDA:156,12,1,0
BRDA:161,13,0,0
BRDA:161,13,1,0
BRDA:161,14,0,0
BRDA:161,14,1,0
BRDA:167,15,0,0
BRDA:167,15,1,0
BRDA:168,16,0,0
BRDA:168,16,1,0
BRDA:168,16,2,0
BRDA:168,16,3,0
BRDA:168,16,4,0
BRDA:168,16,5,0
BRDA:188,17,0,0
BRDA:188,17,1,0
BRDA:189,18,0,0
BRDA:189,18,1,0
BRDA:202,19,0,0
BRDA:202,19,1,0
BRDA:218,20,0,0
BRDA:218,20,1,0
BRDA:221,21,0,0
BRDA:221,21,1,0
BRDA:224,22,0,0
BRDA:224,22,1,0
BRDA:240,23,0,0
BRDA:240,23,1,0
BRDA:242,24,0,0
BRDA:242,24,1,0
BRDA:300,25,0,0
BRDA:300,25,1,0
BRDA:305,26,0,0
BRDA:305,26,1,0
BRDA:314,27,0,0
BRDA:314,27,1,0
BRDA:334,28,0,0
BRDA:334,28,1,0
BRDA:360,29,0,0
BRDA:360,29,1,0
BRDA:398,30,0,0
BRDA:398,30,1,0
BRDA:401,31,0,0
BRDA:401,31,1,0
BRDA:414,32,0,0
BRF:69
BRH:0
end_of_record
TN:
SF:src/navigation/types.ts
FNF:0
FNH:0
DA:226,0
DA:247,0
LF:2
LH:0
BRF:0
BRH:0
end_of_record
TN:
SF:src/services/serviceFactory.ts
FN:22,(anonymous_0)
FN:29,(anonymous_1)
FN:36,(anonymous_2)
FN:43,(anonymous_3)
FN:50,(anonymous_4)
FN:57,(anonymous_5)
FN:64,(anonymous_6)
FN:71,(anonymous_7)
FN:78,(anonymous_8)
FN:85,(anonymous_9)
FN:92,(anonymous_10)
FN:99,(anonymous_11)
FN:106,(anonymous_12)
FN:128,(anonymous_13)
FNF:14
FNH:0
FNDA:0,(anonymous_0)
FNDA:0,(anonymous_1)
FNDA:0,(anonymous_2)
FNDA:0,(anonymous_3)
FNDA:0,(anonymous_4)
FNDA:0,(anonymous_5)
FNDA:0,(anonymous_6)
FNDA:0,(anonymous_7)
FNDA:0,(anonymous_8)
FNDA:0,(anonymous_9)
FNDA:0,(anonymous_10)
FNDA:0,(anonymous_11)
FNDA:0,(anonymous_12)
FNDA:0,(anonymous_13)
DA:2,0
DA:3,0
DA:4,0
DA:5,0
DA:6,0
DA:7,0
DA:8,0
DA:9,0
DA:10,0
DA:11,0
DA:12,0
DA:13,0
DA:18,0
DA:23,0
DA:30,0
DA:37,0
DA:44,0
DA:51,0
DA:58,0
DA:65,0
DA:72,0
DA:79,0
DA:86,0
DA:93,0
DA:100,0
DA:107,0
DA:129,0
DA:130,0
DA:137,0
DA:138,0
DA:139,0
DA:140,0
DA:141,0
DA:142,0
DA:143,0
DA:144,0
DA:145,0
DA:146,0
DA:147,0
DA:148,0
DA:151,0
DA:152,0
DA:155,0
LF:43
LH:0
BRDA:151,0,0,0
BRDA:151,0,1,0
BRF:2
BRH:0
end_of_record
TN:
SF:src/services/tokenManager.ts
FN:36,(anonymous_10)
FN:77,(anonymous_11)
FN:105,(anonymous_12)
FN:127,(anonymous_13)
FN:165,(anonymous_14)
FN:178,(anonymous_15)
FN:197,(anonymous_16)
FN:213,(anonymous_17)
FN:230,(anonymous_18)
FN:247,(anonymous_19)
FN:264,(anonymous_20)
FN:281,(anonymous_21)
FN:285,(anonymous_22)
FN:286,(anonymous_23)
FN:287,(anonymous_24)
FN:288,(anonymous_25)
FN:289,(anonymous_26)
FN:290,(anonymous_27)
FN:291,(anonymous_28)
FN:292,(anonymous_29)
FN:305,(anonymous_30)
FN:350,(anonymous_31)
FN:359,(anonymous_32)
FNF:23
FNH:0
FNDA:0,(anonymous_10)
FNDA:0,(anonymous_11)
FNDA:0,(anonymous_12)
FNDA:0,(anonymous_13)
FNDA:0,(anonymous_14)
FNDA:0,(anonymous_15)
FNDA:0,(anonymous_16)
FNDA:0,(anonymous_17)
FNDA:0,(anonymous_18)
FNDA:0,(anonymous_19)
FNDA:0,(anonymous_20)
FNDA:0,(anonymous_21)
FNDA:0,(anonymous_22)
FNDA:0,(anonymous_23)
FNDA:0,(anonymous_24)
FNDA:0,(anonymous_25)
FNDA:0,(anonymous_26)
FNDA:0,(anonymous_27)
FNDA:0,(anonymous_28)
FNDA:0,(anonymous_29)
FNDA:0,(anonymous_30)
FNDA:0,(anonymous_31)
FNDA:0,(anonymous_32)
DA:1,0
DA:2,0
DA:4,0
DA:22,0
DA:23,0
DA:24,0
DA:25,0
DA:26,0
DA:27,0
DA:30,0
DA:31,0
DA:37,0
DA:38,0
DA:41,0
DA:42,0
DA:49,0
DA:50,0
DA:53,0
DA:55,0
DA:62,0
DA:63,0
DA:67,0
DA:69,0
DA:70,0
DA:78,0
DA:80,0
DA:81,0
DA:82,0
DA:83,0
DA:87,0
DA:89,0
DA:90,0
DA:91,0
DA:92,0
DA:95,0
DA:97,0
DA:98,0
DA:107,0
DA:108,0
DA:109,0
DA:112,0
DA:113,0
DA:115,0
DA:116,0
DA:117,0
DA:119,0
DA:120,0
DA:128,0
DA:129,0
DA:130,0
DA:131,0
DA:132,0
DA:135,0
DA:136,0
DA:140,0
DA:142,0
DA:149,0
DA:150,0
DA:151,0
DA:153,0
DA:154,0
DA:157,0
DA:158,0
DA:166,0
DA:168,0
DA:169,0
DA:172,0
DA:179,0
DA:180,0
DA:181,0
DA:183,0
DA:184,0
DA:185,0
DA:187,0
DA:189,0
DA:190,0
DA:198,0
DA:199,0
DA:200,0
DA:202,0
DA:203,0
DA:205,0
DA:206,0
DA:214,0
DA:216,0
DA:217,0
DA:219,0
DA:222,0
DA:223,0
DA:231,0
DA:233,0
DA:234,0
DA:236,0
DA:239,0
DA:240,0
DA:248,0
DA:250,0
DA:251,0
DA:253,0
DA:256,0
DA:257,0
DA:265,0
DA:267,0
DA:268,0
DA:270,0
DA:273,0
DA:274,0
DA:282,0
DA:284,0
DA:295,0
DA:297,0
DA:298,0
DA:313,0
DA:314,0
DA:321,0
DA:322,0
DA:323,0
DA:324,0
DA:326,0
DA:335,0
DA:336,0
DA:351,0
DA:354,0
DA:355,0
DA:357,0
DA:359,0
DA:360,0
DA:362,0
DA:363,0
DA:365,0
DA:367,0
LF:131
LH:0
BRDA:38,0,0,0
BRDA:38,0,1,0
BRDA:46,1,0,0
BRDA:46,1,1,0
BRDA:49,2,0,0
BRDA:49,2,1,0
BRDA:59,3,0,0
BRDA:59,3,1,0
BRDA:62,4,0,0
BRDA:62,4,1,0
BRDA:81,5,0,0
BRDA:81,5,1,0
BRDA:89,6,0,0
BRDA:89,6,1,0
BRDA:92,7,0,0
BRDA:92,7,1,0
BRDA:107,8,0,0
BRDA:107,8,1,0
BRDA:107,9,0,0
BRDA:107,9,1,0
BRDA:130,10,0,0
BRDA:130,10,1,0
BRDA:140,11,0,0
BRDA:140,11,1,0
BRDA:140,12,0,0
BRDA:140,12,1,0
BRDA:144,13,0,0
BRDA:144,13,1,0
BRDA:145,14,0,0
BRDA:145,14,1,0
BRDA:168,15,0,0
BRDA:168,15,1,0
BRDA:178,16,0,0
BRDA:181,17,0,0
BRDA:181,17,1,0
BRDA:200,18,0,0
BRDA:200,18,1,0
BRDA:321,19,0,0
BRDA:321,19,1,0
BRDA:323,20,0,0
BRDA:323,20,1,0
BRDA:324,21,0,0
BRDA:324,21,1,0
BRDA:351,22,0,0
BRDA:351,22,1,0
BRDA:351,23,0,0
BRDA:351,23,1,0
BRDA:355,24,0,0
BRDA:355,24,1,0
BRDA:360,25,0,0
BRDA:360,25,1,0
BRDA:363,26,0,0
BRDA:363,26,1,0
BRF:53
BRH:0
end_of_record
TN:
SF:src/services/userIdentification.ts
FN:36,(anonymous_0)
FN:172,(anonymous_1)
FN:208,(anonymous_2)
FN:256,(anonymous_3)
FN:275,(anonymous_4)
FN:285,(anonymous_5)
FN:312,(anonymous_6)
FN:351,(anonymous_7)
FN:370,(anonymous_8)
FN:386,(anonymous_9)
FN:397,(anonymous_10)
FN:431,(anonymous_11)
FN:438,(anonymous_12)
FN:445,(anonymous_13)
FN:447,(anonymous_14)
FN:451,(anonymous_15)
FN:465,(anonymous_16)
FN:491,(anonymous_17)
FN:492,(anonymous_18)
FN:493,(anonymous_19)
FNF:20
FNH:0
FNDA:0,(anonymous_0)
FNDA:0,(anonymous_1)
FNDA:0,(anonymous_2)
FNDA:0,(anonymous_3)
FNDA:0,(anonymous_4)
FNDA:0,(anonymous_5)
FNDA:0,(anonymous_6)
FNDA:0,(anonymous_7)
FNDA:0,(anonymous_8)
FNDA:0,(anonymous_9)
FNDA:0,(anonymous_10)
FNDA:0,(anonymous_11)
FNDA:0,(anonymous_12)
FNDA:0,(anonymous_13)
FNDA:0,(anonymous_14)
FNDA:0,(anonymous_15)
FNDA:0,(anonymous_16)
FNDA:0,(anonymous_17)
FNDA:0,(anonymous_18)
FNDA:0,(anonymous_19)
DA:1,0
DA:21,0
DA:23,0
DA:37,0
DA:115,0
DA:124,0
DA:125,0
DA:126,0
DA:136,0
DA:137,0
DA:138,0
DA:148,0
DA:149,0
DA:150,0
DA:151,0
DA:152,0
DA:153,0
DA:154,0
DA:161,0
DA:162,0
DA:163,0
DA:166,0
DA:180,0
DA:181,0
DA:182,0
DA:184,0
DA:185,0
DA:186,0
DA:187,0
DA:189,0
DA:190,0
DA:191,0
DA:192,0
DA:198,0
DA:213,0
DA:214,0
DA:215,0
DA:223,0
DA:229,0
DA:235,0
DA:240,0
DA:241,0
DA:248,0
DA:249,0
DA:256,0
DA:257,0
DA:265,0
DA:279,0
DA:280,0
DA:283,0
DA:284,0
DA:285,0
DA:287,0
DA:288,0
DA:289,0
DA:290,0
DA:291,0
DA:292,0
DA:293,0
DA:294,0
DA:295,0
DA:300,0
DA:301,0
DA:302,0
DA:303,0
DA:306,0
DA:317,0
DA:320,0
DA:332,0
DA:335,0
DA:336,0
DA:337,0
DA:341,0
DA:342,0
DA:345,0
DA:352,0
DA:364,0
DA:371,0
DA:373,0
DA:374,0
DA:375,0
DA:377,0
DA:379,0
DA:387,0
DA:388,0
DA:390,0
DA:405,0
DA:406,0
DA:408,0
DA:409,0
DA:410,0
DA:412,0
DA:413,0
DA:414,0
DA:415,0
DA:416,0
DA:418,0
DA:421,0
DA:432,0
DA:439,0
DA:446,0
DA:447,0
DA:453,0
DA:454,0
DA:458,0
DA:477,0
DA:479,0
DA:482,0
DA:488,0
DA:491,0
DA:492,0
DA:493,0
LF:112
LH:0
BRDA:125,0,0,0
BRDA:125,0,1,0
BRDA:137,1,0,0
BRDA:137,1,1,0
BRDA:148,2,0,0
BRDA:148,2,1,0
BRDA:150,3,0,0
BRDA:150,3,1,0
BRDA:154,4,0,0
BRDA:154,4,1,0
BRDA:162,5,0,0
BRDA:162,5,1,0
BRDA:186,6,0,0
BRDA:186,6,1,0
BRDA:189,7,0,0
BRDA:189,7,1,0
BRDA:214,8,0,0
BRDA:214,8,1,0
BRDA:240,9,0,0
BRDA:240,9,1,0
BRDA:248,10,0,0
BRDA:248,10,1,0
BRDA:256,11,0,0
BRDA:256,11,1,0
BRDA:284,12,0,0
BRDA:284,12,1,0
BRDA:287,13,0,0
BRDA:287,13,1,0
BRDA:290,14,0,0
BRDA:290,14,1,0
BRDA:293,15,0,0
BRDA:293,15,1,0
BRDA:301,16,0,0
BRDA:301,16,1,0
BRDA:332,17,0,0
BRDA:332,17,1,0
BRDA:336,18,0,0
BRDA:336,18,1,0
BRDA:336,19,0,0
BRDA:336,19,1,0
BRDA:341,20,0,0
BRDA:341,20,1,0
BRDA:341,21,0,0
BRDA:341,21,1,0
BRDA:341,22,0,0
BRDA:341,22,1,0
BRDA:364,23,0,0
BRDA:364,23,1,0
BRDA:373,24,0,0
BRDA:373,24,1,0
BRDA:374,25,0,0
BRDA:374,25,1,0
BRDA:387,26,0,0
BRDA:387,26,1,0
BRDA:388,27,0,0
BRDA:388,27,1,0
BRDA:390,28,0,0
BRDA:390,28,1,0
BRDA:409,29,0,0
BRDA:409,29,1,0
BRDA:410,30,0,0
BRDA:410,30,1,0
BRDA:413,31,0,0
BRDA:413,31,1,0
BRDA:413,32,0,0
BRDA:413,32,1,0
BRDA:415,33,0,0
BRDA:415,33,1,0
BRDA:422,34,0,0
BRDA:422,34,1,0
BRDA:432,35,0,0
BRDA:432,35,1,0
BRDA:453,36,0,0
BRDA:453,36,1,0
BRDA:479,37,0,0
BRDA:479,37,1,0
BRDA:480,38,0,0
BRDA:480,38,1,0
BRDA:492,39,0,0
BRDA:492,39,1,0
BRDA:493,40,0,0
BRDA:493,40,1,0
BRF:82
BRH:0
end_of_record
TN:
SF:src/services/activation/activationService.ts
FN:30,(anonymous_0)
FN:61,(anonymous_1)
FN:123,(anonymous_2)
FN:150,(anonymous_3)
FN:161,(anonymous_4)
FN:181,(anonymous_5)
FN:190,(anonymous_6)
FN:203,(anonymous_7)
FN:240,(anonymous_8)
FN:285,(anonymous_9)
FN:326,(anonymous_10)
FNF:11
FNH:0
FNDA:0,(anonymous_0)
FNDA:0,(anonymous_1)
FNDA:0,(anonymous_2)
FNDA:0,(anonymous_3)
FNDA:0,(anonymous_4)
FNDA:0,(anonymous_5)
FNDA:0,(anonymous_6)
FNDA:0,(anonymous_7)
FNDA:0,(anonymous_8)
FNDA:0,(anonymous_9)
FNDA:0,(anonymous_10)
DA:1,0
DA:2,0
DA:23,0
DA:24,0
DA:25,0
DA:31,0
DA:32,0
DA:33,0
DA:35,0
DA:36,0
DA:37,0
DA:43,0
DA:49,0
DA:50,0
DA:66,0
DA:67,0
DA:68,0
DA:70,0
DA:79,0
DA:85,0
DA:86,0
DA:95,0
DA:100,0
DA:107,0
DA:112,0
DA:113,0
DA:124,0
DA:125,0
DA:127,0
DA:128,0
DA:132,0
DA:140,0
DA:142,0
DA:143,0
DA:151,0
DA:152,0
DA:154,0
DA:162,0
DA:163,0
DA:165,0
DA:167,0
DA:168,0
DA:171,0
DA:173,0
DA:174,0
DA:182,0
DA:183,0
DA:184,0
DA:192,0
DA:214,0
DA:215,0
DA:227,0
DA:229,0
DA:230,0
DA:254,0
DA:255,0
DA:257,0
DA:272,0
DA:274,0
DA:275,0
DA:301,0
DA:302,0
DA:313,0
DA:315,0
DA:316,0
DA:355,0
DA:356,0
DA:357,0
DA:358,0
DA:359,0
DA:360,0
DA:361,0
DA:363,0
DA:367,0
DA:391,0
DA:393,0
DA:394,0
LF:77
LH:0
BRDA:35,0,0,0
BRDA:35,0,1,0
BRDA:85,1,0,0
BRDA:85,1,1,0
BRDA:109,2,0,0
BRDA:109,2,1,0
BRDA:127,3,0,0
BRDA:127,3,1,0
BRDA:127,4,0,0
BRDA:127,4,1,0
BRDA:140,5,0,0
BRDA:140,5,1,0
BRDA:165,6,0,0
BRDA:165,6,1,0
BRDA:357,7,0,0
BRDA:357,7,1,0
BRDA:358,8,0,0
BRDA:358,8,1,0
BRDA:359,9,0,0
BRDA:359,9,1,0
BRDA:360,10,0,0
BRDA:360,10,1,0
BRDA:361,11,0,0
BRDA:361,11,1,0
BRDA:363,12,0,0
BRDA:363,12,1,0
BRF:26
BRH:0
end_of_record
TN:
SF:src/services/alert/alertService.ts
FN:16,(anonymous_0)
FN:63,(anonymous_1)
FN:103,(anonymous_2)
FN:110,(anonymous_3)
FN:132,(anonymous_4)
FN:139,(anonymous_5)
FN:165,(anonymous_6)
FN:175,(anonymous_7)
FN:201,(anonymous_8)
FN:215,(anonymous_9)
FN:241,(anonymous_10)
FN:252,(anonymous_11)
FN:274,(anonymous_12)
FN:290,(anonymous_13)
FN:315,(anonymous_14)
FN:331,(anonymous_15)
FN:356,(anonymous_16)
FN:369,(anonymous_17)
FN:383,(anonymous_18)
FN:396,(anonymous_19)
FN:412,(anonymous_20)
FN:435,(anonymous_21)
FN:439,(anonymous_22)
FN:443,(anonymous_23)
FN:455,(anonymous_24)
FNF:25
FNH:0
FNDA:0,(anonymous_0)
FNDA:0,(anonymous_1)
FNDA:0,(anonymous_2)
FNDA:0,(anonymous_3)
FNDA:0,(anonymous_4)
FNDA:0,(anonymous_5)
FNDA:0,(anonymous_6)
FNDA:0,(anonymous_7)
FNDA:0,(anonymous_8)
FNDA:0,(anonymous_9)
FNDA:0,(anonymous_10)
FNDA:0,(anonymous_11)
FNDA:0,(anonymous_12)
FNDA:0,(anonymous_13)
FNDA:0,(anonymous_14)
FNDA:0,(anonymous_15)
FNDA:0,(anonymous_16)
FNDA:0,(anonymous_17)
FNDA:0,(anonymous_18)
FNDA:0,(anonymous_19)
FNDA:0,(anonymous_20)
FNDA:0,(anonymous_21)
FNDA:0,(anonymous_22)
FNDA:0,(anonymous_23)
FNDA:0,(anonymous_24)
DA:1,0
DA:2,0
DA:3,0
DA:9,0
DA:10,0
DA:11,0
DA:37,0
DA:39,0
DA:42,0
DA:43,0
DA:44,0
DA:45,0
DA:46,0
DA:51,0
DA:52,0
DA:54,0
DA:55,0
DA:56,0
DA:58,0
DA:62,0
DA:63,0
DA:77,0
DA:79,0
DA:81,0
DA:87,0
DA:93,0
DA:95,0
DA:96,0
DA:108,0
DA:109,0
DA:110,0
DA:114,0
DA:115,0
DA:116,0
DA:122,0
DA:124,0
DA:125,0
DA:137,0
DA:138,0
DA:139,0
DA:143,0
DA:145,0
DA:147,0
DA:148,0
DA:155,0
DA:157,0
DA:158,0
DA:173,0
DA:174,0
DA:175,0
DA:179,0
DA:181,0
DA:183,0
DA:184,0
DA:191,0
DA:193,0
DA:194,0
DA:213,0
DA:214,0
DA:215,0
DA:219,0
DA:221,0
DA:223,0
DA:224,0
DA:231,0
DA:233,0
DA:234,0
DA:250,0
DA:251,0
DA:252,0
DA:256,0
DA:257,0
DA:258,0
DA:264,0
DA:266,0
DA:267,0
DA:279,0
DA:280,0
DA:283,0
DA:284,0
DA:285,0
DA:286,0
DA:289,0
DA:290,0
DA:294,0
DA:296,0
DA:298,0
DA:299,0
DA:305,0
DA:307,0
DA:308,0
DA:329,0
DA:330,0
DA:331,0
DA:335,0
DA:336,0
DA:340,0
DA:346,0
DA:348,0
DA:349,0
DA:357,0
DA:363,0
DA:370,0
DA:377,0
DA:384,0
DA:390,0
DA:397,0
DA:398,0
DA:403,0
DA:405,0
DA:413,0
DA:414,0
DA:415,0
DA:417,0
DA:418,0
DA:420,0
DA:421,0
DA:422,0
DA:425,0
DA:427,0
DA:428,0
DA:436,0
DA:438,0
DA:439,0
DA:442,0
DA:443,0
DA:446,0
DA:448,0
DA:456,0
DA:457,0
DA:458,0
DA:459,0
DA:460,0
DA:461,0
DA:462,0
DA:464,0
DA:465,0
DA:466,0
DA:467,0
DA:469,0
DA:475,0
LF:141
LH:0
BRDA:39,0,0,0
BRDA:39,0,1,0
BRDA:42,1,0,0
BRDA:42,1,1,0
BRDA:44,2,0,0
BRDA:44,2,1,0
BRDA:52,3,0,0
BRDA:52,3,1,0
BRDA:55,4,0,0
BRDA:55,4,1,0
BRDA:64,5,0,0
BRDA:64,5,1,0
BRDA:65,6,0,0
BRDA:65,6,1,0
BRDA:71,7,0,0
BRDA:71,7,1,0
BRDA:72,8,0,0
BRDA:72,8,1,0
BRDA:77,9,0,0
BRDA:77,9,1,0
BRDA:77,10,0,0
BRDA:77,10,1,0
BRDA:93,11,0,0
BRDA:93,11,1,0
BRDA:96,12,0,0
BRDA:96,12,1,0
BRDA:114,13,0,0
BRDA:114,13,1,0
BRDA:114,14,0,0
BRDA:114,14,1,0
BRDA:122,15,0,0
BRDA:122,15,1,0
BRDA:125,16,0,0
BRDA:125,16,1,0
BRDA:143,17,0,0
BRDA:143,17,1,0
BRDA:143,18,0,0
BRDA:143,18,1,0
BRDA:155,19,0,0
BRDA:155,19,1,0
BRDA:158,20,0,0
BRDA:158,20,1,0
BRDA:179,21,0,0
BRDA:179,21,1,0
BRDA:179,22,0,0
BRDA:179,22,1,0
BRDA:191,23,0,0
BRDA:191,23,1,0
BRDA:194,24,0,0
BRDA:194,24,1,0
BRDA:219,25,0,0
BRDA:219,25,1,0
BRDA:219,26,0,0
BRDA:219,26,1,0
BRDA:231,27,0,0
BRDA:231,27,1,0
BRDA:234,28,0,0
BRDA:234,28,1,0
BRDA:256,29,0,0
BRDA:256,29,1,0
BRDA:256,30,0,0
BRDA:256,30,1,0
BRDA:264,31,0,0
BRDA:264,31,1,0
BRDA:267,32,0,0
BRDA:267,32,1,0
BRDA:284,33,0,0
BRDA:284,33,1,0
BRDA:294,34,0,0
BRDA:294,34,1,0
BRDA:294,35,0,0
BRDA:294,35,1,0
BRDA:305,36,0,0
BRDA:305,36,1,0
BRDA:308,37,0,0
BRDA:308,37,1,0
BRDA:335,38,0,0
BRDA:335,38,1,0
BRDA:335,39,0,0
BRDA:335,39,1,0
BRDA:346,40,0,0
BRDA:346,40,1,0
BRDA:349,41,0,0
BRDA:349,41,1,0
BRDA:363,42,0,0
BRDA:363,42,1,0
BRDA:377,43,0,0
BRDA:377,43,1,0
BRDA:390,44,0,0
BRDA:390,44,1,0
BRDA:401,45,0,0
BRDA:401,45,1,0
BRDA:415,46,0,0
BRDA:415,46,1,0
BRDA:420,47,0,0
BRDA:420,47,1,0
BRDA:464,48,0,0
BRDA:464,48,1,0
BRDA:465,49,0,0
BRDA:465,49,1,0
BRDA:466,50,0,0
BRDA:466,50,1,0
BRDA:467,51,0,0
BRDA:467,51,1,0
BRF:104
BRH:0
end_of_record
TN:
SF:src/services/api/alertApiClient.ts
FN:63,(anonymous_0)
FN:115,(anonymous_1)
FN:134,(anonymous_2)
FN:154,(anonymous_3)
FN:177,(anonymous_4)
FN:208,(anonymous_5)
FN:238,(anonymous_6)
FN:257,(anonymous_7)
FN:285,(anonymous_8)
FN:304,(anonymous_9)
FNF:10
FNH:0
FNDA:0,(anonymous_0)
FNDA:0,(anonymous_1)
FNDA:0,(anonymous_2)
FNDA:0,(anonymous_3)
FNDA:0,(anonymous_4)
FNDA:0,(anonymous_5)
FNDA:0,(anonymous_6)
FNDA:0,(anonymous_7)
FNDA:0,(anonymous_8)
FNDA:0,(anonymous_9)
DA:1,0
DA:57,0
DA:58,0
DA:79,0
DA:80,0
DA:82,0
DA:83,0
DA:84,0
DA:85,0
DA:86,0
DA:87,0
DA:88,0
DA:89,0
DA:90,0
DA:91,0
DA:93,0
DA:97,0
DA:104,0
DA:105,0
DA:107,0
DA:108,0
DA:116,0
DA:117,0
DA:119,0
DA:123,0
DA:124,0
DA:126,0
DA:127,0
DA:135,0
DA:136,0
DA:138,0
DA:143,0
DA:144,0
DA:146,0
DA:147,0
DA:158,0
DA:159,0
DA:161,0
DA:166,0
DA:167,0
DA:169,0
DA:170,0
DA:185,0
DA:186,0
DA:188,0
DA:197,0
DA:198,0
DA:200,0
DA:201,0
DA:213,0
DA:214,0
DA:216,0
DA:217,0
DA:218,0
DA:219,0
DA:221,0
DA:225,0
DA:227,0
DA:228,0
DA:230,0
DA:231,0
DA:239,0
DA:240,0
DA:242,0
DA:246,0
DA:247,0
DA:249,0
DA:250,0
DA:266,0
DA:267,0
DA:269,0
DA:274,0
DA:275,0
DA:277,0
DA:278,0
DA:286,0
DA:287,0
DA:289,0
DA:293,0
DA:294,0
DA:296,0
DA:297,0
DA:314,0
DA:315,0
DA:317,0
DA:318,0
DA:319,0
DA:320,0
DA:321,0
DA:323,0
DA:327,0
DA:334,0
DA:335,0
DA:337,0
DA:338,0
DA:344,0
LF:96
LH:0
BRDA:83,0,0,0
BRDA:83,0,1,0
BRDA:84,1,0,0
BRDA:84,1,1,0
BRDA:85,2,0,0
BRDA:85,2,1,0
BRDA:86,3,0,0
BRDA:86,3,1,0
BRDA:87,4,0,0
BRDA:87,4,1,0
BRDA:88,5,0,0
BRDA:88,5,1,0
BRDA:89,6,0,0
BRDA:89,6,1,0
BRDA:90,7,0,0
BRDA:90,7,1,0
BRDA:91,8,0,0
BRDA:91,8,1,0
BRDA:93,9,0,0
BRDA:93,9,1,0
BRDA:217,10,0,0
BRDA:217,10,1,0
BRDA:218,11,0,0
BRDA:218,11,1,0
BRDA:219,12,0,0
BRDA:219,12,1,0
BRDA:221,13,0,0
BRDA:221,13,1,0
BRDA:318,14,0,0
BRDA:318,14,1,0
BRDA:319,15,0,0
BRDA:319,15,1,0
BRDA:320,16,0,0
BRDA:320,16,1,0
BRDA:321,17,0,0
BRDA:321,17,1,0
BRDA:323,18,0,0
BRDA:323,18,1,0
BRF:38
BRH:0
end_of_record
TN:
SF:src/services/api/apiClient.ts
FN:9,(anonymous_1)
FN:22,(anonymous_2)
FN:25,(anonymous_3)
FN:39,(anonymous_4)
FN:44,(anonymous_5)
FN:45,(anonymous_6)
FN:81,(anonymous_7)
FN:91,(anonymous_8)
FN:104,(anonymous_9)
FN:109,(anonymous_10)
FN:114,(anonymous_11)
FN:119,(anonymous_12)
FNF:12
FNH:0
FNDA:0,(anonymous_1)
FNDA:0,(anonymous_2)
FNDA:0,(anonymous_3)
FNDA:0,(anonymous_4)
FNDA:0,(anonymous_5)
FNDA:0,(anonymous_6)
FNDA:0,(anonymous_7)
FNDA:0,(anonymous_8)
FNDA:0,(anonymous_9)
FNDA:0,(anonymous_10)
FNDA:0,(anonymous_11)
FNDA:0,(anonymous_12)
DA:1,0
DA:2,0
DA:3,0
DA:4,0
DA:10,0
DA:19,0
DA:24,0
DA:27,0
DA:28,0
DA:29,0
DA:32,0
DA:33,0
DA:34,0
DA:37,0
DA:39,0
DA:43,0
DA:44,0
DA:46,0
DA:48,0
DA:49,0
DA:51,0
DA:53,0
DA:54,0
DA:55,0
DA:56,0
DA:58,0
DA:59,0
DA:62,0
DA:63,0
DA:67,0
DA:71,0
DA:73,0
DA:75,0
DA:82,0
DA:83,0
DA:87,0
DA:92,0
DA:105,0
DA:106,0
DA:110,0
DA:111,0
DA:115,0
DA:116,0
DA:120,0
DA:121,0
DA:125,0
LF:46
LH:0
BRDA:28,0,0,0
BRDA:28,0,1,0
BRDA:33,1,0,0
BRDA:33,1,1,0
BRDA:48,2,0,0
BRDA:48,2,1,0
BRDA:48,3,0,0
BRDA:48,3,1,0
BRDA:54,4,0,0
BRDA:54,4,1,0
BRDA:56,5,0,0
BRDA:56,5,1,0
BRDA:56,6,0,0
BRDA:56,6,1,0
BRDA:82,7,0,0
BRDA:82,7,1,0
BRF:16
BRH:0
end_of_record
TN:
SF:src/services/api/processingApiClient.ts
FN:116,(anonymous_0)
FN:132,(anonymous_1)
FN:157,(anonymous_2)
FN:164,(anonymous_3)
FN:171,(anonymous_4)
FN:180,(anonymous_5)
FN:191,(anonymous_6)
FN:203,(anonymous_7)
FN:214,(anonymous_8)
FN:231,(anonymous_9)
FN:248,(anonymous_10)
FN:275,(anonymous_11)
FN:282,(anonymous_12)
FN:289,(anonymous_13)
FN:313,(anonymous_14)
FN:338,(anonymous_15)
FN:368,(anonymous_16)
FN:399,(anonymous_17)
FN:411,(anonymous_18)
FN:432,(anonymous_19)
FN:450,(anonymous_20)
FN:479,(anonymous_21)
FN:505,(anonymous_22)
FN:530,(anonymous_23)
FN:554,(anonymous_24)
FN:579,(anonymous_25)
FN:609,(anonymous_26)
FN:638,(anonymous_27)
FN:645,(anonymous_28)
FN:655,(anonymous_29)
FN:683,(anonymous_30)
FN:699,(anonymous_31)
FN:707,(anonymous_32)
FNF:33
FNH:0
FNDA:0,(anonymous_0)
FNDA:0,(anonymous_1)
FNDA:0,(anonymous_2)
FNDA:0,(anonymous_3)
FNDA:0,(anonymous_4)
FNDA:0,(anonymous_5)
FNDA:0,(anonymous_6)
FNDA:0,(anonymous_7)
FNDA:0,(anonymous_8)
FNDA:0,(anonymous_9)
FNDA:0,(anonymous_10)
FNDA:0,(anonymous_11)
FNDA:0,(anonymous_12)
FNDA:0,(anonymous_13)
FNDA:0,(anonymous_14)
FNDA:0,(anonymous_15)
FNDA:0,(anonymous_16)
FNDA:0,(anonymous_17)
FNDA:0,(anonymous_18)
FNDA:0,(anonymous_19)
FNDA:0,(anonymous_20)
FNDA:0,(anonymous_21)
FNDA:0,(anonymous_22)
FNDA:0,(anonymous_23)
FNDA:0,(anonymous_24)
FNDA:0,(anonymous_25)
FNDA:0,(anonymous_26)
FNDA:0,(anonymous_27)
FNDA:0,(anonymous_28)
FNDA:0,(anonymous_29)
FNDA:0,(anonymous_30)
FNDA:0,(anonymous_31)
FNDA:0,(anonymous_32)
DA:1,0
DA:109,0
DA:126,0
DA:141,0
DA:142,0
DA:143,0
DA:144,0
DA:145,0
DA:146,0
DA:147,0
DA:148,0
DA:150,0
DA:151,0
DA:158,0
DA:165,0
DA:172,0
DA:185,0
DA:197,0
DA:208,0
DA:223,0
DA:242,0
DA:258,0
DA:259,0
DA:260,0
DA:261,0
DA:262,0
DA:263,0
DA:264,0
DA:265,0
DA:266,0
DA:268,0
DA:269,0
DA:276,0
DA:283,0
DA:301,0
DA:302,0
DA:303,0
DA:304,0
DA:306,0
DA:307,0
DA:325,0
DA:326,0
DA:327,0
DA:329,0
DA:330,0
DA:356,0
DA:357,0
DA:358,0
DA:359,0
DA:361,0
DA:362,0
DA:386,0
DA:387,0
DA:388,0
DA:389,0
DA:390,0
DA:392,0
DA:393,0
DA:405,0
DA:418,0
DA:419,0
DA:420,0
DA:421,0
DA:422,0
DA:423,0
DA:425,0
DA:426,0
DA:442,0
DA:473,0
DA:498,0
DA:499,0
DA:524,0
DA:548,0
DA:573,0
DA:596,0
DA:597,0
DA:598,0
DA:600,0
DA:601,0
DA:620,0
DA:621,0
DA:622,0
DA:623,0
DA:624,0
DA:625,0
DA:626,0
DA:627,0
DA:628,0
DA:629,0
DA:631,0
DA:632,0
DA:639,0
DA:649,0
DA:671,0
DA:672,0
DA:673,0
DA:674,0
DA:676,0
DA:677,0
DA:691,0
DA:705,0
DA:707,0
DA:708,0
DA:711,0
DA:713,0
DA:721,0
LF:106
LH:0
BRDA:142,0,0,0
BRDA:142,0,1,0
BRDA:143,1,0,0
BRDA:143,1,1,0
BRDA:144,2,0,0
BRDA:144,2,1,0
BRDA:145,3,0,0
BRDA:145,3,1,0
BRDA:146,4,0,0
BRDA:146,4,1,0
BRDA:147,5,0,0
BRDA:147,5,1,0
BRDA:148,6,0,0
BRDA:148,6,1,0
BRDA:150,7,0,0
BRDA:150,7,1,0
BRDA:185,8,0,0
BRDA:185,8,1,0
BRDA:208,9,0,0
BRDA:208,9,1,0
BRDA:259,10,0,0
BRDA:259,10,1,0
BRDA:260,11,0,0
BRDA:260,11,1,0
BRDA:261,12,0,0
BRDA:261,12,1,0
BRDA:262,13,0,0
BRDA:262,13,1,0
BRDA:263,14,0,0
BRDA:263,14,1,0
BRDA:264,15,0,0
BRDA:264,15,1,0
BRDA:265,16,0,0
BRDA:265,16,1,0
BRDA:266,17,0,0
BRDA:266,17,1,0
BRDA:268,18,0,0
BRDA:268,18,1,0
BRDA:302,19,0,0
BRDA:302,19,1,0
BRDA:303,20,0,0
BRDA:303,20,1,0
BRDA:304,21,0,0
BRDA:304,21,1,0
BRDA:306,22,0,0
BRDA:306,22,1,0
BRDA:326,23,0,0
BRDA:326,23,1,0
BRDA:327,24,0,0
BRDA:327,24,1,0
BRDA:329,25,0,0
BRDA:329,25,1,0
BRDA:357,26,0,0
BRDA:357,26,1,0
BRDA:358,27,0,0
BRDA:358,27,1,0
BRDA:359,28,0,0
BRDA:359,28,1,0
BRDA:361,29,0,0
BRDA:361,29,1,0
BRDA:387,30,0,0
BRDA:387,30,1,0
BRDA:388,31,0,0
BRDA:388,31,1,0
BRDA:389,32,0,0
BRDA:389,32,1,0
BRDA:390,33,0,0
BRDA:390,33,1,0
BRDA:392,34,0,0
BRDA:392,34,1,0
BRDA:419,35,0,0
BRDA:419,35,1,0
BRDA:420,36,0,0
BRDA:420,36,1,0
BRDA:421,37,0,0
BRDA:421,37,1,0
BRDA:422,38,0,0
BRDA:422,38,1,0
BRDA:423,39,0,0
BRDA:423,39,1,0
BRDA:425,40,0,0
BRDA:425,40,1,0
BRDA:498,41,0,0
BRDA:498,41,1,0
BRDA:597,42,0,0
BRDA:597,42,1,0
BRDA:598,43,0,0
BRDA:598,43,1,0
BRDA:600,44,0,0
BRDA:600,44,1,0
BRDA:621,45,0,0
BRDA:621,45,1,0
BRDA:622,46,0,0
BRDA:622,46,1,0
BRDA:623,47,0,0
BRDA:623,47,1,0
BRDA:624,48,0,0
BRDA:624,48,1,0
BRDA:625,49,0,0
BRDA:625,49,1,0
BRDA:626,50,0,0
BRDA:626,50,1,0
BRDA:627,51,0,0
BRDA:627,51,1,0
BRDA:628,52,0,0
BRDA:628,52,1,0
BRDA:629,53,0,0
BRDA:629,53,1,0
BRDA:631,54,0,0
BRDA:631,54,1,0
BRDA:672,55,0,0
BRDA:672,55,1,0
BRDA:673,56,0,0
BRDA:673,56,1,0
BRDA:674,57,0,0
BRDA:674,57,1,0
BRDA:676,58,0,0
BRDA:676,58,1,0
BRF:118
BRH:0
end_of_record
TN:
SF:src/services/api/reportApiClient.ts
FN:80,(anonymous_0)
FN:116,(anonymous_1)
FN:142,(anonymous_2)
FN:162,(anonymous_3)
FN:182,(anonymous_4)
FN:209,(anonymous_5)
FN:255,(anonymous_6)
FN:278,(anonymous_7)
FN:297,(anonymous_8)
FN:344,(anonymous_9)
FNF:10
FNH:0
FNDA:0,(anonymous_0)
FNDA:0,(anonymous_1)
FNDA:0,(anonymous_2)
FNDA:0,(anonymous_3)
FNDA:0,(anonymous_4)
FNDA:0,(anonymous_5)
FNDA:0,(anonymous_6)
FNDA:0,(anonymous_7)
FNDA:0,(anonymous_8)
FNDA:0,(anonymous_9)
DA:1,0
DA:74,0
DA:75,0
DA:88,0
DA:89,0
DA:91,0
DA:92,0
DA:93,0
DA:94,0
DA:96,0
DA:100,0
DA:105,0
DA:106,0
DA:108,0
DA:109,0
DA:123,0
DA:124,0
DA:126,0
DA:131,0
DA:132,0
DA:134,0
DA:135,0
DA:143,0
DA:144,0
DA:146,0
DA:151,0
DA:152,0
DA:154,0
DA:155,0
DA:163,0
DA:164,0
DA:166,0
DA:171,0
DA:172,0
DA:174,0
DA:175,0
DA:188,0
DA:189,0
DA:191,0
DA:198,0
DA:199,0
DA:201,0
DA:202,0
DA:222,0
DA:223,0
DA:225,0
DA:226,0
DA:227,0
DA:228,0
DA:229,0
DA:230,0
DA:231,0
DA:233,0
DA:237,0
DA:244,0
DA:245,0
DA:247,0
DA:248,0
DA:259,0
DA:260,0
DA:262,0
DA:267,0
DA:268,0
DA:270,0
DA:271,0
DA:279,0
DA:280,0
DA:282,0
DA:286,0
DA:287,0
DA:289,0
DA:290,0
DA:313,0
DA:314,0
DA:316,0
DA:333,0
DA:334,0
DA:336,0
DA:337,0
DA:350,0
DA:351,0
DA:353,0
DA:360,0
DA:361,0
DA:363,0
DA:364,0
DA:370,0
LF:87
LH:0
BRDA:92,0,0,0
BRDA:92,0,1,0
BRDA:93,1,0,0
BRDA:93,1,1,0
BRDA:94,2,0,0
BRDA:94,2,1,0
BRDA:96,3,0,0
BRDA:96,3,1,0
BRDA:226,4,0,0
BRDA:226,4,1,0
BRDA:227,5,0,0
BRDA:227,5,1,0
BRDA:228,6,0,0
BRDA:228,6,1,0
BRDA:229,7,0,0
BRDA:229,7,1,0
BRDA:230,8,0,0
BRDA:230,8,1,0
BRDA:231,9,0,0
BRDA:231,9,1,0
BRDA:233,10,0,0
BRDA:233,10,1,0
BRF:22
BRH:0
end_of_record
TN:
SF:src/services/api/systemApiClient.ts
FN:150,(anonymous_0)
FN:169,(anonymous_1)
FN:188,(anonymous_2)
FN:207,(anonymous_3)
FN:255,(anonymous_4)
FN:280,(anonymous_5)
FN:328,(anonymous_6)
FN:354,(anonymous_7)
FN:385,(anonymous_8)
FN:432,(anonymous_9)
FNF:10
FNH:0
FNDA:0,(anonymous_0)
FNDA:0,(anonymous_1)
FNDA:0,(anonymous_2)
FNDA:0,(anonymous_3)
FNDA:0,(anonymous_4)
FNDA:0,(anonymous_5)
FNDA:0,(anonymous_6)
FNDA:0,(anonymous_7)
FNDA:0,(anonymous_8)
FNDA:0,(anonymous_9)
DA:1,0
DA:144,0
DA:145,0
DA:151,0
DA:152,0
DA:154,0
DA:158,0
DA:159,0
DA:161,0
DA:162,0
DA:170,0
DA:171,0
DA:173,0
DA:177,0
DA:178,0
DA:180,0
DA:181,0
DA:189,0
DA:190,0
DA:192,0
DA:196,0
DA:197,0
DA:199,0
DA:200,0
DA:221,0
DA:222,0
DA:224,0
DA:225,0
DA:226,0
DA:227,0
DA:228,0
DA:229,0
DA:230,0
DA:231,0
DA:233,0
DA:237,0
DA:244,0
DA:245,0
DA:247,0
DA:248,0
DA:261,0
DA:262,0
DA:264,0
DA:269,0
DA:270,0
DA:272,0
DA:273,0
DA:294,0
DA:295,0
DA:297,0
DA:298,0
DA:299,0
DA:300,0
DA:301,0
DA:302,0
DA:303,0
DA:304,0
DA:306,0
DA:310,0
DA:317,0
DA:318,0
DA:320,0
DA:321,0
DA:335,0
DA:336,0
DA:338,0
DA:343,0
DA:344,0
DA:346,0
DA:347,0
DA:362,0
DA:363,0
DA:365,0
DA:374,0
DA:375,0
DA:377,0
DA:378,0
DA:401,0
DA:402,0
DA:404,0
DA:421,0
DA:422,0
DA:424,0
DA:425,0
DA:446,0
DA:447,0
DA:449,0
DA:450,0
DA:451,0
DA:452,0
DA:454,0
DA:458,0
DA:469,0
DA:470,0
DA:472,0
DA:473,0
DA:479,0
LF:97
LH:0
BRDA:225,0,0,0
BRDA:225,0,1,0
BRDA:226,1,0,0
BRDA:226,1,1,0
BRDA:227,2,0,0
BRDA:227,2,1,0
BRDA:228,3,0,0
BRDA:228,3,1,0
BRDA:229,4,0,0
BRDA:229,4,1,0
BRDA:230,5,0,0
BRDA:230,5,1,0
BRDA:231,6,0,0
BRDA:231,6,1,0
BRDA:233,7,0,0
BRDA:233,7,1,0
BRDA:298,8,0,0
BRDA:298,8,1,0
BRDA:299,9,0,0
BRDA:299,9,1,0
BRDA:300,10,0,0
BRDA:300,10,1,0
BRDA:301,11,0,0
BRDA:301,11,1,0
BRDA:302,12,0,0
BRDA:302,12,1,0
BRDA:303,13,0,0
BRDA:303,13,1,0
BRDA:304,14,0,0
BRDA:304,14,1,0
BRDA:306,15,0,0
BRDA:306,15,1,0
BRDA:341,16,0,0
BRDA:341,16,1,0
BRDA:450,17,0,0
BRDA:450,17,1,0
BRDA:451,18,0,0
BRDA:451,18,1,0
BRDA:452,19,0,0
BRDA:452,19,1,0
BRDA:454,20,0,0
BRDA:454,20,1,0
BRF:42
BRH:0
end_of_record
TN:
SF:src/services/api/userApiClient.ts
FN:74,(anonymous_0)
FN:101,(anonymous_1)
FN:118,(anonymous_2)
FN:135,(anonymous_3)
FN:155,(anonymous_4)
FN:175,(anonymous_5)
FN:195,(anonymous_6)
FN:218,(anonymous_7)
FN:237,(anonymous_8)
FN:257,(anonymous_9)
FN:296,(anonymous_10)
FNF:11
FNH:0
FNDA:0,(anonymous_0)
FNDA:0,(anonymous_1)
FNDA:0,(anonymous_2)
FNDA:0,(anonymous_3)
FNDA:0,(anonymous_4)
FNDA:0,(anonymous_5)
FNDA:0,(anonymous_6)
FNDA:0,(anonymous_7)
FNDA:0,(anonymous_8)
FNDA:0,(anonymous_9)
FNDA:0,(anonymous_10)
DA:1,0
DA:70,0
DA:75,0
DA:76,0
DA:78,0
DA:79,0
DA:80,0
DA:81,0
DA:82,0
DA:83,0
DA:84,0
DA:85,0
DA:87,0
DA:88,0
DA:90,0
DA:91,0
DA:93,0
DA:94,0
DA:102,0
DA:103,0
DA:105,0
DA:107,0
DA:108,0
DA:110,0
DA:111,0
DA:119,0
DA:120,0
DA:122,0
DA:124,0
DA:125,0
DA:127,0
DA:128,0
DA:136,0
DA:137,0
DA:139,0
DA:144,0
DA:145,0
DA:147,0
DA:148,0
DA:156,0
DA:157,0
DA:159,0
DA:164,0
DA:165,0
DA:167,0
DA:168,0
DA:176,0
DA:177,0
DA:179,0
DA:184,0
DA:185,0
DA:187,0
DA:188,0
DA:196,0
DA:197,0
DA:199,0
DA:200,0
DA:201,0
DA:202,0
DA:204,0
DA:205,0
DA:207,0
DA:208,0
DA:210,0
DA:211,0
DA:219,0
DA:220,0
DA:222,0
DA:226,0
DA:227,0
DA:229,0
DA:230,0
DA:238,0
DA:239,0
DA:241,0
DA:246,0
DA:247,0
DA:249,0
DA:250,0
DA:269,0
DA:270,0
DA:272,0
DA:285,0
DA:286,0
DA:288,0
DA:289,0
DA:297,0
DA:298,0
DA:300,0
DA:305,0
DA:306,0
DA:308,0
DA:309,0
LF:93
LH:0
BRDA:74,0,0,0
BRDA:79,1,0,0
BRDA:79,1,1,0
BRDA:80,2,0,0
BRDA:80,2,1,0
BRDA:81,3,0,0
BRDA:81,3,1,0
BRDA:82,4,0,0
BRDA:82,4,1,0
BRDA:83,5,0,0
BRDA:83,5,1,0
BRDA:84,6,0,0
BRDA:84,6,1,0
BRDA:85,7,0,0
BRDA:85,7,1,0
BRDA:87,8,0,0
BRDA:87,8,1,0
BRDA:195,9,0,0
BRDA:200,10,0,0
BRDA:200,10,1,0
BRDA:201,11,0,0
BRDA:201,11,1,0
BRDA:202,12,0,0
BRDA:202,12,1,0
BRDA:204,13,0,0
BRDA:204,13,1,0
BRF:26
BRH:0
end_of_record
TN:
SF:src/services/app/appStartupManager.ts
FN:17,(anonymous_0)
FN:74,(anonymous_1)
FN:105,(anonymous_2)
FN:128,(anonymous_3)
FN:154,(anonymous_4)
FN:179,(anonymous_5)
FN:212,(anonymous_6)
FN:228,(anonymous_7)
FNF:8
FNH:0
FNDA:0,(anonymous_0)
FNDA:0,(anonymous_1)
FNDA:0,(anonymous_2)
FNDA:0,(anonymous_3)
FNDA:0,(anonymous_4)
FNDA:0,(anonymous_5)
FNDA:0,(anonymous_6)
FNDA:0,(anonymous_7)
DA:1,0
DA:2,0
DA:11,0
DA:12,0
DA:18,0
DA:19,0
DA:22,0
DA:23,0
DA:25,0
DA:26,0
DA:34,0
DA:35,0
DA:37,0
DA:38,0
DA:40,0
DA:41,0
DA:49,0
DA:52,0
DA:54,0
DA:55,0
DA:62,0
DA:63,0
DA:75,0
DA:76,0
DA:79,0
DA:82,0
DA:84,0
DA:85,0
DA:92,0
DA:93,0
DA:106,0
DA:107,0
DA:110,0
DA:113,0
DA:116,0
DA:118,0
DA:120,0
DA:121,0
DA:129,0
DA:131,0
DA:145,0
DA:147,0
DA:155,0
DA:157,0
DA:159,0
DA:160,0
DA:161,0
DA:162,0
DA:163,0
DA:166,0
DA:167,0
DA:172,0
DA:180,0
DA:181,0
DA:183,0
DA:184,0
DA:202,0
DA:205,0
DA:213,0
DA:214,0
DA:215,0
DA:218,0
DA:220,0
DA:221,0
DA:229,0
DA:230,0
DA:233,0
DA:236,0
DA:239,0
DA:241,0
DA:243,0
LF:71
LH:0
BRDA:25,0,0,0
BRDA:25,0,1,0
BRDA:37,1,0,0
BRDA:37,1,1,0
BRDA:161,2,0,0
BRDA:161,2,1,0
BRDA:166,3,0,0
BRDA:166,3,1,0
BRDA:166,4,0,0
BRDA:166,4,1,0
BRDA:183,5,0,0
BRDA:183,5,1,0
BRDA:218,6,0,0
BRDA:218,6,1,0
BRF:14
BRH:0
end_of_record
TN:
SF:src/services/auth/authActivationIntegration.ts
FN:15,(anonymous_0)
FN:54,(anonymous_1)
FN:84,(anonymous_2)
FN:105,(anonymous_3)
FN:130,(anonymous_4)
FN:148,(anonymous_5)
FN:160,(anonymous_6)
FN:168,(anonymous_7)
FN:176,(anonymous_8)
FN:186,(anonymous_9)
FN:197,(anonymous_10)
FNF:11
FNH:0
FNDA:0,(anonymous_0)
FNDA:0,(anonymous_1)
FNDA:0,(anonymous_2)
FNDA:0,(anonymous_3)
FNDA:0,(anonymous_4)
FNDA:0,(anonymous_5)
FNDA:0,(anonymous_6)
FNDA:0,(anonymous_7)
FNDA:0,(anonymous_8)
FNDA:0,(anonymous_9)
FNDA:0,(anonymous_10)
DA:1,0
DA:2,0
DA:3,0
DA:10,0
DA:16,0
DA:18,0
DA:20,0
DA:21,0
DA:25,0
DA:34,0
DA:40,0
DA:41,0
DA:44,0
DA:46,0
DA:47,0
DA:55,0
DA:57,0
DA:58,0
DA:59,0
DA:63,0
DA:64,0
DA:65,0
DA:69,0
DA:70,0
DA:74,0
DA:76,0
DA:77,0
DA:85,0
DA:86,0
DA:91,0
DA:97,0
DA:98,0
DA:106,0
DA:108,0
DA:109,0
DA:110,0
DA:114,0
DA:120,0
DA:122,0
DA:123,0
DA:131,0
DA:133,0
DA:136,0
DA:138,0
DA:140,0
DA:150,0
DA:151,0
DA:154,0
DA:162,0
DA:170,0
DA:177,0
DA:187,0
DA:204,0
DA:210,0
DA:217,0
DA:225,0
DA:226,0
LF:57
LH:0
BRDA:20,0,0,0
BRDA:20,0,1,0
BRDA:40,1,0,0
BRDA:40,1,1,0
BRDA:40,2,0,0
BRDA:40,2,1,0
BRDA:58,3,0,0
BRDA:58,3,1,0
BRDA:64,4,0,0
BRDA:64,4,1,0
BRDA:64,5,0,0
BRDA:64,5,1,0
BRDA:69,6,0,0
BRDA:69,6,1,0
BRDA:92,7,0,0
BRDA:92,7,1,0
BRDA:92,7,2,0
BRDA:109,8,0,0
BRDA:109,8,1,0
BRF:19
BRH:0
end_of_record
TN:
SF:src/services/deepseek/deepseekService.ts
FN:96,(anonymous_0)
FN:174,(anonymous_1)
FN:182,(anonymous_2)
FNF:3
FNH:0
FNDA:0,(anonymous_0)
FNDA:0,(anonymous_1)
FNDA:0,(anonymous_2)
DA:6,0
DA:92,0
DA:97,0
DA:98,0
DA:101,0
DA:112,0
DA:114,0
DA:144,0
DA:145,0
DA:147,0
DA:151,0
DA:152,0
DA:175,0
DA:176,0
DA:181,0
DA:182,0
DA:202,0
DA:204,0
DA:205,0
LF:19
LH:0
BRDA:112,0,0,0
BRDA:112,0,1,0
BRDA:112,1,0,0
BRDA:112,1,1,0
BRDA:120,2,0,0
BRDA:120,2,1,0
BRDA:122,3,0,0
BRDA:122,3,1,0
BRDA:128,4,0,0
BRDA:128,4,1,0
BRDA:131,5,0,0
BRDA:131,5,1,0
BRDA:133,6,0,0
BRDA:133,6,1,0
BRDA:137,7,0,0
BRDA:137,7,1,0
BRDA:140,8,0,0
BRDA:140,8,1,0
BRDA:181,9,0,0
BRDA:181,9,1,0
BRDA:181,10,0,0
BRDA:181,10,1,0
BRDA:187,11,0,0
BRDA:187,11,1,0
BRDA:194,12,0,0
BRDA:194,12,1,0
BRDA:196,13,0,0
BRDA:196,13,1,0
BRDA:197,14,0,0
BRDA:197,14,1,0
BRF:30
BRH:0
end_of_record
TN:
SF:src/services/report/reportService.ts
FN:20,(anonymous_9)
FN:35,(anonymous_10)
FN:73,(anonymous_11)
FN:106,(anonymous_12)
FN:113,(anonymous_13)
FN:142,(anonymous_14)
FN:197,(anonymous_15)
FN:229,(anonymous_16)
FN:271,(anonymous_17)
FN:306,(anonymous_18)
FN:317,(anonymous_19)
FN:344,(anonymous_20)
FN:374,(anonymous_21)
FN:404,(anonymous_22)
FN:431,(anonymous_23)
FN:466,(anonymous_24)
FN:480,(anonymous_25)
FN:506,(anonymous_26)
FN:522,(anonymous_27)
FN:535,(anonymous_28)
FN:553,(anonymous_29)
FN:569,(anonymous_30)
FN:592,(anonymous_31)
FN:596,(anonymous_32)
FN:600,(anonymous_33)
FNF:25
FNH:0
FNDA:0,(anonymous_9)
FNDA:0,(anonymous_10)
FNDA:0,(anonymous_11)
FNDA:0,(anonymous_12)
FNDA:0,(anonymous_13)
FNDA:0,(anonymous_14)
FNDA:0,(anonymous_15)
FNDA:0,(anonymous_16)
FNDA:0,(anonymous_17)
FNDA:0,(anonymous_18)
FNDA:0,(anonymous_19)
FNDA:0,(anonymous_20)
FNDA:0,(anonymous_21)
FNDA:0,(anonymous_22)
FNDA:0,(anonymous_23)
FNDA:0,(anonymous_24)
FNDA:0,(anonymous_25)
FNDA:0,(anonymous_26)
FNDA:0,(anonymous_27)
FNDA:0,(anonymous_28)
FNDA:0,(anonymous_29)
FNDA:0,(anonymous_30)
FNDA:0,(anonymous_31)
FNDA:0,(anonymous_32)
FNDA:0,(anonymous_33)
DA:1,0
DA:2,0
DA:3,0
DA:4,0
DA:5,0
DA:12,0
DA:13,0
DA:14,0
DA:15,0
DA:21,0
DA:22,0
DA:23,0
DA:24,0
DA:25,0
DA:28,0
DA:47,0
DA:49,0
DA:52,0
DA:53,0
DA:54,0
DA:55,0
DA:56,0
DA:61,0
DA:62,0
DA:64,0
DA:65,0
DA:66,0
DA:68,0
DA:72,0
DA:73,0
DA:81,0
DA:83,0
DA:85,0
DA:90,0
DA:96,0
DA:98,0
DA:99,0
DA:111,0
DA:112,0
DA:113,0
DA:119,0
DA:120,0
DA:123,0
DA:125,0
DA:132,0
DA:134,0
DA:135,0
DA:147,0
DA:149,0
DA:152,0
DA:154,0
DA:155,0
DA:158,0
DA:159,0
DA:161,0
DA:164,0
DA:174,0
DA:175,0
DA:178,0
DA:180,0
DA:186,0
DA:187,0
DA:201,0
DA:202,0
DA:203,0
DA:204,0
DA:207,0
DA:212,0
DA:213,0
DA:218,0
DA:219,0
DA:245,0
DA:247,0
DA:250,0
DA:251,0
DA:252,0
DA:253,0
DA:254,0
DA:259,0
DA:260,0
DA:262,0
DA:263,0
DA:264,0
DA:266,0
DA:270,0
DA:271,0
DA:280,0
DA:282,0
DA:284,0
DA:290,0
DA:296,0
DA:298,0
DA:299,0
DA:315,0
DA:316,0
DA:317,0
DA:321,0
DA:322,0
DA:328,0
DA:334,0
DA:336,0
DA:337,0
DA:363,0
DA:364,0
DA:367,0
DA:368,0
DA:369,0
DA:370,0
DA:373,0
DA:374,0
DA:378,0
DA:380,0
DA:382,0
DA:388,0
DA:394,0
DA:396,0
DA:397,0
DA:408,0
DA:409,0
DA:410,0
DA:411,0
DA:412,0
DA:415,0
DA:420,0
DA:421,0
DA:442,0
DA:443,0
DA:445,0
DA:446,0
DA:448,0
DA:449,0
DA:450,0
DA:452,0
DA:453,0
DA:463,0
DA:464,0
DA:466,0
DA:469,0
DA:470,0
DA:486,0
DA:500,0
DA:511,0
DA:516,0
DA:523,0
DA:525,0
DA:526,0
DA:527,0
DA:529,0
DA:536,0
DA:537,0
DA:538,0
DA:546,0
DA:554,0
DA:555,0
DA:560,0
DA:562,0
DA:570,0
DA:571,0
DA:572,0
DA:574,0
DA:575,0
DA:577,0
DA:578,0
DA:579,0
DA:582,0
DA:584,0
DA:585,0
DA:593,0
DA:595,0
DA:596,0
DA:599,0
DA:600,0
DA:603,0
DA:605,0
LF:174
LH:0
BRDA:23,0,0,0
BRDA:23,0,1,0
BRDA:49,1,0,0
BRDA:49,1,1,0
BRDA:52,2,0,0
BRDA:52,2,1,0
BRDA:54,3,0,0
BRDA:54,3,1,0
BRDA:62,4,0,0
BRDA:62,4,1,0
BRDA:65,5,0,0
BRDA:65,5,1,0
BRDA:81,6,0,0
BRDA:81,6,1,0
BRDA:81,7,0,0
BRDA:81,7,1,0
BRDA:96,8,0,0
BRDA:96,8,1,0
BRDA:99,9,0,0
BRDA:99,9,1,0
BRDA:113,10,0,0
BRDA:113,10,1,0
BRDA:119,11,0,0
BRDA:119,11,1,0
BRDA:119,12,0,0
BRDA:119,12,1,0
BRDA:132,13,0,0
BRDA:132,13,1,0
BRDA:135,14,0,0
BRDA:135,14,1,0
BRDA:154,15,0,0
BRDA:154,15,1,0
BRDA:154,16,0,0
BRDA:154,16,1,0
BRDA:155,17,0,0
BRDA:155,17,1,0
BRDA:174,18,0,0
BRDA:174,18,1,0
BRDA:189,19,0,0
BRDA:189,19,1,0
BRDA:203,20,0,0
BRDA:203,20,1,0
BRDA:208,21,0,0
BRDA:208,21,1,0
BRDA:221,22,0,0
BRDA:221,22,1,0
BRDA:247,23,0,0
BRDA:247,23,1,0
BRDA:250,24,0,0
BRDA:250,24,1,0
BRDA:252,25,0,0
BRDA:252,25,1,0
BRDA:260,26,0,0
BRDA:260,26,1,0
BRDA:263,27,0,0
BRDA:263,27,1,0
BRDA:272,28,0,0
BRDA:272,28,1,0
BRDA:273,29,0,0
BRDA:273,29,1,0
BRDA:280,30,0,0
BRDA:280,30,1,0
BRDA:280,31,0,0
BRDA:280,31,1,0
BRDA:296,32,0,0
BRDA:296,32,1,0
BRDA:299,33,0,0
BRDA:299,33,1,0
BRDA:321,34,0,0
BRDA:321,34,1,0
BRDA:321,35,0,0
BRDA:321,35,1,0
BRDA:334,36,0,0
BRDA:334,36,1,0
BRDA:337,37,0,0
BRDA:337,37,1,0
BRDA:368,38,0,0
BRDA:368,38,1,0
BRDA:378,39,0,0
BRDA:378,39,1,0
BRDA:378,40,0,0
BRDA:378,40,1,0
BRDA:394,41,0,0
BRDA:394,41,1,0
BRDA:397,42,0,0
BRDA:397,42,1,0
BRDA:410,43,0,0
BRDA:410,43,1,0
BRDA:423,44,0,0
BRDA:423,44,1,0
BRDA:452,45,0,0
BRDA:452,45,1,0
BRDA:452,46,0,0
BRDA:452,46,1,0
BRDA:456,47,0,0
BRDA:456,47,1,0
BRDA:457,48,0,0
BRDA:457,48,1,0
BRDA:458,49,0,0
BRDA:458,49,1,0
BRDA:472,50,0,0
BRDA:472,50,1,0
BRDA:500,51,0,0
BRDA:500,51,1,0
BRDA:516,52,0,0
BRDA:516,52,1,0
BRDA:523,53,0,0
BRDA:523,53,1,0
BRDA:558,54,0,0
BRDA:558,54,1,0
BRDA:572,55,0,0
BRDA:572,55,1,0
BRDA:577,56,0,0
BRDA:577,56,1,0
BRF:114
BRH:0
end_of_record
TN:
SF:src/services/scanner/qrScannerService.ts
FN:43,(anonymous_0)
FN:50,(anonymous_1)
FN:57,(anonymous_2)
FN:68,(anonymous_3)
FN:87,(anonymous_4)
FN:111,(anonymous_5)
FN:140,(anonymous_6)
FN:169,(anonymous_7)
FN:191,(anonymous_8)
FN:217,(anonymous_9)
FN:246,(anonymous_10)
FN:266,(anonymous_11)
FN:310,(anonymous_12)
FN:318,(anonymous_13)
FN:332,(anonymous_14)
FN:344,(anonymous_15)
FN:351,(anonymous_16)
FN:359,(anonymous_17)
FN:360,(anonymous_18)
FN:366,(anonymous_19)
FN:372,(anonymous_20)
FN:375,(anonymous_21)
FN:389,(anonymous_22)
FN:391,(anonymous_23)
FN:400,(anonymous_24)
FN:411,(anonymous_25)
FN:426,(anonymous_26)
FN:433,(anonymous_27)
FNF:28
FNH:0
FNDA:0,(anonymous_0)
FNDA:0,(anonymous_1)
FNDA:0,(anonymous_2)
FNDA:0,(anonymous_3)
FNDA:0,(anonymous_4)
FNDA:0,(anonymous_5)
FNDA:0,(anonymous_6)
FNDA:0,(anonymous_7)
FNDA:0,(anonymous_8)
FNDA:0,(anonymous_9)
FNDA:0,(anonymous_10)
FNDA:0,(anonymous_11)
FNDA:0,(anonymous_12)
FNDA:0,(anonymous_13)
FNDA:0,(anonymous_14)
FNDA:0,(anonymous_15)
FNDA:0,(anonymous_16)
FNDA:0,(anonymous_17)
FNDA:0,(anonymous_18)
FNDA:0,(anonymous_19)
FNDA:0,(anonymous_20)
FNDA:0,(anonymous_21)
FNDA:0,(anonymous_22)
FNDA:0,(anonymous_23)
FNDA:0,(anonymous_24)
FNDA:0,(anonymous_25)
FNDA:0,(anonymous_26)
FNDA:0,(anonymous_27)
DA:1,0
DA:2,0
DA:3,0
DA:38,0
DA:40,0
DA:41,0
DA:44,0
DA:45,0
DA:47,0
DA:51,0
DA:58,0
DA:59,0
DA:60,0
DA:61,0
DA:70,0
DA:75,0
DA:77,0
DA:79,0
DA:80,0
DA:91,0
DA:92,0
DA:93,0
DA:94,0
DA:97,0
DA:101,0
DA:103,0
DA:104,0
DA:115,0
DA:122,0
DA:131,0
DA:133,0
DA:134,0
DA:145,0
DA:146,0
DA:148,0
DA:149,0
DA:150,0
DA:151,0
DA:154,0
DA:159,0
DA:161,0
DA:162,0
DA:170,0
DA:171,0
DA:173,0
DA:175,0
DA:177,0
DA:179,0
DA:182,0
DA:183,0
DA:192,0
DA:193,0
DA:195,0
DA:196,0
DA:205,0
DA:218,0
DA:220,0
DA:221,0
DA:225,0
DA:226,0
DA:228,0
DA:229,0
DA:237,0
DA:239,0
DA:248,0
DA:249,0
DA:251,0
DA:252,0
DA:260,0
DA:267,0
DA:269,0
DA:271,0
DA:275,0
DA:276,0
DA:277,0
DA:278,0
DA:286,0
DA:291,0
DA:298,0
DA:311,0
DA:312,0
DA:324,0
DA:325,0
DA:326,0
DA:333,0
DA:336,0
DA:338,0
DA:345,0
DA:352,0
DA:353,0
DA:360,0
DA:370,0
DA:371,0
DA:372,0
DA:375,0
DA:376,0
DA:377,0
DA:380,0
DA:390,0
DA:391,0
DA:392,0
DA:401,0
DA:402,0
DA:404,0
DA:412,0
DA:413,0
DA:414,0
DA:415,0
DA:418,0
DA:419,0
DA:427,0
DA:434,0
DA:438,0
LF:113
LH:0
BRDA:44,0,0,0
BRDA:44,0,1,0
BRDA:60,1,0,0
BRDA:60,1,1,0
BRDA:89,2,0,0
BRDA:93,3,0,0
BRDA:93,3,1,0
BRDA:113,4,0,0
BRDA:141,5,0,0
BRDA:143,6,0,0
BRDA:150,7,0,0
BRDA:150,7,1,0
BRDA:171,8,0,0
BRDA:171,8,1,0
BRDA:171,8,2,0
BRDA:171,8,3,0
BRDA:183,9,0,0
BRDA:183,9,1,0
BRDA:195,10,0,0
BRDA:195,10,1,0
BRDA:220,11,0,0
BRDA:220,11,1,0
BRDA:220,12,0,0
BRDA:220,12,1,0
BRDA:228,13,0,0
BRDA:228,13,1,0
BRDA:239,14,0,0
BRDA:239,14,1,0
BRDA:251,15,0,0
BRDA:251,15,1,0
BRDA:269,16,0,0
BRDA:269,16,1,0
BRDA:269,17,0,0
BRDA:269,17,1,0
BRDA:269,17,2,0
BRDA:269,17,3,0
BRDA:275,18,0,0
BRDA:275,18,1,0
BRDA:275,19,0,0
BRDA:275,19,1,0
BRDA:301,20,0,0
BRDA:301,20,1,0
BRDA:345,21,0,0
BRDA:345,21,1,0
BRDA:376,22,0,0
BRDA:376,22,1,0
BRDA:392,23,0,0
BRDA:392,23,1,0
BRDA:414,24,0,0
BRDA:414,24,1,0
BRF:50
BRH:0
end_of_record
TN:
SF:src/services/storage/storageService.ts
FN:6,(anonymous_10)
FN:10,(anonymous_11)
FN:14,(anonymous_12)
FN:18,(anonymous_13)
FN:22,(anonymous_14)
FN:28,(anonymous_15)
FN:32,(anonymous_16)
FN:36,(anonymous_17)
FN:41,(anonymous_18)
FN:47,(anonymous_19)
FN:54,(anonymous_20)
FN:62,(anonymous_21)
FN:71,(anonymous_22)
FN:83,(anonymous_23)
FN:90,(anonymous_24)
FN:95,(anonymous_25)
FN:104,(anonymous_26)
FN:118,(anonymous_27)
FN:128,(anonymous_28)
FN:132,(anonymous_29)
FN:138,(anonymous_30)
FN:147,(anonymous_31)
FN:151,(anonymous_32)
FN:160,(anonymous_33)
FNF:24
FNH:0
FNDA:0,(anonymous_10)
FNDA:0,(anonymous_11)
FNDA:0,(anonymous_12)
FNDA:0,(anonymous_13)
FNDA:0,(anonymous_14)
FNDA:0,(anonymous_15)
FNDA:0,(anonymous_16)
FNDA:0,(anonymous_17)
FNDA:0,(anonymous_18)
FNDA:0,(anonymous_19)
FNDA:0,(anonymous_20)
FNDA:0,(anonymous_21)
FNDA:0,(anonymous_22)
FNDA:0,(anonymous_23)
FNDA:0,(anonymous_24)
FNDA:0,(anonymous_25)
FNDA:0,(anonymous_26)
FNDA:0,(anonymous_27)
FNDA:0,(anonymous_28)
FNDA:0,(anonymous_29)
FNDA:0,(anonymous_30)
FNDA:0,(anonymous_31)
FNDA:0,(anonymous_32)
FNDA:0,(anonymous_33)
DA:1,0
DA:2,0
DA:4,0
DA:7,0
DA:11,0
DA:15,0
DA:19,0
DA:23,0
DA:24,0
DA:29,0
DA:33,0
DA:37,0
DA:42,0
DA:48,0
DA:55,0
DA:63,0
DA:68,0
DA:72,0
DA:84,0
DA:85,0
DA:86,0
DA:91,0
DA:96,0
DA:105,0
DA:111,0
DA:119,0
DA:129,0
DA:133,0
DA:134,0
DA:139,0
DA:144,0
DA:148,0
DA:152,0
DA:153,0
DA:154,0
DA:155,0
DA:161,0
DA:162,0
DA:164,0
DA:165,0
DA:166,0
DA:167,0
DA:168,0
DA:173,0
LF:44
LH:0
BRDA:24,0,0,0
BRDA:24,0,1,0
BRDA:58,1,0,0
BRDA:58,1,1,0
BRDA:85,2,0,0
BRDA:85,2,1,0
BRDA:141,3,0,0
BRDA:141,3,1,0
BRDA:153,4,0,0
BRDA:153,4,1,0
BRDA:165,5,0,0
BRDA:165,5,1,0
BRDA:167,6,0,0
BRDA:167,6,1,0
BRDA:167,7,0,0
BRDA:167,7,1,0
BRF:16
BRH:0
end_of_record
TN:
SF:src/services/system/systemService.ts
FN:17,(anonymous_0)
FN:58,(anonymous_1)
FN:83,(anonymous_2)
FN:113,(anonymous_3)
FN:138,(anonymous_4)
FN:168,(anonymous_5)
FN:193,(anonymous_6)
FN:233,(anonymous_7)
FN:273,(anonymous_8)
FN:313,(anonymous_9)
FN:353,(anonymous_10)
FN:367,(anonymous_11)
FN:389,(anonymous_12)
FN:401,(anonymous_13)
FN:427,(anonymous_14)
FN:434,(anonymous_15)
FN:461,(anonymous_16)
FN:490,(anonymous_17)
FN:518,(anonymous_18)
FN:531,(anonymous_19)
FN:547,(anonymous_20)
FN:564,(anonymous_21)
FN:577,(anonymous_22)
FN:593,(anonymous_23)
FN:609,(anonymous_24)
FN:632,(anonymous_25)
FN:636,(anonymous_26)
FN:645,(anonymous_27)
FNF:28
FNH:0
FNDA:0,(anonymous_0)
FNDA:0,(anonymous_1)
FNDA:0,(anonymous_2)
FNDA:0,(anonymous_3)
FNDA:0,(anonymous_4)
FNDA:0,(anonymous_5)
FNDA:0,(anonymous_6)
FNDA:0,(anonymous_7)
FNDA:0,(anonymous_8)
FNDA:0,(anonymous_9)
FNDA:0,(anonymous_10)
FNDA:0,(anonymous_11)
FNDA:0,(anonymous_12)
FNDA:0,(anonymous_13)
FNDA:0,(anonymous_14)
FNDA:0,(anonymous_15)
FNDA:0,(anonymous_16)
FNDA:0,(anonymous_17)
FNDA:0,(anonymous_18)
FNDA:0,(anonymous_19)
FNDA:0,(anonymous_20)
FNDA:0,(anonymous_21)
FNDA:0,(anonymous_22)
FNDA:0,(anonymous_23)
FNDA:0,(anonymous_24)
FNDA:0,(anonymous_25)
FNDA:0,(anonymous_26)
FNDA:0,(anonymous_27)
DA:1,0
DA:2,0
DA:3,0
DA:9,0
DA:10,0
DA:11,0
DA:12,0
DA:22,0
DA:23,0
DA:26,0
DA:27,0
DA:28,0
DA:29,0
DA:30,0
DA:35,0
DA:36,0
DA:38,0
DA:57,0
DA:58,0
DA:62,0
DA:64,0
DA:66,0
DA:67,0
DA:73,0
DA:75,0
DA:76,0
DA:88,0
DA:89,0
DA:92,0
DA:93,0
DA:94,0
DA:95,0
DA:96,0
DA:101,0
DA:102,0
DA:104,0
DA:105,0
DA:106,0
DA:108,0
DA:112,0
DA:113,0
DA:117,0
DA:119,0
DA:121,0
DA:122,0
DA:128,0
DA:130,0
DA:131,0
DA:143,0
DA:144,0
DA:147,0
DA:148,0
DA:149,0
DA:150,0
DA:151,0
DA:156,0
DA:157,0
DA:159,0
DA:160,0
DA:161,0
DA:163,0
DA:167,0
DA:168,0
DA:172,0
DA:174,0
DA:176,0
DA:177,0
DA:183,0
DA:185,0
DA:186,0
DA:212,0
DA:214,0
DA:217,0
DA:218,0
DA:219,0
DA:220,0
DA:221,0
DA:226,0
DA:227,0
DA:228,0
DA:232,0
DA:233,0
DA:245,0
DA:247,0
DA:248,0
DA:251,0
DA:257,0
DA:263,0
DA:265,0
DA:266,0
DA:292,0
DA:294,0
DA:297,0
DA:298,0
DA:299,0
DA:300,0
DA:301,0
DA:306,0
DA:307,0
DA:308,0
DA:312,0
DA:313,0
DA:325,0
DA:327,0
DA:328,0
DA:331,0
DA:337,0
DA:343,0
DA:345,0
DA:346,0
DA:365,0
DA:366,0
DA:367,0
DA:371,0
DA:372,0
DA:373,0
DA:379,0
DA:381,0
DA:382,0
DA:399,0
DA:400,0
DA:401,0
DA:405,0
DA:406,0
DA:409,0
DA:411,0
DA:417,0
DA:419,0
DA:420,0
DA:432,0
DA:433,0
DA:434,0
DA:438,0
DA:439,0
DA:442,0
DA:444,0
DA:451,0
DA:453,0
DA:454,0
DA:479,0
DA:480,0
DA:483,0
DA:484,0
DA:485,0
DA:486,0
DA:489,0
DA:490,0
DA:494,0
DA:496,0
DA:498,0
DA:502,0
DA:508,0
DA:510,0
DA:511,0
DA:523,0
DA:536,0
DA:541,0
DA:552,0
DA:558,0
DA:565,0
DA:567,0
DA:568,0
DA:569,0
DA:571,0
DA:578,0
DA:579,0
DA:580,0
DA:582,0
DA:583,0
DA:584,0
DA:585,0
DA:587,0
DA:594,0
DA:595,0
DA:600,0
DA:602,0
DA:610,0
DA:611,0
DA:612,0
DA:614,0
DA:615,0
DA:617,0
DA:618,0
DA:619,0
DA:622,0
DA:624,0
DA:625,0
DA:633,0
DA:635,0
DA:636,0
DA:637,0
DA:638,0
DA:640,0
DA:644,0
DA:645,0
DA:648,0
DA:650,0
LF:197
LH:0
BRDA:17,0,0,0
BRDA:26,1,0,0
BRDA:26,1,1,0
BRDA:28,2,0,0
BRDA:28,2,1,0
BRDA:36,3,0,0
BRDA:36,3,1,0
BRDA:62,4,0,0
BRDA:62,4,1,0
BRDA:62,5,0,0
BRDA:62,5,1,0
BRDA:73,6,0,0
BRDA:73,6,1,0
BRDA:76,7,0,0
BRDA:76,7,1,0
BRDA:83,8,0,0
BRDA:92,9,0,0
BRDA:92,9,1,0
BRDA:94,10,0,0
BRDA:94,10,1,0
BRDA:102,11,0,0
BRDA:102,11,1,0
BRDA:105,12,0,0
BRDA:105,12,1,0
BRDA:117,13,0,0
BRDA:117,13,1,0
BRDA:117,14,0,0
BRDA:117,14,1,0
BRDA:128,15,0,0
BRDA:128,15,1,0
BRDA:131,16,0,0
BRDA:131,16,1,0
BRDA:138,17,0,0
BRDA:147,18,0,0
BRDA:147,18,1,0
BRDA:149,19,0,0
BRDA:149,19,1,0
BRDA:157,20,0,0
BRDA:157,20,1,0
BRDA:160,21,0,0
BRDA:160,21,1,0
BRDA:172,22,0,0
BRDA:172,22,1,0
BRDA:172,23,0,0
BRDA:172,23,1,0
BRDA:183,24,0,0
BRDA:183,24,1,0
BRDA:186,25,0,0
BRDA:186,25,1,0
BRDA:214,26,0,0
BRDA:214,26,1,0
BRDA:217,27,0,0
BRDA:217,27,1,0
BRDA:217,28,0,0
BRDA:217,28,1,0
BRDA:219,29,0,0
BRDA:219,29,1,0
BRDA:227,30,0,0
BRDA:227,30,1,0
BRDA:234,31,0,0
BRDA:234,31,1,0
BRDA:235,32,0,0
BRDA:235,32,1,0
BRDA:245,33,0,0
BRDA:245,33,1,0
BRDA:245,34,0,0
BRDA:245,34,1,0
BRDA:247,35,0,0
BRDA:247,35,1,0
BRDA:247,36,0,0
BRDA:247,36,1,0
BRDA:263,37,0,0
BRDA:263,37,1,0
BRDA:266,38,0,0
BRDA:266,38,1,0
BRDA:294,39,0,0
BRDA:294,39,1,0
BRDA:297,40,0,0
BRDA:297,40,1,0
BRDA:297,41,0,0
BRDA:297,41,1,0
BRDA:299,42,0,0
BRDA:299,42,1,0
BRDA:307,43,0,0
BRDA:307,43,1,0
BRDA:314,44,0,0
BRDA:314,44,1,0
BRDA:315,45,0,0
BRDA:315,45,1,0
BRDA:325,46,0,0
BRDA:325,46,1,0
BRDA:325,47,0,0
BRDA:325,47,1,0
BRDA:327,48,0,0
BRDA:327,48,1,0
BRDA:327,49,0,0
BRDA:327,49,1,0
BRDA:343,50,0,0
BRDA:343,50,1,0
BRDA:346,51,0,0
BRDA:346,51,1,0
BRDA:371,52,0,0
BRDA:371,52,1,0
BRDA:371,53,0,0
BRDA:371,53,1,0
BRDA:379,54,0,0
BRDA:379,54,1,0
BRDA:382,55,0,0
BRDA:382,55,1,0
BRDA:405,56,0,0
BRDA:405,56,1,0
BRDA:405,57,0,0
BRDA:405,57,1,0
BRDA:417,58,0,0
BRDA:417,58,1,0
BRDA:420,59,0,0
BRDA:420,59,1,0
BRDA:427,60,0,0
BRDA:438,61,0,0
BRDA:438,61,1,0
BRDA:438,62,0,0
BRDA:438,62,1,0
BRDA:451,63,0,0
BRDA:451,63,1,0
BRDA:454,64,0,0
BRDA:454,64,1,0
BRDA:480,65,0,0
BRDA:480,65,1,0
BRDA:484,66,0,0
BRDA:484,66,1,0
BRDA:494,67,0,0
BRDA:494,67,1,0
BRDA:494,68,0,0
BRDA:494,68,1,0
BRDA:508,69,0,0
BRDA:508,69,1,0
BRDA:511,70,0,0
BRDA:511,70,1,0
BRDA:523,71,0,0
BRDA:523,71,1,0
BRDA:541,72,0,0
BRDA:541,72,1,0
BRDA:558,73,0,0
BRDA:558,73,1,0
BRDA:565,74,0,0
BRDA:565,74,1,0
BRDA:583,75,0,0
BRDA:583,75,1,0
BRDA:584,76,0,0
BRDA:584,76,1,0
BRDA:585,77,0,0
BRDA:585,77,1,0
BRDA:587,78,0,0
BRDA:587,78,1,0
BRDA:598,79,0,0
BRDA:598,79,1,0
BRDA:612,80,0,0
BRDA:612,80,1,0
BRDA:617,81,0,0
BRDA:617,81,1,0
BRDA:637,82,0,0
BRDA:637,82,1,0
BRF:162
BRH:0
end_of_record
TN:
SF:src/services/upload/processingUploadService.ts
FN:49,(anonymous_9)
FN:94,(anonymous_10)
FN:122,(anonymous_11)
FN:145,(anonymous_12)
FN:195,(anonymous_13)
FN:217,(anonymous_14)
FN:265,(anonymous_15)
FN:288,(anonymous_16)
FN:337,(anonymous_17)
FN:340,(anonymous_18)
FN:359,(anonymous_19)
FN:366,(anonymous_20)
FNF:12
FNH:0
FNDA:0,(anonymous_9)
FNDA:0,(anonymous_10)
FNDA:0,(anonymous_11)
FNDA:0,(anonymous_12)
FNDA:0,(anonymous_13)
FNDA:0,(anonymous_14)
FNDA:0,(anonymous_15)
FNDA:0,(anonymous_16)
FNDA:0,(anonymous_17)
FNDA:0,(anonymous_18)
FNDA:0,(anonymous_19)
FNDA:0,(anonymous_20)
DA:1,0
DA:2,0
DA:3,0
DA:4,0
DA:7,0
DA:45,0
DA:50,0
DA:52,0
DA:53,0
DA:55,0
DA:56,0
DA:60,0
DA:68,0
DA:69,0
DA:73,0
DA:75,0
DA:76,0
DA:77,0
DA:78,0
DA:80,0
DA:84,0
DA:86,0
DA:87,0
DA:95,0
DA:96,0
DA:98,0
DA:99,0
DA:102,0
DA:108,0
DA:109,0
DA:112,0
DA:114,0
DA:115,0
DA:123,0
DA:125,0
DA:126,0
DA:127,0
DA:128,0
DA:129,0
DA:131,0
DA:135,0
DA:137,0
DA:138,0
DA:146,0
DA:148,0
DA:149,0
DA:150,0
DA:153,0
DA:154,0
DA:158,0
DA:175,0
DA:176,0
DA:178,0
DA:187,0
DA:188,0
DA:206,0
DA:207,0
DA:208,0
DA:211,0
DA:212,0
DA:216,0
DA:218,0
DA:219,0
DA:220,0
DA:230,0
DA:240,0
DA:242,0
DA:243,0
DA:249,0
DA:252,0
DA:253,0
DA:277,0
DA:278,0
DA:279,0
DA:282,0
DA:283,0
DA:287,0
DA:289,0
DA:290,0
DA:291,0
DA:301,0
DA:312,0
DA:314,0
DA:315,0
DA:321,0
DA:324,0
DA:325,0
DA:338,0
DA:339,0
DA:341,0
DA:342,0
DA:343,0
DA:344,0
DA:347,0
DA:352,0
DA:360,0
DA:367,0
DA:368,0
DA:369,0
DA:370,0
DA:371,0
DA:375,0
LF:102
LH:0
BRDA:49,0,0,0
BRDA:55,1,0,0
BRDA:55,1,1,0
BRDA:55,2,0,0
BRDA:55,2,1,0
BRDA:68,3,0,0
BRDA:68,3,1,0
BRDA:98,4,0,0
BRDA:98,4,1,0
BRDA:108,5,0,0
BRDA:108,5,1,0
BRDA:122,6,0,0
BRDA:128,7,0,0
BRDA:128,7,1,0
BRDA:149,8,0,0
BRDA:149,8,1,0
BRDA:153,9,0,0
BRDA:153,9,1,0
BRDA:153,10,0,0
BRDA:153,10,1,0
BRDA:163,11,0,0
BRDA:163,11,1,0
BRDA:164,12,0,0
BRDA:164,12,1,0
BRDA:176,13,0,0
BRDA:176,13,1,0
BRDA:176,14,0,0
BRDA:176,14,1,0
BRDA:207,15,0,0
BRDA:207,15,1,0
BRDA:211,16,0,0
BRDA:211,16,1,0
BRDA:219,17,0,0
BRDA:219,17,1,0
BRDA:219,18,0,0
BRDA:219,18,1,0
BRDA:242,19,0,0
BRDA:242,19,1,0
BRDA:249,20,0,0
BRDA:249,20,1,0
BRDA:257,21,0,0
BRDA:257,21,1,0
BRDA:278,22,0,0
BRDA:278,22,1,0
BRDA:282,23,0,0
BRDA:282,23,1,0
BRDA:290,24,0,0
BRDA:290,24,1,0
BRDA:290,25,0,0
BRDA:290,25,1,0
BRDA:314,26,0,0
BRDA:314,26,1,0
BRDA:321,27,0,0
BRDA:321,27,1,0
BRDA:329,28,0,0
BRDA:329,28,1,0
BRDA:343,29,0,0
BRDA:343,29,1,0
BRDA:367,30,0,0
BRDA:367,30,1,0
BRF:60
BRH:0
end_of_record
TN:
SF:src/store/navigationStore.ts
FN:127,(anonymous_0)
FN:135,(anonymous_1)
FN:138,(anonymous_2)
FN:152,(anonymous_3)
FN:159,(anonymous_4)
FN:168,(anonymous_5)
FN:171,(anonymous_6)
FN:172,(anonymous_7)
FN:176,(anonymous_8)
FN:180,(anonymous_9)
FN:182,(anonymous_10)
FN:185,(anonymous_11)
FN:186,(anonymous_12)
FN:205,(anonymous_13)
FN:213,(anonymous_14)
FNF:15
FNH:10
FNDA:1,(anonymous_0)
FNDA:1,(anonymous_1)
FNDA:0,(anonymous_2)
FNDA:0,(anonymous_3)
FNDA:0,(anonymous_4)
FNDA:2,(anonymous_5)
FNDA:2,(anonymous_6)
FNDA:2,(anonymous_7)
FNDA:1,(anonymous_8)
FNDA:1,(anonymous_9)
FNDA:1,(anonymous_10)
FNDA:5,(anonymous_11)
FNDA:25,(anonymous_12)
FNDA:0,(anonymous_13)
FNDA:0,(anonymous_14)
DA:1,1
DA:3,1
DA:4,1
DA:36,1
DA:127,1
DA:136,1
DA:139,0
DA:141,0
DA:145,0
DA:148,0
DA:149,0
DA:152,0
DA:153,0
DA:154,0
DA:159,0
DA:160,0
DA:162,0
DA:169,2
DA:172,2
DA:177,1
DA:181,1
DA:182,1
DA:186,25
DA:187,5
DA:190,4
DA:193,2
DA:196,0
DA:197,0
DA:201,0
DA:204,0
DA:205,0
DA:206,0
DA:208,0
DA:212,0
DA:213,0
DA:214,0
DA:216,0
DA:219,0
LF:38
LH:15
BRDA:139,0,0,0
BRDA:139,0,1,0
BRDA:153,1,0,0
BRDA:153,1,1,0
BRDA:160,2,0,0
BRDA:160,2,1,0
BRDA:182,3,0,1
BRDA:182,3,1,1
BRDA:187,4,0,1
BRDA:187,4,1,4
BRDA:190,5,0,2
BRDA:190,5,1,2
BRDA:193,6,0,2
BRDA:193,6,1,0
BRDA:196,7,0,0
BRDA:196,7,1,0
BRDA:196,8,0,0
BRDA:196,8,1,0
BRDA:204,9,0,0
BRDA:204,9,1,0
BRDA:208,10,0,0
BRDA:208,10,1,0
BRDA:212,11,0,0
BRDA:212,11,1,0
BRDA:216,12,0,0
BRDA:216,12,1,0
BRF:26
BRH:7
end_of_record
TN:
SF:src/store/permissionStore.ts
FN:37,(anonymous_1)
FN:44,(anonymous_2)
FN:50,(anonymous_3)
FN:53,(anonymous_4)
FN:88,(anonymous_5)
FN:95,(anonymous_6)
FN:102,(anonymous_7)
FN:109,(anonymous_8)
FN:116,(anonymous_9)
FN:123,(anonymous_10)
FN:153,(anonymous_11)
FN:160,(anonymous_12)
FN:165,(anonymous_13)
FN:170,(anonymous_14)
FN:175,(anonymous_15)
FN:182,(anonymous_16)
FN:183,(anonymous_17)
FNF:17
FNH:12
FNDA:1,(anonymous_1)
FNDA:3,(anonymous_2)
FNDA:0,(anonymous_3)
FNDA:0,(anonymous_4)
FNDA:1,(anonymous_5)
FNDA:6,(anonymous_6)
FNDA:3,(anonymous_7)
FNDA:0,(anonymous_8)
FNDA:4,(anonymous_9)
FNDA:5,(anonymous_10)
FNDA:1,(anonymous_11)
FNDA:1,(anonymous_12)
FNDA:1,(anonymous_13)
FNDA:1,(anonymous_14)
FNDA:1,(anonymous_15)
FNDA:0,(anonymous_16)
FNDA:0,(anonymous_17)
DA:1,1
DA:2,1
DA:3,1
DA:5,1
DA:6,1
DA:35,1
DA:37,1
DA:45,3
DA:51,0
DA:54,0
DA:55,0
DA:59,0
DA:62,0
DA:63,0
DA:64,0
DA:65,0
DA:69,0
DA:71,0
DA:72,0
DA:73,0
DA:77,0
DA:78,0
DA:79,0
DA:82,0
DA:89,1
DA:96,6
DA:97,6
DA:99,5
DA:103,3
DA:104,3
DA:106,2
DA:110,0
DA:111,0
DA:113,0
DA:117,4
DA:118,4
DA:120,3
DA:124,5
DA:125,5
DA:128,4
DA:131,4
DA:134,4
DA:135,4
DA:137,1
DA:139,1
DA:141,1
DA:143,1
DA:145,0
DA:149,0
DA:154,1
DA:155,1
DA:161,1
DA:162,1
DA:166,1
DA:167,1
DA:171,1
DA:172,1
DA:176,1
DA:177,1
DA:182,0
DA:183,0
LF:61
LH:38
BRDA:54,0,0,0
BRDA:54,0,1,0
BRDA:63,1,0,0
BRDA:63,1,1,0
BRDA:69,2,0,0
BRDA:69,2,1,0
BRDA:71,3,0,0
BRDA:71,3,1,0
BRDA:78,4,0,0
BRDA:78,4,1,0
BRDA:78,5,0,0
BRDA:78,5,1,0
BRDA:78,5,2,0
BRDA:97,6,0,1
BRDA:97,6,1,5
BRDA:104,7,0,1
BRDA:104,7,1,2
BRDA:111,8,0,0
BRDA:111,8,1,0
BRDA:118,9,0,1
BRDA:118,9,1,3
BRDA:125,10,0,1
BRDA:125,10,1,4
BRDA:128,11,0,0
BRDA:128,11,1,4
BRDA:131,12,0,0
BRDA:131,12,1,4
BRDA:131,13,0,4
BRDA:131,13,1,0
BRDA:134,14,0,4
BRDA:134,14,1,0
BRDA:135,15,0,1
BRDA:135,15,1,1
BRDA:135,15,2,1
BRDA:135,15,3,1
BRDA:135,15,4,0
BRDA:155,16,0,1
BRDA:155,16,1,1
BRDA:155,16,2,0
BRDA:162,17,0,1
BRDA:162,17,1,0
BRDA:167,18,0,1
BRDA:167,18,1,0
BRF:43
BRH:20
end_of_record
TN:
SF:src/types/auth.ts
FNF:0
FNH:0
DA:3,0
DA:10,0
DA:20,0
DA:57,0
LF:4
LH:0
BRF:0
BRH:0
end_of_record
TN:
SF:src/utils/permissionUtils.ts
FN:24,(anonymous_0)
FN:35,(anonymous_1)
FN:47,(anonymous_2)
FN:59,(anonymous_3)
FN:66,(anonymous_4)
FN:108,(anonymous_5)
FN:115,(anonymous_6)
FN:136,(anonymous_7)
FN:138,(anonymous_8)
FN:144,(anonymous_9)
FN:165,(anonymous_10)
FN:179,(anonymous_11)
FN:184,(anonymous_12)
FN:192,(anonymous_13)
FNF:14
FNH:0
FNDA:0,(anonymous_0)
FNDA:0,(anonymous_1)
FNDA:0,(anonymous_2)
FNDA:0,(anonymous_3)
FNDA:0,(anonymous_4)
FNDA:0,(anonymous_5)
FNDA:0,(anonymous_6)
FNDA:0,(anonymous_7)
FNDA:0,(anonymous_8)
FNDA:0,(anonymous_9)
FNDA:0,(anonymous_10)
FNDA:0,(anonymous_11)
FNDA:0,(anonymous_12)
FNDA:0,(anonymous_13)
DA:1,0
DA:7,0
DA:19,0
DA:26,0
DA:28,0
DA:29,0
DA:37,0
DA:39,0
DA:40,0
DA:48,0
DA:49,0
DA:51,0
DA:52,0
DA:53,0
DA:60,0
DA:68,0
DA:71,0
DA:72,0
DA:76,0
DA:77,0
DA:83,0
DA:87,0
DA:88,0
DA:93,0
DA:97,0
DA:98,0
DA:99,0
DA:102,0
DA:109,0
DA:116,0
DA:119,0
DA:121,0
DA:123,0
DA:125,0
DA:127,0
DA:129,0
DA:137,0
DA:138,0
DA:145,0
DA:159,0
DA:166,0
DA:173,0
DA:180,0
DA:181,0
DA:184,0
DA:185,0
DA:200,0
DA:201,0
DA:202,0
DA:204,0
LF:50
LH:0
BRDA:26,0,0,0
BRDA:26,0,1,0
BRDA:28,1,0,0
BRDA:28,1,1,0
BRDA:29,2,0,0
BRDA:29,2,1,0
BRDA:37,3,0,0
BRDA:37,3,1,0
BRDA:39,4,0,0
BRDA:39,4,1,0
BRDA:40,5,0,0
BRDA:40,5,1,0
BRDA:51,6,0,0
BRDA:51,6,1,0
BRDA:52,7,0,0
BRDA:52,7,1,0
BRDA:68,8,0,0
BRDA:68,8,1,0
BRDA:71,9,0,0
BRDA:71,9,1,0
BRDA:76,10,0,0
BRDA:76,10,1,0
BRDA:87,11,0,0
BRDA:87,11,1,0
BRDA:97,12,0,0
BRDA:97,12,1,0
BRDA:109,13,0,0
BRDA:109,13,1,0
BRDA:119,14,0,0
BRDA:119,14,1,0
BRDA:119,14,2,0
BRDA:119,14,3,0
BRDA:119,14,4,0
BRDA:159,15,0,0
BRDA:159,15,1,0
BRDA:173,16,0,0
BRDA:173,16,1,0
BRDA:180,17,0,0
BRDA:180,17,1,0
BRDA:181,18,0,0
BRDA:181,18,1,0
BRDA:200,19,0,0
BRDA:200,19,1,0
BRDA:201,20,0,0
BRDA:201,20,1,0
BRDA:202,21,0,0
BRDA:202,21,1,0
BRDA:206,22,0,0
BRDA:206,22,1,0
BRF:49
BRH:0
end_of_record
TN:
SF:src/utils/roleMapping.ts
FN:19,(anonymous_0)
FN:24,(anonymous_1)
FN:29,(anonymous_2)
FN:33,(anonymous_3)
FN:38,(anonymous_4)
FN:47,(anonymous_5)
FN:66,(anonymous_6)
FN:79,(anonymous_7)
FN:125,(anonymous_8)
FN:146,(anonymous_9)
FN:155,(anonymous_10)
FN:161,(anonymous_11)
FNF:12
FNH:0
FNDA:0,(anonymous_0)
FNDA:0,(anonymous_1)
FNDA:0,(anonymous_2)
FNDA:0,(anonymous_3)
FNDA:0,(anonymous_4)
FNDA:0,(anonymous_5)
FNDA:0,(anonymous_6)
FNDA:0,(anonymous_7)
FNDA:0,(anonymous_8)
FNDA:0,(anonymous_9)
FNDA:0,(anonymous_10)
FNDA:0,(anonymous_11)
DA:1,0
DA:19,0
DA:20,0
DA:24,0
DA:25,0
DA:29,0
DA:30,0
DA:33,0
DA:34,0
DA:38,0
DA:39,0
DA:40,0
DA:42,0
DA:47,0
DA:48,0
DA:62,0
DA:66,0
DA:67,0
DA:75,0
DA:79,0
DA:81,0
DA:82,0
DA:102,0
DA:125,0
DA:128,0
DA:146,0
DA:147,0
DA:148,0
DA:150,0
DA:155,0
DA:156,0
DA:157,0
DA:161,0
DA:162,0
DA:163,0
DA:165,0
LF:36
LH:0
BRDA:39,0,0,0
BRDA:39,0,1,0
BRDA:62,1,0,0
BRDA:62,1,1,0
BRDA:75,2,0,0
BRDA:75,2,1,0
BRDA:81,3,0,0
BRDA:81,3,1,0
BRDA:81,4,0,0
BRDA:81,4,1,0
BRDA:86,5,0,0
BRDA:86,5,1,0
BRDA:87,6,0,0
BRDA:87,6,1,0
BRDA:88,7,0,0
BRDA:88,7,1,0
BRDA:89,8,0,0
BRDA:89,8,1,0
BRDA:92,9,0,0
BRDA:92,9,1,0
BRDA:96,10,0,0
BRDA:96,10,1,0
BRDA:106,11,0,0
BRDA:106,11,1,0
BRDA:107,12,0,0
BRDA:107,12,1,0
BRDA:108,13,0,0
BRDA:108,13,1,0
BRDA:109,14,0,0
BRDA:109,14,1,0
BRDA:109,14,2,0
BRDA:110,15,0,0
BRDA:110,15,1,0
BRDA:111,16,0,0
BRDA:111,16,1,0
BRDA:112,17,0,0
BRDA:112,17,1,0
BRDA:112,17,2,0
BRDA:115,18,0,0
BRDA:115,18,1,0
BRDA:116,19,0,0
BRDA:116,19,1,0
BRDA:117,20,0,0
BRDA:117,20,1,0
BRDA:118,21,0,0
BRDA:118,21,1,0
BRDA:119,22,0,0
BRDA:119,22,1,0
BRDA:139,23,0,0
BRDA:139,23,1,0
BRDA:147,24,0,0
BRDA:147,24,1,0
BRDA:162,25,0,0
BRDA:162,25,1,0
BRF:54
BRH:0
end_of_record
