<?xml version="1.0" encoding="UTF-8"?>
<testsuites name="jest tests" tests="4" failures="4" errors="0" time="0.586">
  <testsuite name="资源验证测试" errors="0" failures="4" skipped="0" timestamp="2025-04-03T06:01:40" time="0.532" tests="4">
    <testcase classname="资源验证测试 图标资源测试 所有必需的图标文件都应该存在" name="资源验证测试 图标资源测试 所有必需的图标文件都应该存在" time="0.003">
      <failure>Error: expect(received).toBe(expected) // Object.is equality

Expected: true
Received: false
    at Object.toBe (C:\Users\Steve\heiniu\tests\integration\resource-validation.test.js:20:24)
    at processTicksAndRejections (node:internal/process/task_queues:105:5)</failure>
    </testcase>
    <testcase classname="资源验证测试 样式文件测试 所有CSS文件都应该存在且有效" name="资源验证测试 样式文件测试 所有CSS文件都应该存在且有效" time="0.001">
      <failure>Error: expect(received).toBe(expected) // Object.is equality

Expected: true
Received: false
    at Object.toBe (C:\Users\Steve\heiniu\tests\integration\resource-validation.test.js:34:24)
    at processTicksAndRejections (node:internal/process/task_queues:105:5)</failure>
    </testcase>
    <testcase classname="资源验证测试 监控图片测试 所有监控缩略图都应该存在" name="资源验证测试 监控图片测试 所有监控缩略图都应该存在" time="0.001">
      <failure>Error: expect(received).toBe(expected) // Object.is equality

Expected: true
Received: false
    at Object.toBe (C:\Users\Steve\heiniu\tests\integration\resource-validation.test.js:48:24)
    at processTicksAndRejections (node:internal/process/task_queues:105:5)</failure>
    </testcase>
    <testcase classname="资源验证测试 JavaScript组件测试 所有必需的JS组件文件都应该存在" name="资源验证测试 JavaScript组件测试 所有必需的JS组件文件都应该存在" time="0">
      <failure>Error: expect(received).toBe(expected) // Object.is equality

Expected: true
Received: false
    at Object.toBe (C:\Users\Steve\heiniu\tests\integration\resource-validation.test.js:62:24)
    at processTicksAndRejections (node:internal/process/task_queues:105:5)</failure>
    </testcase>
  </testsuite>
</testsuites>