{"C:\\Users\\Steve\\heiniu\\components\\modules\\auth\\auth.js": {"path":"C:\\Users\\Steve\\heiniu\\components\\modules\\auth\\auth.js","statementMap":{"0":{"start":{"line":7,"column":25},"end":{"line":139,"column":1}},"1":{"start":{"line":20,"column":20},"end":{"line":20,"column":54}},"2":{"start":{"line":21,"column":4},"end":{"line":30,"column":5}},"3":{"start":{"line":22,"column":6},"end":{"line":29,"column":7}},"4":{"start":{"line":23,"column":25},"end":{"line":23,"column":44}},"5":{"start":{"line":24,"column":8},"end":{"line":24,"column":29}},"6":{"start":{"line":25,"column":8},"end":{"line":25,"column":31}},"7":{"start":{"line":27,"column":8},"end":{"line":27,"column":37}},"8":{"start":{"line":28,"column":8},"end":{"line":28,"column":22}},"9":{"start":{"line":32,"column":4},"end":{"line":32,"column":28}},"10":{"start":{"line":33,"column":4},"end":{"line":33,"column":16}},"11":{"start":{"line":42,"column":4},"end":{"line":42,"column":16}},"12":{"start":{"line":57,"column":4},"end":{"line":57,"column":16}},"13":{"start":{"line":80,"column":4},"end":{"line":80,"column":25}},"14":{"start":{"line":81,"column":4},"end":{"line":81,"column":27}},"15":{"start":{"line":84,"column":4},"end":{"line":84,"column":65}},"16":{"start":{"line":91,"column":4},"end":{"line":91,"column":19}},"17":{"start":{"line":92,"column":4},"end":{"line":92,"column":28}},"18":{"start":{"line":95,"column":4},"end":{"line":95,"column":42}},"19":{"start":{"line":113,"column":4},"end":{"line":113,"column":37}},"20":{"start":{"line":122,"column":19},"end":{"line":122,"column":21}},"21":{"start":{"line":124,"column":4},"end":{"line":126,"column":5}},"22":{"start":{"line":125,"column":6},"end":{"line":125,"column":34}},"23":{"start":{"line":128,"column":4},"end":{"line":132,"column":5}},"24":{"start":{"line":129,"column":6},"end":{"line":129,"column":33}},"25":{"start":{"line":130,"column":11},"end":{"line":132,"column":5}},"26":{"start":{"line":131,"column":6},"end":{"line":131,"column":37}},"27":{"start":{"line":134,"column":4},"end":{"line":137,"column":6}},"28":{"start":{"line":142,"column":0},"end":{"line":144,"column":1}},"29":{"start":{"line":143,"column":2},"end":{"line":143,"column":31}}},"fnMap":{"0":{"name":"(anonymous_0)","decl":{"start":{"line":18,"column":2},"end":{"line":18,"column":3}},"loc":{"start":{"line":18,"column":9},"end":{"line":34,"column":3}},"line":18},"1":{"name":"(anonymous_1)","decl":{"start":{"line":40,"column":2},"end":{"line":40,"column":3}},"loc":{"start":{"line":40,"column":20},"end":{"line":48,"column":3}},"line":40},"2":{"name":"(anonymous_2)","decl":{"start":{"line":55,"column":2},"end":{"line":55,"column":3}},"loc":{"start":{"line":55,"column":28},"end":{"line":73,"column":3}},"line":55},"3":{"name":"(anonymous_3)","decl":{"start":{"line":79,"column":2},"end":{"line":79,"column":3}},"loc":{"start":{"line":79,"column":18},"end":{"line":85,"column":3}},"line":79},"4":{"name":"(anonymous_4)","decl":{"start":{"line":90,"column":2},"end":{"line":90,"column":3}},"loc":{"start":{"line":90,"column":11},"end":{"line":106,"column":3}},"line":90},"5":{"name":"(anonymous_5)","decl":{"start":{"line":112,"column":2},"end":{"line":112,"column":3}},"loc":{"start":{"line":112,"column":16},"end":{"line":114,"column":3}},"line":112},"6":{"name":"(anonymous_6)","decl":{"start":{"line":121,"column":2},"end":{"line":121,"column":3}},"loc":{"start":{"line":121,"column":30},"end":{"line":138,"column":3}},"line":121}},"branchMap":{"0":{"loc":{"start":{"line":21,"column":4},"end":{"line":30,"column":5}},"type":"if","locations":[{"start":{"line":21,"column":4},"end":{"line":30,"column":5}},{"start":{},"end":{}}],"line":21},"1":{"loc":{"start":{"line":113,"column":11},"end":{"line":113,"column":36}},"type":"binary-expr","locations":[{"start":{"line":113,"column":11},"end":{"line":113,"column":25}},{"start":{"line":113,"column":29},"end":{"line":113,"column":36}}],"line":113},"2":{"loc":{"start":{"line":124,"column":4},"end":{"line":126,"column":5}},"type":"if","locations":[{"start":{"line":124,"column":4},"end":{"line":126,"column":5}},{"start":{},"end":{}}],"line":124},"3":{"loc":{"start":{"line":124,"column":8},"end":{"line":124,"column":61}},"type":"binary-expr","locations":[{"start":{"line":124,"column":8},"end":{"line":124,"column":26}},{"start":{"line":124,"column":30},"end":{"line":124,"column":61}}],"line":124},"4":{"loc":{"start":{"line":128,"column":4},"end":{"line":132,"column":5}},"type":"if","locations":[{"start":{"line":128,"column":4},"end":{"line":132,"column":5}},{"start":{"line":130,"column":11},"end":{"line":132,"column":5}}],"line":128},"5":{"loc":{"start":{"line":128,"column":8},"end":{"line":128,"column":54}},"type":"binary-expr","locations":[{"start":{"line":128,"column":8},"end":{"line":128,"column":26}},{"start":{"line":128,"column":30},"end":{"line":128,"column":54}}],"line":128},"6":{"loc":{"start":{"line":130,"column":11},"end":{"line":132,"column":5}},"type":"if","locations":[{"start":{"line":130,"column":11},"end":{"line":132,"column":5}},{"start":{},"end":{}}],"line":130},"7":{"loc":{"start":{"line":142,"column":0},"end":{"line":144,"column":1}},"type":"if","locations":[{"start":{"line":142,"column":0},"end":{"line":144,"column":1}},{"start":{},"end":{}}],"line":142}},"s":{"0":0,"1":0,"2":0,"3":0,"4":0,"5":0,"6":0,"7":0,"8":0,"9":0,"10":0,"11":0,"12":0,"13":0,"14":0,"15":0,"16":0,"17":0,"18":0,"19":0,"20":0,"21":0,"22":0,"23":0,"24":0,"25":0,"26":0,"27":0,"28":0,"29":0},"f":{"0":0,"1":0,"2":0,"3":0,"4":0,"5":0,"6":0},"b":{"0":[0,0],"1":[0,0],"2":[0,0],"3":[0,0],"4":[0,0],"5":[0,0],"6":[0,0],"7":[0,0]}}
,"C:\\Users\\Steve\\heiniu\\components\\modules\\auth\\loader.js": {"path":"C:\\Users\\Steve\\heiniu\\components\\modules\\auth\\loader.js","statementMap":{"0":{"start":{"line":7,"column":27},"end":{"line":203,"column":1}},"1":{"start":{"line":16,"column":4},"end":{"line":16,"column":50}},"2":{"start":{"line":19,"column":4},"end":{"line":19,"column":80}},"3":{"start":{"line":21,"column":4},"end":{"line":21,"column":29}},"4":{"start":{"line":22,"column":4},"end":{"line":22,"column":16}},"5":{"start":{"line":30,"column":4},"end":{"line":50,"column":5}},"6":{"start":{"line":32,"column":6},"end":{"line":48,"column":9}},"7":{"start":{"line":34,"column":23},"end":{"line":34,"column":25}},"8":{"start":{"line":35,"column":25},"end":{"line":35,"column":49}},"9":{"start":{"line":37,"column":8},"end":{"line":44,"column":9}},"10":{"start":{"line":39,"column":24},"end":{"line":39,"column":70}},"11":{"start":{"line":40,"column":10},"end":{"line":40,"column":59}},"12":{"start":{"line":43,"column":10},"end":{"line":43,"column":39}},"13":{"start":{"line":46,"column":24},"end":{"line":46,"column":48}},"14":{"start":{"line":47,"column":8},"end":{"line":47,"column":35}},"15":{"start":{"line":49,"column":6},"end":{"line":49,"column":13}},"16":{"start":{"line":52,"column":4},"end":{"line":58,"column":7}},"17":{"start":{"line":54,"column":6},"end":{"line":57,"column":9}},"18":{"start":{"line":55,"column":24},"end":{"line":55,"column":70}},"19":{"start":{"line":56,"column":8},"end":{"line":56,"column":35}},"20":{"start":{"line":67,"column":4},"end":{"line":69,"column":5}},"21":{"start":{"line":68,"column":6},"end":{"line":68,"column":56}},"22":{"start":{"line":71,"column":4},"end":{"line":82,"column":7}},"23":{"start":{"line":72,"column":18},"end":{"line":72,"column":29}},"24":{"start":{"line":73,"column":6},"end":{"line":76,"column":8}},"25":{"start":{"line":74,"column":8},"end":{"line":74,"column":40}},"26":{"start":{"line":75,"column":8},"end":{"line":75,"column":21}},"27":{"start":{"line":77,"column":6},"end":{"line":80,"column":8}},"28":{"start":{"line":78,"column":8},"end":{"line":78,"column":45}},"29":{"start":{"line":79,"column":8},"end":{"line":79,"column":20}},"30":{"start":{"line":81,"column":6},"end":{"line":81,"column":20}},"31":{"start":{"line":90,"column":4},"end":{"line":116,"column":5}},"32":{"start":{"line":91,"column":6},"end":{"line":91,"column":72}},"33":{"start":{"line":94,"column":6},"end":{"line":115,"column":7}},"34":{"start":{"line":95,"column":8},"end":{"line":95,"column":31}},"35":{"start":{"line":97,"column":27},"end":{"line":97,"column":29}},"36":{"start":{"line":98,"column":25},"end":{"line":98,"column":49}},"37":{"start":{"line":100,"column":8},"end":{"line":107,"column":9}},"38":{"start":{"line":102,"column":24},"end":{"line":102,"column":70}},"39":{"start":{"line":103,"column":10},"end":{"line":103,"column":79}},"40":{"start":{"line":106,"column":10},"end":{"line":106,"column":59}},"41":{"start":{"line":110,"column":8},"end":{"line":110,"column":40}},"42":{"start":{"line":112,"column":8},"end":{"line":112,"column":55}},"43":{"start":{"line":113,"column":8},"end":{"line":113,"column":48}},"44":{"start":{"line":114,"column":8},"end":{"line":114,"column":43}},"45":{"start":{"line":125,"column":4},"end":{"line":146,"column":7}},"46":{"start":{"line":127,"column":6},"end":{"line":130,"column":7}},"47":{"start":{"line":128,"column":8},"end":{"line":128,"column":18}},"48":{"start":{"line":129,"column":8},"end":{"line":129,"column":15}},"49":{"start":{"line":132,"column":21},"end":{"line":132,"column":53}},"50":{"start":{"line":133,"column":6},"end":{"line":133,"column":23}},"51":{"start":{"line":134,"column":6},"end":{"line":134,"column":26}},"52":{"start":{"line":136,"column":6},"end":{"line":138,"column":8}},"53":{"start":{"line":137,"column":8},"end":{"line":137,"column":18}},"54":{"start":{"line":140,"column":6},"end":{"line":143,"column":8}},"55":{"start":{"line":141,"column":8},"end":{"line":141,"column":45}},"56":{"start":{"line":142,"column":8},"end":{"line":142,"column":20}},"57":{"start":{"line":145,"column":6},"end":{"line":145,"column":40}},"58":{"start":{"line":155,"column":4},"end":{"line":176,"column":7}},"59":{"start":{"line":157,"column":6},"end":{"line":160,"column":7}},"60":{"start":{"line":158,"column":8},"end":{"line":158,"column":18}},"61":{"start":{"line":159,"column":8},"end":{"line":159,"column":15}},"62":{"start":{"line":162,"column":19},"end":{"line":162,"column":49}},"63":{"start":{"line":163,"column":6},"end":{"line":163,"column":30}},"64":{"start":{"line":164,"column":6},"end":{"line":164,"column":22}},"65":{"start":{"line":166,"column":6},"end":{"line":168,"column":8}},"66":{"start":{"line":167,"column":8},"end":{"line":167,"column":18}},"67":{"start":{"line":170,"column":6},"end":{"line":173,"column":8}},"68":{"start":{"line":171,"column":8},"end":{"line":171,"column":46}},"69":{"start":{"line":172,"column":8},"end":{"line":172,"column":20}},"70":{"start":{"line":175,"column":6},"end":{"line":175,"column":38}},"71":{"start":{"line":185,"column":21},"end":{"line":185,"column":23}},"72":{"start":{"line":188,"column":4},"end":{"line":192,"column":5}},"73":{"start":{"line":189,"column":6},"end":{"line":191,"column":9}},"74":{"start":{"line":190,"column":8},"end":{"line":190,"column":44}},"75":{"start":{"line":195,"column":4},"end":{"line":199,"column":5}},"76":{"start":{"line":196,"column":6},"end":{"line":198,"column":9}},"77":{"start":{"line":197,"column":8},"end":{"line":197,"column":48}},"78":{"start":{"line":201,"column":4},"end":{"line":201,"column":33}},"79":{"start":{"line":206,"column":0},"end":{"line":208,"column":1}},"80":{"start":{"line":207,"column":2},"end":{"line":207,"column":35}}},"fnMap":{"0":{"name":"(anonymous_0)","decl":{"start":{"line":14,"column":2},"end":{"line":14,"column":3}},"loc":{"start":{"line":14,"column":9},"end":{"line":23,"column":3}},"line":14},"1":{"name":"(anonymous_1)","decl":{"start":{"line":29,"column":2},"end":{"line":29,"column":3}},"loc":{"start":{"line":29,"column":26},"end":{"line":59,"column":3}},"line":29},"2":{"name":"(anonymous_2)","decl":{"start":{"line":32,"column":24},"end":{"line":32,"column":25}},"loc":{"start":{"line":32,"column":32},"end":{"line":48,"column":7}},"line":32},"3":{"name":"(anonymous_3)","decl":{"start":{"line":52,"column":22},"end":{"line":52,"column":23}},"loc":{"start":{"line":52,"column":30},"end":{"line":58,"column":5}},"line":52},"4":{"name":"(anonymous_4)","decl":{"start":{"line":54,"column":28},"end":{"line":54,"column":29}},"loc":{"start":{"line":54,"column":40},"end":{"line":57,"column":7}},"line":54},"5":{"name":"(anonymous_5)","decl":{"start":{"line":66,"column":2},"end":{"line":66,"column":3}},"loc":{"start":{"line":66,"column":20},"end":{"line":83,"column":3}},"line":66},"6":{"name":"(anonymous_6)","decl":{"start":{"line":71,"column":23},"end":{"line":71,"column":24}},"loc":{"start":{"line":71,"column":44},"end":{"line":82,"column":5}},"line":71},"7":{"name":"(anonymous_7)","decl":{"start":{"line":73,"column":19},"end":{"line":73,"column":20}},"loc":{"start":{"line":73,"column":25},"end":{"line":76,"column":7}},"line":73},"8":{"name":"(anonymous_8)","decl":{"start":{"line":77,"column":20},"end":{"line":77,"column":21}},"loc":{"start":{"line":77,"column":29},"end":{"line":80,"column":7}},"line":77},"9":{"name":"(anonymous_9)","decl":{"start":{"line":89,"column":2},"end":{"line":89,"column":3}},"loc":{"start":{"line":89,"column":29},"end":{"line":117,"column":3}},"line":89},"10":{"name":"(anonymous_10)","decl":{"start":{"line":124,"column":2},"end":{"line":124,"column":3}},"loc":{"start":{"line":124,"column":18},"end":{"line":147,"column":3}},"line":124},"11":{"name":"(anonymous_11)","decl":{"start":{"line":125,"column":23},"end":{"line":125,"column":24}},"loc":{"start":{"line":125,"column":44},"end":{"line":146,"column":5}},"line":125},"12":{"name":"(anonymous_12)","decl":{"start":{"line":136,"column":22},"end":{"line":136,"column":23}},"loc":{"start":{"line":136,"column":28},"end":{"line":138,"column":7}},"line":136},"13":{"name":"(anonymous_13)","decl":{"start":{"line":140,"column":23},"end":{"line":140,"column":24}},"loc":{"start":{"line":140,"column":32},"end":{"line":143,"column":7}},"line":140},"14":{"name":"(anonymous_14)","decl":{"start":{"line":154,"column":2},"end":{"line":154,"column":3}},"loc":{"start":{"line":154,"column":22},"end":{"line":177,"column":3}},"line":154},"15":{"name":"(anonymous_15)","decl":{"start":{"line":155,"column":23},"end":{"line":155,"column":24}},"loc":{"start":{"line":155,"column":44},"end":{"line":176,"column":5}},"line":155},"16":{"name":"(anonymous_16)","decl":{"start":{"line":166,"column":20},"end":{"line":166,"column":21}},"loc":{"start":{"line":166,"column":26},"end":{"line":168,"column":7}},"line":166},"17":{"name":"(anonymous_17)","decl":{"start":{"line":170,"column":21},"end":{"line":170,"column":22}},"loc":{"start":{"line":170,"column":30},"end":{"line":173,"column":7}},"line":170},"18":{"name":"(anonymous_18)","decl":{"start":{"line":184,"column":2},"end":{"line":184,"column":3}},"loc":{"start":{"line":184,"column":27},"end":{"line":202,"column":3}},"line":184},"19":{"name":"(anonymous_19)","decl":{"start":{"line":189,"column":32},"end":{"line":189,"column":33}},"loc":{"start":{"line":189,"column":39},"end":{"line":191,"column":7}},"line":189},"20":{"name":"(anonymous_20)","decl":{"start":{"line":196,"column":31},"end":{"line":196,"column":32}},"loc":{"start":{"line":196,"column":38},"end":{"line":198,"column":7}},"line":196}},"branchMap":{"0":{"loc":{"start":{"line":30,"column":4},"end":{"line":50,"column":5}},"type":"if","locations":[{"start":{"line":30,"column":4},"end":{"line":50,"column":5}},{"start":{},"end":{}}],"line":30},"1":{"loc":{"start":{"line":30,"column":8},"end":{"line":30,"column":62}},"type":"binary-expr","locations":[{"start":{"line":30,"column":8},"end":{"line":30,"column":27}},{"start":{"line":30,"column":31},"end":{"line":30,"column":62}}],"line":30},"2":{"loc":{"start":{"line":37,"column":8},"end":{"line":44,"column":9}},"type":"if","locations":[{"start":{"line":37,"column":8},"end":{"line":44,"column":9}},{"start":{"line":41,"column":15},"end":{"line":44,"column":9}}],"line":37},"3":{"loc":{"start":{"line":67,"column":4},"end":{"line":69,"column":5}},"type":"if","locations":[{"start":{"line":67,"column":4},"end":{"line":69,"column":5}},{"start":{},"end":{}}],"line":67},"4":{"loc":{"start":{"line":90,"column":4},"end":{"line":116,"column":5}},"type":"if","locations":[{"start":{"line":90,"column":4},"end":{"line":116,"column":5}},{"start":{},"end":{}}],"line":90},"5":{"loc":{"start":{"line":90,"column":8},"end":{"line":90,"column":128}},"type":"binary-expr","locations":[{"start":{"line":90,"column":8},"end":{"line":90,"column":20}},{"start":{"line":90,"column":25},"end":{"line":90,"column":55}},{"start":{"line":90,"column":59},"end":{"line":90,"column":92}},{"start":{"line":90,"column":96},"end":{"line":90,"column":127}}],"line":90},"6":{"loc":{"start":{"line":91,"column":31},"end":{"line":91,"column":68}},"type":"binary-expr","locations":[{"start":{"line":91,"column":31},"end":{"line":91,"column":47}},{"start":{"line":91,"column":51},"end":{"line":91,"column":68}}],"line":91},"7":{"loc":{"start":{"line":94,"column":6},"end":{"line":115,"column":7}},"type":"if","locations":[{"start":{"line":94,"column":6},"end":{"line":115,"column":7}},{"start":{},"end":{}}],"line":94},"8":{"loc":{"start":{"line":94,"column":10},"end":{"line":94,"column":80}},"type":"binary-expr","locations":[{"start":{"line":94,"column":10},"end":{"line":94,"column":40}},{"start":{"line":94,"column":44},"end":{"line":94,"column":80}}],"line":94},"9":{"loc":{"start":{"line":100,"column":8},"end":{"line":107,"column":9}},"type":"if","locations":[{"start":{"line":100,"column":8},"end":{"line":107,"column":9}},{"start":{"line":104,"column":15},"end":{"line":107,"column":9}}],"line":100},"10":{"loc":{"start":{"line":127,"column":6},"end":{"line":130,"column":7}},"type":"if","locations":[{"start":{"line":127,"column":6},"end":{"line":130,"column":7}},{"start":{},"end":{}}],"line":127},"11":{"loc":{"start":{"line":157,"column":6},"end":{"line":160,"column":7}},"type":"if","locations":[{"start":{"line":157,"column":6},"end":{"line":160,"column":7}},{"start":{},"end":{}}],"line":157},"12":{"loc":{"start":{"line":188,"column":4},"end":{"line":192,"column":5}},"type":"if","locations":[{"start":{"line":188,"column":4},"end":{"line":192,"column":5}},{"start":{},"end":{}}],"line":188},"13":{"loc":{"start":{"line":188,"column":8},"end":{"line":188,"column":61}},"type":"binary-expr","locations":[{"start":{"line":188,"column":8},"end":{"line":188,"column":25}},{"start":{"line":188,"column":29},"end":{"line":188,"column":61}}],"line":188},"14":{"loc":{"start":{"line":195,"column":4},"end":{"line":199,"column":5}},"type":"if","locations":[{"start":{"line":195,"column":4},"end":{"line":199,"column":5}},{"start":{},"end":{}}],"line":195},"15":{"loc":{"start":{"line":195,"column":8},"end":{"line":195,"column":59}},"type":"binary-expr","locations":[{"start":{"line":195,"column":8},"end":{"line":195,"column":24}},{"start":{"line":195,"column":28},"end":{"line":195,"column":59}}],"line":195},"16":{"loc":{"start":{"line":206,"column":0},"end":{"line":208,"column":1}},"type":"if","locations":[{"start":{"line":206,"column":0},"end":{"line":208,"column":1}},{"start":{},"end":{}}],"line":206}},"s":{"0":0,"1":0,"2":0,"3":0,"4":0,"5":0,"6":0,"7":0,"8":0,"9":0,"10":0,"11":0,"12":0,"13":0,"14":0,"15":0,"16":0,"17":0,"18":0,"19":0,"20":0,"21":0,"22":0,"23":0,"24":0,"25":0,"26":0,"27":0,"28":0,"29":0,"30":0,"31":0,"32":0,"33":0,"34":0,"35":0,"36":0,"37":0,"38":0,"39":0,"40":0,"41":0,"42":0,"43":0,"44":0,"45":0,"46":0,"47":0,"48":0,"49":0,"50":0,"51":0,"52":0,"53":0,"54":0,"55":0,"56":0,"57":0,"58":0,"59":0,"60":0,"61":0,"62":0,"63":0,"64":0,"65":0,"66":0,"67":0,"68":0,"69":0,"70":0,"71":0,"72":0,"73":0,"74":0,"75":0,"76":0,"77":0,"78":0,"79":0,"80":0},"f":{"0":0,"1":0,"2":0,"3":0,"4":0,"5":0,"6":0,"7":0,"8":0,"9":0,"10":0,"11":0,"12":0,"13":0,"14":0,"15":0,"16":0,"17":0,"18":0,"19":0,"20":0},"b":{"0":[0,0],"1":[0,0],"2":[0,0],"3":[0,0],"4":[0,0],"5":[0,0,0,0],"6":[0,0],"7":[0,0],"8":[0,0],"9":[0,0],"10":[0,0],"11":[0,0],"12":[0,0],"13":[0,0],"14":[0,0],"15":[0,0],"16":[0,0]}}
,"C:\\Users\\Steve\\heiniu\\components\\modules\\data\\mappers.js": {"path":"C:\\Users\\Steve\\heiniu\\components\\modules\\data\\mappers.js","statementMap":{"0":{"start":{"line":10,"column":22},"end":{"line":47,"column":1}},"1":{"start":{"line":17,"column":4},"end":{"line":17,"column":29}},"2":{"start":{"line":17,"column":17},"end":{"line":17,"column":29}},"3":{"start":{"line":19,"column":4},"end":{"line":26,"column":6}},"4":{"start":{"line":35,"column":4},"end":{"line":35,"column":26}},"5":{"start":{"line":35,"column":14},"end":{"line":35,"column":26}},"6":{"start":{"line":37,"column":4},"end":{"line":45,"column":6}},"7":{"start":{"line":52,"column":19},"end":{"line":87,"column":1}},"8":{"start":{"line":59,"column":4},"end":{"line":59,"column":29}},"9":{"start":{"line":59,"column":17},"end":{"line":59,"column":29}},"10":{"start":{"line":61,"column":4},"end":{"line":67,"column":6}},"11":{"start":{"line":76,"column":4},"end":{"line":76,"column":26}},"12":{"start":{"line":76,"column":14},"end":{"line":76,"column":26}},"13":{"start":{"line":78,"column":4},"end":{"line":85,"column":6}},"14":{"start":{"line":92,"column":26},"end":{"line":143,"column":1}},"15":{"start":{"line":99,"column":4},"end":{"line":99,"column":29}},"16":{"start":{"line":99,"column":17},"end":{"line":99,"column":29}},"17":{"start":{"line":101,"column":4},"end":{"line":115,"column":6}},"18":{"start":{"line":124,"column":4},"end":{"line":124,"column":26}},"19":{"start":{"line":124,"column":14},"end":{"line":124,"column":26}},"20":{"start":{"line":126,"column":4},"end":{"line":141,"column":6}},"21":{"start":{"line":152,"column":2},"end":{"line":152,"column":42}},"22":{"start":{"line":152,"column":32},"end":{"line":152,"column":42}},"23":{"start":{"line":153,"column":2},"end":{"line":153,"column":78}},"24":{"start":{"line":153,"column":32},"end":{"line":153,"column":48}},"25":{"start":{"line":153,"column":64},"end":{"line":153,"column":76}},"26":{"start":{"line":163,"column":2},"end":{"line":163,"column":38}},"27":{"start":{"line":163,"column":28},"end":{"line":163,"column":38}},"28":{"start":{"line":164,"column":2},"end":{"line":164,"column":74}},"29":{"start":{"line":164,"column":25},"end":{"line":164,"column":38}},"30":{"start":{"line":164,"column":57},"end":{"line":164,"column":72}},"31":{"start":{"line":177,"column":0},"end":{"line":185,"column":1}},"32":{"start":{"line":178,"column":2},"end":{"line":184,"column":4}}},"fnMap":{"0":{"name":"(anonymous_0)","decl":{"start":{"line":16,"column":9},"end":{"line":16,"column":10}},"loc":{"start":{"line":16,"column":26},"end":{"line":27,"column":3}},"line":16},"1":{"name":"(anonymous_1)","decl":{"start":{"line":34,"column":12},"end":{"line":34,"column":13}},"loc":{"start":{"line":34,"column":26},"end":{"line":46,"column":3}},"line":34},"2":{"name":"(anonymous_2)","decl":{"start":{"line":58,"column":9},"end":{"line":58,"column":10}},"loc":{"start":{"line":58,"column":26},"end":{"line":68,"column":3}},"line":58},"3":{"name":"(anonymous_3)","decl":{"start":{"line":75,"column":12},"end":{"line":75,"column":13}},"loc":{"start":{"line":75,"column":26},"end":{"line":86,"column":3}},"line":75},"4":{"name":"(anonymous_4)","decl":{"start":{"line":98,"column":9},"end":{"line":98,"column":10}},"loc":{"start":{"line":98,"column":26},"end":{"line":116,"column":3}},"line":98},"5":{"name":"(anonymous_5)","decl":{"start":{"line":123,"column":12},"end":{"line":123,"column":13}},"loc":{"start":{"line":123,"column":26},"end":{"line":142,"column":3}},"line":123},"6":{"name":"mapToDTO","decl":{"start":{"line":151,"column":9},"end":{"line":151,"column":17}},"loc":{"start":{"line":151,"column":38},"end":{"line":154,"column":1}},"line":151},"7":{"name":"(anonymous_7)","decl":{"start":{"line":153,"column":22},"end":{"line":153,"column":23}},"loc":{"start":{"line":153,"column":32},"end":{"line":153,"column":48}},"line":153},"8":{"name":"(anonymous_8)","decl":{"start":{"line":153,"column":57},"end":{"line":153,"column":58}},"loc":{"start":{"line":153,"column":64},"end":{"line":153,"column":76}},"line":153},"9":{"name":"mapToEntity","decl":{"start":{"line":162,"column":9},"end":{"line":162,"column":20}},"loc":{"start":{"line":162,"column":37},"end":{"line":165,"column":1}},"line":162},"10":{"name":"(anonymous_10)","decl":{"start":{"line":164,"column":18},"end":{"line":164,"column":19}},"loc":{"start":{"line":164,"column":25},"end":{"line":164,"column":38}},"line":164},"11":{"name":"(anonymous_11)","decl":{"start":{"line":164,"column":47},"end":{"line":164,"column":48}},"loc":{"start":{"line":164,"column":57},"end":{"line":164,"column":72}},"line":164}},"branchMap":{"0":{"loc":{"start":{"line":17,"column":4},"end":{"line":17,"column":29}},"type":"if","locations":[{"start":{"line":17,"column":4},"end":{"line":17,"column":29}},{"start":{},"end":{}}],"line":17},"1":{"loc":{"start":{"line":22,"column":19},"end":{"line":22,"column":43}},"type":"binary-expr","locations":[{"start":{"line":22,"column":19},"end":{"line":22,"column":37}},{"start":{"line":22,"column":41},"end":{"line":22,"column":43}}],"line":22},"2":{"loc":{"start":{"line":35,"column":4},"end":{"line":35,"column":26}},"type":"if","locations":[{"start":{"line":35,"column":4},"end":{"line":35,"column":26}},{"start":{},"end":{}}],"line":35},"3":{"loc":{"start":{"line":59,"column":4},"end":{"line":59,"column":29}},"type":"if","locations":[{"start":{"line":59,"column":4},"end":{"line":59,"column":29}},{"start":{},"end":{}}],"line":59},"4":{"loc":{"start":{"line":76,"column":4},"end":{"line":76,"column":26}},"type":"if","locations":[{"start":{"line":76,"column":4},"end":{"line":76,"column":26}},{"start":{},"end":{}}],"line":76},"5":{"loc":{"start":{"line":84,"column":18},"end":{"line":84,"column":59}},"type":"binary-expr","locations":[{"start":{"line":84,"column":18},"end":{"line":84,"column":31}},{"start":{"line":84,"column":35},"end":{"line":84,"column":59}}],"line":84},"6":{"loc":{"start":{"line":99,"column":4},"end":{"line":99,"column":29}},"type":"if","locations":[{"start":{"line":99,"column":4},"end":{"line":99,"column":29}},{"start":{},"end":{}}],"line":99},"7":{"loc":{"start":{"line":105,"column":16},"end":{"line":109,"column":14}},"type":"cond-expr","locations":[{"start":{"line":105,"column":34},"end":{"line":109,"column":7}},{"start":{"line":109,"column":10},"end":{"line":109,"column":14}}],"line":105},"8":{"loc":{"start":{"line":106,"column":18},"end":{"line":106,"column":65}},"type":"binary-expr","locations":[{"start":{"line":106,"column":18},"end":{"line":106,"column":37}},{"start":{"line":106,"column":41},"end":{"line":106,"column":65}}],"line":106},"9":{"loc":{"start":{"line":107,"column":19},"end":{"line":107,"column":67}},"type":"binary-expr","locations":[{"start":{"line":107,"column":19},"end":{"line":107,"column":38}},{"start":{"line":107,"column":42},"end":{"line":107,"column":67}}],"line":107},"10":{"loc":{"start":{"line":113,"column":15},"end":{"line":113,"column":35}},"type":"binary-expr","locations":[{"start":{"line":113,"column":15},"end":{"line":113,"column":29}},{"start":{"line":113,"column":33},"end":{"line":113,"column":35}}],"line":113},"11":{"loc":{"start":{"line":124,"column":4},"end":{"line":124,"column":26}},"type":"if","locations":[{"start":{"line":124,"column":4},"end":{"line":124,"column":26}},{"start":{},"end":{}}],"line":124},"12":{"loc":{"start":{"line":130,"column":16},"end":{"line":134,"column":14}},"type":"cond-expr","locations":[{"start":{"line":130,"column":31},"end":{"line":134,"column":7}},{"start":{"line":134,"column":10},"end":{"line":134,"column":14}}],"line":130},"13":{"loc":{"start":{"line":138,"column":15},"end":{"line":138,"column":32}},"type":"binary-expr","locations":[{"start":{"line":138,"column":15},"end":{"line":138,"column":26}},{"start":{"line":138,"column":30},"end":{"line":138,"column":32}}],"line":138},"14":{"loc":{"start":{"line":152,"column":2},"end":{"line":152,"column":42}},"type":"if","locations":[{"start":{"line":152,"column":2},"end":{"line":152,"column":42}},{"start":{},"end":{}}],"line":152},"15":{"loc":{"start":{"line":163,"column":2},"end":{"line":163,"column":38}},"type":"if","locations":[{"start":{"line":163,"column":2},"end":{"line":163,"column":38}},{"start":{},"end":{}}],"line":163},"16":{"loc":{"start":{"line":177,"column":0},"end":{"line":185,"column":1}},"type":"if","locations":[{"start":{"line":177,"column":0},"end":{"line":185,"column":1}},{"start":{},"end":{}}],"line":177},"17":{"loc":{"start":{"line":177,"column":4},"end":{"line":177,"column":51}},"type":"binary-expr","locations":[{"start":{"line":177,"column":4},"end":{"line":177,"column":33}},{"start":{"line":177,"column":37},"end":{"line":177,"column":51}}],"line":177}},"s":{"0":0,"1":0,"2":0,"3":0,"4":0,"5":0,"6":0,"7":0,"8":0,"9":0,"10":0,"11":0,"12":0,"13":0,"14":0,"15":0,"16":0,"17":0,"18":0,"19":0,"20":0,"21":0,"22":0,"23":0,"24":0,"25":0,"26":0,"27":0,"28":0,"29":0,"30":0,"31":0,"32":0},"f":{"0":0,"1":0,"2":0,"3":0,"4":0,"5":0,"6":0,"7":0,"8":0,"9":0,"10":0,"11":0},"b":{"0":[0,0],"1":[0,0],"2":[0,0],"3":[0,0],"4":[0,0],"5":[0,0],"6":[0,0],"7":[0,0],"8":[0,0],"9":[0,0],"10":[0,0],"11":[0,0],"12":[0,0],"13":[0,0],"14":[0,0],"15":[0,0],"16":[0,0],"17":[0,0]}}
,"C:\\Users\\Steve\\heiniu\\components\\modules\\store\\store.js": {"path":"C:\\Users\\Steve\\heiniu\\components\\modules\\store\\store.js","statementMap":{"0":{"start":{"line":9,"column":26},"end":{"line":576,"column":1}},"1":{"start":{"line":35,"column":4},"end":{"line":35,"column":49}},"2":{"start":{"line":38,"column":4},"end":{"line":38,"column":28}},"3":{"start":{"line":41,"column":4},"end":{"line":43,"column":5}},"4":{"start":{"line":42,"column":6},"end":{"line":42,"column":28}},"5":{"start":{"line":46,"column":4},"end":{"line":46,"column":35}},"6":{"start":{"line":48,"column":4},"end":{"line":48,"column":30}},"7":{"start":{"line":49,"column":4},"end":{"line":49,"column":16}},"8":{"start":{"line":57,"column":4},"end":{"line":76,"column":5}},"9":{"start":{"line":58,"column":25},"end":{"line":58,"column":74}},"10":{"start":{"line":59,"column":6},"end":{"line":73,"column":7}},"11":{"start":{"line":60,"column":27},"end":{"line":60,"column":49}},"12":{"start":{"line":63,"column":8},"end":{"line":72,"column":9}},"13":{"start":{"line":64,"column":10},"end":{"line":68,"column":13}},"14":{"start":{"line":65,"column":12},"end":{"line":67,"column":13}},"15":{"start":{"line":66,"column":14},"end":{"line":66,"column":55}},"16":{"start":{"line":71,"column":10},"end":{"line":71,"column":48}},"17":{"start":{"line":75,"column":6},"end":{"line":75,"column":49}},"18":{"start":{"line":84,"column":4},"end":{"line":103,"column":5}},"19":{"start":{"line":88,"column":6},"end":{"line":98,"column":7}},"20":{"start":{"line":89,"column":8},"end":{"line":89,"column":24}},"21":{"start":{"line":90,"column":8},"end":{"line":94,"column":11}},"22":{"start":{"line":91,"column":10},"end":{"line":93,"column":11}},"23":{"start":{"line":92,"column":12},"end":{"line":92,"column":53}},"24":{"start":{"line":97,"column":8},"end":{"line":97,"column":46}},"25":{"start":{"line":100,"column":6},"end":{"line":100,"column":84}},"26":{"start":{"line":102,"column":6},"end":{"line":102,"column":49}},"27":{"start":{"line":112,"column":4},"end":{"line":114,"column":5}},"28":{"start":{"line":113,"column":6},"end":{"line":113,"column":47}},"29":{"start":{"line":117,"column":4},"end":{"line":119,"column":37}},"30":{"start":{"line":118,"column":6},"end":{"line":118,"column":28}},"31":{"start":{"line":129,"column":4},"end":{"line":129,"column":46}},"32":{"start":{"line":129,"column":14},"end":{"line":129,"column":46}},"33":{"start":{"line":132,"column":4},"end":{"line":144,"column":5}},"34":{"start":{"line":133,"column":20},"end":{"line":133,"column":34}},"35":{"start":{"line":134,"column":18},"end":{"line":134,"column":35}},"36":{"start":{"line":136,"column":6},"end":{"line":141,"column":7}},"37":{"start":{"line":137,"column":8},"end":{"line":139,"column":9}},"38":{"start":{"line":138,"column":10},"end":{"line":138,"column":30}},"39":{"start":{"line":140,"column":8},"end":{"line":140,"column":28}},"40":{"start":{"line":143,"column":6},"end":{"line":143,"column":56}},"41":{"start":{"line":147,"column":4},"end":{"line":147,"column":89}},"42":{"start":{"line":158,"column":4},"end":{"line":161,"column":5}},"43":{"start":{"line":159,"column":6},"end":{"line":159,"column":35}},"44":{"start":{"line":160,"column":6},"end":{"line":160,"column":19}},"45":{"start":{"line":163,"column":22},"end":{"line":163,"column":46}},"46":{"start":{"line":164,"column":18},"end":{"line":164,"column":20}},"47":{"start":{"line":167,"column":4},"end":{"line":193,"column":5}},"48":{"start":{"line":168,"column":6},"end":{"line":168,"column":35}},"49":{"start":{"line":171,"column":6},"end":{"line":178,"column":9}},"50":{"start":{"line":173,"column":8},"end":{"line":177,"column":9}},"51":{"start":{"line":174,"column":10},"end":{"line":174,"column":41}},"52":{"start":{"line":176,"column":10},"end":{"line":176,"column":39}},"53":{"start":{"line":179,"column":11},"end":{"line":193,"column":5}},"54":{"start":{"line":181,"column":18},"end":{"line":181,"column":29}},"55":{"start":{"line":182,"column":6},"end":{"line":182,"column":33}},"56":{"start":{"line":185,"column":6},"end":{"line":189,"column":7}},"57":{"start":{"line":186,"column":8},"end":{"line":186,"column":41}},"58":{"start":{"line":188,"column":8},"end":{"line":188,"column":39}},"59":{"start":{"line":191,"column":6},"end":{"line":191,"column":42}},"60":{"start":{"line":192,"column":6},"end":{"line":192,"column":19}},"61":{"start":{"line":196,"column":4},"end":{"line":203,"column":5}},"62":{"start":{"line":197,"column":6},"end":{"line":202,"column":9}},"63":{"start":{"line":206,"column":4},"end":{"line":206,"column":46}},"64":{"start":{"line":209,"column":4},"end":{"line":211,"column":5}},"65":{"start":{"line":210,"column":6},"end":{"line":210,"column":28}},"66":{"start":{"line":213,"column":4},"end":{"line":213,"column":16}},"67":{"start":{"line":223,"column":18},"end":{"line":223,"column":32}},"68":{"start":{"line":224,"column":21},"end":{"line":224,"column":32}},"69":{"start":{"line":226,"column":18},"end":{"line":226,"column":35}},"70":{"start":{"line":229,"column":4},"end":{"line":234,"column":5}},"71":{"start":{"line":230,"column":6},"end":{"line":232,"column":7}},"72":{"start":{"line":231,"column":8},"end":{"line":231,"column":27}},"73":{"start":{"line":233,"column":6},"end":{"line":233,"column":30}},"74":{"start":{"line":237,"column":4},"end":{"line":237,"column":30}},"75":{"start":{"line":246,"column":4},"end":{"line":249,"column":5}},"76":{"start":{"line":247,"column":6},"end":{"line":247,"column":33}},"77":{"start":{"line":248,"column":6},"end":{"line":248,"column":19}},"78":{"start":{"line":251,"column":22},"end":{"line":251,"column":46}},"79":{"start":{"line":254,"column":4},"end":{"line":289,"column":5}},"80":{"start":{"line":255,"column":20},"end":{"line":255,"column":34}},"81":{"start":{"line":256,"column":23},"end":{"line":256,"column":34}},"82":{"start":{"line":258,"column":20},"end":{"line":258,"column":37}},"83":{"start":{"line":261,"column":6},"end":{"line":266,"column":7}},"84":{"start":{"line":262,"column":8},"end":{"line":264,"column":9}},"85":{"start":{"line":263,"column":10},"end":{"line":263,"column":23}},"86":{"start":{"line":265,"column":8},"end":{"line":265,"column":32}},"87":{"start":{"line":269,"column":6},"end":{"line":286,"column":7}},"88":{"start":{"line":270,"column":8},"end":{"line":270,"column":33}},"89":{"start":{"line":273,"column":8},"end":{"line":280,"column":9}},"90":{"start":{"line":274,"column":10},"end":{"line":279,"column":13}},"91":{"start":{"line":283,"column":8},"end":{"line":283,"column":63}},"92":{"start":{"line":285,"column":8},"end":{"line":285,"column":20}},"93":{"start":{"line":288,"column":6},"end":{"line":288,"column":19}},"94":{"start":{"line":292,"column":4},"end":{"line":309,"column":5}},"95":{"start":{"line":293,"column":6},"end":{"line":293,"column":36}},"96":{"start":{"line":296,"column":6},"end":{"line":303,"column":7}},"97":{"start":{"line":297,"column":8},"end":{"line":302,"column":11}},"98":{"start":{"line":306,"column":6},"end":{"line":306,"column":61}},"99":{"start":{"line":308,"column":6},"end":{"line":308,"column":18}},"100":{"start":{"line":311,"column":4},"end":{"line":311,"column":17}},"101":{"start":{"line":320,"column":22},"end":{"line":320,"column":46}},"102":{"start":{"line":322,"column":4},"end":{"line":336,"column":5}},"103":{"start":{"line":324,"column":25},"end":{"line":324,"column":27}},"104":{"start":{"line":325,"column":6},"end":{"line":329,"column":9}},"105":{"start":{"line":326,"column":8},"end":{"line":328,"column":9}},"106":{"start":{"line":327,"column":10},"end":{"line":327,"column":51}},"107":{"start":{"line":332,"column":6},"end":{"line":332,"column":44}},"108":{"start":{"line":335,"column":6},"end":{"line":335,"column":29}},"109":{"start":{"line":339,"column":4},"end":{"line":346,"column":5}},"110":{"start":{"line":340,"column":6},"end":{"line":345,"column":9}},"111":{"start":{"line":349,"column":4},"end":{"line":349,"column":54}},"112":{"start":{"line":351,"column":4},"end":{"line":351,"column":16}},"113":{"start":{"line":359,"column":4},"end":{"line":365,"column":5}},"114":{"start":{"line":360,"column":6},"end":{"line":360,"column":28}},"115":{"start":{"line":361,"column":6},"end":{"line":361,"column":18}},"116":{"start":{"line":363,"column":6},"end":{"line":363,"column":36}},"117":{"start":{"line":364,"column":6},"end":{"line":364,"column":19}},"118":{"start":{"line":375,"column":4},"end":{"line":378,"column":5}},"119":{"start":{"line":376,"column":6},"end":{"line":376,"column":32}},"120":{"start":{"line":377,"column":6},"end":{"line":377,"column":18}},"121":{"start":{"line":380,"column":23},"end":{"line":380,"column":90}},"122":{"start":{"line":382,"column":4},"end":{"line":384,"column":5}},"123":{"start":{"line":383,"column":6},"end":{"line":383,"column":38}},"124":{"start":{"line":386,"column":4},"end":{"line":386,"column":54}},"125":{"start":{"line":388,"column":4},"end":{"line":388,"column":22}},"126":{"start":{"line":398,"column":4},"end":{"line":407,"column":5}},"127":{"start":{"line":399,"column":6},"end":{"line":399,"column":52}},"128":{"start":{"line":402,"column":6},"end":{"line":404,"column":7}},"129":{"start":{"line":403,"column":8},"end":{"line":403,"column":42}},"130":{"start":{"line":406,"column":6},"end":{"line":406,"column":18}},"131":{"start":{"line":409,"column":4},"end":{"line":409,"column":17}},"132":{"start":{"line":420,"column":4},"end":{"line":485,"column":7}},"133":{"start":{"line":422,"column":23},"end":{"line":422,"column":36}},"134":{"start":{"line":424,"column":23},"end":{"line":424,"column":59}},"135":{"start":{"line":427,"column":25},"end":{"line":431,"column":7}},"136":{"start":{"line":434,"column":6},"end":{"line":442,"column":7}},"137":{"start":{"line":435,"column":8},"end":{"line":441,"column":11}},"138":{"start":{"line":436,"column":10},"end":{"line":440,"column":11}},"139":{"start":{"line":437,"column":12},"end":{"line":437,"column":53}},"140":{"start":{"line":439,"column":12},"end":{"line":439,"column":46}},"141":{"start":{"line":445,"column":6},"end":{"line":469,"column":7}},"142":{"start":{"line":446,"column":22},"end":{"line":446,"column":36}},"143":{"start":{"line":447,"column":24},"end":{"line":447,"column":26}},"144":{"start":{"line":449,"column":8},"end":{"line":468,"column":9}},"145":{"start":{"line":449,"column":21},"end":{"line":449,"column":22}},"146":{"start":{"line":450,"column":10},"end":{"line":450,"column":72}},"147":{"start":{"line":452,"column":10},"end":{"line":467,"column":11}},"148":{"start":{"line":453,"column":35},"end":{"line":453,"column":54}},"149":{"start":{"line":454,"column":35},"end":{"line":454,"column":77}},"150":{"start":{"line":456,"column":12},"end":{"line":466,"column":15}},"151":{"start":{"line":457,"column":14},"end":{"line":465,"column":15}},"152":{"start":{"line":458,"column":16},"end":{"line":462,"column":19}},"153":{"start":{"line":464,"column":16},"end":{"line":464,"column":52}},"154":{"start":{"line":472,"column":6},"end":{"line":484,"column":7}},"155":{"start":{"line":473,"column":8},"end":{"line":483,"column":11}},"156":{"start":{"line":474,"column":10},"end":{"line":482,"column":11}},"157":{"start":{"line":475,"column":12},"end":{"line":479,"column":15}},"158":{"start":{"line":481,"column":12},"end":{"line":481,"column":49}},"159":{"start":{"line":496,"column":4},"end":{"line":498,"column":5}},"160":{"start":{"line":497,"column":6},"end":{"line":497,"column":22}},"161":{"start":{"line":500,"column":18},"end":{"line":500,"column":32}},"162":{"start":{"line":501,"column":18},"end":{"line":501,"column":21}},"163":{"start":{"line":503,"column":4},"end":{"line":508,"column":5}},"164":{"start":{"line":504,"column":6},"end":{"line":506,"column":7}},"165":{"start":{"line":505,"column":8},"end":{"line":505,"column":25}},"166":{"start":{"line":507,"column":6},"end":{"line":507,"column":30}},"167":{"start":{"line":510,"column":4},"end":{"line":510,"column":19}},"168":{"start":{"line":518,"column":4},"end":{"line":518,"column":38}},"169":{"start":{"line":525,"column":4},"end":{"line":525,"column":31}},"170":{"start":{"line":533,"column":4},"end":{"line":533,"column":57}},"171":{"start":{"line":543,"column":4},"end":{"line":546,"column":5}},"172":{"start":{"line":544,"column":6},"end":{"line":544,"column":31}},"173":{"start":{"line":545,"column":6},"end":{"line":545,"column":19}},"174":{"start":{"line":548,"column":22},"end":{"line":548,"column":46}},"175":{"start":{"line":550,"column":4},"end":{"line":559,"column":5}},"176":{"start":{"line":552,"column":6},"end":{"line":555,"column":8}},"177":{"start":{"line":558,"column":6},"end":{"line":558,"column":63}},"178":{"start":{"line":562,"column":4},"end":{"line":569,"column":5}},"179":{"start":{"line":563,"column":6},"end":{"line":568,"column":9}},"180":{"start":{"line":572,"column":4},"end":{"line":572,"column":56}},"181":{"start":{"line":574,"column":4},"end":{"line":574,"column":16}},"182":{"start":{"line":579,"column":27},"end":{"line":594,"column":1}},"183":{"start":{"line":580,"column":2},"end":{"line":593,"column":4}},"184":{"start":{"line":591,"column":6},"end":{"line":591,"column":72}},"185":{"start":{"line":597,"column":0},"end":{"line":600,"column":1}},"186":{"start":{"line":598,"column":2},"end":{"line":598,"column":33}},"187":{"start":{"line":599,"column":2},"end":{"line":599,"column":35}}},"fnMap":{"0":{"name":"(anonymous_0)","decl":{"start":{"line":33,"column":2},"end":{"line":33,"column":3}},"loc":{"start":{"line":33,"column":21},"end":{"line":50,"column":3}},"line":33},"1":{"name":"(anonymous_1)","decl":{"start":{"line":56,"column":2},"end":{"line":56,"column":3}},"loc":{"start":{"line":56,"column":21},"end":{"line":77,"column":3}},"line":56},"2":{"name":"(anonymous_2)","decl":{"start":{"line":64,"column":45},"end":{"line":64,"column":46}},"loc":{"start":{"line":64,"column":52},"end":{"line":68,"column":11}},"line":64},"3":{"name":"(anonymous_3)","decl":{"start":{"line":83,"column":2},"end":{"line":83,"column":3}},"loc":{"start":{"line":83,"column":19},"end":{"line":104,"column":3}},"line":83},"4":{"name":"(anonymous_4)","decl":{"start":{"line":90,"column":43},"end":{"line":90,"column":44}},"loc":{"start":{"line":90,"column":50},"end":{"line":94,"column":9}},"line":90},"5":{"name":"(anonymous_5)","decl":{"start":{"line":110,"column":2},"end":{"line":110,"column":3}},"loc":{"start":{"line":110,"column":19},"end":{"line":120,"column":3}},"line":110},"6":{"name":"(anonymous_6)","decl":{"start":{"line":117,"column":44},"end":{"line":117,"column":45}},"loc":{"start":{"line":117,"column":50},"end":{"line":119,"column":5}},"line":117},"7":{"name":"(anonymous_7)","decl":{"start":{"line":128,"column":2},"end":{"line":128,"column":3}},"loc":{"start":{"line":128,"column":32},"end":{"line":148,"column":3}},"line":128},"8":{"name":"(anonymous_8)","decl":{"start":{"line":156,"column":2},"end":{"line":156,"column":3}},"loc":{"start":{"line":156,"column":26},"end":{"line":214,"column":3}},"line":156},"9":{"name":"(anonymous_9)","decl":{"start":{"line":171,"column":42},"end":{"line":171,"column":43}},"loc":{"start":{"line":171,"column":58},"end":{"line":178,"column":7}},"line":171},"10":{"name":"(anonymous_10)","decl":{"start":{"line":222,"column":2},"end":{"line":222,"column":3}},"loc":{"start":{"line":222,"column":30},"end":{"line":238,"column":3}},"line":222},"11":{"name":"(anonymous_11)","decl":{"start":{"line":245,"column":2},"end":{"line":245,"column":3}},"loc":{"start":{"line":245,"column":14},"end":{"line":312,"column":3}},"line":245},"12":{"name":"(anonymous_12)","decl":{"start":{"line":319,"column":2},"end":{"line":319,"column":3}},"loc":{"start":{"line":319,"column":25},"end":{"line":352,"column":3}},"line":319},"13":{"name":"(anonymous_13)","decl":{"start":{"line":325,"column":25},"end":{"line":325,"column":26}},"loc":{"start":{"line":325,"column":32},"end":{"line":329,"column":7}},"line":325},"14":{"name":"(anonymous_14)","decl":{"start":{"line":358,"column":2},"end":{"line":358,"column":3}},"loc":{"start":{"line":358,"column":9},"end":{"line":366,"column":3}},"line":358},"15":{"name":"(anonymous_15)","decl":{"start":{"line":374,"column":2},"end":{"line":374,"column":3}},"loc":{"start":{"line":374,"column":27},"end":{"line":389,"column":3}},"line":374},"16":{"name":"(anonymous_16)","decl":{"start":{"line":397,"column":2},"end":{"line":397,"column":3}},"loc":{"start":{"line":397,"column":31},"end":{"line":410,"column":3}},"line":397},"17":{"name":"(anonymous_17)","decl":{"start":{"line":418,"column":2},"end":{"line":418,"column":3}},"loc":{"start":{"line":418,"column":39},"end":{"line":486,"column":3}},"line":418},"18":{"name":"(anonymous_18)","decl":{"start":{"line":420,"column":33},"end":{"line":420,"column":34}},"loc":{"start":{"line":420,"column":40},"end":{"line":485,"column":5}},"line":420},"19":{"name":"(anonymous_19)","decl":{"start":{"line":435,"column":58},"end":{"line":435,"column":59}},"loc":{"start":{"line":435,"column":70},"end":{"line":441,"column":9}},"line":435},"20":{"name":"(anonymous_20)","decl":{"start":{"line":456,"column":68},"end":{"line":456,"column":69}},"loc":{"start":{"line":456,"column":80},"end":{"line":466,"column":13}},"line":456},"21":{"name":"(anonymous_21)","decl":{"start":{"line":473,"column":58},"end":{"line":473,"column":59}},"loc":{"start":{"line":473,"column":70},"end":{"line":483,"column":9}},"line":473},"22":{"name":"(anonymous_22)","decl":{"start":{"line":495,"column":2},"end":{"line":495,"column":3}},"loc":{"start":{"line":495,"column":28},"end":{"line":511,"column":3}},"line":495},"23":{"name":"(anonymous_23)","decl":{"start":{"line":517,"column":2},"end":{"line":517,"column":3}},"loc":{"start":{"line":517,"column":17},"end":{"line":519,"column":3}},"line":517},"24":{"name":"(anonymous_24)","decl":{"start":{"line":524,"column":2},"end":{"line":524,"column":3}},"loc":{"start":{"line":524,"column":19},"end":{"line":526,"column":3}},"line":524},"25":{"name":"(anonymous_25)","decl":{"start":{"line":532,"column":2},"end":{"line":532,"column":3}},"loc":{"start":{"line":532,"column":16},"end":{"line":534,"column":3}},"line":532},"26":{"name":"(anonymous_26)","decl":{"start":{"line":542,"column":2},"end":{"line":542,"column":3}},"loc":{"start":{"line":542,"column":43},"end":{"line":575,"column":3}},"line":542},"27":{"name":"(anonymous_27)","decl":{"start":{"line":579,"column":27},"end":{"line":579,"column":28}},"loc":{"start":{"line":579,"column":45},"end":{"line":594,"column":1}},"line":579},"28":{"name":"(anonymous_28)","decl":{"start":{"line":590,"column":10},"end":{"line":590,"column":11}},"loc":{"start":{"line":590,"column":37},"end":{"line":592,"column":5}},"line":590}},"branchMap":{"0":{"loc":{"start":{"line":33,"column":7},"end":{"line":33,"column":19}},"type":"default-arg","locations":[{"start":{"line":33,"column":17},"end":{"line":33,"column":19}}],"line":33},"1":{"loc":{"start":{"line":41,"column":4},"end":{"line":43,"column":5}},"type":"if","locations":[{"start":{"line":41,"column":4},"end":{"line":43,"column":5}},{"start":{},"end":{}}],"line":41},"2":{"loc":{"start":{"line":59,"column":6},"end":{"line":73,"column":7}},"type":"if","locations":[{"start":{"line":59,"column":6},"end":{"line":73,"column":7}},{"start":{},"end":{}}],"line":59},"3":{"loc":{"start":{"line":63,"column":8},"end":{"line":72,"column":9}},"type":"if","locations":[{"start":{"line":63,"column":8},"end":{"line":72,"column":9}},{"start":{"line":69,"column":15},"end":{"line":72,"column":9}}],"line":63},"4":{"loc":{"start":{"line":65,"column":12},"end":{"line":67,"column":13}},"type":"if","locations":[{"start":{"line":65,"column":12},"end":{"line":67,"column":13}},{"start":{},"end":{}}],"line":65},"5":{"loc":{"start":{"line":88,"column":6},"end":{"line":98,"column":7}},"type":"if","locations":[{"start":{"line":88,"column":6},"end":{"line":98,"column":7}},{"start":{"line":95,"column":13},"end":{"line":98,"column":7}}],"line":88},"6":{"loc":{"start":{"line":91,"column":10},"end":{"line":93,"column":11}},"type":"if","locations":[{"start":{"line":91,"column":10},"end":{"line":93,"column":11}},{"start":{},"end":{}}],"line":91},"7":{"loc":{"start":{"line":112,"column":4},"end":{"line":114,"column":5}},"type":"if","locations":[{"start":{"line":112,"column":4},"end":{"line":114,"column":5}},{"start":{},"end":{}}],"line":112},"8":{"loc":{"start":{"line":128,"column":11},"end":{"line":128,"column":30}},"type":"default-arg","locations":[{"start":{"line":128,"column":26},"end":{"line":128,"column":30}}],"line":128},"9":{"loc":{"start":{"line":129,"column":4},"end":{"line":129,"column":46}},"type":"if","locations":[{"start":{"line":129,"column":4},"end":{"line":129,"column":46}},{"start":{},"end":{}}],"line":129},"10":{"loc":{"start":{"line":132,"column":4},"end":{"line":144,"column":5}},"type":"if","locations":[{"start":{"line":132,"column":4},"end":{"line":144,"column":5}},{"start":{},"end":{}}],"line":132},"11":{"loc":{"start":{"line":137,"column":8},"end":{"line":139,"column":9}},"type":"if","locations":[{"start":{"line":137,"column":8},"end":{"line":139,"column":9}},{"start":{},"end":{}}],"line":137},"12":{"loc":{"start":{"line":137,"column":12},"end":{"line":137,"column":49}},"type":"binary-expr","locations":[{"start":{"line":137,"column":12},"end":{"line":137,"column":31}},{"start":{"line":137,"column":35},"end":{"line":137,"column":49}}],"line":137},"13":{"loc":{"start":{"line":143,"column":13},"end":{"line":143,"column":55}},"type":"cond-expr","locations":[{"start":{"line":143,"column":35},"end":{"line":143,"column":47}},{"start":{"line":143,"column":50},"end":{"line":143,"column":55}}],"line":143},"14":{"loc":{"start":{"line":147,"column":11},"end":{"line":147,"column":88}},"type":"cond-expr","locations":[{"start":{"line":147,"column":51},"end":{"line":147,"column":73}},{"start":{"line":147,"column":76},"end":{"line":147,"column":88}}],"line":147},"15":{"loc":{"start":{"line":158,"column":4},"end":{"line":161,"column":5}},"type":"if","locations":[{"start":{"line":158,"column":4},"end":{"line":161,"column":5}},{"start":{},"end":{}}],"line":158},"16":{"loc":{"start":{"line":167,"column":4},"end":{"line":193,"column":5}},"type":"if","locations":[{"start":{"line":167,"column":4},"end":{"line":193,"column":5}},{"start":{"line":179,"column":11},"end":{"line":193,"column":5}}],"line":167},"17":{"loc":{"start":{"line":167,"column":8},"end":{"line":167,"column":63}},"type":"binary-expr","locations":[{"start":{"line":167,"column":8},"end":{"line":167,"column":39}},{"start":{"line":167,"column":43},"end":{"line":167,"column":63}}],"line":167},"18":{"loc":{"start":{"line":173,"column":8},"end":{"line":177,"column":9}},"type":"if","locations":[{"start":{"line":173,"column":8},"end":{"line":177,"column":9}},{"start":{"line":175,"column":15},"end":{"line":177,"column":9}}],"line":173},"19":{"loc":{"start":{"line":179,"column":11},"end":{"line":193,"column":5}},"type":"if","locations":[{"start":{"line":179,"column":11},"end":{"line":193,"column":5}},{"start":{"line":190,"column":11},"end":{"line":193,"column":5}}],"line":179},"20":{"loc":{"start":{"line":185,"column":6},"end":{"line":189,"column":7}},"type":"if","locations":[{"start":{"line":185,"column":6},"end":{"line":189,"column":7}},{"start":{"line":187,"column":13},"end":{"line":189,"column":7}}],"line":185},"21":{"loc":{"start":{"line":196,"column":4},"end":{"line":203,"column":5}},"type":"if","locations":[{"start":{"line":196,"column":4},"end":{"line":203,"column":5}},{"start":{},"end":{}}],"line":196},"22":{"loc":{"start":{"line":209,"column":4},"end":{"line":211,"column":5}},"type":"if","locations":[{"start":{"line":209,"column":4},"end":{"line":211,"column":5}},{"start":{},"end":{}}],"line":209},"23":{"loc":{"start":{"line":209,"column":8},"end":{"line":209,"column":64}},"type":"binary-expr","locations":[{"start":{"line":209,"column":8},"end":{"line":209,"column":34}},{"start":{"line":209,"column":38},"end":{"line":209,"column":64}}],"line":209},"24":{"loc":{"start":{"line":230,"column":6},"end":{"line":232,"column":7}},"type":"if","locations":[{"start":{"line":230,"column":6},"end":{"line":232,"column":7}},{"start":{},"end":{}}],"line":230},"25":{"loc":{"start":{"line":230,"column":10},"end":{"line":230,"column":61}},"type":"binary-expr","locations":[{"start":{"line":230,"column":10},"end":{"line":230,"column":24}},{"start":{"line":230,"column":28},"end":{"line":230,"column":61}}],"line":230},"26":{"loc":{"start":{"line":246,"column":4},"end":{"line":249,"column":5}},"type":"if","locations":[{"start":{"line":246,"column":4},"end":{"line":249,"column":5}},{"start":{},"end":{}}],"line":246},"27":{"loc":{"start":{"line":246,"column":8},"end":{"line":246,"column":39}},"type":"binary-expr","locations":[{"start":{"line":246,"column":8},"end":{"line":246,"column":12}},{"start":{"line":246,"column":16},"end":{"line":246,"column":39}}],"line":246},"28":{"loc":{"start":{"line":254,"column":4},"end":{"line":289,"column":5}},"type":"if","locations":[{"start":{"line":254,"column":4},"end":{"line":289,"column":5}},{"start":{},"end":{}}],"line":254},"29":{"loc":{"start":{"line":262,"column":8},"end":{"line":264,"column":9}},"type":"if","locations":[{"start":{"line":262,"column":8},"end":{"line":264,"column":9}},{"start":{},"end":{}}],"line":262},"30":{"loc":{"start":{"line":262,"column":12},"end":{"line":262,"column":63}},"type":"binary-expr","locations":[{"start":{"line":262,"column":12},"end":{"line":262,"column":26}},{"start":{"line":262,"column":30},"end":{"line":262,"column":63}}],"line":262},"31":{"loc":{"start":{"line":269,"column":6},"end":{"line":286,"column":7}},"type":"if","locations":[{"start":{"line":269,"column":6},"end":{"line":286,"column":7}},{"start":{},"end":{}}],"line":269},"32":{"loc":{"start":{"line":273,"column":8},"end":{"line":280,"column":9}},"type":"if","locations":[{"start":{"line":273,"column":8},"end":{"line":280,"column":9}},{"start":{},"end":{}}],"line":273},"33":{"loc":{"start":{"line":292,"column":4},"end":{"line":309,"column":5}},"type":"if","locations":[{"start":{"line":292,"column":4},"end":{"line":309,"column":5}},{"start":{},"end":{}}],"line":292},"34":{"loc":{"start":{"line":296,"column":6},"end":{"line":303,"column":7}},"type":"if","locations":[{"start":{"line":296,"column":6},"end":{"line":303,"column":7}},{"start":{},"end":{}}],"line":296},"35":{"loc":{"start":{"line":319,"column":8},"end":{"line":319,"column":23}},"type":"default-arg","locations":[{"start":{"line":319,"column":21},"end":{"line":319,"column":23}}],"line":319},"36":{"loc":{"start":{"line":322,"column":4},"end":{"line":336,"column":5}},"type":"if","locations":[{"start":{"line":322,"column":4},"end":{"line":336,"column":5}},{"start":{"line":333,"column":11},"end":{"line":336,"column":5}}],"line":322},"37":{"loc":{"start":{"line":326,"column":8},"end":{"line":328,"column":9}},"type":"if","locations":[{"start":{"line":326,"column":8},"end":{"line":328,"column":9}},{"start":{},"end":{}}],"line":326},"38":{"loc":{"start":{"line":339,"column":4},"end":{"line":346,"column":5}},"type":"if","locations":[{"start":{"line":339,"column":4},"end":{"line":346,"column":5}},{"start":{},"end":{}}],"line":339},"39":{"loc":{"start":{"line":375,"column":4},"end":{"line":378,"column":5}},"type":"if","locations":[{"start":{"line":375,"column":4},"end":{"line":378,"column":5}},{"start":{},"end":{}}],"line":375},"40":{"loc":{"start":{"line":382,"column":4},"end":{"line":384,"column":5}},"type":"if","locations":[{"start":{"line":382,"column":4},"end":{"line":384,"column":5}},{"start":{},"end":{}}],"line":382},"41":{"loc":{"start":{"line":398,"column":4},"end":{"line":407,"column":5}},"type":"if","locations":[{"start":{"line":398,"column":4},"end":{"line":407,"column":5}},{"start":{},"end":{}}],"line":398},"42":{"loc":{"start":{"line":398,"column":8},"end":{"line":398,"column":76}},"type":"binary-expr","locations":[{"start":{"line":398,"column":8},"end":{"line":398,"column":34}},{"start":{"line":398,"column":38},"end":{"line":398,"column":76}}],"line":398},"43":{"loc":{"start":{"line":402,"column":6},"end":{"line":404,"column":7}},"type":"if","locations":[{"start":{"line":402,"column":6},"end":{"line":404,"column":7}},{"start":{},"end":{}}],"line":402},"44":{"loc":{"start":{"line":430,"column":14},"end":{"line":430,"column":56}},"type":"cond-expr","locations":[{"start":{"line":430,"column":34},"end":{"line":430,"column":48}},{"start":{"line":430,"column":51},"end":{"line":430,"column":56}}],"line":430},"45":{"loc":{"start":{"line":434,"column":6},"end":{"line":442,"column":7}},"type":"if","locations":[{"start":{"line":434,"column":6},"end":{"line":442,"column":7}},{"start":{},"end":{}}],"line":434},"46":{"loc":{"start":{"line":445,"column":6},"end":{"line":469,"column":7}},"type":"if","locations":[{"start":{"line":445,"column":6},"end":{"line":469,"column":7}},{"start":{},"end":{}}],"line":445},"47":{"loc":{"start":{"line":450,"column":22},"end":{"line":450,"column":71}},"type":"cond-expr","locations":[{"start":{"line":450,"column":34},"end":{"line":450,"column":60}},{"start":{"line":450,"column":63},"end":{"line":450,"column":71}}],"line":450},"48":{"loc":{"start":{"line":452,"column":10},"end":{"line":467,"column":11}},"type":"if","locations":[{"start":{"line":452,"column":10},"end":{"line":467,"column":11}},{"start":{},"end":{}}],"line":452},"49":{"loc":{"start":{"line":472,"column":6},"end":{"line":484,"column":7}},"type":"if","locations":[{"start":{"line":472,"column":6},"end":{"line":484,"column":7}},{"start":{},"end":{}}],"line":472},"50":{"loc":{"start":{"line":496,"column":4},"end":{"line":498,"column":5}},"type":"if","locations":[{"start":{"line":496,"column":4},"end":{"line":498,"column":5}},{"start":{},"end":{}}],"line":496},"51":{"loc":{"start":{"line":504,"column":6},"end":{"line":506,"column":7}},"type":"if","locations":[{"start":{"line":504,"column":6},"end":{"line":506,"column":7}},{"start":{},"end":{}}],"line":504},"52":{"loc":{"start":{"line":504,"column":10},"end":{"line":504,"column":51}},"type":"binary-expr","locations":[{"start":{"line":504,"column":10},"end":{"line":504,"column":31}},{"start":{"line":504,"column":35},"end":{"line":504,"column":51}}],"line":504},"53":{"loc":{"start":{"line":542,"column":28},"end":{"line":542,"column":41}},"type":"default-arg","locations":[{"start":{"line":542,"column":36},"end":{"line":542,"column":41}}],"line":542},"54":{"loc":{"start":{"line":543,"column":4},"end":{"line":546,"column":5}},"type":"if","locations":[{"start":{"line":543,"column":4},"end":{"line":546,"column":5}},{"start":{},"end":{}}],"line":543},"55":{"loc":{"start":{"line":543,"column":8},"end":{"line":543,"column":49}},"type":"binary-expr","locations":[{"start":{"line":543,"column":8},"end":{"line":543,"column":17}},{"start":{"line":543,"column":21},"end":{"line":543,"column":49}}],"line":543},"56":{"loc":{"start":{"line":550,"column":4},"end":{"line":559,"column":5}},"type":"if","locations":[{"start":{"line":550,"column":4},"end":{"line":559,"column":5}},{"start":{"line":556,"column":11},"end":{"line":559,"column":5}}],"line":550},"57":{"loc":{"start":{"line":562,"column":4},"end":{"line":569,"column":5}},"type":"if","locations":[{"start":{"line":562,"column":4},"end":{"line":569,"column":5}},{"start":{},"end":{}}],"line":562},"58":{"loc":{"start":{"line":579,"column":28},"end":{"line":579,"column":40}},"type":"default-arg","locations":[{"start":{"line":579,"column":38},"end":{"line":579,"column":40}}],"line":579},"59":{"loc":{"start":{"line":590,"column":19},"end":{"line":590,"column":35}},"type":"default-arg","locations":[{"start":{"line":590,"column":33},"end":{"line":590,"column":35}}],"line":590},"60":{"loc":{"start":{"line":597,"column":0},"end":{"line":600,"column":1}},"type":"if","locations":[{"start":{"line":597,"column":0},"end":{"line":600,"column":1}},{"start":{},"end":{}}],"line":597}},"s":{"0":0,"1":0,"2":0,"3":0,"4":0,"5":0,"6":0,"7":0,"8":0,"9":0,"10":0,"11":0,"12":0,"13":0,"14":0,"15":0,"16":0,"17":0,"18":0,"19":0,"20":0,"21":0,"22":0,"23":0,"24":0,"25":0,"26":0,"27":0,"28":0,"29":0,"30":0,"31":0,"32":0,"33":0,"34":0,"35":0,"36":0,"37":0,"38":0,"39":0,"40":0,"41":0,"42":0,"43":0,"44":0,"45":0,"46":0,"47":0,"48":0,"49":0,"50":0,"51":0,"52":0,"53":0,"54":0,"55":0,"56":0,"57":0,"58":0,"59":0,"60":0,"61":0,"62":0,"63":0,"64":0,"65":0,"66":0,"67":0,"68":0,"69":0,"70":0,"71":0,"72":0,"73":0,"74":0,"75":0,"76":0,"77":0,"78":0,"79":0,"80":0,"81":0,"82":0,"83":0,"84":0,"85":0,"86":0,"87":0,"88":0,"89":0,"90":0,"91":0,"92":0,"93":0,"94":0,"95":0,"96":0,"97":0,"98":0,"99":0,"100":0,"101":0,"102":0,"103":0,"104":0,"105":0,"106":0,"107":0,"108":0,"109":0,"110":0,"111":0,"112":0,"113":0,"114":0,"115":0,"116":0,"117":0,"118":0,"119":0,"120":0,"121":0,"122":0,"123":0,"124":0,"125":0,"126":0,"127":0,"128":0,"129":0,"130":0,"131":0,"132":0,"133":0,"134":0,"135":0,"136":0,"137":0,"138":0,"139":0,"140":0,"141":0,"142":0,"143":0,"144":0,"145":0,"146":0,"147":0,"148":0,"149":0,"150":0,"151":0,"152":0,"153":0,"154":0,"155":0,"156":0,"157":0,"158":0,"159":0,"160":0,"161":0,"162":0,"163":0,"164":0,"165":0,"166":0,"167":0,"168":0,"169":0,"170":0,"171":0,"172":0,"173":0,"174":0,"175":0,"176":0,"177":0,"178":0,"179":0,"180":0,"181":0,"182":0,"183":0,"184":0,"185":0,"186":0,"187":0},"f":{"0":0,"1":0,"2":0,"3":0,"4":0,"5":0,"6":0,"7":0,"8":0,"9":0,"10":0,"11":0,"12":0,"13":0,"14":0,"15":0,"16":0,"17":0,"18":0,"19":0,"20":0,"21":0,"22":0,"23":0,"24":0,"25":0,"26":0,"27":0,"28":0},"b":{"0":[0],"1":[0,0],"2":[0,0],"3":[0,0],"4":[0,0],"5":[0,0],"6":[0,0],"7":[0,0],"8":[0],"9":[0,0],"10":[0,0],"11":[0,0],"12":[0,0],"13":[0,0],"14":[0,0],"15":[0,0],"16":[0,0],"17":[0,0],"18":[0,0],"19":[0,0],"20":[0,0],"21":[0,0],"22":[0,0],"23":[0,0],"24":[0,0],"25":[0,0],"26":[0,0],"27":[0,0],"28":[0,0],"29":[0,0],"30":[0,0],"31":[0,0],"32":[0,0],"33":[0,0],"34":[0,0],"35":[0],"36":[0,0],"37":[0,0],"38":[0,0],"39":[0,0],"40":[0,0],"41":[0,0],"42":[0,0],"43":[0,0],"44":[0,0],"45":[0,0],"46":[0,0],"47":[0,0],"48":[0,0],"49":[0,0],"50":[0,0],"51":[0,0],"52":[0,0],"53":[0],"54":[0,0],"55":[0,0],"56":[0,0],"57":[0,0],"58":[0],"59":[0],"60":[0,0]}}
,"C:\\Users\\Steve\\heiniu\\components\\modules\\ui\\modal.js": {"path":"C:\\Users\\Steve\\heiniu\\components\\modules\\ui\\modal.js","statementMap":{"0":{"start":{"line":7,"column":26},"end":{"line":557,"column":1}},"1":{"start":{"line":37,"column":4},"end":{"line":37,"column":49}},"2":{"start":{"line":40,"column":4},"end":{"line":43,"column":5}},"3":{"start":{"line":41,"column":6},"end":{"line":41,"column":29}},"4":{"start":{"line":42,"column":6},"end":{"line":42,"column":37}},"5":{"start":{"line":46,"column":4},"end":{"line":53,"column":5}},"6":{"start":{"line":47,"column":6},"end":{"line":52,"column":9}},"7":{"start":{"line":48,"column":8},"end":{"line":51,"column":9}},"8":{"start":{"line":49,"column":30},"end":{"line":49,"column":79}},"9":{"start":{"line":50,"column":10},"end":{"line":50,"column":34}},"10":{"start":{"line":55,"column":4},"end":{"line":55,"column":31}},"11":{"start":{"line":56,"column":4},"end":{"line":56,"column":16}},"12":{"start":{"line":64,"column":20},"end":{"line":64,"column":51}},"13":{"start":{"line":65,"column":4},"end":{"line":213,"column":6}},"14":{"start":{"line":215,"column":4},"end":{"line":215,"column":39}},"15":{"start":{"line":232,"column":4},"end":{"line":234,"column":5}},"16":{"start":{"line":233,"column":6},"end":{"line":233,"column":18}},"17":{"start":{"line":237,"column":15},"end":{"line":237,"column":48}},"18":{"start":{"line":240,"column":25},"end":{"line":249,"column":5}},"19":{"start":{"line":252,"column":20},"end":{"line":252,"column":49}},"20":{"start":{"line":253,"column":4},"end":{"line":253,"column":49}},"21":{"start":{"line":254,"column":4},"end":{"line":254,"column":33}},"22":{"start":{"line":257,"column":4},"end":{"line":263,"column":5}},"23":{"start":{"line":258,"column":6},"end":{"line":262,"column":9}},"24":{"start":{"line":259,"column":8},"end":{"line":261,"column":9}},"25":{"start":{"line":260,"column":10},"end":{"line":260,"column":25}},"26":{"start":{"line":266,"column":18},"end":{"line":266,"column":47}},"27":{"start":{"line":267,"column":4},"end":{"line":267,"column":45}},"28":{"start":{"line":268,"column":4},"end":{"line":268,"column":18}},"29":{"start":{"line":271,"column":4},"end":{"line":276,"column":5}},"30":{"start":{"line":272,"column":6},"end":{"line":272,"column":76}},"31":{"start":{"line":273,"column":11},"end":{"line":276,"column":5}},"32":{"start":{"line":275,"column":6},"end":{"line":275,"column":44}},"33":{"start":{"line":279,"column":19},"end":{"line":279,"column":48}},"34":{"start":{"line":280,"column":4},"end":{"line":280,"column":58}},"35":{"start":{"line":282,"column":18},"end":{"line":282,"column":46}},"36":{"start":{"line":283,"column":4},"end":{"line":283,"column":56}},"37":{"start":{"line":284,"column":4},"end":{"line":284,"column":43}},"38":{"start":{"line":285,"column":4},"end":{"line":285,"column":30}},"39":{"start":{"line":288,"column":4},"end":{"line":295,"column":5}},"40":{"start":{"line":289,"column":23},"end":{"line":289,"column":55}},"41":{"start":{"line":290,"column":6},"end":{"line":290,"column":56}},"42":{"start":{"line":291,"column":6},"end":{"line":291,"column":37}},"43":{"start":{"line":292,"column":6},"end":{"line":292,"column":48}},"44":{"start":{"line":293,"column":6},"end":{"line":293,"column":63}},"45":{"start":{"line":293,"column":47},"end":{"line":293,"column":61}},"46":{"start":{"line":294,"column":6},"end":{"line":294,"column":35}},"47":{"start":{"line":297,"column":4},"end":{"line":297,"column":30}},"48":{"start":{"line":300,"column":17},"end":{"line":300,"column":46}},"49":{"start":{"line":301,"column":4},"end":{"line":301,"column":54}},"50":{"start":{"line":303,"column":4},"end":{"line":307,"column":5}},"51":{"start":{"line":304,"column":6},"end":{"line":304,"column":44}},"52":{"start":{"line":305,"column":11},"end":{"line":307,"column":5}},"53":{"start":{"line":306,"column":6},"end":{"line":306,"column":45}},"54":{"start":{"line":309,"column":4},"end":{"line":309,"column":28}},"55":{"start":{"line":312,"column":4},"end":{"line":343,"column":5}},"56":{"start":{"line":313,"column":21},"end":{"line":313,"column":50}},"57":{"start":{"line":314,"column":6},"end":{"line":314,"column":60}},"58":{"start":{"line":316,"column":6},"end":{"line":340,"column":9}},"59":{"start":{"line":317,"column":23},"end":{"line":317,"column":55}},"60":{"start":{"line":318,"column":8},"end":{"line":318,"column":59}},"61":{"start":{"line":320,"column":8},"end":{"line":322,"column":9}},"62":{"start":{"line":321,"column":10},"end":{"line":321,"column":72}},"63":{"start":{"line":324,"column":8},"end":{"line":324,"column":46}},"64":{"start":{"line":326,"column":8},"end":{"line":333,"column":9}},"65":{"start":{"line":327,"column":10},"end":{"line":332,"column":13}},"66":{"start":{"line":328,"column":12},"end":{"line":331,"column":15}},"67":{"start":{"line":329,"column":27},"end":{"line":329,"column":41}},"68":{"start":{"line":335,"column":8},"end":{"line":337,"column":9}},"69":{"start":{"line":336,"column":10},"end":{"line":336,"column":65}},"70":{"start":{"line":336,"column":49},"end":{"line":336,"column":63}},"71":{"start":{"line":339,"column":8},"end":{"line":339,"column":35}},"72":{"start":{"line":342,"column":6},"end":{"line":342,"column":32}},"73":{"start":{"line":346,"column":4},"end":{"line":346,"column":31}},"74":{"start":{"line":349,"column":4},"end":{"line":349,"column":39}},"75":{"start":{"line":352,"column":4},"end":{"line":352,"column":32}},"76":{"start":{"line":355,"column":4},"end":{"line":357,"column":5}},"77":{"start":{"line":356,"column":6},"end":{"line":356,"column":46}},"78":{"start":{"line":360,"column":4},"end":{"line":373,"column":7}},"79":{"start":{"line":362,"column":6},"end":{"line":362,"column":39}},"80":{"start":{"line":365,"column":6},"end":{"line":372,"column":7}},"81":{"start":{"line":366,"column":8},"end":{"line":371,"column":11}},"82":{"start":{"line":368,"column":23},"end":{"line":368,"column":37}},"83":{"start":{"line":376,"column":4},"end":{"line":381,"column":6}},"84":{"start":{"line":378,"column":19},"end":{"line":378,"column":33}},"85":{"start":{"line":379,"column":27},"end":{"line":379,"column":51}},"86":{"start":{"line":380,"column":24},"end":{"line":380,"column":51}},"87":{"start":{"line":391,"column":18},"end":{"line":391,"column":45}},"88":{"start":{"line":392,"column":4},"end":{"line":392,"column":29}},"89":{"start":{"line":392,"column":16},"end":{"line":392,"column":29}},"90":{"start":{"line":394,"column":17},"end":{"line":394,"column":71}},"91":{"start":{"line":395,"column":4},"end":{"line":395,"column":28}},"92":{"start":{"line":395,"column":15},"end":{"line":395,"column":28}},"93":{"start":{"line":398,"column":4},"end":{"line":398,"column":24}},"94":{"start":{"line":401,"column":4},"end":{"line":405,"column":5}},"95":{"start":{"line":402,"column":6},"end":{"line":402,"column":31}},"96":{"start":{"line":403,"column":11},"end":{"line":405,"column":5}},"97":{"start":{"line":404,"column":6},"end":{"line":404,"column":32}},"98":{"start":{"line":407,"column":4},"end":{"line":407,"column":16}},"99":{"start":{"line":416,"column":18},"end":{"line":416,"column":45}},"100":{"start":{"line":417,"column":20},"end":{"line":417,"column":60}},"101":{"start":{"line":419,"column":4},"end":{"line":419,"column":41}},"102":{"start":{"line":419,"column":28},"end":{"line":419,"column":41}},"103":{"start":{"line":422,"column":23},"end":{"line":422,"column":53}},"104":{"start":{"line":423,"column":20},"end":{"line":423,"column":40}},"105":{"start":{"line":426,"column":4},"end":{"line":426,"column":40}},"106":{"start":{"line":429,"column":4},"end":{"line":435,"column":5}},"107":{"start":{"line":430,"column":6},"end":{"line":434,"column":9}},"108":{"start":{"line":438,"column":4},"end":{"line":440,"column":5}},"109":{"start":{"line":439,"column":6},"end":{"line":439,"column":47}},"110":{"start":{"line":443,"column":4},"end":{"line":454,"column":12}},"111":{"start":{"line":444,"column":6},"end":{"line":448,"column":7}},"112":{"start":{"line":445,"column":8},"end":{"line":445,"column":43}},"113":{"start":{"line":447,"column":8},"end":{"line":447,"column":39}},"114":{"start":{"line":451,"column":6},"end":{"line":453,"column":7}},"115":{"start":{"line":452,"column":8},"end":{"line":452,"column":42}},"116":{"start":{"line":456,"column":4},"end":{"line":456,"column":16}},"117":{"start":{"line":464,"column":19},"end":{"line":464,"column":42}},"118":{"start":{"line":465,"column":4},"end":{"line":465,"column":41}},"119":{"start":{"line":465,"column":25},"end":{"line":465,"column":39}},"120":{"start":{"line":480,"column":27},"end":{"line":488,"column":5}},"121":{"start":{"line":490,"column":4},"end":{"line":517,"column":7}},"122":{"start":{"line":499,"column":12},"end":{"line":501,"column":13}},"123":{"start":{"line":500,"column":14},"end":{"line":500,"column":40}},"124":{"start":{"line":502,"column":12},"end":{"line":502,"column":20}},"125":{"start":{"line":510,"column":12},"end":{"line":512,"column":13}},"126":{"start":{"line":511,"column":14},"end":{"line":511,"column":41}},"127":{"start":{"line":513,"column":12},"end":{"line":513,"column":20}},"128":{"start":{"line":530,"column":25},"end":{"line":536,"column":5}},"129":{"start":{"line":538,"column":4},"end":{"line":555,"column":7}},"130":{"start":{"line":548,"column":12},"end":{"line":550,"column":13}},"131":{"start":{"line":549,"column":14},"end":{"line":549,"column":37}},"132":{"start":{"line":551,"column":12},"end":{"line":551,"column":20}},"133":{"start":{"line":560,"column":25},"end":{"line":560,"column":64}},"134":{"start":{"line":560,"column":38},"end":{"line":560,"column":64}},"135":{"start":{"line":561,"column":27},"end":{"line":561,"column":67}},"136":{"start":{"line":561,"column":40},"end":{"line":561,"column":67}},"137":{"start":{"line":562,"column":25},"end":{"line":562,"column":63}},"138":{"start":{"line":562,"column":38},"end":{"line":562,"column":63}},"139":{"start":{"line":565,"column":0},"end":{"line":570,"column":1}},"140":{"start":{"line":566,"column":2},"end":{"line":566,"column":33}},"141":{"start":{"line":567,"column":2},"end":{"line":567,"column":31}},"142":{"start":{"line":568,"column":2},"end":{"line":568,"column":35}},"143":{"start":{"line":569,"column":2},"end":{"line":569,"column":31}}},"fnMap":{"0":{"name":"(anonymous_0)","decl":{"start":{"line":35,"column":2},"end":{"line":35,"column":3}},"loc":{"start":{"line":35,"column":21},"end":{"line":57,"column":3}},"line":35},"1":{"name":"(anonymous_1)","decl":{"start":{"line":47,"column":43},"end":{"line":47,"column":44}},"loc":{"start":{"line":47,"column":50},"end":{"line":52,"column":7}},"line":47},"2":{"name":"(anonymous_2)","decl":{"start":{"line":63,"column":2},"end":{"line":63,"column":3}},"loc":{"start":{"line":63,"column":20},"end":{"line":216,"column":3}},"line":63},"3":{"name":"(anonymous_3)","decl":{"start":{"line":230,"column":2},"end":{"line":230,"column":3}},"loc":{"start":{"line":230,"column":23},"end":{"line":382,"column":3}},"line":230},"4":{"name":"(anonymous_4)","decl":{"start":{"line":258,"column":40},"end":{"line":258,"column":41}},"loc":{"start":{"line":258,"column":47},"end":{"line":262,"column":7}},"line":258},"5":{"name":"(anonymous_5)","decl":{"start":{"line":293,"column":41},"end":{"line":293,"column":42}},"loc":{"start":{"line":293,"column":47},"end":{"line":293,"column":61}},"line":293},"6":{"name":"(anonymous_6)","decl":{"start":{"line":316,"column":35},"end":{"line":316,"column":36}},"loc":{"start":{"line":316,"column":42},"end":{"line":340,"column":7}},"line":316},"7":{"name":"(anonymous_7)","decl":{"start":{"line":327,"column":43},"end":{"line":327,"column":44}},"loc":{"start":{"line":327,"column":50},"end":{"line":332,"column":11}},"line":327},"8":{"name":"(anonymous_8)","decl":{"start":{"line":329,"column":21},"end":{"line":329,"column":22}},"loc":{"start":{"line":329,"column":27},"end":{"line":329,"column":41}},"line":329},"9":{"name":"(anonymous_9)","decl":{"start":{"line":336,"column":43},"end":{"line":336,"column":44}},"loc":{"start":{"line":336,"column":49},"end":{"line":336,"column":63}},"line":336},"10":{"name":"(anonymous_10)","decl":{"start":{"line":360,"column":26},"end":{"line":360,"column":27}},"loc":{"start":{"line":360,"column":32},"end":{"line":373,"column":5}},"line":360},"11":{"name":"(anonymous_11)","decl":{"start":{"line":368,"column":17},"end":{"line":368,"column":18}},"loc":{"start":{"line":368,"column":23},"end":{"line":368,"column":37}},"line":368},"12":{"name":"(anonymous_12)","decl":{"start":{"line":378,"column":13},"end":{"line":378,"column":14}},"loc":{"start":{"line":378,"column":19},"end":{"line":378,"column":33}},"line":378},"13":{"name":"(anonymous_13)","decl":{"start":{"line":379,"column":14},"end":{"line":379,"column":15}},"loc":{"start":{"line":379,"column":27},"end":{"line":379,"column":51}},"line":379},"14":{"name":"(anonymous_14)","decl":{"start":{"line":380,"column":18},"end":{"line":380,"column":19}},"loc":{"start":{"line":380,"column":24},"end":{"line":380,"column":51}},"line":380},"15":{"name":"(anonymous_15)","decl":{"start":{"line":390,"column":2},"end":{"line":390,"column":3}},"loc":{"start":{"line":390,"column":22},"end":{"line":408,"column":3}},"line":390},"16":{"name":"(anonymous_16)","decl":{"start":{"line":415,"column":2},"end":{"line":415,"column":3}},"loc":{"start":{"line":415,"column":12},"end":{"line":457,"column":3}},"line":415},"17":{"name":"(anonymous_17)","decl":{"start":{"line":443,"column":15},"end":{"line":443,"column":16}},"loc":{"start":{"line":443,"column":21},"end":{"line":454,"column":5}},"line":443},"18":{"name":"(anonymous_18)","decl":{"start":{"line":462,"column":2},"end":{"line":462,"column":3}},"loc":{"start":{"line":462,"column":13},"end":{"line":466,"column":3}},"line":462},"19":{"name":"(anonymous_19)","decl":{"start":{"line":465,"column":19},"end":{"line":465,"column":20}},"loc":{"start":{"line":465,"column":25},"end":{"line":465,"column":39}},"line":465},"20":{"name":"(anonymous_20)","decl":{"start":{"line":479,"column":2},"end":{"line":479,"column":3}},"loc":{"start":{"line":479,"column":24},"end":{"line":518,"column":3}},"line":479},"21":{"name":"(anonymous_21)","decl":{"start":{"line":498,"column":19},"end":{"line":498,"column":20}},"loc":{"start":{"line":498,"column":37},"end":{"line":503,"column":11}},"line":498},"22":{"name":"(anonymous_22)","decl":{"start":{"line":509,"column":19},"end":{"line":509,"column":20}},"loc":{"start":{"line":509,"column":37},"end":{"line":514,"column":11}},"line":509},"23":{"name":"(anonymous_23)","decl":{"start":{"line":529,"column":2},"end":{"line":529,"column":3}},"loc":{"start":{"line":529,"column":22},"end":{"line":556,"column":3}},"line":529},"24":{"name":"(anonymous_24)","decl":{"start":{"line":547,"column":19},"end":{"line":547,"column":20}},"loc":{"start":{"line":547,"column":37},"end":{"line":552,"column":11}},"line":547},"25":{"name":"(anonymous_25)","decl":{"start":{"line":560,"column":25},"end":{"line":560,"column":26}},"loc":{"start":{"line":560,"column":38},"end":{"line":560,"column":64}},"line":560},"26":{"name":"(anonymous_26)","decl":{"start":{"line":561,"column":27},"end":{"line":561,"column":28}},"loc":{"start":{"line":561,"column":40},"end":{"line":561,"column":67}},"line":561},"27":{"name":"(anonymous_27)","decl":{"start":{"line":562,"column":25},"end":{"line":562,"column":26}},"loc":{"start":{"line":562,"column":38},"end":{"line":562,"column":63}},"line":562}},"branchMap":{"0":{"loc":{"start":{"line":35,"column":7},"end":{"line":35,"column":19}},"type":"default-arg","locations":[{"start":{"line":35,"column":17},"end":{"line":35,"column":19}}],"line":35},"1":{"loc":{"start":{"line":40,"column":4},"end":{"line":43,"column":5}},"type":"if","locations":[{"start":{"line":40,"column":4},"end":{"line":43,"column":5}},{"start":{},"end":{}}],"line":40},"2":{"loc":{"start":{"line":46,"column":4},"end":{"line":53,"column":5}},"type":"if","locations":[{"start":{"line":46,"column":4},"end":{"line":53,"column":5}},{"start":{},"end":{}}],"line":46},"3":{"loc":{"start":{"line":48,"column":8},"end":{"line":51,"column":9}},"type":"if","locations":[{"start":{"line":48,"column":8},"end":{"line":51,"column":9}},{"start":{},"end":{}}],"line":48},"4":{"loc":{"start":{"line":48,"column":12},"end":{"line":48,"column":63}},"type":"binary-expr","locations":[{"start":{"line":48,"column":12},"end":{"line":48,"column":30}},{"start":{"line":48,"column":34},"end":{"line":48,"column":63}}],"line":48},"5":{"loc":{"start":{"line":230,"column":9},"end":{"line":230,"column":21}},"type":"default-arg","locations":[{"start":{"line":230,"column":19},"end":{"line":230,"column":21}}],"line":230},"6":{"loc":{"start":{"line":232,"colu
[...]
"start":{"line":157,"column":4},"end":{"line":159,"column":5}},"48":{"start":{"line":158,"column":6},"end":{"line":158,"column":37}},"49":{"start":{"line":162,"column":4},"end":{"line":164,"column":5}},"50":{"start":{"line":163,"column":6},"end":{"line":163,"column":51}},"51":{"start":{"line":163,"column":29},"end":{"line":163,"column":49}},"52":{"start":{"line":167,"column":21},"end":{"line":167,"column":23}},"53":{"start":{"line":168,"column":4},"end":{"line":170,"column":7}},"54":{"start":{"line":169,"column":6},"end":{"line":169,"column":47}},"55":{"start":{"line":172,"column":4},"end":{"line":172,"column":20}},"56":{"start":{"line":181,"column":4},"end":{"line":183,"column":5}},"57":{"start":{"line":182,"column":6},"end":{"line":182,"column":16}},"58":{"start":{"line":185,"column":4},"end":{"line":195,"column":17}},"59":{"start":{"line":186,"column":21},"end":{"line":186,"column":70}},"60":{"start":{"line":188,"column":22},"end":{"line":188,"column":33}},"61":{"start":{"line":189,"column":8},"end":{"line":192,"column":9}},"62":{"start":{"line":191,"column":10},"end":{"line":191,"column":101}},"63":{"start":{"line":191,"column":34},"end":{"line":191,"column":89}},"64":{"start":{"line":193,"column":8},"end":{"line":193,"column":73}},"65":{"start":{"line":204,"column":4},"end":{"line":206,"column":5}},"66":{"start":{"line":205,"column":6},"end":{"line":205,"column":16}},"67":{"start":{"line":209,"column":18},"end":{"line":209,"column":86}},"68":{"start":{"line":212,"column":19},"end":{"line":212,"column":21}},"69":{"start":{"line":213,"column":4},"end":{"line":227,"column":7}},"70":{"start":{"line":214,"column":6},"end":{"line":214,"column":24}},"71":{"start":{"line":214,"column":17},"end":{"line":214,"column":24}},"72":{"start":{"line":216,"column":27},"end":{"line":216,"column":66}},"73":{"start":{"line":219,"column":6},"end":{"line":226,"column":7}},"74":{"start":{"line":220,"column":8},"end":{"line":222,"column":9}},"75":{"start":{"line":221,"column":10},"end":{"line":221,"column":38}},"76":{"start":{"line":223,"column":8},"end":{"line":223,"column":32}},"77":{"start":{"line":225,"column":8},"end":{"line":225,"column":28}},"78":{"start":{"line":229,"column":4},"end":{"line":229,"column":18}},"79":{"start":{"line":237,"column":15},"end":{"line":237,"column":34}},"80":{"start":{"line":239,"column":19},"end":{"line":250,"column":5}},"81":{"start":{"line":252,"column":4},"end":{"line":252,"column":18}},"82":{"start":{"line":260,"column":4},"end":{"line":260,"column":67}},"83":{"start":{"line":270,"column":4},"end":{"line":272,"column":5}},"84":{"start":{"line":271,"column":6},"end":{"line":271,"column":49}},"85":{"start":{"line":275,"column":4},"end":{"line":298,"column":7}},"86":{"start":{"line":276,"column":6},"end":{"line":297,"column":7}},"87":{"start":{"line":278,"column":25},"end":{"line":278,"column":59}},"88":{"start":{"line":279,"column":8},"end":{"line":279,"column":30}},"89":{"start":{"line":280,"column":8},"end":{"line":280,"column":42}},"90":{"start":{"line":281,"column":8},"end":{"line":281,"column":37}},"91":{"start":{"line":282,"column":8},"end":{"line":282,"column":44}},"92":{"start":{"line":283,"column":8},"end":{"line":283,"column":25}},"93":{"start":{"line":284,"column":8},"end":{"line":284,"column":26}},"94":{"start":{"line":287,"column":27},"end":{"line":287,"column":55}},"95":{"start":{"line":288,"column":8},"end":{"line":288,"column":44}},"96":{"start":{"line":290,"column":8},"end":{"line":294,"column":9}},"97":{"start":{"line":291,"column":10},"end":{"line":291,"column":20}},"98":{"start":{"line":293,"column":10},"end":{"line":293,"column":36}},"99":{"start":{"line":296,"column":8},"end":{"line":296,"column":20}},"100":{"start":{"line":308,"column":4},"end":{"line":315,"column":5}},"101":{"start":{"line":309,"column":20},"end":{"line":309,"column":45}},"102":{"start":{"line":310,"column":6},"end":{"line":310,"column":46}},"103":{"start":{"line":310,"column":26},"end":{"line":310,"column":46}},"104":{"start":{"line":311,"column":6},"end":{"line":311,"column":31}},"105":{"start":{"line":313,"column":6},"end":{"line":313,"column":49}},"106":{"start":{"line":314,"column":6},"end":{"line":314,"column":26}},"107":{"start":{"line":325,"column":4},"end":{"line":331,"column":5}},"108":{"start":{"line":326,"column":6},"end":{"line":326,"column":55}},"109":{"start":{"line":327,"column":6},"end":{"line":327,"column":18}},"110":{"start":{"line":329,"column":6},"end":{"line":329,"column":48}},"111":{"start":{"line":330,"column":6},"end":{"line":330,"column":19}},"112":{"start":{"line":340,"column":4},"end":{"line":346,"column":5}},"113":{"start":{"line":341,"column":6},"end":{"line":341,"column":35}},"114":{"start":{"line":342,"column":6},"end":{"line":342,"column":18}},"115":{"start":{"line":344,"column":6},"end":{"line":344,"column":49}},"116":{"start":{"line":345,"column":6},"end":{"line":345,"column":19}},"117":{"start":{"line":351,"column":0},"end":{"line":353,"column":1}},"118":{"start":{"line":352,"column":2},"end":{"line":352,"column":33}}},"fnMap":{"0":{"name":"(anonymous_0)","decl":{"start":{"line":11,"column":2},"end":{"line":11,"column":3}},"loc":{"start":{"line":11,"column":9},"end":{"line":14,"column":3}},"line":11},"1":{"name":"(anonymous_1)","decl":{"start":{"line":20,"column":2},"end":{"line":20,"column":3}},"loc":{"start":{"line":20,"column":17},"end":{"line":26,"column":3}},"line":20},"2":{"name":"(anonymous_2)","decl":{"start":{"line":21,"column":67},"end":{"line":21,"column":68}},"loc":{"start":{"line":21,"column":79},"end":{"line":25,"column":5}},"line":21},"3":{"name":"(anonymous_3)","decl":{"start":{"line":32,"column":2},"end":{"line":32,"column":3}},"loc":{"start":{"line":32,"column":15},"end":{"line":34,"column":3}},"line":32},"4":{"name":"(anonymous_4)","decl":{"start":{"line":42,"column":2},"end":{"line":42,"column":3}},"loc":{"start":{"line":42,"column":51},"end":{"line":74,"column":3}},"line":42},"5":{"name":"(anonymous_5)","decl":{"start":{"line":73,"column":52},"end":{"line":73,"column":53}},"loc":{"start":{"line":73,"column":61},"end":{"line":73,"column":77}},"line":73},"6":{"name":"(anonymous_6)","decl":{"start":{"line":83,"column":2},"end":{"line":83,"column":3}},"loc":{"start":{"line":83,"column":40},"end":{"line":107,"column":3}},"line":83},"7":{"name":"(anonymous_7)","decl":{"start":{"line":115,"column":2},"end":{"line":115,"column":3}},"loc":{"start":{"line":115,"column":29},"end":{"line":124,"column":3}},"line":115},"8":{"name":"(anonymous_8)","decl":{"start":{"line":117,"column":11},"end":{"line":117,"column":12}},"loc":{"start":{"line":117,"column":29},"end":{"line":123,"column":5}},"line":117},"9":{"name":"(anonymous_9)","decl":{"start":{"line":120,"column":27},"end":{"line":120,"column":28}},"loc":{"start":{"line":120,"column":33},"end":{"line":122,"column":7}},"line":120},"10":{"name":"(anonymous_10)","decl":{"start":{"line":132,"column":2},"end":{"line":132,"column":3}},"loc":{"start":{"line":132,"column":30},"end":{"line":144,"column":3}},"line":132},"11":{"name":"(anonymous_11)","decl":{"start":{"line":134,"column":11},"end":{"line":134,"column":12}},"loc":{"start":{"line":134,"column":29},"end":{"line":143,"column":5}},"line":134},"12":{"name":"(anonymous_12)","decl":{"start":{"line":139,"column":19},"end":{"line":139,"column":20}},"loc":{"start":{"line":139,"column":25},"end":{"line":141,"column":9}},"line":139},"13":{"name":"(anonymous_13)","decl":{"start":{"line":151,"column":2},"end":{"line":151,"column":3}},"loc":{"start":{"line":151,"column":17},"end":{"line":173,"column":3}},"line":151},"14":{"name":"(anonymous_14)","decl":{"start":{"line":163,"column":21},"end":{"line":163,"column":22}},"loc":{"start":{"line":163,"column":29},"end":{"line":163,"column":49}},"line":163},"15":{"name":"(anonymous_15)","decl":{"start":{"line":168,"column":29},"end":{"line":168,"column":30}},"loc":{"start":{"line":168,"column":36},"end":{"line":170,"column":5}},"line":168},"16":{"name":"(anonymous_16)","decl":{"start":{"line":180,"column":2},"end":{"line":180,"column":3}},"loc":{"start":{"line":180,"column":30},"end":{"line":196,"column":3}},"line":180},"17":{"name":"(anonymous_17)","decl":{"start":{"line":186,"column":14},"end":{"line":186,"column":15}},"loc":{"start":{"line":186,"column":21},"end":{"line":186,"column":70}},"line":186},"18":{"name":"(anonymous_18)","decl":{"start":{"line":187,"column":11},"end":{"line":187,"column":12}},"loc":{"start":{"line":187,"column":18},"end":{"line":194,"column":7}},"line":187},"19":{"name":"(anonymous_19)","decl":{"start":{"line":191,"column":27},"end":{"line":191,"column":28}},"loc":{"start":{"line":191,"column":34},"end":{"line":191,"column":89}},"line":191},"20":{"name":"(anonymous_20)","decl":{"start":{"line":203,"column":2},"end":{"line":203,"column":3}},"loc":{"start":{"line":203,"column":35},"end":{"line":230,"column":3}},"line":203},"21":{"name":"(anonymous_21)","decl":{"start":{"line":213,"column":29},"end":{"line":213,"column":30}},"loc":{"start":{"line":213,"column":37},"end":{"line":227,"column":5}},"line":213},"22":{"name":"(anonymous_22)","decl":{"start":{"line":236,"column":2},"end":{"line":236,"column":3}},"loc":{"start":{"line":236,"column":17},"end":{"line":253,"column":3}},"line":236},"23":{"name":"(anonymous_23)","decl":{"start":{"line":259,"column":2},"end":{"line":259,"column":3}},"loc":{"start":{"line":259,"column":23},"end":{"line":261,"column":3}},"line":259},"24":{"name":"(anonymous_24)","decl":{"start":{"line":268,"column":2},"end":{"line":268,"column":3}},"loc":{"start":{"line":268,"column":24},"end":{"line":299,"column":3}},"line":268},"25":{"name":"(anonymous_25)","decl":{"start":{"line":275,"column":23},"end":{"line":275,"column":24}},"loc":{"start":{"line":275,"column":44},"end":{"line":298,"column":5}},"line":275},"26":{"name":"(anonymous_26)","decl":{"start":{"line":307,"column":2},"end":{"line":307,"column":3}},"loc":{"start":{"line":307,"column":44},"end":{"line":316,"column":3}},"line":307},"27":{"name":"(anonymous_27)","decl":{"start":{"line":324,"column":2},"end":{"line":324,"column":3}},"loc":{"start":{"line":324,"column":30},"end":{"line":332,"column":3}},"line":324},"28":{"name":"(anonymous_28)","decl":{"start":{"line":339,"column":2},"end":{"line":339,"column":3}},"loc":{"start":{"line":339,"column":26},"end":{"line":347,"column":3}},"line":339}},"branchMap":{"0":{"loc":{"start":{"line":23,"column":16},"end":{"line":23,"column":47}},"type":"cond-expr","locations":[{"start":{"line":23,"column":28},"end":{"line":23,"column":29}},{"start":{"line":23,"column":33},"end":{"line":23,"column":46}}],"line":23},"1":{"loc":{"start":{"line":42,"column":19},"end":{"line":42,"column":49}},"type":"default-arg","locations":[{"start":{"line":42,"column":28},"end":{"line":42,"column":49}}],"line":42},"2":{"loc":{"start":{"line":43,"column":4},"end":{"line":43,"column":25}},"type":"if","locations":[{"start":{"line":43,"column":4},"end":{"line":43,"column":25}},{"start":{},"end":{}}],"line":43},"3":{"loc":{"start":{"line":47,"column":4},"end":{"line":57,"column":5}},"type":"if","locations":[{"start":{"line":47,"column":4},"end":{"line":57,"column":5}},{"start":{"line":50,"column":11},"end":{"line":57,"column":5}}],"line":47},"4":{"loc":{"start":{"line":50,"column":11},"end":{"line":57,"column":5}},"type":"if","locations":[{"start":{"line":50,"column":11},"end":{"line":57,"column":5}},{"start":{"line":53,"column":11},"end":{"line":57,"column":5}}],"line":50},"5":{"loc":{"start":{"line":53,"column":11},"end":{"line":57,"column":5}},"type":"if","locations":[{"start":{"line":53,"column":11},"end":{"line":57,"column":5}},{"start":{"line":55,"column":11},"end":{"line":57,"column":5}}],"line":53},"6":{"loc":{"start":{"line":60,"column":4},"end":{"line":62,"column":5}},"type":"if","locations":[{"start":{"line":60,"column":4},"end":{"line":62,"column":5}},{"start":{},"end":{}}],"line":60},"7":{"loc":{"start":{"line":83,"column":25},"end":{"line":83,"column":38}},"type":"default-arg","locations":[{"start":{"line":83,"column":32},"end":{"line":83,"column":38}}],"line":83},"8":{"loc":{"start":{"line":88,"column":4},"end":{"line":90,"column":5}},"type":"if","locations":[{"start":{"line":88,"column":4},"end":{"line":90,"column":5}},{"start":{},"end":{}}],"line":88},"9":{"loc":{"start":{"line":88,"column":8},"end":{"line":88,"column":30}},"type":"binary-expr","locations":[{"start":{"line":88,"column":8},"end":{"line":88,"column":17}},{"start":{"line":88,"column":21},"end":{"line":88,"column":30}}],"line":88},"10":{"loc":{"start":{"line":95,"column":4},"end":{"line":106,"column":5}},"type":"switch","locations":[{"start":{"line":96,"column":6},"end":{"line":97,"column":56}},{"start":{"line":98,"column":6},"end":{"line":99,"column":51}},{"start":{"line":100,"column":6},"end":{"line":101,"column":46}},{"start":{"line":102,"column":6},"end":{"line":103,"column":39}},{"start":{"line":104,"column":6},"end":{"line":105,"column":20}}],"line":95},"11":{"loc":{"start":{"line":115,"column":17},"end":{"line":115,"column":27}},"type":"default-arg","locations":[{"start":{"line":115,"column":24},"end":{"line":115,"column":27}}],"line":115},"12":{"loc":{"start":{"line":132,"column":17},"end":{"line":132,"column":28}},"type":"default-arg","locations":[{"start":{"line":132,"column":25},"end":{"line":132,"column":28}}],"line":132},"13":{"loc":{"start":{"line":136,"column":6},"end":{"line":142,"column":7}},"type":"if","locations":[{"start":{"line":136,"column":6},"end":{"line":142,"column":7}},{"start":{},"end":{}}],"line":136},"14":{"loc":{"start":{"line":152,"column":4},"end":{"line":154,"column":5}},"type":"if","locations":[{"start":{"line":152,"column":4},"end":{"line":154,"column":5}},{"start":{},"end":{}}],"line":152},"15":{"loc":{"start":{"line":152,"column":8},"end":{"line":152,"column":47}},"type":"binary-expr","locations":[{"start":{"line":152,"column":8},"end":{"line":152,"column":20}},{"start":{"line":152,"column":24},"end":{"line":152,"column":47}}],"line":152},"16":{"loc":{"start":{"line":157,"column":4},"end":{"line":159,"column":5}},"type":"if","locations":[{"start":{"line":157,"column":4},"end":{"line":159,"column":5}},{"start":{},"end":{}}],"line":157},"17":{"loc":{"start":{"line":162,"column":4},"end":{"line":164,"column":5}},"type":"if","locations":[{"start":{"line":162,"column":4},"end":{"line":164,"column":5}},{"start":{},"end":{}}],"line":162},"18":{"loc":{"start":{"line":181,"column":4},"end":{"line":183,"column":5}},"type":"if","locations":[{"start":{"line":181,"column":4},"end":{"line":183,"column":5}},{"start":{},"end":{}}],"line":181},"19":{"loc":{"start":{"line":181,"column":8},"end":{"line":181,"column":45}},"type":"binary-expr","locations":[{"start":{"line":181,"column":8},"end":{"line":181,"column":15}},{"start":{"line":181,"column":19},"end":{"line":181,"column":45}}],"line":181},"20":{"loc":{"start":{"line":186,"column":21},"end":{"line":186,"column":70}},"type":"binary-expr","locations":[{"start":{"line":186,"column":21},"end":{"line":186,"column":46}},{"start":{"line":186,"column":50},"end":{"line":186,"column":70}}],"line":186},"21":{"loc":{"start":{"line":189,"column":8},"end":{"line":192,"column":9}},"type":"if","locations":[{"start":{"line":189,"column":8},"end":{"line":192,"column":9}},{"start":{},"end":{}}],"line":189},"22":{"loc":{"start":{"line":204,"column":4},"end":{"line":206,"column":5}},"type":"if","locations":[{"start":{"line":204,"column":4},"end":{"line":206,"column":5}},{"start":{},"end":{}}],"line":204},"23":{"loc":{"start":{"line":204,"column":8},"end":{"line":204,"column":55}},"type":"binary-expr","locations":[{"start":{"line":204,"column":8},"end":{"line":204,"column":20}},{"start":{"line":204,"column":24},"end":{"line":204,"column":55}}],"line":204},"24":{"loc":{"start":{"line":209,"column":18},"end":{"line":209,"column":86}},"type":"cond-expr","locations":[{"start":{"line":209,"column":48},"end":{"line":209,"column":72}},{"start":{"line":209,"column":75},"end":{"line":209,"column":86}}],"line":209},"25":{"loc":{"start":{"line":214,"column":6},"end":{"line":214,"column":24}},"type":"if","locations":[{"start":{"line":214,"column":6},"end":{"line":214,"column":24}},{"start":{},"end":{}}],"line":214},"26":{"loc":{"start":{"line":219,"column":6},"end":{"line":226,"column":7}},"type":"if","locations":[{"start":{"line":219,"column":6},"end":{"line":226,"column":7}},{"start":{"line":224,"column":13},"end":{"line":226,"column":7}}],"line":219},"27":{"loc":{"start":{"line":220,"column":8},"end":{"line":222,"column":9}},"type":"if","locations":[{"start":{"line":220,"column":8},"end":{"line":222,"column":9}},{"start":{},"end":{}}],"line":220},"28":{"loc":{"start":{"line":246,"column":16},"end":{"line":246,"column":56}},"type":"binary-expr","locations":[{"start":{"line":246,"column":16},"end":{"line":246,"column":34}},{"start":{"line":246,"column":38},"end":{"line":246,"column":56}}],"line":246},"29":{"loc":{"start":{"line":260,"column":11},"end":{"line":260,"column":66}},"type":"binary-expr","locations":[{"start":{"line":260,"column":11},"end":{"line":260,"column":29}},{"start":{"line":260,"column":33},"end":{"line":260,"column":55}},{"start":{"line":260,"column":59},"end":{"line":260,"column":66}}],"line":260},"30":{"loc":{"start":{"line":270,"column":4},"end":{"line":272,"column":5}},"type":"if","locations":[{"start":{"line":270,"column":4},"end":{"line":272,"column":5}},{"start":{},"end":{}}],"line":270},"31":{"loc":{"start":{"line":270,"column":8},"end":{"line":270,"column":53}},"type":"binary-expr","locations":[{"start":{"line":270,"column":8},"end":{"line":270,"column":27}},{"start":{"line":270,"column":31},"end":{"line":270,"column":53}}],"line":270},"32":{"loc":{"start":{"line":290,"column":8},"end":{"line":294,"column":9}},"type":"if","locations":[{"start":{"line":290,"column":8},"end":{"line":294,"column":9}},{"start":{"line":292,"column":15},"end":{"line":294,"column":9}}],"line":290},"33":{"loc":{"start":{"line":307,"column":23},"end":{"line":307,"column":42}},"type":"default-arg","locations":[{"start":{"line":307,"column":38},"end":{"line":307,"column":42}}],"line":307},"34":{"loc":{"start":{"line":310,"column":6},"end":{"line":310,"column":46}},"type":"if","locations":[{"start":{"line":310,"column":6},"end":{"line":310,"column":46}},{"start":{},"end":{}}],"line":310},"35":{"loc":{"start":{"line":351,"column":0},"end":{"line":353,"column":1}},"type":"if","locations":[{"start":{"line":351,"column":0},"end":{"line":353,"column":1}},{"start":{},"end":{}}],"line":351}},"s":{"0":0,"1":0,"2":0,"3":0,"4":0,"5":0,"6":0,"7":0,"8":0,"9":0,"10":0,"11":0,"12":0,"13":0,"14":0,"15":0,"16":0,"17":0,"18":0,"19":0,"20":0,"21":0,"22":0,"23":0,"24":0,"25":0,"26":0,"27":0,"28":0,"29":0,"30":0,"31":0,"32":0,"33":0,"34":0,"35":0,"36":0,"37":0,"38":0,"39":0,"40":0,"41":0,"42":0,"43":0,"44":0,"45":0,"46":0,"47":0,"48":0,"49":0,"50":0,"51":0,"52":0,"53":0,"54":0,"55":0,"56":0,"57":0,"58":0,"59":0,"60":0,"61":0,"62":0,"63":0,"64":0,"65":0,"66":0,"67":0,"68":0,"69":0,"70":0,"71":0,"72":0,"73":0,"74":0,"75":0,"76":0,"77":0,"78":0,"79":0,"80":0,"81":0,"82":0,"83":0,"84":0,"85":0,"86":0,"87":0,"88":0,"89":0,"90":0,"91":0,"92":0,"93":0,"94":0,"95":0,"96":0,"97":0,"98":0,"99":0,"100":0,"101":0,"102":0,"103":0,"104":0,"105":0,"106":0,"107":0,"108":0,"109":0,"110":0,"111":0,"112":0,"113":0,"114":0,"115":0,"116":0,"117":0,"118":0},"f":{"0":0,"1":0,"2":0,"3":0,"4":0,"5":0,"6":0,"7":0,"8":0,"9":0,"10":0,"11":0,"12":0,"13":0,"14":0,"15":0,"16":0,"17":0,"18":0,"19":0,"20":0,"21":0,"22":0,"23":0,"24":0,"25":0,"26":0,"27":0,"28":0},"b":{"0":[0,0],"1":[0],"2":[0,0],"3":[0,0],"4":[0,0],"5":[0,0],"6":[0,0],"7":[0],"8":[0,0],"9":[0,0],"10":[0,0,0,0,0],"11":[0],"12":[0],"13":[0,0],"14":[0,0],"15":[0,0],"16":[0,0],"17":[0,0],"18":[0,0],"19":[0,0],"20":[0,0],"21":[0,0],"22":[0,0],"23":[0,0],"24":[0,0],"25":[0,0],"26":[0,0],"27":[0,0],"28":[0,0],"29":[0,0,0],"30":[0,0],"31":[0,0],"32":[0,0],"33":[0],"34":[0,0],"35":[0,0]}}
}
