TN:
SF:components\modules\auth\auth.js
FN:18,(anonymous_0)
FN:40,(anonymous_1)
FN:55,(anonymous_2)
FN:79,(anonymous_3)
FN:90,(anonymous_4)
FN:112,(anonymous_5)
FN:121,(anonymous_6)
FNF:7
FNH:5
FNDA:1,(anonymous_0)
FNDA:0,(anonymous_1)
FNDA:2,(anonymous_2)
FNDA:1,(anonymous_3)
FNDA:1,(anonymous_4)
FNDA:0,(anonymous_5)
FNDA:4,(anonymous_6)
DA:7,1
DA:20,1
DA:21,1
DA:22,1
DA:23,1
DA:24,1
DA:25,1
DA:27,0
DA:28,0
DA:32,1
DA:33,1
DA:42,0
DA:57,2
DA:80,1
DA:81,1
DA:84,1
DA:91,1
DA:92,1
DA:95,1
DA:113,0
DA:122,4
DA:124,4
DA:125,2
DA:128,4
DA:129,2
DA:130,2
DA:131,0
DA:134,4
DA:142,1
DA:143,1
LF:30
LH:25
BRDA:21,0,0,1
BRDA:21,0,1,0
BRDA:113,1,0,0
BRDA:113,1,1,0
BRDA:124,2,0,2
BRDA:124,2,1,2
BRDA:124,3,0,4
BRDA:124,3,1,2
BRDA:128,4,0,2
BRDA:128,4,1,2
BRDA:128,5,0,4
BRDA:128,5,1,2
BRDA:130,6,0,0
BRDA:130,6,1,2
BRDA:142,7,0,1
BRDA:142,7,1,0
BRF:16
BRH:11
end_of_record
TN:
SF:components\modules\auth\loader.js
FN:14,(anonymous_0)
FN:29,(anonymous_1)
FN:32,(anonymous_2)
FN:52,(anonymous_3)
FN:54,(anonymous_4)
FN:66,(anonymous_5)
FN:71,(anonymous_6)
FN:73,(anonymous_7)
FN:77,(anonymous_8)
FN:89,(anonymous_9)
FN:124,(anonymous_10)
FN:125,(anonymous_11)
FN:136,(anonymous_12)
FN:140,(anonymous_13)
FN:154,(anonymous_14)
FN:155,(anonymous_15)
FN:166,(anonymous_16)
FN:170,(anonymous_17)
FN:184,(anonymous_18)
FN:189,(anonymous_19)
FN:196,(anonymous_20)
FNF:21
FNH:0
FNDA:0,(anonymous_0)
FNDA:0,(anonymous_1)
FNDA:0,(anonymous_2)
FNDA:0,(anonymous_3)
FNDA:0,(anonymous_4)
FNDA:0,(anonymous_5)
FNDA:0,(anonymous_6)
FNDA:0,(anonymous_7)
FNDA:0,(anonymous_8)
FNDA:0,(anonymous_9)
FNDA:0,(anonymous_10)
FNDA:0,(anonymous_11)
FNDA:0,(anonymous_12)
FNDA:0,(anonymous_13)
FNDA:0,(anonymous_14)
FNDA:0,(anonymous_15)
FNDA:0,(anonymous_16)
FNDA:0,(anonymous_17)
FNDA:0,(anonymous_18)
FNDA:0,(anonymous_19)
FNDA:0,(anonymous_20)
DA:7,0
DA:16,0
DA:19,0
DA:21,0
DA:22,0
DA:30,0
DA:32,0
DA:34,0
DA:35,0
DA:37,0
DA:39,0
DA:40,0
DA:43,0
DA:46,0
DA:47,0
DA:49,0
DA:52,0
DA:54,0
DA:55,0
DA:56,0
DA:67,0
DA:68,0
DA:71,0
DA:72,0
DA:73,0
DA:74,0
DA:75,0
DA:77,0
DA:78,0
DA:79,0
DA:81,0
DA:90,0
DA:91,0
DA:94,0
DA:95,0
DA:97,0
DA:98,0
DA:100,0
DA:102,0
DA:103,0
DA:106,0
DA:110,0
DA:112,0
DA:113,0
DA:114,0
DA:125,0
DA:127,0
DA:128,0
DA:129,0
DA:132,0
DA:133,0
DA:134,0
DA:136,0
DA:137,0
DA:140,0
DA:141,0
DA:142,0
DA:145,0
DA:155,0
DA:157,0
DA:158,0
DA:159,0
DA:162,0
DA:163,0
DA:164,0
DA:166,0
DA:167,0
DA:170,0
DA:171,0
DA:172,0
DA:175,0
DA:185,0
DA:188,0
DA:189,0
DA:190,0
DA:195,0
DA:196,0
DA:197,0
DA:201,0
DA:206,0
DA:207,0
LF:81
LH:0
BRDA:30,0,0,0
BRDA:30,0,1,0
BRDA:30,1,0,0
BRDA:30,1,1,0
BRDA:37,2,0,0
BRDA:37,2,1,0
BRDA:67,3,0,0
BRDA:67,3,1,0
BRDA:90,4,0,0
BRDA:90,4,1,0
BRDA:90,5,0,0
BRDA:90,5,1,0
BRDA:90,5,2,0
BRDA:90,5,3,0
BRDA:91,6,0,0
BRDA:91,6,1,0
BRDA:94,7,0,0
BRDA:94,7,1,0
BRDA:94,8,0,0
BRDA:94,8,1,0
BRDA:100,9,0,0
BRDA:100,9,1,0
BRDA:127,10,0,0
BRDA:127,10,1,0
BRDA:157,11,0,0
BRDA:157,11,1,0
BRDA:188,12,0,0
BRDA:188,12,1,0
BRDA:188,13,0,0
BRDA:188,13,1,0
BRDA:195,14,0,0
BRDA:195,14,1,0
BRDA:195,15,0,0
BRDA:195,15,1,0
BRDA:206,16,0,0
BRDA:206,16,1,0
BRF:36
BRH:0
end_of_record
TN:
SF:components\modules\data\mappers.js
FN:16,(anonymous_0)
FN:34,(anonymous_1)
FN:58,(anonymous_2)
FN:75,(anonymous_3)
FN:98,(anonymous_4)
FN:123,(anonymous_5)
FN:151,mapToDTO
FN:153,(anonymous_7)
FN:153,(anonymous_8)
FN:162,mapToEntity
FN:164,(anonymous_10)
FN:164,(anonymous_11)
FNF:12
FNH:0
FNDA:0,(anonymous_0)
FNDA:0,(anonymous_1)
FNDA:0,(anonymous_2)
FNDA:0,(anonymous_3)
FNDA:0,(anonymous_4)
FNDA:0,(anonymous_5)
FNDA:0,mapToDTO
FNDA:0,(anonymous_7)
FNDA:0,(anonymous_8)
FNDA:0,mapToEntity
FNDA:0,(anonymous_10)
FNDA:0,(anonymous_11)
DA:10,0
DA:17,0
DA:19,0
DA:35,0
DA:37,0
DA:52,0
DA:59,0
DA:61,0
DA:76,0
DA:78,0
DA:92,0
DA:99,0
DA:101,0
DA:124,0
DA:126,0
DA:152,0
DA:153,0
DA:163,0
DA:164,0
DA:177,0
DA:178,0
LF:21
LH:0
BRDA:17,0,0,0
BRDA:17,0,1,0
BRDA:22,1,0,0
BRDA:22,1,1,0
BRDA:35,2,0,0
BRDA:35,2,1,0
BRDA:59,3,0,0
BRDA:59,3,1,0
BRDA:76,4,0,0
BRDA:76,4,1,0
BRDA:84,5,0,0
BRDA:84,5,1,0
BRDA:99,6,0,0
BRDA:99,6,1,0
BRDA:105,7,0,0
BRDA:105,7,1,0
BRDA:106,8,0,0
BRDA:106,8,1,0
BRDA:107,9,0,0
BRDA:107,9,1,0
BRDA:113,10,0,0
BRDA:113,10,1,0
BRDA:124,11,0,0
BRDA:124,11,1,0
BRDA:130,12,0,0
BRDA:130,12,1,0
BRDA:138,13,0,0
BRDA:138,13,1,0
BRDA:152,14,0,0
BRDA:152,14,1,0
BRDA:163,15,0,0
BRDA:163,15,1,0
BRDA:177,16,0,0
BRDA:177,16,1,0
BRDA:177,17,0,0
BRDA:177,17,1,0
BRF:36
BRH:0
end_of_record
TN:
SF:components\modules\store\store.js
FN:33,(anonymous_0)
FN:56,(anonymous_1)
FN:64,(anonymous_2)
FN:83,(anonymous_3)
FN:90,(anonymous_4)
FN:110,(anonymous_5)
FN:117,(anonymous_6)
FN:128,(anonymous_7)
FN:156,(anonymous_8)
FN:171,(anonymous_9)
FN:222,(anonymous_10)
FN:245,(anonymous_11)
FN:319,(anonymous_12)
FN:325,(anonymous_13)
FN:358,(anonymous_14)
FN:374,(anonymous_15)
FN:397,(anonymous_16)
FN:418,(anonymous_17)
FN:420,(anonymous_18)
FN:435,(anonymous_19)
FN:456,(anonymous_20)
FN:473,(anonymous_21)
FN:495,(anonymous_22)
FN:517,(anonymous_23)
FN:524,(anonymous_24)
FN:532,(anonymous_25)
FN:542,(anonymous_26)
FN:579,(anonymous_27)
FN:590,(anonymous_28)
FNF:29
FNH:0
FNDA:0,(anonymous_0)
FNDA:0,(anonymous_1)
FNDA:0,(anonymous_2)
FNDA:0,(anonymous_3)
FNDA:0,(anonymous_4)
FNDA:0,(anonymous_5)
FNDA:0,(anonymous_6)
FNDA:0,(anonymous_7)
FNDA:0,(anonymous_8)
FNDA:0,(anonymous_9)
FNDA:0,(anonymous_10)
FNDA:0,(anonymous_11)
FNDA:0,(anonymous_12)
FNDA:0,(anonymous_13)
FNDA:0,(anonymous_14)
FNDA:0,(anonymous_15)
FNDA:0,(anonymous_16)
FNDA:0,(anonymous_17)
FNDA:0,(anonymous_18)
FNDA:0,(anonymous_19)
FNDA:0,(anonymous_20)
FNDA:0,(anonymous_21)
FNDA:0,(anonymous_22)
FNDA:0,(anonymous_23)
FNDA:0,(anonymous_24)
FNDA:0,(anonymous_25)
FNDA:0,(anonymous_26)
FNDA:0,(anonymous_27)
FNDA:0,(anonymous_28)
DA:9,0
DA:35,0
DA:38,0
DA:41,0
DA:42,0
DA:46,0
DA:48,0
DA:49,0
DA:57,0
DA:58,0
DA:59,0
DA:60,0
DA:63,0
DA:64,0
DA:65,0
DA:66,0
DA:71,0
DA:75,0
DA:84,0
DA:88,0
DA:89,0
DA:90,0
DA:91,0
DA:92,0
DA:97,0
DA:100,0
DA:102,0
DA:112,0
DA:113,0
DA:117,0
DA:118,0
DA:129,0
DA:132,0
DA:133,0
DA:134,0
DA:136,0
DA:137,0
DA:138,0
DA:140,0
DA:143,0
DA:147,0
DA:158,0
DA:159,0
DA:160,0
DA:163,0
DA:164,0
DA:167,0
DA:168,0
DA:171,0
DA:173,0
DA:174,0
DA:176,0
DA:179,0
DA:181,0
DA:182,0
DA:185,0
DA:186,0
DA:188,0
DA:191,0
DA:192,0
DA:196,0
DA:197,0
DA:206,0
DA:209,0
DA:210,0
DA:213,0
DA:223,0
DA:224,0
DA:226,0
DA:229,0
DA:230,0
DA:231,0
DA:233,0
DA:237,0
DA:246,0
DA:247,0
DA:248,0
DA:251,0
DA:254,0
DA:255,0
DA:256,0
DA:258,0
DA:261,0
DA:262,0
DA:263,0
DA:265,0
DA:269,0
DA:270,0
DA:273,0
DA:274,0
DA:283,0
DA:285,0
DA:288,0
DA:292,0
DA:293,0
DA:296,0
DA:297,0
DA:306,0
DA:308,0
DA:311,0
DA:320,0
DA:322,0
DA:324,0
DA:325,0
DA:326,0
DA:327,0
DA:332,0
DA:335,0
DA:339,0
DA:340,0
DA:349,0
DA:351,0
DA:359,0
DA:360,0
DA:361,0
DA:363,0
DA:364,0
DA:375,0
DA:376,0
DA:377,0
DA:380,0
DA:382,0
DA:383,0
DA:386,0
DA:388,0
DA:398,0
DA:399,0
DA:402,0
DA:403,0
DA:406,0
DA:409,0
DA:420,0
DA:422,0
DA:424,0
DA:427,0
DA:434,0
DA:435,0
DA:436,0
DA:437,0
DA:439,0
DA:445,0
DA:446,0
DA:447,0
DA:449,0
DA:450,0
DA:452,0
DA:453,0
DA:454,0
DA:456,0
DA:457,0
DA:458,0
DA:464,0
DA:472,0
DA:473,0
DA:474,0
DA:475,0
DA:481,0
DA:496,0
DA:497,0
DA:500,0
DA:501,0
DA:503,0
DA:504,0
DA:505,0
DA:507,0
DA:510,0
DA:518,0
DA:525,0
DA:533,0
DA:543,0
DA:544,0
DA:545,0
DA:548,0
DA:550,0
DA:552,0
DA:558,0
DA:562,0
DA:563,0
DA:572,0
DA:574,0
DA:579,0
DA:580,0
DA:591,0
DA:597,0
DA:598,0
DA:599,0
LF:186
LH:0
BRDA:33,0,0,0
BRDA:41,1,0,0
BRDA:41,1,1,0
BRDA:59,2,0,0
BRDA:59,2,1,0
BRDA:63,3,0,0
BRDA:63,3,1,0
BRDA:65,4,0,0
BRDA:65,4,1,0
BRDA:88,5,0,0
BRDA:88,5,1,0
BRDA:91,6,0,0
BRDA:91,6,1,0
BRDA:112,7,0,0
BRDA:112,7,1,0
BRDA:128,8,0,0
BRDA:129,9,0,0
BRDA:129,9,1,0
BRDA:132,10,0,0
BRDA:132,10,1,0
BRDA:137,11,0,0
BRDA:137,11,1,0
BRDA:137,12,0,0
BRDA:137,12,1,0
BRDA:143,13,0,0
BRDA:143,13,1,0
BRDA:147,14,0,0
BRDA:147,14,1,0
BRDA:158,15,0,0
BRDA:158,15,1,0
BRDA:167,16,0,0
BRDA:167,16,1,0
BRDA:167,17,0,0
BRDA:167,17,1,0
BRDA:173,18,0,0
BRDA:173,18,1,0
BRDA:179,19,0,0
BRDA:179,19,1,0
BRDA:185,20,0,0
BRDA:185,20,1,0
BRDA:196,21,0,0
BRDA:196,21,1,0
BRDA:209,22,0,0
BRDA:209,22,1,0
BRDA:209,23,0,0
BRDA:209,23,1,0
BRDA:230,24,0,0
BRDA:230,24,1,0
BRDA:230,25,0,0
BRDA:230,25,1,0
BRDA:246,26,0,0
BRDA:246,26,1,0
BRDA:246,27,0,0
BRDA:246,27,1,0
BRDA:254,28,0,0
BRDA:254,28,1,0
BRDA:262,29,0,0
BRDA:262,29,1,0
BRDA:262,30,0,0
BRDA:262,30,1,0
BRDA:269,31,0,0
BRDA:269,31,1,0
BRDA:273,32,0,0
BRDA:273,32,1,0
BRDA:292,33,0,0
BRDA:292,33,1,0
BRDA:296,34,0,0
BRDA:296,34,1,0
BRDA:319,35,0,0
BRDA:322,36,0,0
BRDA:322,36,1,0
BRDA:326,37,0,0
BRDA:326,37,1,0
BRDA:339,38,0,0
BRDA:339,38,1,0
BRDA:375,39,0,0
BRDA:375,39,1,0
BRDA:382,40,0,0
BRDA:382,40,1,0
BRDA:398,41,0,0
BRDA:398,41,1,0
BRDA:398,42,0,0
BRDA:398,42,1,0
BRDA:402,43,0,0
BRDA:402,43,1,0
BRDA:430,44,0,0
BRDA:430,44,1,0
BRDA:434,45,0,0
BRDA:434,45,1,0
BRDA:445,46,0,0
BRDA:445,46,1,0
BRDA:450,47,0,0
BRDA:450,47,1,0
BRDA:452,48,0,0
BRDA:452,48,1,0
BRDA:472,49,0,0
BRDA:472,49,1,0
BRDA:496,50,0,0
BRDA:496,50,1,0
BRDA:504,51,0,0
BRDA:504,51,1,0
BRDA:504,52,0,0
BRDA:504,52,1,0
BRDA:542,53,0,0
BRDA:543,54,0,0
BRDA:543,54,1,0
BRDA:543,55,0,0
BRDA:543,55,1,0
BRDA:550,56,0,0
BRDA:550,56,1,0
BRDA:562,57,0,0
BRDA:562,57,1,0
BRDA:579,58,0,0
BRDA:590,59,0,0
BRDA:597,60,0,0
BRDA:597,60,1,0
BRF:116
BRH:0
end_of_record
TN:
SF:components\modules\ui\modal.js
FN:35,(anonymous_0)
FN:47,(anonymous_1)
FN:63,(anonymous_2)
FN:230,(anonymous_3)
FN:258,(anonymous_4)
FN:293,(anonymous_5)
FN:316,(anonymous_6)
FN:327,(anonymous_7)
FN:329,(anonymous_8)
FN:336,(anonymous_9)
FN:360,(anonymous_10)
FN:368,(anonymous_11)
FN:378,(anonymous_12)
FN:379,(anonymous_13)
FN:380,(anonymous_14)
FN:390,(anonymous_15)
FN:415,(anonymous_16)
FN:443,(anonymous_17)
FN:462,(anonymous_18)
FN:465,(anonymous_19)
FN:479,(anonymous_20)
FN:498,(anonymous_21)
FN:509,(anonymous_22)
FN:529,(anonymous_23)
FN:547,(anonymous_24)
FN:560,(anonymous_25)
FN:561,(anonymous_26)
FN:562,(anonymous_27)
FNF:28
FNH:0
FNDA:0,(anonymous_0)
FNDA:0,(anonymous_1)
FNDA:0,(anonymous_2)
FNDA:0,(anonymous_3)
FNDA:0,(anonymous_4)
FNDA:0,(anonymous_5)
FNDA:0,(anonymous_6)
FNDA:0,(anonymous_7)
FNDA:0,(anonymous_8)
FNDA:0,(anonymous_9)
FNDA:0,(anonymous_10)
FNDA:0,(anonymous_11)
FNDA:0,(anonymous_12)
FNDA:0,(anonymous_13)
FNDA:0,(anonymous_14)
FNDA:0,(anonymous_15)
FNDA:0,(anonymous_16)
FNDA:0,(anonymous_17)
FNDA:0,(anonymous_18)
FNDA:0,(anonymous_19)
FNDA:0,(anonymous_20)
FNDA:0,(anonymous_21)
FNDA:0,(anonymous_22)
FNDA:0,(anonymous_23)
FNDA:0,(anonymous_24)
FNDA:0,(anonymous_25)
FNDA:0,(anonymous_26)
FNDA:0,(anonymous_27)
DA:7,0
DA:37,0
DA:40,0
DA:41,0
DA:42,0
DA:46,0
DA:47,0
DA:48,0
DA:49,0
DA:50,0
DA:55,0
DA:56,0
DA:64,0
DA:65,0
DA:215,0
DA:232,0
DA:233,0
DA:237,0
DA:240,0
DA:252,0
DA:253,0
DA:254,0
DA:257,0
DA:258,0
DA:259,0
DA:260,0
DA:266,0
DA:267,0
DA:268,0
DA:271,0
DA:272,0
DA:273,0
DA:275,0
DA:279,0
DA:280,0
DA:282,0
DA:283,0
DA:284,0
DA:285,0
DA:288,0
DA:289,0
DA:290,0
DA:291,0
DA:292,0
DA:293,0
DA:294,0
DA:297,0
DA:300,0
DA:301,0
DA:303,0
DA:304,0
DA:305,0
DA:306,0
DA:309,0
DA:312,0
DA:313,0
DA:314,0
DA:316,0
DA:317,0
DA:318,0
DA:320,0
DA:321,0
DA:324,0
DA:326,0
DA:327,0
DA:328,0
DA:329,0
DA:335,0
DA:336,0
DA:339,0
DA:342,0
DA:346,0
DA:349,0
DA:352,0
DA:355,0
DA:356,0
DA:360,0
DA:362,0
DA:365,0
DA:366,0
DA:368,0
DA:376,0
DA:378,0
DA:379,0
DA:380,0
DA:391,0
DA:392,0
DA:394,0
DA:395,0
DA:398,0
DA:401,0
DA:402,0
DA:403,0
DA:404,0
DA:407,0
DA:416,0
DA:417,0
DA:419,0
DA:422,0
DA:423,0
DA:426,0
DA:429,0
DA:430,0
DA:438,0
DA:439,0
DA:443,0
DA:444,0
DA:445,0
DA:447,0
DA:451,0
DA:452,0
DA:456,0
DA:464,0
DA:465,0
DA:480,0
DA:490,0
DA:499,0
DA:500,0
DA:502,0
DA:510,0
DA:511,0
DA:513,0
DA:530,0
DA:538,0
DA:548,0
DA:549,0
DA:551,0
DA:560,0
DA:561,0
DA:562,0
DA:565,0
DA:566,0
DA:567,0
DA:568,0
DA:569,0
LF:135
LH:0
BRDA:35,0,0,0
BRDA:40,1,0,0
BRDA:40,1,1,0
BRDA:46,2,0,0
BRDA:46,2,1,0
BRDA:48,3,0,0
BRDA:48,3,1,0
BRDA:48,4,0,0
BRDA:48,4,1,0
BRDA:230,5,0,0
BRDA:232,6,0,0
BRDA:232,6,1,0
BRDA:257,7,0,0
BRDA:257,7,1,0
BRDA:257,8,0,0
BRDA:257,8,1,0
BRDA:259,9,0,0
BRDA:259,9,1,0
BRDA:271,10,0,0
BRDA:271,10,1,0
BRDA:273,11,0,0
BRDA:273,11,1,0
BRDA:288,12,0,0
BRDA:288,12,1,0
BRDA:288,13,0,0
BRDA:288,13,1,0
BRDA:303,14,0,0
BRDA:303,14,1,0
BRDA:305,15,0,0
BRDA:305,15,1,0
BRDA:312,16,0,0
BRDA:312,16,1,0
BRDA:312,17,0,0
BRDA:312,17,1,0
BRDA:320,18,0,0
BRDA:320,18,1,0
BRDA:324,19,0,0
BRDA:324,19,1,0
BRDA:326,20,0,0
BRDA:326,20,1,0
BRDA:335,21,0,0
BRDA:335,21,1,0
BRDA:355,22,0,0
BRDA:355,22,1,0
BRDA:365,23,0,0
BRDA:365,23,1,0
BRDA:392,24,0,0
BRDA:392,24,1,0
BRDA:395,25,0,0
BRDA:395,25,1,0
BRDA:401,26,0,0
BRDA:401,26,1,0
BRDA:403,27,0,0
BRDA:403,27,1,0
BRDA:419,28,0,0
BRDA:419,28,1,0
BRDA:419,29,0,0
BRDA:419,29,1,0
BRDA:423,30,0,0
BRDA:423,30,1,0
BRDA:429,31,0,0
BRDA:429,31,1,0
BRDA:438,32,0,0
BRDA:438,32,1,0
BRDA:444,33,0,0
BRDA:444,33,1,0
BRDA:451,34,0,0
BRDA:451,34,1,0
BRDA:451,35,0,0
BRDA:451,35,1,0
BRDA:479,36,0,0
BRDA:499,37,0,0
BRDA:499,37,1,0
BRDA:510,38,0,0
BRDA:510,38,1,0
BRDA:529,39,0,0
BRDA:548,40,0,0
BRDA:548,40,1,0
BRDA:565,41,0,0
BRDA:565,41,1,0
BRF:80
BRH:0
end_of_record
TN:
SF:components\modules\ui\toast.js
FN:33,(anonymous_0)
FN:54,(anonymous_1)
FN:75,(anonymous_2)
FN:119,(anonymous_3)
FN:248,(anonymous_4)
FN:282,(anonymous_5)
FN:297,(anonymous_6)
FN:302,(anonymous_7)
FN:318,(anonymous_8)
FN:344,(anonymous_9)
FN:351,(anonymous_10)
FN:358,(anonymous_11)
FN:367,(anonymous_12)
FN:386,(anonymous_13)
FN:387,(anonymous_14)
FN:398,(anonymous_15)
FN:411,(anonymous_16)
FN:432,(anonymous_17)
FN:451,(anonymous_18)
FN:456,(anonymous_19)
FN:472,(anonymous_20)
FN:475,(anonymous_21)
FN:484,(anonymous_22)
FN:503,(anonymous_23)
FN:504,(anonymous_24)
FN:505,(anonymous_25)
FN:506,(anonymous_26)
FN:507,(anonymous_27)
FN:508,(anonymous_28)
FNF:29
FNH:0
FNDA:0,(anonymous_0)
FNDA:0,(anonymous_1)
FNDA:0,(anonymous_2)
FNDA:0,(anonymous_3)
FNDA:0,(anonymous_4)
FNDA:0,(anonymous_5)
FNDA:0,(anonymous_6)
FNDA:0,(anonymous_7)
FNDA:0,(anonymous_8)
FNDA:0,(anonymous_9)
FNDA:0,(anonymous_10)
FNDA:0,(anonymous_11)
FNDA:0,(anonymous_12)
FNDA:0,(anonymous_13)
FNDA:0,(anonymous_14)
FNDA:0,(anonymous_15)
FNDA:0,(anonymous_16)
FNDA:0,(anonymous_17)
FNDA:0,(anonymous_18)
FNDA:0,(anonymous_19)
FNDA:0,(anonymous_20)
FNDA:0,(anonymous_21)
FNDA:0,(anonymous_22)
FNDA:0,(anonymous_23)
FNDA:0,(anonymous_24)
FNDA:0,(anonymous_25)
FNDA:0,(anonymous_26)
FNDA:0,(anonymous_27)
FNDA:0,(anonymous_28)
DA:7,0
DA:35,0
DA:38,0
DA:41,0
DA:42,0
DA:43,0
DA:46,0
DA:47,0
DA:56,0
DA:58,0
DA:59,0
DA:60,0
DA:62,0
DA:63,0
DA:66,0
DA:76,0
DA:77,0
DA:78,0
DA:81,0
DA:83,0
DA:84,0
DA:85,0
DA:87,0
DA:88,0
DA:89,0
DA:90,0
DA:92,0
DA:93,0
DA:94,0
DA:96,0
DA:97,0
DA:98,0
DA:100,0
DA:101,0
DA:102,0
DA:103,0
DA:105,0
DA:106,0
DA:107,0
DA:110,0
DA:111,0
DA:121,0
DA:122,0
DA:238,0
DA:250,0
DA:251,0
DA:255,0
DA:258,0
DA:261,0
DA:262,0
DA:263,0
DA:264,0
DA:267,0
DA:268,0
DA:269,0
DA:272,0
DA:273,0
DA:274,0
DA:277,0
DA:278,0
DA:279,0
DA:280,0
DA:281,0
DA:282,0
DA:286,0
DA:287,0
DA:288,0
DA:289,0
DA:293,0
DA:294,0
DA:297,0
DA:298,0
DA:302,0
DA:303,0
DA:304,0
DA:309,0
DA:310,0
DA:311,0
DA:312,0
DA:314,0
DA:315,0
DA:316,0
DA:318,0
DA:319,0
DA:320,0
DA:321,0
DA:324,0
DA:325,0
DA:329,0
DA:333,0
DA:334,0
DA:335,0
DA:339,0
DA:340,0
DA:343,0
DA:344,0
DA:348,0
DA:349,0
DA:351,0
DA:352,0
DA:353,0
DA:354,0
DA:358,0
DA:359,0
DA:361,0
DA:362,0
DA:363,0
DA:364,0
DA:365,0
DA:367,0
DA:368,0
DA:369,0
DA:370,0
DA:373,0
DA:374,0
DA:377,0
DA:384,0
DA:386,0
DA:387,0
DA:399,0
DA:400,0
DA:403,0
DA:404,0
DA:405,0
DA:409,0
DA:411,0
DA:412,0
DA:416,0
DA:419,0
DA:420,0
DA:421,0
DA:425,0
DA:433,0
DA:434,0
DA:437,0
DA:438,0
DA:442,0
DA:443,0
DA:444,0
DA:448,0
DA:449,0
DA:451,0
DA:452,0
DA:456,0
DA:457,0
DA:458,0
DA:463,0
DA:464,0
DA:474,0
DA:475,0
DA:485,0
DA:487,0
DA:489,0
DA:491,0
DA:493,0
DA:495,0
DA:497,0
DA:503,0
DA:504,0
DA:505,0
DA:506,0
DA:507,0
DA:508,0
DA:511,0
DA:512,0
DA:513,0
DA:514,0
DA:515,0
DA:516,0
DA:517,0
DA:518,0
LF:171
LH:0
BRDA:33,0,0,0
BRDA:41,1,0,0
BRDA:41,1,1,0
BRDA:58,2,0,0
BRDA:58,2,1,0
BRDA:81,3,0,0
BRDA:81,3,1,0
BRDA:81,3,2,0
BRDA:81,3,3,0
BRDA:81,3,4,0
BRDA:81,3,5,0
BRDA:81,3,6,0
BRDA:248,4,0,0
BRDA:250,5,0,0
BRDA:250,5,1,0
BRDA:255,6,0,0
BRDA:255,6,1,0
BRDA:278,7,0,0
BRDA:278,7,1,0
BRDA:288,8,0,0
BRDA:288,8,1,0
BRDA:293,9,0,0
BRDA:293,9,1,0
BRDA:309,10,0,0
BRDA:309,10,1,0
BRDA:319,11,0,0
BRDA:319,11,1,0
BRDA:343,12,0,0
BRDA:343,12,1,0
BRDA:348,13,0,0
BRDA:348,13,1,0
BRDA:348,14,0,0
BRDA:348,14,1,0
BRDA:352,15,0,0
BRDA:352,15,1,0
BRDA:359,16,0,0
BRDA:359,16,1,0
BRDA:359,17,0,0
BRDA:359,17,1,0
BRDA:362,18,0,0
BRDA:362,18,1,0
BRDA:363,19,0,0
BRDA:363,19,1,0
BRDA:368,20,0,0
BRDA:368,20,1,0
BRDA:400,21,0,0
BRDA:400,21,1,0
BRDA:404,22,0,0
BRDA:404,22,1,0
BRDA:409,23,0,0
BRDA:409,23,1,0
BRDA:420,24,0,0
BRDA:420,24,1,0
BRDA:434,25,0,0
BRDA:434,25,1,0
BRDA:437,26,0,0
BRDA:437,26,1,0
BRDA:443,27,0,0
BRDA:443,27,1,0
BRDA:448,28,0,0
BRDA:448,28,1,0
BRDA:457,29,0,0
BRDA:457,29,1,0
BRDA:463,30,0,0
BRDA:463,30,1,0
BRDA:485,31,0,0
BRDA:485,31,1,0
BRDA:485,31,2,0
BRDA:485,31,3,0
BRDA:485,31,4,0
BRDA:485,31,5,0
BRDA:503,32,0,0
BRDA:508,33,0,0
BRDA:508,34,0,0
BRDA:511,35,0,0
BRDA:511,35,1,0
BRF:76
BRH:0
end_of_record
TN:
SF:components\modules\ui\ui.js
FN:32,(anonymous_0)
FN:78,(anonymous_1)
FN:105,(anonymous_2)
FN:113,(anonymous_3)
FN:123,(anonymous_4)
FN:137,(anonymous_5)
FN:145,(anonymous_6)
FN:166,(anonymous_7)
FN:172,(anonymous_8)
FN:179,(anonymous_9)
FN:189,(anonymous_10)
FN:198,(anonymous_11)
FN:213,(anonymous_12)
FN:231,(anonymous_13)
FN:253,(anonymous_14)
FN:261,(anonymous_15)
FN:271,(anonymous_16)
FN:275,(anonymous_17)
FN:278,(anonymous_18)
FN:283,(anonymous_19)
FN:288,(anonymous_20)
FN:293,(anonymous_21)
FN:302,(anonymous_22)
FN:326,(anonymous_23)
FN:344,(anonymous_24)
FN:426,(anonymous_25)
FN:433,(anonymous_26)
FN:436,(anonymous_27)
FNF:28
FNH:0
FNDA:0,(anonymous_0)
FNDA:0,(anonymous_1)
FNDA:0,(anonymous_2)
FNDA:0,(anonymous_3)
FNDA:0,(anonymous_4)
FNDA:0,(anonymous_5)
FNDA:0,(anonymous_6)
FNDA:0,(anonymous_7)
FNDA:0,(anonymous_8)
FNDA:0,(anonymous_9)
FNDA:0,(anonymous_10)
FNDA:0,(anonymous_11)
FNDA:0,(anonymous_12)
FNDA:0,(anonymous_13)
FNDA:0,(anonymous_14)
FNDA:0,(anonymous_15)
FNDA:0,(anonymous_16)
FNDA:0,(anonymous_17)
FNDA:0,(anonymous_18)
FNDA:0,(anonymous_19)
FNDA:0,(anonymous_20)
FNDA:0,(anonymous_21)
FNDA:0,(anonymous_22)
FNDA:0,(anonymous_23)
FNDA:0,(anonymous_24)
FNDA:0,(anonymous_25)
FNDA:0,(anonymous_26)
FNDA:0,(anonymous_27)
DA:10,0
DA:33,0
DA:34,0
DA:35,0
DA:45,0
DA:48,0
DA:49,0
DA:51,0
DA:55,0
DA:56,0
DA:60,0
DA:61,0
DA:64,0
DA:65,0
DA:68,0
DA:70,0
DA:71,0
DA:79,0
DA:80,0
DA:81,0
DA:84,0
DA:85,0
DA:88,0
DA:89,0
DA:93,0
DA:96,0
DA:106,0
DA:114,0
DA:115,0
DA:116,0
DA:124,0
DA:125,0
DA:128,0
DA:138,0
DA:147,0
DA:148,0
DA:151,0
DA:154,0
DA:155,0
DA:157,0
DA:158,0
DA:168,0
DA:171,0
DA:172,0
DA:173,0
DA:175,0
DA:177,0
DA:179,0
DA:180,0
DA:181,0
DA:186,0
DA:188,0
DA:189,0
DA:190,0
DA:191,0
DA:192,0
DA:194,0
DA:197,0
DA:198,0
DA:199,0
DA:200,0
DA:201,0
DA:203,0
DA:214,0
DA:223,0
DA:224,0
DA:225,0
DA:226,0
DA:231,0
DA:232,0
DA:233,0
DA:234,0
DA:235,0
DA:236,0
DA:239,0
DA:243,0
DA:254,0
DA:262,0
DA:272,0
DA:275,0
DA:276,0
DA:278,0
DA:279,0
DA:281,0
DA:283,0
DA:284,0
DA:286,0
DA:288,0
DA:289,0
DA:291,0
DA:293,0
DA:294,0
DA:295,0
DA:296,0
DA:297,0
DA:300,0
DA:302,0
DA:303,0
DA:305,0
DA:307,0
DA:308,0
DA:310,0
DA:313,0
DA:317,0
DA:327,0
DA:337,0
DA:338,0
DA:339,0
DA:342,0
DA:343,0
DA:344,0
DA:348,0
DA:349,0
DA:350,0
DA:354,0
DA:355,0
DA:358,0
DA:359,0
DA:363,0
DA:376,0
DA:377,0
DA:381,0
DA:382,0
DA:385,0
DA:395,0
DA:396,0
DA:397,0
DA:400,0
DA:406,0
DA:407,0
DA:415,0
DA:416,0
DA:417,0
DA:421,0
DA:422,0
DA:425,0
DA:427,0
DA:428,0
DA:430,0
DA:431,0
DA:434,0
DA:436,0
DA:448,0
DA:449,0
LF:144
LH:0
BRDA:32,0,0,0
BRDA:33,1,0,0
BRDA:33,1,1,0
BRDA:48,2,0,0
BRDA:48,2,1,0
BRDA:55,3,0,0
BRDA:55,3,1,0
BRDA:60,4,0,0
BRDA:60,4,1,0
BRDA:61,5,0,0
BRDA:61,5,1,0
BRDA:79,6,0,0
BRDA:79,6,1,0
BRDA:79,7,0,0
BRDA:79,7,1,0
BRDA:88,8,0,0
BRDA:88,8,1,0
BRDA:88,9,0,0
BRDA:88,9,1,0
BRDA:114,10,0,0
BRDA:114,10,1,0
BRDA:148,11,0,0
BRDA:148,11,1,0
BRDA:157,12,0,0
BRDA:157,12,1,0
BRDA:171,13,0,0
BRDA:171,13,1,0
BRDA:173,14,0,0
BRDA:173,14,1,0
BRDA:177,15,0,0
BRDA:177,15,1,0
BRDA:180,16,0,0
BRDA:180,16,1,0
BRDA:188,17,0,0
BRDA:188,17,1,0
BRDA:191,18,0,0
BRDA:191,18,1,0
BRDA:197,19,0,0
BRDA:197,19,1,0
BRDA:200,20,0,0
BRDA:200,20,1,0
BRDA:224,21,0,0
BRDA:224,21,1,0
BRDA:233,22,0,0
BRDA:233,22,1,0
BRDA:234,23,0,0
BRDA:234,23,1,0
BRDA:271,24,0,0
BRDA:276,25,0,0
BRDA:276,25,1,0
BRDA:276,26,0,0
BRDA:276,26,1,0
BRDA:281,27,0,0
BRDA:281,27,1,0
BRDA:281,28,0,0
BRDA:281,28,1,0
BRDA:286,29,0,0
BRDA:286,29,1,0
BRDA:286,30,0,0
BRDA:286,30,1,0
BRDA:291,31,0,0
BRDA:291,31,1,0
BRDA:291,32,0,0
BRDA:291,32,1,0
BRDA:294,33,0,0
BRDA:294,33,1,0
BRDA:296,34,0,0
BRDA:296,34,1,0
BRDA:300,35,0,0
BRDA:300,35,1,0
BRDA:300,36,0,0
BRDA:300,36,1,0
BRDA:305,37,0,0
BRDA:305,37,1,0
BRDA:308,38,0,0
BRDA:308,38,1,0
BRDA:326,39,0,0
BRDA:338,40,0,0
BRDA:338,40,1,0
BRDA:342,41,0,0
BRDA:342,41,1,0
BRDA:349,42,0,0
BRDA:349,42,1,0
BRDA:349,43,0,0
BRDA:349,43,1,0
BRDA:349,43,2,0
BRDA:358,44,0,0
BRDA:358,44,1,0
BRDA:376,45,0,0
BRDA:376,45,1,0
BRDA:387,46,0,0
BRDA:387,46,1,0
BRDA:389,47,0,0
BRDA:389,47,1,0
BRDA:389,48,0,0
BRDA:389,48,1,0
BRDA:390,49,0,0
BRDA:390,49,1,0
BRDA:390,50,0,0
BRDA:390,50,1,0
BRDA:402,51,0,0
BRDA:402,51,1,0
BRDA:416,52,0,0
BRDA:416,52,1,0
BRDA:427,53,0,0
BRDA:427,53,1,0
BRDA:448,54,0,0
BRDA:448,54,1,0
BRF:108
BRH:0
end_of_record
TN:
SF:components\modules\utils\utils.js
FN:11,(anonymous_0)
FN:20,(anonymous_1)
FN:21,(anonymous_2)
FN:32,(anonymous_3)
FN:42,(anonymous_4)
FN:73,(anonymous_5)
FN:83,(anonymous_6)
FN:115,(anonymous_7)
FN:117,(anonymous_8)
FN:120,(anonymous_9)
FN:132,(anonymous_10)
FN:134,(anonymous_11)
FN:139,(anonymous_12)
FN:151,(anonymous_13)
FN:163,(anonymous_14)
FN:168,(anonymous_15)
FN:180,(anonymous_16)
FN:186,(anonymous_17)
FN:187,(anonymous_18)
FN:191,(anonymous_19)
FN:203,(anonymous_20)
FN:213,(anonymous_21)
FN:236,(anonymous_22)
FN:259,(anonymous_23)
FN:268,(anonymous_24)
FN:275,(anonymous_25)
FN:307,(anonymous_26)
FN:324,(anonymous_27)
FN:339,(anonymous_28)
FNF:29
FNH:0
FNDA:0,(anonymous_0)
FNDA:0,(anonymous_1)
FNDA:0,(anonymous_2)
FNDA:0,(anonymous_3)
FNDA:0,(anonymous_4)
FNDA:0,(anonymous_5)
FNDA:0,(anonymous_6)
FNDA:0,(anonymous_7)
FNDA:0,(anonymous_8)
FNDA:0,(anonymous_9)
FNDA:0,(anonymous_10)
FNDA:0,(anonymous_11)
FNDA:0,(anonymous_12)
FNDA:0,(anonymous_13)
FNDA:0,(anonymous_14)
FNDA:0,(anonymous_15)
FNDA:0,(anonymous_16)
FNDA:0,(anonymous_17)
FNDA:0,(anonymous_18)
FNDA:0,(anonymous_19)
FNDA:0,(anonymous_20)
FNDA:0,(anonymous_21)
FNDA:0,(anonymous_22)
FNDA:0,(anonymous_23)
FNDA:0,(anonymous_24)
FNDA:0,(anonymous_25)
FNDA:0,(anonymous_26)
FNDA:0,(anonymous_27)
FNDA:0,(anonymous_28)
DA:7,0
DA:12,0
DA:13,0
DA:21,0
DA:22,0
DA:23,0
DA:24,0
DA:33,0
DA:43,0
DA:47,0
DA:49,0
DA:50,0
DA:52,0
DA:53,0
DA:54,0
DA:56,0
DA:60,0
DA:61,0
DA:64,0
DA:73,0
DA:85,0
DA:86,0
DA:88,0
DA:89,0
DA:92,0
DA:95,0
DA:97,0
DA:99,0
DA:101,0
DA:103,0
DA:105,0
DA:117,0
DA:118,0
DA:119,0
DA:120,0
DA:121,0
DA:134,0
DA:135,0
DA:136,0
DA:137,0
DA:138,0
DA:139,0
DA:140,0
DA:152,0
DA:153,0
DA:157,0
DA:158,0
DA:162,0
DA:163,0
DA:167,0
DA:168,0
DA:169,0
DA:172,0
DA:181,0
DA:182,0
DA:185,0
DA:186,0
DA:188,0
DA:189,0
DA:191,0
DA:193,0
DA:204,0
DA:205,0
DA:209,0
DA:212,0
DA:213,0
DA:214,0
DA:216,0
DA:219,0
DA:220,0
DA:221,0
DA:223,0
DA:225,0
DA:229,0
DA:237,0
DA:239,0
DA:252,0
DA:260,0
DA:270,0
DA:271,0
DA:275,0
DA:276,0
DA:278,0
DA:279,0
DA:280,0
DA:281,0
DA:282,0
DA:283,0
DA:284,0
DA:287,0
DA:288,0
DA:290,0
DA:291,0
DA:293,0
DA:296,0
DA:308,0
DA:309,0
DA:310,0
DA:311,0
DA:313,0
DA:314,0
DA:325,0
DA:326,0
DA:327,0
DA:329,0
DA:330,0
DA:340,0
DA:341,0
DA:342,0
DA:344,0
DA:345,0
DA:351,0
DA:352,0
LF:113
LH:0
BRDA:23,0,0,0
BRDA:23,0,1,0
BRDA:42,1,0,0
BRDA:43,2,0,0
BRDA:43,2,1,0
BRDA:47,3,0,0
BRDA:47,3,1,0
BRDA:50,4,0,0
BRDA:50,4,1,0
BRDA:53,5,0,0
BRDA:53,5,1,0
BRDA:60,6,0,0
BRDA:60,6,1,0
BRDA:83,7,0,0
BRDA:88,8,0,0
BRDA:88,8,1,0
BRDA:88,9,0,0
BRDA:88,9,1,0
BRDA:95,10,0,0
BRDA:95,10,1,0
BRDA:95,10,2,0
BRDA:95,10,3,0
BRDA:95,10,4,0
BRDA:115,11,0,0
BRDA:132,12,0,0
BRDA:136,13,0,0
BRDA:136,13,1,0
BRDA:152,14,0,0
BRDA:152,14,1,0
BRDA:152,15,0,0
BRDA:152,15,1,0
BRDA:157,16,0,0
BRDA:157,16,1,0
BRDA:162,17,0,0
BRDA:162,17,1,0
BRDA:181,18,0,0
BRDA:181,18,1,0
BRDA:181,19,0,0
BRDA:181,19,1,0
BRDA:186,20,0,0
BRDA:186,20,1,0
BRDA:189,21,0,0
BRDA:189,21,1,0
BRDA:204,22,0,0
BRDA:204,22,1,0
BRDA:204,23,0,0
BRDA:204,23,1,0
BRDA:209,24,0,0
BRDA:209,24,1,0
BRDA:214,25,0,0
BRDA:214,25,1,0
BRDA:219,26,0,0
BRDA:219,26,1,0
BRDA:220,27,0,0
BRDA:220,27,1,0
BRDA:246,28,0,0
BRDA:246,28,1,0
BRDA:260,29,0,0
BRDA:260,29,1,0
BRDA:260,29,2,0
BRDA:270,30,0,0
BRDA:270,30,1,0
BRDA:270,31,0,0
BRDA:270,31,1,0
BRDA:290,32,0,0
BRDA:290,32,1,0
BRDA:307,33,0,0
BRDA:310,34,0,0
BRDA:310,34,1,0
BRDA:351,35,0,0
BRDA:351,35,1,0
BRF:71
BRH:0
end_of_record
